3.0436 	ERROR 	Requested audio device 'auto' that is not available on this hardware. The 'audioDevice' preference should be one of ['Built-in Output']
7.5217 	EXP 	Created window1 = Window(allowGUI=False, allowStencil=False, autoLog=True, bitsMode=UNKNOWN, blendMode='avg', color=array([ 0.,  0.,  0.]), colorSpace='rgb', fullscr=UNKNOWN, gamma=None, lms=UNKNOWN, monitor=<psychopy.monitors.calibTools.Monitor object at 0x112aa2c50>, multiSample=False, name='window1', numSamples=2, pos=[0, 0], screen=0, size=array([1440,  900]), stereo=False, units=u'norm', useFBO=True, useRetina=False, viewOri=0.0, viewPos=None, viewScale=None, waitBlanking=True, winType='pyglet')
7.5218 	EXP 	window1: recordFrameIntervals = False
7.6886 	EXP 	window1: recordFrameIntervals = True
7.8728 	EXP 	window1: recordFrameIntervals = False
7.9712 	EXP 	Created instructionsGeneral = TextStim(alignHoriz='center', alignVert='center', antialias=True, autoLog=True, bold=False, color=array([ 1.,  1.,  1.]), colorSpace='rgb', contrast=1.0, depth=0.0, flipHoriz=False, flipVert=False, font='Arial', fontFiles=[], height=0.1, italic=False, name='instructionsGeneral', opacity=1.0, ori=0, pos=array([ 0.,  0.]), rgb=array([ 1.,  1.,  1.]), text=unicode(...), units=u'norm', win=Window(...), wrapWidth=1)
7.9732 	EXP 	Created image_paw1 = ImageStim(autoLog=True, color=array([ 1.,  1.,  1.]), colorSpace='rgb', contrast=1.0, depth=0.0, flipHoriz=False, flipVert=False, image='sin', interpolate=True, mask=None, maskParams=None, name='image_paw1', opacity=1.0, ori=0.0, pos=array([ 0.,  0.]), size=array([ 2. ,  2.5]), texRes=128, units=u'norm', win=Window(...))
7.9805 	EXP 	Created text = TextStim(alignHoriz='center', alignVert='center', antialias=True, autoLog=True, bold=False, color=array([ 1.,  1.,  1.]), colorSpace='rgb', contrast=1.0, depth=-1.0, flipHoriz=False, flipVert=False, font='Arial', fontFiles=[], height=0.1, italic=False, name='text', opacity=1.0, ori=0, pos=array([ 0. ,  0.8]), rgb=array([ 1.,  1.,  1.]), text=u'Press 1 when a minion is here ', units=u'norm', win=Window(...), wrapWidth=1)
7.9821 	EXP 	Created image_paw2 = ImageStim(autoLog=True, color=array([ 1.,  1.,  1.]), colorSpace='rgb', contrast=1.0, depth=0.0, flipHoriz=False, flipVert=False, image='sin', interpolate=True, mask=None, maskParams=None, name='image_paw2', opacity=1.0, ori=0.0, pos=array([ 0.,  0.]), size=array([ 2. ,  2.5]), texRes=128, units=u'norm', win=Window(...))
7.9876 	EXP 	Created text_2 = TextStim(alignHoriz='center', alignVert='center', antialias=True, autoLog=True, bold=False, color=array([ 1.,  1.,  1.]), colorSpace='rgb', contrast=1.0, depth=-1.0, flipHoriz=False, flipVert=False, font='Arial', fontFiles=[], height=0.1, italic=False, name='text_2', opacity=1.0, ori=0, pos=array([ 0. ,  0.8]), rgb=array([ 1.,  1.,  1.]), text=u'Press 2 when a minion is here ', units=u'norm', win=Window(...), wrapWidth=1)
7.9891 	EXP 	Created image_paw3 = ImageStim(autoLog=True, color=array([ 1.,  1.,  1.]), colorSpace='rgb', contrast=1.0, depth=0.0, flipHoriz=False, flipVert=False, image='sin', interpolate=True, mask=None, maskParams=None, name='image_paw3', opacity=1.0, ori=0.0, pos=array([ 0.,  0.]), size=array([ 2. ,  2.5]), texRes=128, units=u'norm', win=Window(...))
7.9945 	EXP 	Created text_3 = TextStim(alignHoriz='center', alignVert='center', antialias=True, autoLog=True, bold=False, color=array([ 1.,  1.,  1.]), colorSpace='rgb', contrast=1.0, depth=-1.0, flipHoriz=False, flipVert=False, font='Arial', fontFiles=[], height=0.1, italic=False, name='text_3', opacity=1.0, ori=0, pos=array([ 0. ,  0.8]), rgb=array([ 1.,  1.,  1.]), text=u'Press 3 when a minion is here ', units=u'norm', win=Window(...), wrapWidth=1)
7.9961 	EXP 	Created image_paw4 = ImageStim(autoLog=True, color=array([ 1.,  1.,  1.]), colorSpace='rgb', contrast=1.0, depth=0.0, flipHoriz=False, flipVert=False, image='sin', interpolate=True, mask=None, maskParams=None, name='image_paw4', opacity=1.0, ori=0.0, pos=array([ 0.,  0.]), size=array([ 2. ,  2.5]), texRes=128, units=u'norm', win=Window(...))
8.0017 	EXP 	Created text_4 = TextStim(alignHoriz='center', alignVert='center', antialias=True, autoLog=True, bold=False, color=array([ 1.,  1.,  1.]), colorSpace='rgb', contrast=1.0, depth=-1.0, flipHoriz=False, flipVert=False, font='Arial', fontFiles=[], height=0.1, italic=False, name='text_4', opacity=1.0, ori=0, pos=array([ 0. ,  0.8]), rgb=array([ 1.,  1.,  1.]), text=u'Press 4 when a minion is here ', units=u'norm', win=Window(...), wrapWidth=1)
8.0068 	EXP 	Created text_5 = TextStim(alignHoriz='center', alignVert='center', antialias=True, autoLog=True, bold=False, color='white', colorSpace='named', contrast=1.0, depth=0.0, flipHoriz=False, flipVert=False, font='Arial', fontFiles=[], height=0.1, italic=False, name='text_5', opacity=1.0, ori=0, pos=array([ 0.,  0.]), rgb=array([ 255.,  255.,  255.]), text=u'Get Ready...', units=u'norm', win=Window(...), wrapWidth=1)
8.0098 	EXP 	Created text_6 = TextStim(alignHoriz='center', alignVert='center', antialias=True, autoLog=True, bold=False, color='white', colorSpace='named', contrast=1.0, depth=-1.0, flipHoriz=False, flipVert=False, font='Arial', fontFiles=[], height=0.1, italic=False, name='text_6', opacity=1.0, ori=0, pos=array([ 0.,  0.]), rgb=array([ 255.,  255.,  255.]), text=u'GO!', units=u'norm', win=Window(...), wrapWidth=1)
8.0113 	EXP 	Created image = ImageStim(autoLog=True, color=array([ 1.,  1.,  1.]), colorSpace='rgb', contrast=1.0, depth=0.0, flipHoriz=False, flipVert=False, image='sin', interpolate=True, mask=None, maskParams=None, name='image', opacity=1.0, ori=0.0, pos=array([ 0.,  0.]), size=array([ 2. ,  2.5]), texRes=128, units=u'norm', win=Window(...))
8.0127 	EXP 	Created blankImage = ImageStim(autoLog=True, color=array([ 1.,  1.,  1.]), colorSpace='rgb', contrast=1.0, depth=0.0, flipHoriz=False, flipVert=False, image='sin', interpolate=True, mask=None, maskParams=None, name='blankImage', opacity=1.0, ori=0.0, pos=array([ 0.,  0.]), size=array([ 2. ,  2.5]), texRes=128, units=u'norm', win=Window(...))
8.0225 	EXP 	Created text_7 = TextStim(alignHoriz='center', alignVert='center', antialias=True, autoLog=True, bold=False, color='white', colorSpace='named', contrast=1.0, depth=0.0, flipHoriz=False, flipVert=False, font='Arial', fontFiles=[], height=0.1, italic=False, name='text_7', opacity=1.0, ori=0, pos=array([ 0.,  0.]), rgb=array([ 255.,  255.,  255.]), text=unicode(...), units=u'norm', win=Window(...), wrapWidth=1)
8.0258 	EXP 	Created text_5 = TextStim(alignHoriz='center', alignVert='center', antialias=True, autoLog=True, bold=False, color='white', colorSpace='named', contrast=1.0, depth=0.0, flipHoriz=False, flipVert=False, font='Arial', fontFiles=[], height=0.1, italic=False, name='text_5', opacity=1.0, ori=0, pos=array([ 0.,  0.]), rgb=array([ 255.,  255.,  255.]), text=u'Get Ready...', units=u'norm', win=Window(...), wrapWidth=1)
8.0279 	EXP 	Created text_6 = TextStim(alignHoriz='center', alignVert='center', antialias=True, autoLog=True, bold=False, color='white', colorSpace='named', contrast=1.0, depth=-1.0, flipHoriz=False, flipVert=False, font='Arial', fontFiles=[], height=0.1, italic=False, name='text_6', opacity=1.0, ori=0, pos=array([ 0.,  0.]), rgb=array([ 255.,  255.,  255.]), text=u'GO!', units=u'norm', win=Window(...), wrapWidth=1)
8.0296 	EXP 	Created pos1 = ImageStim(autoLog=True, color=array([ 1.,  1.,  1.]), colorSpace='rgb', contrast=1.0, depth=0.0, flipHoriz=False, flipVert=False, image='sin', interpolate=True, mask=None, maskParams=None, name='pos1', opacity=1.0, ori=0.0, pos=array([ 0.,  0.]), size=array([ 2. ,  2.5]), texRes=128, units=u'norm', win=Window(...))
8.0311 	EXP 	Created blankImage = ImageStim(autoLog=True, color=array([ 1.,  1.,  1.]), colorSpace='rgb', contrast=1.0, depth=0.0, flipHoriz=False, flipVert=False, image='sin', interpolate=True, mask=None, maskParams=None, name='blankImage', opacity=1.0, ori=0.0, pos=array([ 0.,  0.]), size=array([ 2. ,  2.5]), texRes=128, units=u'norm', win=Window(...))
8.0326 	EXP 	Created image_4 = ImageStim(autoLog=True, color=array([ 1.,  1.,  1.]), colorSpace='rgb', contrast=1.0, depth=0.0, flipHoriz=False, flipVert=False, image='sin', interpolate=True, mask=None, maskParams=None, name='image_4', opacity=1.0, ori=0.0, pos=array([ 0.,  0.]), size=array([ 2. ,  2.5]), texRes=128, units=u'norm', win=Window(...))
8.0340 	EXP 	Created blankImage = ImageStim(autoLog=True, color=array([ 1.,  1.,  1.]), colorSpace='rgb', contrast=1.0, depth=0.0, flipHoriz=False, flipVert=False, image='sin', interpolate=True, mask=None, maskParams=None, name='blankImage', opacity=1.0, ori=0.0, pos=array([ 0.,  0.]), size=array([ 2. ,  2.5]), texRes=128, units=u'norm', win=Window(...))
8.0356 	EXP 	Created image_3 = ImageStim(autoLog=True, color=array([ 1.,  1.,  1.]), colorSpace='rgb', contrast=1.0, depth=0.0, flipHoriz=False, flipVert=False, image='sin', interpolate=True, mask=None, maskParams=None, name='image_3', opacity=1.0, ori=0.0, pos=array([ 0.,  0.]), size=array([ 2. ,  2.5]), texRes=128, units=u'norm', win=Window(...))
8.0370 	EXP 	Created blankImage = ImageStim(autoLog=True, color=array([ 1.,  1.,  1.]), colorSpace='rgb', contrast=1.0, depth=0.0, flipHoriz=False, flipVert=False, image='sin', interpolate=True, mask=None, maskParams=None, name='blankImage', opacity=1.0, ori=0.0, pos=array([ 0.,  0.]), size=array([ 2. ,  2.5]), texRes=128, units=u'norm', win=Window(...))
8.0385 	EXP 	Created image_5 = ImageStim(autoLog=True, color=array([ 1.,  1.,  1.]), colorSpace='rgb', contrast=1.0, depth=0.0, flipHoriz=False, flipVert=False, image='sin', interpolate=True, mask=None, maskParams=None, name='image_5', opacity=1.0, ori=0.0, pos=array([ 0.,  0.]), size=array([ 2. ,  2.5]), texRes=128, units=u'norm', win=Window(...))
8.0399 	EXP 	Created blankImage = ImageStim(autoLog=True, color=array([ 1.,  1.,  1.]), colorSpace='rgb', contrast=1.0, depth=0.0, flipHoriz=False, flipVert=False, image='sin', interpolate=True, mask=None, maskParams=None, name='blankImage', opacity=1.0, ori=0.0, pos=array([ 0.,  0.]), size=array([ 2. ,  2.5]), texRes=128, units=u'norm', win=Window(...))
8.0416 	EXP 	Created image_5 = ImageStim(autoLog=True, color=array([ 1.,  1.,  1.]), colorSpace='rgb', contrast=1.0, depth=0.0, flipHoriz=False, flipVert=False, image='sin', interpolate=True, mask=None, maskParams=None, name='image_5', opacity=1.0, ori=0.0, pos=array([ 0.,  0.]), size=array([ 2. ,  2.5]), texRes=128, units=u'norm', win=Window(...))
8.0429 	EXP 	Created blankImage = ImageStim(autoLog=True, color=array([ 1.,  1.,  1.]), colorSpace='rgb', contrast=1.0, depth=0.0, flipHoriz=False, flipVert=False, image='sin', interpolate=True, mask=None, maskParams=None, name='blankImage', opacity=1.0, ori=0.0, pos=array([ 0.,  0.]), size=array([ 2. ,  2.5]), texRes=128, units=u'norm', win=Window(...))
8.0444 	EXP 	Created image_3 = ImageStim(autoLog=True, color=array([ 1.,  1.,  1.]), colorSpace='rgb', contrast=1.0, depth=0.0, flipHoriz=False, flipVert=False, image='sin', interpolate=True, mask=None, maskParams=None, name='image_3', opacity=1.0, ori=0.0, pos=array([ 0.,  0.]), size=array([ 2. ,  2.5]), texRes=128, units=u'norm', win=Window(...))
8.0461 	EXP 	Created blankImage = ImageStim(autoLog=True, color=array([ 1.,  1.,  1.]), colorSpace='rgb', contrast=1.0, depth=0.0, flipHoriz=False, flipVert=False, image='sin', interpolate=True, mask=None, maskParams=None, name='blankImage', opacity=1.0, ori=0.0, pos=array([ 0.,  0.]), size=array([ 2. ,  2.5]), texRes=128, units=u'norm', win=Window(...))
8.0479 	EXP 	Created image_4 = ImageStim(autoLog=True, color=array([ 1.,  1.,  1.]), colorSpace='rgb', contrast=1.0, depth=0.0, flipHoriz=False, flipVert=False, image='sin', interpolate=True, mask=None, maskParams=None, name='image_4', opacity=1.0, ori=0.0, pos=array([ 0.,  0.]), size=array([ 2. ,  2.5]), texRes=128, units=u'norm', win=Window(...))
8.0496 	EXP 	Created blankImage = ImageStim(autoLog=True, color=array([ 1.,  1.,  1.]), colorSpace='rgb', contrast=1.0, depth=0.0, flipHoriz=False, flipVert=False, image='sin', interpolate=True, mask=None, maskParams=None, name='blankImage', opacity=1.0, ori=0.0, pos=array([ 0.,  0.]), size=array([ 2. ,  2.5]), texRes=128, units=u'norm', win=Window(...))
8.0511 	EXP 	Created image_5 = ImageStim(autoLog=True, color=array([ 1.,  1.,  1.]), colorSpace='rgb', contrast=1.0, depth=0.0, flipHoriz=False, flipVert=False, image='sin', interpolate=True, mask=None, maskParams=None, name='image_5', opacity=1.0, ori=0.0, pos=array([ 0.,  0.]), size=array([ 2. ,  2.5]), texRes=128, units=u'norm', win=Window(...))
8.0527 	EXP 	Created blankImage = ImageStim(autoLog=True, color=array([ 1.,  1.,  1.]), colorSpace='rgb', contrast=1.0, depth=0.0, flipHoriz=False, flipVert=False, image='sin', interpolate=True, mask=None, maskParams=None, name='blankImage', opacity=1.0, ori=0.0, pos=array([ 0.,  0.]), size=array([ 2. ,  2.5]), texRes=128, units=u'norm', win=Window(...))
8.0545 	EXP 	Created image_3 = ImageStim(autoLog=True, color=array([ 1.,  1.,  1.]), colorSpace='rgb', contrast=1.0, depth=0.0, flipHoriz=False, flipVert=False, image='sin', interpolate=True, mask=None, maskParams=None, name='image_3', opacity=1.0, ori=0.0, pos=array([ 0.,  0.]), size=array([ 2. ,  2.5]), texRes=128, units=u'norm', win=Window(...))
8.0559 	EXP 	Created blankImage = ImageStim(autoLog=True, color=array([ 1.,  1.,  1.]), colorSpace='rgb', contrast=1.0, depth=0.0, flipHoriz=False, flipVert=False, image='sin', interpolate=True, mask=None, maskParams=None, name='blankImage', opacity=1.0, ori=0.0, pos=array([ 0.,  0.]), size=array([ 2. ,  2.5]), texRes=128, units=u'norm', win=Window(...))
8.0572 	EXP 	Created image_5 = ImageStim(autoLog=True, color=array([ 1.,  1.,  1.]), colorSpace='rgb', contrast=1.0, depth=0.0, flipHoriz=False, flipVert=False, image='sin', interpolate=True, mask=None, maskParams=None, name='image_5', opacity=1.0, ori=0.0, pos=array([ 0.,  0.]), size=array([ 2. ,  2.5]), texRes=128, units=u'norm', win=Window(...))
8.0586 	EXP 	Created blankImage = ImageStim(autoLog=True, color=array([ 1.,  1.,  1.]), colorSpace='rgb', contrast=1.0, depth=0.0, flipHoriz=False, flipVert=False, image='sin', interpolate=True, mask=None, maskParams=None, name='blankImage', opacity=1.0, ori=0.0, pos=array([ 0.,  0.]), size=array([ 2. ,  2.5]), texRes=128, units=u'norm', win=Window(...))
8.0668 	EXP 	Created text_7 = TextStim(alignHoriz='center', alignVert='center', antialias=True, autoLog=True, bold=False, color='white', colorSpace='named', contrast=1.0, depth=0.0, flipHoriz=False, flipVert=False, font='Arial', fontFiles=[], height=0.1, italic=False, name='text_7', opacity=1.0, ori=0, pos=array([ 0.,  0.]), rgb=array([ 255.,  255.,  255.]), text=unicode(...), units=u'norm', win=Window(...), wrapWidth=1)
8.0704 	EXP 	Created text_5 = TextStim(alignHoriz='center', alignVert='center', antialias=True, autoLog=True, bold=False, color='white', colorSpace='named', contrast=1.0, depth=0.0, flipHoriz=False, flipVert=False, font='Arial', fontFiles=[], height=0.1, italic=False, name='text_5', opacity=1.0, ori=0, pos=array([ 0.,  0.]), rgb=array([ 255.,  255.,  255.]), text=u'Get Ready...', units=u'norm', win=Window(...), wrapWidth=1)
8.0725 	EXP 	Created text_6 = TextStim(alignHoriz='center', alignVert='center', antialias=True, autoLog=True, bold=False, color='white', colorSpace='named', contrast=1.0, depth=-1.0, flipHoriz=False, flipVert=False, font='Arial', fontFiles=[], height=0.1, italic=False, name='text_6', opacity=1.0, ori=0, pos=array([ 0.,  0.]), rgb=array([ 255.,  255.,  255.]), text=u'GO!', units=u'norm', win=Window(...), wrapWidth=1)
8.0740 	EXP 	Created pos1 = ImageStim(autoLog=True, color=array([ 1.,  1.,  1.]), colorSpace='rgb', contrast=1.0, depth=0.0, flipHoriz=False, flipVert=False, image='sin', interpolate=True, mask=None, maskParams=None, name='pos1', opacity=1.0, ori=0.0, pos=array([ 0.,  0.]), size=array([ 2. ,  2.5]), texRes=128, units=u'norm', win=Window(...))
8.0755 	EXP 	Created blankImage = ImageStim(autoLog=True, color=array([ 1.,  1.,  1.]), colorSpace='rgb', contrast=1.0, depth=0.0, flipHoriz=False, flipVert=False, image='sin', interpolate=True, mask=None, maskParams=None, name='blankImage', opacity=1.0, ori=0.0, pos=array([ 0.,  0.]), size=array([ 2. ,  2.5]), texRes=128, units=u'norm', win=Window(...))
8.0768 	EXP 	Created image_4 = ImageStim(autoLog=True, color=array([ 1.,  1.,  1.]), colorSpace='rgb', contrast=1.0, depth=0.0, flipHoriz=False, flipVert=False, image='sin', interpolate=True, mask=None, maskParams=None, name='image_4', opacity=1.0, ori=0.0, pos=array([ 0.,  0.]), size=array([ 2. ,  2.5]), texRes=128, units=u'norm', win=Window(...))
8.0782 	EXP 	Created blankImage = ImageStim(autoLog=True, color=array([ 1.,  1.,  1.]), colorSpace='rgb', contrast=1.0, depth=0.0, flipHoriz=False, flipVert=False, image='sin', interpolate=True, mask=None, maskParams=None, name='blankImage', opacity=1.0, ori=0.0, pos=array([ 0.,  0.]), size=array([ 2. ,  2.5]), texRes=128, units=u'norm', win=Window(...))
8.0799 	EXP 	Created image_3 = ImageStim(autoLog=True, color=array([ 1.,  1.,  1.]), colorSpace='rgb', contrast=1.0, depth=0.0, flipHoriz=False, flipVert=False, image='sin', interpolate=True, mask=None, maskParams=None, name='image_3', opacity=1.0, ori=0.0, pos=array([ 0.,  0.]), size=array([ 2. ,  2.5]), texRes=128, units=u'norm', win=Window(...))
8.0813 	EXP 	Created blankImage = ImageStim(autoLog=True, color=array([ 1.,  1.,  1.]), colorSpace='rgb', contrast=1.0, depth=0.0, flipHoriz=False, flipVert=False, image='sin', interpolate=True, mask=None, maskParams=None, name='blankImage', opacity=1.0, ori=0.0, pos=array([ 0.,  0.]), size=array([ 2. ,  2.5]), texRes=128, units=u'norm', win=Window(...))
8.0826 	EXP 	Created image_5 = ImageStim(autoLog=True, color=array([ 1.,  1.,  1.]), colorSpace='rgb', contrast=1.0, depth=0.0, flipHoriz=False, flipVert=False, image='sin', interpolate=True, mask=None, maskParams=None, name='image_5', opacity=1.0, ori=0.0, pos=array([ 0.,  0.]), size=array([ 2. ,  2.5]), texRes=128, units=u'norm', win=Window(...))
8.0840 	EXP 	Created blankImage = ImageStim(autoLog=True, color=array([ 1.,  1.,  1.]), colorSpace='rgb', contrast=1.0, depth=0.0, flipHoriz=False, flipVert=False, image='sin', interpolate=True, mask=None, maskParams=None, name='blankImage', opacity=1.0, ori=0.0, pos=array([ 0.,  0.]), size=array([ 2. ,  2.5]), texRes=128, units=u'norm', win=Window(...))
8.0856 	EXP 	Created image_5 = ImageStim(autoLog=True, color=array([ 1.,  1.,  1.]), colorSpace='rgb', contrast=1.0, depth=0.0, flipHoriz=False, flipVert=False, image='sin', interpolate=True, mask=None, maskParams=None, name='image_5', opacity=1.0, ori=0.0, pos=array([ 0.,  0.]), size=array([ 2. ,  2.5]), texRes=128, units=u'norm', win=Window(...))
8.0870 	EXP 	Created blankImage = ImageStim(autoLog=True, color=array([ 1.,  1.,  1.]), colorSpace='rgb', contrast=1.0, depth=0.0, flipHoriz=False, flipVert=False, image='sin', interpolate=True, mask=None, maskParams=None, name='blankImage', opacity=1.0, ori=0.0, pos=array([ 0.,  0.]), size=array([ 2. ,  2.5]), texRes=128, units=u'norm', win=Window(...))
8.0883 	EXP 	Created image_3 = ImageStim(autoLog=True, color=array([ 1.,  1.,  1.]), colorSpace='rgb', contrast=1.0, depth=0.0, flipHoriz=False, flipVert=False, image='sin', interpolate=True, mask=None, maskParams=None, name='image_3', opacity=1.0, ori=0.0, pos=array([ 0.,  0.]), size=array([ 2. ,  2.5]), texRes=128, units=u'norm', win=Window(...))
8.0897 	EXP 	Created blankImage = ImageStim(autoLog=True, color=array([ 1.,  1.,  1.]), colorSpace='rgb', contrast=1.0, depth=0.0, flipHoriz=False, flipVert=False, image='sin', interpolate=True, mask=None, maskParams=None, name='blankImage', opacity=1.0, ori=0.0, pos=array([ 0.,  0.]), size=array([ 2. ,  2.5]), texRes=128, units=u'norm', win=Window(...))
8.0912 	EXP 	Created image_4 = ImageStim(autoLog=True, color=array([ 1.,  1.,  1.]), colorSpace='rgb', contrast=1.0, depth=0.0, flipHoriz=False, flipVert=False, image='sin', interpolate=True, mask=None, maskParams=None, name='image_4', opacity=1.0, ori=0.0, pos=array([ 0.,  0.]), size=array([ 2. ,  2.5]), texRes=128, units=u'norm', win=Window(...))
8.0926 	EXP 	Created blankImage = ImageStim(autoLog=True, color=array([ 1.,  1.,  1.]), colorSpace='rgb', contrast=1.0, depth=0.0, flipHoriz=False, flipVert=False, image='sin', interpolate=True, mask=None, maskParams=None, name='blankImage', opacity=1.0, ori=0.0, pos=array([ 0.,  0.]), size=array([ 2. ,  2.5]), texRes=128, units=u'norm', win=Window(...))
8.0940 	EXP 	Created image_5 = ImageStim(autoLog=True, color=array([ 1.,  1.,  1.]), colorSpace='rgb', contrast=1.0, depth=0.0, flipHoriz=False, flipVert=False, image='sin', interpolate=True, mask=None, maskParams=None, name='image_5', opacity=1.0, ori=0.0, pos=array([ 0.,  0.]), size=array([ 2. ,  2.5]), texRes=128, units=u'norm', win=Window(...))
8.0954 	EXP 	Created blankImage = ImageStim(autoLog=True, color=array([ 1.,  1.,  1.]), colorSpace='rgb', contrast=1.0, depth=0.0, flipHoriz=False, flipVert=False, image='sin', interpolate=True, mask=None, maskParams=None, name='blankImage', opacity=1.0, ori=0.0, pos=array([ 0.,  0.]), size=array([ 2. ,  2.5]), texRes=128, units=u'norm', win=Window(...))
8.0971 	EXP 	Created image_3 = ImageStim(autoLog=True, color=array([ 1.,  1.,  1.]), colorSpace='rgb', contrast=1.0, depth=0.0, flipHoriz=False, flipVert=False, image='sin', interpolate=True, mask=None, maskParams=None, name='image_3', opacity=1.0, ori=0.0, pos=array([ 0.,  0.]), size=array([ 2. ,  2.5]), texRes=128, units=u'norm', win=Window(...))
8.0996 	EXP 	Created blankImage = ImageStim(autoLog=True, color=array([ 1.,  1.,  1.]), colorSpace='rgb', contrast=1.0, depth=0.0, flipHoriz=False, flipVert=False, image='sin', interpolate=True, mask=None, maskParams=None, name='blankImage', opacity=1.0, ori=0.0, pos=array([ 0.,  0.]), size=array([ 2. ,  2.5]), texRes=128, units=u'norm', win=Window(...))
8.1018 	EXP 	Created image_5 = ImageStim(autoLog=True, color=array([ 1.,  1.,  1.]), colorSpace='rgb', contrast=1.0, depth=0.0, flipHoriz=False, flipVert=False, image='sin', interpolate=True, mask=None, maskParams=None, name='image_5', opacity=1.0, ori=0.0, pos=array([ 0.,  0.]), size=array([ 2. ,  2.5]), texRes=128, units=u'norm', win=Window(...))
8.1039 	EXP 	Created blankImage = ImageStim(autoLog=True, color=array([ 1.,  1.,  1.]), colorSpace='rgb', contrast=1.0, depth=0.0, flipHoriz=False, flipVert=False, image='sin', interpolate=True, mask=None, maskParams=None, name='blankImage', opacity=1.0, ori=0.0, pos=array([ 0.,  0.]), size=array([ 2. ,  2.5]), texRes=128, units=u'norm', win=Window(...))
8.1139 	EXP 	Created text_7 = TextStim(alignHoriz='center', alignVert='center', antialias=True, autoLog=True, bold=False, color='white', colorSpace='named', contrast=1.0, depth=0.0, flipHoriz=False, flipVert=False, font='Arial', fontFiles=[], height=0.1, italic=False, name='text_7', opacity=1.0, ori=0, pos=array([ 0.,  0.]), rgb=array([ 255.,  255.,  255.]), text=unicode(...), units=u'norm', win=Window(...), wrapWidth=1)
8.1193 	EXP 	Created text_5 = TextStim(alignHoriz='center', alignVert='center', antialias=True, autoLog=True, bold=False, color='white', colorSpace='named', contrast=1.0, depth=0.0, flipHoriz=False, flipVert=False, font='Arial', fontFiles=[], height=0.1, italic=False, name='text_5', opacity=1.0, ori=0, pos=array([ 0.,  0.]), rgb=array([ 255.,  255.,  255.]), text=u'Get Ready to catch the minions!...', units=u'norm', win=Window(...), wrapWidth=1)
8.1215 	EXP 	Created text_6 = TextStim(alignHoriz='center', alignVert='center', antialias=True, autoLog=True, bold=False, color='white', colorSpace='named', contrast=1.0, depth=-1.0, flipHoriz=False, flipVert=False, font='Arial', fontFiles=[], height=0.1, italic=False, name='text_6', opacity=1.0, ori=0, pos=array([ 0.,  0.]), rgb=array([ 255.,  255.,  255.]), text=u'GO!', units=u'norm', win=Window(...), wrapWidth=1)
8.1230 	EXP 	Created image = ImageStim(autoLog=True, color=array([ 1.,  1.,  1.]), colorSpace='rgb', contrast=1.0, depth=0.0, flipHoriz=False, flipVert=False, image='sin', interpolate=True, mask=None, maskParams=None, name='image', opacity=1.0, ori=0.0, pos=array([ 0.,  0.]), size=array([ 2. ,  2.5]), texRes=128, units=u'norm', win=Window(...))
8.1244 	EXP 	Created blankImage = ImageStim(autoLog=True, color=array([ 1.,  1.,  1.]), colorSpace='rgb', contrast=1.0, depth=0.0, flipHoriz=False, flipVert=False, image='sin', interpolate=True, mask=None, maskParams=None, name='blankImage', opacity=1.0, ori=0.0, pos=array([ 0.,  0.]), size=array([ 2. ,  2.5]), texRes=128, units=u'norm', win=Window(...))
8.1356 	EXP 	Created goodJob = TextStim(alignHoriz='center', alignVert='center', antialias=True, autoLog=True, bold=False, color='white', colorSpace='named', contrast=1.0, depth=0.0, flipHoriz=False, flipVert=False, font='Arial', fontFiles=[], height=0.1, italic=False, name='goodJob', opacity=1.0, ori=0, pos=array([ 0.,  0.]), rgb=array([ 255.,  255.,  255.]), text=unicode(...), units=u'norm', win=Window(...), wrapWidth=1)
8.1416 	EXP 	window1: blendMode = 'avg'
8.1588 	EXP 	instructionsGeneral: color = 'white (named)'
8.1588 	EXP 	instructionsGeneral: autoDraw = True
8.1625 	EXP 	window1: blendMode = 'avg'
8.1765 	EXP 	window1: blendMode = 'avg'
8.1930 	EXP 	window1: blendMode = 'avg'
8.2097 	EXP 	window1: blendMode = 'avg'
8.2264 	EXP 	window1: blendMode = 'avg'
8.2424 	EXP 	window1: blendMode = 'avg'
8.2597 	EXP 	window1: blendMode = 'avg'
8.2763 	EXP 	window1: blendMode = 'avg'
8.2930 	EXP 	window1: blendMode = 'avg'
8.3097 	EXP 	window1: blendMode = 'avg'
8.3263 	EXP 	window1: blendMode = 'avg'
8.3430 	EXP 	window1: blendMode = 'avg'
8.3597 	EXP 	window1: blendMode = 'avg'
8.3764 	EXP 	window1: blendMode = 'avg'
8.3930 	EXP 	window1: blendMode = 'avg'
8.4092 	EXP 	window1: blendMode = 'avg'
8.4263 	EXP 	window1: blendMode = 'avg'
8.4431 	EXP 	window1: blendMode = 'avg'
8.4597 	EXP 	window1: blendMode = 'avg'
8.4763 	EXP 	window1: blendMode = 'avg'
8.4930 	EXP 	window1: blendMode = 'avg'
8.5097 	EXP 	window1: blendMode = 'avg'
8.5264 	EXP 	window1: blendMode = 'avg'
8.5430 	EXP 	window1: blendMode = 'avg'
8.5597 	EXP 	window1: blendMode = 'avg'
8.5763 	EXP 	window1: blendMode = 'avg'
8.5930 	EXP 	window1: blendMode = 'avg'
8.6097 	EXP 	window1: blendMode = 'avg'
8.6263 	EXP 	window1: blendMode = 'avg'
8.6430 	EXP 	window1: blendMode = 'avg'
8.6590 	EXP 	window1: blendMode = 'avg'
8.6763 	EXP 	window1: blendMode = 'avg'
8.6930 	EXP 	window1: blendMode = 'avg'
8.7097 	EXP 	window1: blendMode = 'avg'
8.7263 	EXP 	window1: blendMode = 'avg'
8.7438 	EXP 	window1: blendMode = 'avg'
8.7598 	EXP 	window1: blendMode = 'avg'
8.7763 	EXP 	window1: blendMode = 'avg'
8.7925 	EXP 	window1: blendMode = 'avg'
8.8097 	EXP 	window1: blendMode = 'avg'
8.8259 	EXP 	window1: blendMode = 'avg'
8.8430 	EXP 	window1: blendMode = 'avg'
8.8594 	EXP 	window1: blendMode = 'avg'
8.8626 	DATA 	Keypress: space
8.8810 	EXP 	Imported pawStimuli.xlsx as conditions, 1 conditions, 5 params
8.8813 	EXP 	Created sequence: sequential, trialTypes=1, nReps=1, seed=None
8.8817 	EXP 	New trial (rep=0, index=0): {'pawPatrol1': u'min1.png', 'pawPatrol2': u'min2.png', 'pawPatrol3': u'min3.png', 'pawPatrol4': u'min4.png', 'blank': u'allBlank.png'}
8.9587 	EXP 	window1: blendMode = 'avg'
8.9756 	EXP 	instructionsGeneral: autoDraw = False
8.9756 	EXP 	image_paw1: image = u'min1.png'
8.9756 	EXP 	text: color = 'black (named)'
8.9756 	EXP 	image_paw1: autoDraw = True
8.9756 	EXP 	text: autoDraw = True
8.9771 	EXP 	window1: blendMode = 'avg'
8.9933 	EXP 	window1: blendMode = 'avg'
9.0098 	EXP 	window1: blendMode = 'avg'
9.0264 	EXP 	window1: blendMode = 'avg'
9.0431 	EXP 	window1: blendMode = 'avg'
9.0598 	EXP 	window1: blendMode = 'avg'
9.0764 	EXP 	window1: blendMode = 'avg'
9.0931 	EXP 	window1: blendMode = 'avg'
9.1098 	EXP 	window1: blendMode = 'avg'
9.1265 	EXP 	window1: blendMode = 'avg'
9.1431 	EXP 	window1: blendMode = 'avg'
9.1598 	EXP 	window1: blendMode = 'avg'
9.1765 	EXP 	window1: blendMode = 'avg'
9.1931 	EXP 	window1: blendMode = 'avg'
9.2098 	EXP 	window1: blendMode = 'avg'
9.2274 	DATA 	Keypress: space
9.2556 	EXP 	window1: blendMode = 'avg'
9.2749 	EXP 	image_paw1: autoDraw = False
9.2749 	EXP 	text: autoDraw = False
9.2749 	EXP 	image_paw2: image = u'min2.png'
9.2749 	EXP 	text_2: color = 'black (named)'
9.2749 	EXP 	image_paw2: autoDraw = True
9.2749 	EXP 	text_2: autoDraw = True
9.2759 	EXP 	window1: blendMode = 'avg'
9.2932 	EXP 	window1: blendMode = 'avg'
9.3097 	EXP 	window1: blendMode = 'avg'
9.3274 	EXP 	window1: blendMode = 'avg'
9.3431 	EXP 	window1: blendMode = 'avg'
9.3597 	EXP 	window1: blendMode = 'avg'
9.3764 	EXP 	window1: blendMode = 'avg'
9.3932 	EXP 	window1: blendMode = 'avg'
9.4098 	EXP 	window1: blendMode = 'avg'
9.4265 	EXP 	window1: blendMode = 'avg'
9.4431 	EXP 	window1: blendMode = 'avg'
9.4598 	EXP 	window1: blendMode = 'avg'
9.4769 	DATA 	Keypress: space
9.5108 	EXP 	window1: blendMode = 'avg'
9.5246 	EXP 	image_paw2: autoDraw = False
9.5246 	EXP 	text_2: autoDraw = False
9.5246 	EXP 	image_paw3: image = u'min3.png'
9.5246 	EXP 	text_3: color = 'black (named)'
9.5246 	EXP 	image_paw3: autoDraw = True
9.5246 	EXP 	text_3: autoDraw = True
9.5259 	EXP 	window1: blendMode = 'avg'
9.5431 	EXP 	window1: blendMode = 'avg'
9.5599 	EXP 	window1: blendMode = 'avg'
9.5764 	EXP 	window1: blendMode = 'avg'
9.5931 	EXP 	window1: blendMode = 'avg'
9.6098 	EXP 	window1: blendMode = 'avg'
9.6264 	EXP 	window1: blendMode = 'avg'
9.6431 	EXP 	window1: blendMode = 'avg'
9.6609 	DATA 	Keypress: space
9.6900 	EXP 	window1: blendMode = 'avg'
9.7077 	EXP 	image_paw3: autoDraw = False
9.7077 	EXP 	text_3: autoDraw = False
9.7077 	EXP 	image_paw4: image = u'min4.png'
9.7077 	EXP 	text_4: color = 'black (named)'
9.7077 	EXP 	image_paw4: autoDraw = True
9.7077 	EXP 	text_4: autoDraw = True
9.7087 	EXP 	window1: blendMode = 'avg'
9.7272 	EXP 	window1: blendMode = 'avg'
9.7436 	EXP 	window1: blendMode = 'avg'
9.7599 	EXP 	window1: blendMode = 'avg'
9.7764 	EXP 	window1: blendMode = 'avg'
9.7935 	EXP 	window1: blendMode = 'avg'
9.8095 	DATA 	Keypress: space
9.8106 	EXP 	window1: blendMode = 'avg'
9.8256 	EXP 	image_paw4: autoDraw = False
9.8256 	EXP 	text_4: autoDraw = False
9.8256 	EXP 	text_5: autoDraw = True
9.8264 	EXP 	window1: blendMode = 'avg'
9.8428 	EXP 	window1: blendMode = 'avg'
9.8598 	EXP 	window1: blendMode = 'avg'
9.8761 	EXP 	window1: blendMode = 'avg'
9.8935 	EXP 	window1: blendMode = 'avg'
9.9095 	EXP 	window1: blendMode = 'avg'
9.9264 	EXP 	window1: blendMode = 'avg'
9.9428 	EXP 	window1: blendMode = 'avg'
9.9596 	EXP 	window1: blendMode = 'avg'
9.9763 	EXP 	window1: blendMode = 'avg'
9.9928 	EXP 	window1: blendMode = 'avg'
10.0096 	EXP 	window1: blendMode = 'avg'
10.0262 	EXP 	window1: blendMode = 'avg'
10.0429 	EXP 	window1: blendMode = 'avg'
10.0595 	EXP 	window1: blendMode = 'avg'
10.0763 	EXP 	window1: blendMode = 'avg'
10.0931 	EXP 	window1: blendMode = 'avg'
10.1095 	EXP 	window1: blendMode = 'avg'
10.1263 	EXP 	window1: blendMode = 'avg'
10.1431 	EXP 	window1: blendMode = 'avg'
10.1592 	EXP 	window1: blendMode = 'avg'
10.1762 	EXP 	window1: blendMode = 'avg'
10.1930 	EXP 	window1: blendMode = 'avg'
10.2095 	EXP 	window1: blendMode = 'avg'
10.2262 	EXP 	window1: blendMode = 'avg'
10.2430 	EXP 	window1: blendMode = 'avg'
10.2595 	EXP 	window1: blendMode = 'avg'
10.2765 	EXP 	window1: blendMode = 'avg'
10.2929 	EXP 	window1: blendMode = 'avg'
10.3096 	EXP 	window1: blendMode = 'avg'
10.3262 	EXP 	window1: blendMode = 'avg'
10.3429 	EXP 	window1: blendMode = 'avg'
10.3597 	EXP 	window1: blendMode = 'avg'
10.3761 	EXP 	window1: blendMode = 'avg'
10.3929 	EXP 	window1: blendMode = 'avg'
10.4097 	EXP 	window1: blendMode = 'avg'
10.4261 	EXP 	window1: blendMode = 'avg'
10.4430 	EXP 	window1: blendMode = 'avg'
10.4595 	EXP 	window1: blendMode = 'avg'
10.4763 	EXP 	window1: blendMode = 'avg'
10.4928 	EXP 	window1: blendMode = 'avg'
10.5095 	EXP 	window1: blendMode = 'avg'
10.5263 	EXP 	window1: blendMode = 'avg'
10.5428 	EXP 	window1: blendMode = 'avg'
10.5592 	EXP 	window1: blendMode = 'avg'
10.5762 	EXP 	window1: blendMode = 'avg'
10.5930 	EXP 	window1: blendMode = 'avg'
10.6094 	EXP 	window1: blendMode = 'avg'
10.6263 	EXP 	window1: blendMode = 'avg'
10.6430 	EXP 	window1: blendMode = 'avg'
10.6591 	EXP 	window1: blendMode = 'avg'
10.6762 	EXP 	window1: blendMode = 'avg'
10.6930 	EXP 	window1: blendMode = 'avg'
10.7095 	EXP 	window1: blendMode = 'avg'
10.7263 	EXP 	window1: blendMode = 'avg'
10.7431 	EXP 	window1: blendMode = 'avg'
10.7591 	EXP 	window1: blendMode = 'avg'
10.7762 	EXP 	window1: blendMode = 'avg'
10.7929 	EXP 	window1: blendMode = 'avg'
10.8254 	EXP 	text_5: autoDraw = False
10.8264 	EXP 	window1: blendMode = 'avg'
10.8421 	EXP 	text_6: autoDraw = True
10.8428 	EXP 	window1: blendMode = 'avg'
10.8597 	EXP 	window1: blendMode = 'avg'
10.8761 	EXP 	window1: blendMode = 'avg'
10.8929 	EXP 	window1: blendMode = 'avg'
10.9096 	EXP 	window1: blendMode = 'avg'
10.9262 	EXP 	window1: blendMode = 'avg'
10.9429 	EXP 	window1: blendMode = 'avg'
10.9595 	EXP 	window1: blendMode = 'avg'
10.9763 	EXP 	window1: blendMode = 'avg'
10.9928 	EXP 	window1: blendMode = 'avg'
11.0088 	EXP 	window1: blendMode = 'avg'
11.0262 	EXP 	window1: blendMode = 'avg'
11.0430 	EXP 	window1: blendMode = 'avg'
11.0595 	EXP 	window1: blendMode = 'avg'
11.0763 	EXP 	window1: blendMode = 'avg'
11.0930 	EXP 	window1: blendMode = 'avg'
11.1094 	EXP 	window1: blendMode = 'avg'
11.1262 	EXP 	window1: blendMode = 'avg'
11.1430 	EXP 	window1: blendMode = 'avg'
11.1595 	EXP 	window1: blendMode = 'avg'
11.1763 	EXP 	window1: blendMode = 'avg'
11.1928 	EXP 	window1: blendMode = 'avg'
11.2096 	EXP 	window1: blendMode = 'avg'
11.2262 	EXP 	window1: blendMode = 'avg'
11.2429 	EXP 	window1: blendMode = 'avg'
11.2605 	EXP 	window1: blendMode = 'avg'
11.2763 	EXP 	window1: blendMode = 'avg'
11.2928 	EXP 	window1: blendMode = 'avg'
11.3088 	EXP 	window1: blendMode = 'avg'
11.3261 	EXP 	window1: blendMode = 'avg'
11.3429 	EXP 	window1: blendMode = 'avg'
11.3597 	EXP 	window1: blendMode = 'avg'
11.3761 	EXP 	window1: blendMode = 'avg'
11.3929 	EXP 	window1: blendMode = 'avg'
11.4097 	EXP 	window1: blendMode = 'avg'
11.4262 	EXP 	window1: blendMode = 'avg'
11.4429 	EXP 	window1: blendMode = 'avg'
11.4597 	EXP 	window1: blendMode = 'avg'
11.4762 	EXP 	window1: blendMode = 'avg'
11.4929 	EXP 	window1: blendMode = 'avg'
11.5096 	EXP 	window1: blendMode = 'avg'
11.5257 	EXP 	window1: blendMode = 'avg'
11.5428 	EXP 	window1: blendMode = 'avg'
11.5595 	EXP 	window1: blendMode = 'avg'
11.5764 	EXP 	window1: blendMode = 'avg'
11.5928 	EXP 	window1: blendMode = 'avg'
11.6096 	EXP 	window1: blendMode = 'avg'
11.6264 	EXP 	window1: blendMode = 'avg'
11.6428 	EXP 	window1: blendMode = 'avg'
11.6596 	EXP 	window1: blendMode = 'avg'
11.6764 	EXP 	window1: blendMode = 'avg'
11.6928 	EXP 	window1: blendMode = 'avg'
11.7096 	EXP 	window1: blendMode = 'avg'
11.7261 	EXP 	window1: blendMode = 'avg'
11.7429 	EXP 	window1: blendMode = 'avg'
11.7599 	EXP 	window1: blendMode = 'avg'
11.7761 	EXP 	window1: blendMode = 'avg'
11.7929 	EXP 	window1: blendMode = 'avg'
11.8131 	EXP 	Imported random.xlsx as conditions, 4 conditions, 4 params
11.8136 	EXP 	Created sequence: random, trialTypes=4, nReps=25, seed=None
11.8141 	EXP 	New trial (rep=0, index=0): {'randomPaw': u'min1.png', 'allowableKey': ['2', '1', '3', '4'], 'correctKey': ['1'], 'blank': u'allBlank.png'}
11.8144 	EXP 	New trial (rep=0, index=1): {'randomPaw': u'min2.png', 'allowableKey': ['2', '1', '3', '4'], 'correctKey': ['2'], 'blank': u'allBlank.png'}
11.8148 	EXP 	New trial (rep=0, index=2): {'randomPaw': u'min3.png', 'allowableKey': ['2', '1', '3', '4'], 'correctKey': ['3'], 'blank': u'allBlank.png'}
11.8152 	EXP 	New trial (rep=0, index=3): {'randomPaw': u'min4.png', 'allowableKey': ['2', '1', '3', '4'], 'correctKey': ['4'], 'blank': u'allBlank.png'}
11.8155 	EXP 	New trial (rep=1, index=0): {'randomPaw': u'min4.png', 'allowableKey': ['2', '1', '3', '4'], 'correctKey': ['4'], 'blank': u'allBlank.png'}
11.8159 	EXP 	New trial (rep=1, index=1): {'randomPaw': u'min2.png', 'allowableKey': ['2', '1', '3', '4'], 'correctKey': ['2'], 'blank': u'allBlank.png'}
11.8162 	EXP 	New trial (rep=1, index=2): {'randomPaw': u'min3.png', 'allowableKey': ['2', '1', '3', '4'], 'correctKey': ['3'], 'blank': u'allBlank.png'}
11.8166 	EXP 	New trial (rep=1, index=3): {'randomPaw': u'min1.png', 'allowableKey': ['2', '1', '3', '4'], 'correctKey': ['1'], 'blank': u'allBlank.png'}
11.8169 	EXP 	New trial (rep=2, index=0): {'randomPaw': u'min3.png', 'allowableKey': ['2', '1', '3', '4'], 'correctKey': ['3'], 'blank': u'allBlank.png'}
11.8172 	EXP 	New trial (rep=2, index=1): {'randomPaw': u'min4.png', 'allowableKey': ['2', '1', '3', '4'], 'correctKey': ['4'], 'blank': u'allBlank.png'}
11.8175 	EXP 	New trial (rep=2, index=2): {'randomPaw': u'min1.png', 'allowableKey': ['2', '1', '3', '4'], 'correctKey': ['1'], 'blank': u'allBlank.png'}
11.8178 	EXP 	New trial (rep=2, index=3): {'randomPaw': u'min2.png', 'allowableKey': ['2', '1', '3', '4'], 'correctKey': ['2'], 'blank': u'allBlank.png'}
11.8181 	EXP 	New trial (rep=3, index=0): {'randomPaw': u'min2.png', 'allowableKey': ['2', '1', '3', '4'], 'correctKey': ['2'], 'blank': u'allBlank.png'}
11.8183 	EXP 	New trial (rep=3, index=1): {'randomPaw': u'min1.png', 'allowableKey': ['2', '1', '3', '4'], 'correctKey': ['1'], 'blank': u'allBlank.png'}
11.8186 	EXP 	New trial (rep=3, index=2): {'randomPaw': u'min4.png', 'allowableKey': ['2', '1', '3', '4'], 'correctKey': ['4'], 'blank': u'allBlank.png'}
11.8189 	EXP 	New trial (rep=3, index=3): {'randomPaw': u'min3.png', 'allowableKey': ['2', '1', '3', '4'], 'correctKey': ['3'], 'blank': u'allBlank.png'}
11.8192 	EXP 	New trial (rep=4, index=0): {'randomPaw': u'min2.png', 'allowableKey': ['2', '1', '3', '4'], 'correctKey': ['2'], 'blank': u'allBlank.png'}
11.8195 	EXP 	New trial (rep=4, index=1): {'randomPaw': u'min3.png', 'allowableKey': ['2', '1', '3', '4'], 'correctKey': ['3'], 'blank': u'allBlank.png'}
11.8198 	EXP 	New trial (rep=4, index=2): {'randomPaw': u'min4.png', 'allowableKey': ['2', '1', '3', '4'], 'correctKey': ['4'], 'blank': u'allBlank.png'}
11.8200 	EXP 	New trial (rep=4, index=3): {'randomPaw': u'min1.png', 'allowableKey': ['2', '1', '3', '4'], 'correctKey': ['1'], 'blank': u'allBlank.png'}
11.8203 	EXP 	New trial (rep=5, index=0): {'randomPaw': u'min3.png', 'allowableKey': ['2', '1', '3', '4'], 'correctKey': ['3'], 'blank': u'allBlank.png'}
11.8206 	EXP 	New trial (rep=5, index=1): {'randomPaw': u'min1.png', 'allowableKey': ['2', '1', '3', '4'], 'correctKey': ['1'], 'blank': u'allBlank.png'}
11.8209 	EXP 	New trial (rep=5, index=2): {'randomPaw': u'min4.png', 'allowableKey': ['2', '1', '3', '4'], 'correctKey': ['4'], 'blank': u'allBlank.png'}
11.8212 	EXP 	New trial (rep=5, index=3): {'randomPaw': u'min2.png', 'allowableKey': ['2', '1', '3', '4'], 'correctKey': ['2'], 'blank': u'allBlank.png'}
11.8214 	EXP 	New trial (rep=6, index=0): {'randomPaw': u'min1.png', 'allowableKey': ['2', '1', '3', '4'], 'correctKey': ['1'], 'blank': u'allBlank.png'}
11.8219 	EXP 	New trial (rep=6, index=1): {'randomPaw': u'min4.png', 'allowableKey': ['2', '1', '3', '4'], 'correctKey': ['4'], 'blank': u'allBlank.png'}
11.8224 	EXP 	New trial (rep=6, index=2): {'randomPaw': u'min2.png', 'allowableKey': ['2', '1', '3', '4'], 'correctKey': ['2'], 'blank': u'allBlank.png'}
11.8227 	EXP 	New trial (rep=6, index=3): {'randomPaw': u'min3.png', 'allowableKey': ['2', '1', '3', '4'], 'correctKey': ['3'], 'blank': u'allBlank.png'}
11.8231 	EXP 	New trial (rep=7, index=0): {'randomPaw': u'min1.png', 'allowableKey': ['2', '1', '3', '4'], 'correctKey': ['1'], 'blank': u'allBlank.png'}
11.8234 	EXP 	New trial (rep=7, index=1): {'randomPaw': u'min2.png', 'allowableKey': ['2', '1', '3', '4'], 'correctKey': ['2'], 'blank': u'allBlank.png'}
11.8237 	EXP 	New trial (rep=7, index=2): {'randomPaw': u'min3.png', 'allowableKey': ['2', '1', '3', '4'], 'correctKey': ['3'], 'blank': u'allBlank.png'}
11.8240 	EXP 	New trial (rep=7, index=3): {'randomPaw': u'min4.png', 'allowableKey': ['2', '1', '3', '4'], 'correctKey': ['4'], 'blank': u'allBlank.png'}
11.8242 	EXP 	New trial (rep=8, index=0): {'randomPaw': u'min2.png', 'allowableKey': ['2', '1', '3', '4'], 'correctKey': ['2'], 'blank': u'allBlank.png'}
11.8245 	EXP 	New trial (rep=8, index=1): {'randomPaw': u'min4.png', 'allowableKey': ['2', '1', '3', '4'], 'correctKey': ['4'], 'blank': u'allBlank.png'}
11.8248 	EXP 	New trial (rep=8, index=2): {'randomPaw': u'min1.png', 'allowableKey': ['2', '1', '3', '4'], 'correctKey': ['1'], 'blank': u'allBlank.png'}
11.8251 	EXP 	New trial (rep=8, index=3): {'randomPaw': u'min3.png', 'allowableKey': ['2', '1', '3', '4'], 'correctKey': ['3'], 'blank': u'allBlank.png'}
11.8253 	EXP 	New trial (rep=9, index=0): {'randomPaw': u'min2.png', 'allowableKey': ['2', '1', '3', '4'], 'correctKey': ['2'], 'blank': u'allBlank.png'}
11.8256 	EXP 	New trial (rep=9, index=1): {'randomPaw': u'min3.png', 'allowableKey': ['2', '1', '3', '4'], 'correctKey': ['3'], 'blank': u'allBlank.png'}
11.8258 	EXP 	New trial (rep=9, index=2): {'randomPaw': u'min1.png', 'allowableKey': ['2', '1', '3', '4'], 'correctKey': ['1'], 'blank': u'allBlank.png'}
11.8261 	EXP 	New trial (rep=9, index=3): {'randomPaw': u'min4.png', 'allowableKey': ['2', '1', '3', '4'], 'correctKey': ['4'], 'blank': u'allBlank.png'}
11.8263 	EXP 	New trial (rep=10, index=0): {'randomPaw': u'min4.png', 'allowableKey': ['2', '1', '3', '4'], 'correctKey': ['4'], 'blank': u'allBlank.png'}
11.8265 	EXP 	New trial (rep=10, index=1): {'randomPaw': u'min1.png', 'allowableKey': ['2', '1', '3', '4'], 'correctKey': ['1'], 'blank': u'allBlank.png'}
11.8268 	EXP 	New trial (rep=10, index=2): {'randomPaw': u'min2.png', 'allowableKey': ['2', '1', '3', '4'], 'correctKey': ['2'], 'blank': u'allBlank.png'}
11.8270 	EXP 	New trial (rep=10, index=3): {'randomPaw': u'min3.png', 'allowableKey': ['2', '1', '3', '4'], 'correctKey': ['3'], 'blank': u'allBlank.png'}
11.8273 	EXP 	New trial (rep=11, index=0): {'randomPaw': u'min3.png', 'allowableKey': ['2', '1', '3', '4'], 'correctKey': ['3'], 'blank': u'allBlank.png'}
11.8275 	EXP 	New trial (rep=11, index=1): {'randomPaw': u'min2.png', 'allowableKey': ['2', '1', '3', '4'], 'correctKey': ['2'], 'blank': u'allBlank.png'}
11.8277 	EXP 	New trial (rep=11, index=2): {'randomPaw': u'min1.png', 'allowableKey': ['2', '1', '3', '4'], 'correctKey': ['1'], 'blank': u'allBlank.png'}
11.8280 	EXP 	New trial (rep=11, index=3): {'randomPaw': u'min4.png', 'allowableKey': ['2', '1', '3', '4'], 'correctKey': ['4'], 'blank': u'allBlank.png'}
11.8282 	EXP 	New trial (rep=12, index=0): {'randomPaw': u'min3.png', 'allowableKey': ['2', '1', '3', '4'], 'correctKey': ['3'], 'blank': u'allBlank.png'}
11.8285 	EXP 	New trial (rep=12, index=1): {'randomPaw': u'min2.png', 'allowableKey': ['2', '1', '3', '4'], 'correctKey': ['2'], 'blank': u'allBlank.png'}
11.8287 	EXP 	New trial (rep=12, index=2): {'randomPaw': u'min4.png', 'allowableKey': ['2', '1', '3', '4'], 'correctKey': ['4'], 'blank': u'allBlank.png'}
11.8289 	EXP 	New trial (rep=12, index=3): {'randomPaw': u'min1.png', 'allowableKey': ['2', '1', '3', '4'], 'correctKey': ['1'], 'blank': u'allBlank.png'}
11.8292 	EXP 	New trial (rep=13, index=0): {'randomPaw': u'min3.png', 'allowableKey': ['2', '1', '3', '4'], 'correctKey': ['3'], 'blank': u'allBlank.png'}
11.8294 	EXP 	New trial (rep=13, index=1): {'randomPaw': u'min1.png', 'allowableKey': ['2', '1', '3', '4'], 'correctKey': ['1'], 'blank': u'allBlank.png'}
11.8297 	EXP 	New trial (rep=13, index=2): {'randomPaw': u'min4.png', 'allowableKey': ['2', '1', '3', '4'], 'correctKey': ['4'], 'blank': u'allBlank.png'}
11.8299 	EXP 	New trial (rep=13, index=3): {'randomPaw': u'min2.png', 'allowableKey': ['2', '1', '3', '4'], 'correctKey': ['2'], 'blank': u'allBlank.png'}
11.8301 	EXP 	New trial (rep=14, index=0): {'randomPaw': u'min3.png', 'allowableKey': ['2', '1', '3', '4'], 'correctKey': ['3'], 'blank': u'allBlank.png'}
11.8304 	EXP 	New trial (rep=14, index=1): {'randomPaw': u'min2.png', 'allowableKey': ['2', '1', '3', '4'], 'correctKey': ['2'], 'blank': u'allBlank.png'}
11.8306 	EXP 	New trial (rep=14, index=2): {'randomPaw': u'min4.png', 'allowableKey': ['2', '1', '3', '4'], 'correctKey': ['4'], 'blank': u'allBlank.png'}
11.8309 	EXP 	New trial (rep=14, index=3): {'randomPaw': u'min1.png', 'allowableKey': ['2', '1', '3', '4'], 'correctKey': ['1'], 'blank': u'allBlank.png'}
11.8311 	EXP 	New trial (rep=15, index=0): {'randomPaw': u'min4.png', 'allowableKey': ['2', '1', '3', '4'], 'correctKey': ['4'], 'blank': u'allBlank.png'}
11.8313 	EXP 	New trial (rep=15, index=1): {'randomPaw': u'min1.png', 'allowableKey': ['2', '1', '3', '4'], 'correctKey': ['1'], 'blank': u'allBlank.png'}
11.8316 	EXP 	New trial (rep=15, index=2): {'randomPaw': u'min2.png', 'allowableKey': ['2', '1', '3', '4'], 'correctKey': ['2'], 'blank': u'allBlank.png'}
11.8318 	EXP 	New trial (rep=15, index=3): {'randomPaw': u'min3.png', 'allowableKey': ['2', '1', '3', '4'], 'correctKey': ['3'], 'blank': u'allBlank.png'}
11.8321 	EXP 	New trial (rep=16, index=0): {'randomPaw': u'min2.png', 'allowableKey': ['2', '1', '3', '4'], 'correctKey': ['2'], 'blank': u'allBlank.png'}
11.8323 	EXP 	New trial (rep=16, index=1): {'randomPaw': u'min3.png', 'allowableKey': ['2', '1', '3', '4'], 'correctKey': ['3'], 'blank': u'allBlank.png'}
11.8326 	EXP 	New trial (rep=16, index=2): {'randomPaw': u'min4.png', 'allowableKey': ['2', '1', '3', '4'], 'correctKey': ['4'], 'blank': u'allBlank.png'}
11.8328 	EXP 	New trial (rep=16, index=3): {'randomPaw': u'min1.png', 'allowableKey': ['2', '1', '3', '4'], 'correctKey': ['1'], 'blank': u'allBlank.png'}
11.8330 	EXP 	New trial (rep=17, index=0): {'randomPaw': u'min2.png', 'allowableKey': ['2', '1', '3', '4'], 'correctKey': ['2'], 'blank': u'allBlank.png'}
11.8333 	EXP 	New trial (rep=17, index=1): {'randomPaw': u'min4.png', 'allowableKey': ['2', '1', '3', '4'], 'correctKey': ['4'], 'blank': u'allBlank.png'}
11.8335 	EXP 	New trial (rep=17, index=2): {'randomPaw': u'min1.png', 'allowableKey': ['2', '1', '3', '4'], 'correctKey': ['1'], 'blank': u'allBlank.png'}
11.8338 	EXP 	New trial (rep=17, index=3): {'randomPaw': u'min3.png', 'allowableKey': ['2', '1', '3', '4'], 'correctKey': ['3'], 'blank': u'allBlank.png'}
11.8340 	EXP 	New trial (rep=18, index=0): {'randomPaw': u'min2.png', 'allowableKey': ['2', '1', '3', '4'], 'correctKey': ['2'], 'blank': u'allBlank.png'}
11.8342 	EXP 	New trial (rep=18, index=1): {'randomPaw': u'min4.png', 'allowableKey': ['2', '1', '3', '4'], 'correctKey': ['4'], 'blank': u'allBlank.png'}
11.8345 	EXP 	New trial (rep=18, index=2): {'randomPaw': u'min1.png', 'allowableKey': ['2', '1', '3', '4'], 'correctKey': ['1'], 'blank': u'allBlank.png'}
11.8347 	EXP 	New trial (rep=18, index=3): {'randomPaw': u'min3.png', 'allowableKey': ['2', '1', '3', '4'], 'correctKey': ['3'], 'blank': u'allBlank.png'}
11.8350 	EXP 	New trial (rep=19, index=0): {'randomPaw': u'min3.png', 'allowableKey': ['2', '1', '3', '4'], 'correctKey': ['3'], 'blank': u'allBlank.png'}
11.8353 	EXP 	New trial (rep=19, index=1): {'randomPaw': u'min1.png', 'allowableKey': ['2', '1', '3', '4'], 'correctKey': ['1'], 'blank': u'allBlank.png'}
11.8356 	EXP 	New trial (rep=19, index=2): {'randomPaw': u'min2.png', 'allowableKey': ['2', '1', '3', '4'], 'correctKey': ['2'], 'blank': u'allBlank.png'}
11.8358 	EXP 	New trial (rep=19, index=3): {'randomPaw': u'min4.png', 'allowableKey': ['2', '1', '3', '4'], 'correctKey': ['4'], 'blank': u'allBlank.png'}
11.8361 	EXP 	New trial (rep=20, index=0): {'randomPaw': u'min2.png', 'allowableKey': ['2', '1', '3', '4'], 'correctKey': ['2'], 'blank': u'allBlank.png'}
11.8363 	EXP 	New trial (rep=20, index=1): {'randomPaw': u'min4.png', 'allowableKey': ['2', '1', '3', '4'], 'correctKey': ['4'], 'blank': u'allBlank.png'}
11.8365 	EXP 	New trial (rep=20, index=2): {'randomPaw': u'min3.png', 'allowableKey': ['2', '1', '3', '4'], 'correctKey': ['3'], 'blank': u'allBlank.png'}
11.8368 	EXP 	New trial (rep=20, index=3): {'randomPaw': u'min1.png', 'allowableKey': ['2', '1', '3', '4'], 'correctKey': ['1'], 'blank': u'allBlank.png'}
11.8370 	EXP 	New trial (rep=21, index=0): {'randomPaw': u'min1.png', 'allowableKey': ['2', '1', '3', '4'], 'correctKey': ['1'], 'blank': u'allBlank.png'}
11.8373 	EXP 	New trial (rep=21, index=1): {'randomPaw': u'min3.png', 'allowableKey': ['2', '1', '3', '4'], 'correctKey': ['3'], 'blank': u'allBlank.png'}
11.8375 	EXP 	New trial (rep=21, index=2): {'randomPaw': u'min4.png', 'allowableKey': ['2', '1', '3', '4'], 'correctKey': ['4'], 'blank': u'allBlank.png'}
11.8377 	EXP 	New trial (rep=21, index=3): {'randomPaw': u'min2.png', 'allowableKey': ['2', '1', '3', '4'], 'correctKey': ['2'], 'blank': u'allBlank.png'}
11.8380 	EXP 	New trial (rep=22, index=0): {'randomPaw': u'min1.png', 'allowableKey': ['2', '1', '3', '4'], 'correctKey': ['1'], 'blank': u'allBlank.png'}
11.8382 	EXP 	New trial (rep=22, index=1): {'randomPaw': u'min3.png', 'allowableKey': ['2', '1', '3', '4'], 'correctKey': ['3'], 'blank': u'allBlank.png'}
11.8385 	EXP 	New trial (rep=22, index=2): {'randomPaw': u'min2.png', 'allowableKey': ['2', '1', '3', '4'], 'correctKey': ['2'], 'blank': u'allBlank.png'}
11.8387 	EXP 	New trial (rep=22, index=3): {'randomPaw': u'min4.png', 'allowableKey': ['2', '1', '3', '4'], 'correctKey': ['4'], 'blank': u'allBlank.png'}
11.8390 	EXP 	New trial (rep=23, index=0): {'randomPaw': u'min1.png', 'allowableKey': ['2', '1', '3', '4'], 'correctKey': ['1'], 'blank': u'allBlank.png'}
11.8392 	EXP 	New trial (rep=23, index=1): {'randomPaw': u'min4.png', 'allowableKey': ['2', '1', '3', '4'], 'correctKey': ['4'], 'blank': u'allBlank.png'}
11.8394 	EXP 	New trial (rep=23, index=2): {'randomPaw': u'min2.png', 'allowableKey': ['2', '1', '3', '4'], 'correctKey': ['2'], 'blank': u'allBlank.png'}
11.8397 	EXP 	New trial (rep=23, index=3): {'randomPaw': u'min3.png', 'allowableKey': ['2', '1', '3', '4'], 'correctKey': ['3'], 'blank': u'allBlank.png'}
11.8399 	EXP 	New trial (rep=24, index=0): {'randomPaw': u'min1.png', 'allowableKey': ['2', '1', '3', '4'], 'correctKey': ['1'], 'blank': u'allBlank.png'}
11.8402 	EXP 	New trial (rep=24, index=1): {'randomPaw': u'min2.png', 'allowableKey': ['2', '1', '3', '4'], 'correctKey': ['2'], 'blank': u'allBlank.png'}
11.8404 	EXP 	New trial (rep=24, index=2): {'randomPaw': u'min4.png', 'allowableKey': ['2', '1', '3', '4'], 'correctKey': ['4'], 'blank': u'allBlank.png'}
11.8406 	EXP 	New trial (rep=24, index=3): {'randomPaw': u'min3.png', 'allowableKey': ['2', '1', '3', '4'], 'correctKey': ['3'], 'blank': u'allBlank.png'}
11.8436 	EXP 	Imported pawStimuli.xlsx as conditions, 1 conditions, 5 params
11.8438 	EXP 	Created sequence: sequential, trialTypes=1, nReps=10, seed=None
11.8441 	EXP 	New trial (rep=0, index=0): {'pawPatrol1': u'min1.png', 'pawPatrol2': u'min2.png', 'pawPatrol3': u'min3.png', 'pawPatrol4': u'min4.png', 'blank': u'allBlank.png'}
11.8753 	EXP 	text_6: autoDraw = False
11.8753 	EXP 	text_5: autoDraw = False
11.8753 	EXP 	text_6: autoDraw = False
11.8753 	EXP 	pos1: image = u'min1.png'
11.8753 	EXP 	pos1: autoDraw = True
12.3609 	DATA 	Keypress: 1
12.4090 	EXP 	pos1: autoDraw = False
12.4090 	EXP 	blankImage: image = u'allBlank.png'
12.4090 	EXP 	blankImage: autoDraw = True
12.9082 	EXP 	blankImage: autoDraw = False
12.9082 	EXP 	blankImage: autoDraw = False
12.9082 	EXP 	image_4: image = u'min3.png'
12.9082 	EXP 	image_4: autoDraw = True
13.1441 	DATA 	Keypress: 3
13.1752 	EXP 	image_4: autoDraw = False
13.1752 	EXP 	blankImage: image = u'allBlank.png'
13.1752 	EXP 	blankImage: autoDraw = True
13.6758 	EXP 	blankImage: autoDraw = False
13.6758 	EXP 	blankImage: autoDraw = False
13.6758 	EXP 	image_3: image = u'min2.png'
13.6758 	EXP 	image_3: autoDraw = True
13.8600 	DATA 	Keypress: 2
13.8915 	EXP 	image_3: autoDraw = False
13.8915 	EXP 	blankImage: image = u'allBlank.png'
13.8915 	EXP 	blankImage: autoDraw = True
14.3926 	EXP 	blankImage: autoDraw = False
14.3926 	EXP 	blankImage: autoDraw = False
14.3926 	EXP 	image_5: image = u'min4.png'
14.3926 	EXP 	image_5: autoDraw = True
14.4940 	DATA 	Keypress: 4
14.5248 	EXP 	image_5: autoDraw = False
14.5248 	EXP 	blankImage: image = u'allBlank.png'
14.5248 	EXP 	blankImage: autoDraw = True
15.0246 	EXP 	blankImage: autoDraw = False
15.0246 	EXP 	blankImage: autoDraw = False
15.0246 	EXP 	image_5: image = u'min4.png'
15.0246 	EXP 	image_5: autoDraw = True
15.3439 	DATA 	Keypress: 4
15.3749 	EXP 	image_5: autoDraw = False
15.3749 	EXP 	blankImage: image = u'allBlank.png'
15.3749 	EXP 	blankImage: autoDraw = True
15.8761 	EXP 	blankImage: autoDraw = False
15.8761 	EXP 	blankImage: autoDraw = False
15.8761 	EXP 	image_3: image = u'min2.png'
15.8761 	EXP 	image_3: autoDraw = True
16.1608 	DATA 	Keypress: 2
16.1917 	EXP 	image_3: autoDraw = False
16.1917 	EXP 	blankImage: image = u'allBlank.png'
16.1917 	EXP 	blankImage: autoDraw = True
16.6914 	EXP 	blankImage: autoDraw = False
16.6914 	EXP 	blankImage: autoDraw = False
16.6914 	EXP 	image_4: image = u'min3.png'
16.6914 	EXP 	image_4: autoDraw = True
16.8943 	DATA 	Keypress: 3
16.9244 	EXP 	image_4: autoDraw = False
16.9244 	EXP 	blankImage: image = u'allBlank.png'
16.9244 	EXP 	blankImage: autoDraw = True
17.4248 	EXP 	blankImage: autoDraw = False
17.4248 	EXP 	blankImage: autoDraw = False
17.4248 	EXP 	image_5: image = u'min4.png'
17.4248 	EXP 	image_5: autoDraw = True
17.5604 	DATA 	Keypress: 4
17.5917 	EXP 	image_5: autoDraw = False
17.5917 	EXP 	blankImage: image = u'allBlank.png'
17.5917 	EXP 	blankImage: autoDraw = True
18.0920 	EXP 	blankImage: autoDraw = False
18.0920 	EXP 	blankImage: autoDraw = False
18.0920 	EXP 	image_3: image = u'min2.png'
18.0920 	EXP 	image_3: autoDraw = True
18.2773 	DATA 	Keypress: 1
18.5441 	DATA 	Keypress: 2
18.5745 	EXP 	image_3: autoDraw = False
18.5745 	EXP 	blankImage: image = u'allBlank.png'
18.5745 	EXP 	blankImage: autoDraw = True
19.0746 	EXP 	blankImage: autoDraw = False
19.0746 	EXP 	blankImage: autoDraw = False
19.0746 	EXP 	image_5: image = u'min4.png'
19.0746 	EXP 	image_5: autoDraw = True
19.2603 	DATA 	Keypress: 3
19.4776 	DATA 	Keypress: 4
19.5086 	EXP 	image_5: autoDraw = False
19.5086 	EXP 	blankImage: image = u'allBlank.png'
19.5086 	EXP 	blankImage: autoDraw = True
19.9761 	EXP 	New trial (rep=1, index=0): {'pawPatrol1': u'min1.png', 'pawPatrol2': u'min2.png', 'pawPatrol3': u'min3.png', 'pawPatrol4': u'min4.png', 'blank': u'allBlank.png'}
20.0085 	EXP 	blankImage: autoDraw = False
20.0085 	EXP 	blankImage: autoDraw = False
20.0085 	EXP 	pos1: image = u'min1.png'
20.0085 	EXP 	pos1: autoDraw = True
20.3117 	DATA 	Keypress: 1
20.3588 	EXP 	pos1: autoDraw = False
20.3588 	EXP 	blankImage: image = u'allBlank.png'
20.3588 	EXP 	blankImage: autoDraw = True
20.8583 	EXP 	blankImage: autoDraw = False
20.8583 	EXP 	blankImage: autoDraw = False
20.8583 	EXP 	image_4: image = u'min3.png'
20.8583 	EXP 	image_4: autoDraw = True
21.1444 	DATA 	Keypress: 3
21.1746 	EXP 	image_4: autoDraw = False
21.1746 	EXP 	blankImage: image = u'allBlank.png'
21.1746 	EXP 	blankImage: autoDraw = True
21.6747 	EXP 	blankImage: autoDraw = False
21.6747 	EXP 	blankImage: autoDraw = False
21.6747 	EXP 	image_3: image = u'min2.png'
21.6747 	EXP 	image_3: autoDraw = True
21.9109 	DATA 	Keypress: 2
21.9414 	EXP 	image_3: autoDraw = False
21.9414 	EXP 	blankImage: image = u'allBlank.png'
21.9414 	EXP 	blankImage: autoDraw = True
22.4414 	EXP 	blankImage: autoDraw = False
22.4414 	EXP 	blankImage: autoDraw = False
22.4414 	EXP 	image_5: image = u'min4.png'
22.4414 	EXP 	image_5: autoDraw = True
22.4934 	DATA 	Keypress: 4
22.5251 	EXP 	image_5: autoDraw = False
22.5251 	EXP 	blankImage: image = u'allBlank.png'
22.5251 	EXP 	blankImage: autoDraw = True
23.0249 	EXP 	blankImage: autoDraw = False
23.0249 	EXP 	blankImage: autoDraw = False
23.0249 	EXP 	image_5: image = u'min4.png'
23.0249 	EXP 	image_5: autoDraw = True
23.2938 	DATA 	Keypress: 4
23.3244 	EXP 	image_5: autoDraw = False
23.3244 	EXP 	blankImage: image = u'allBlank.png'
23.3244 	EXP 	blankImage: autoDraw = True
23.8250 	EXP 	blankImage: autoDraw = False
23.8250 	EXP 	blankImage: autoDraw = False
23.8250 	EXP 	image_3: image = u'min2.png'
23.8250 	EXP 	image_3: autoDraw = True
24.0097 	DATA 	Keypress: 2
24.0414 	EXP 	image_3: autoDraw = False
24.0414 	EXP 	blankImage: image = u'allBlank.png'
24.0414 	EXP 	blankImage: autoDraw = True
24.5413 	EXP 	blankImage: autoDraw = False
24.5413 	EXP 	blankImage: autoDraw = False
24.5413 	EXP 	image_4: image = u'min3.png'
24.5413 	EXP 	image_4: autoDraw = True
24.5939 	DATA 	Keypress: 3
24.6244 	EXP 	image_4: autoDraw = False
24.6244 	EXP 	blankImage: image = u'allBlank.png'
24.6244 	EXP 	blankImage: autoDraw = True
25.1248 	EXP 	blankImage: autoDraw = False
25.1248 	EXP 	blankImage: autoDraw = False
25.1248 	EXP 	image_5: image = u'min4.png'
25.1248 	EXP 	image_5: autoDraw = True
25.4108 	DATA 	Keypress: 4
25.4410 	EXP 	image_5: autoDraw = False
25.4410 	EXP 	blankImage: image = u'allBlank.png'
25.4410 	EXP 	blankImage: autoDraw = True
25.9417 	EXP 	blankImage: autoDraw = False
25.9417 	EXP 	blankImage: autoDraw = False
25.9417 	EXP 	image_3: image = u'min2.png'
25.9417 	EXP 	image_3: autoDraw = True
26.1107 	DATA 	Keypress: 1
26.3608 	DATA 	Keypress: 2
26.3915 	EXP 	image_3: autoDraw = False
26.3915 	EXP 	blankImage: image = u'allBlank.png'
26.3915 	EXP 	blankImage: autoDraw = True
26.8921 	EXP 	blankImage: autoDraw = False
26.8921 	EXP 	blankImage: autoDraw = False
26.8921 	EXP 	image_5: image = u'min4.png'
26.8921 	EXP 	image_5: autoDraw = True
27.0609 	DATA 	Keypress: 3
27.3108 	DATA 	Keypress: 4
27.3413 	EXP 	image_5: autoDraw = False
27.3413 	EXP 	blankImage: image = u'allBlank.png'
27.3413 	EXP 	blankImage: autoDraw = True
27.8096 	EXP 	New trial (rep=2, index=0): {'pawPatrol1': u'min1.png', 'pawPatrol2': u'min2.png', 'pawPatrol3': u'min3.png', 'pawPatrol4': u'min4.png', 'blank': u'allBlank.png'}
27.8414 	EXP 	blankImage: autoDraw = False
27.8414 	EXP 	blankImage: autoDraw = False
27.8414 	EXP 	pos1: image = u'min1.png'
27.8414 	EXP 	pos1: autoDraw = True
28.1938 	DATA 	Keypress: 1
28.2247 	EXP 	pos1: autoDraw = False
28.2247 	EXP 	blankImage: image = u'allBlank.png'
28.2247 	EXP 	blankImage: autoDraw = True
28.7249 	EXP 	blankImage: autoDraw = False
28.7249 	EXP 	blankImage: autoDraw = False
28.7249 	EXP 	image_4: image = u'min3.png'
28.7249 	EXP 	image_4: autoDraw = True
28.9429 	DATA 	Keypress: 3
28.9745 	EXP 	image_4: autoDraw = False
28.9745 	EXP 	blankImage: image = u'allBlank.png'
28.9745 	EXP 	blankImage: autoDraw = True
29.4749 	EXP 	blankImage: autoDraw = False
29.4749 	EXP 	blankImage: autoDraw = False
29.4749 	EXP 	image_3: image = u'min2.png'
29.4749 	EXP 	image_3: autoDraw = True
29.5941 	DATA 	Keypress: 2
29.6250 	EXP 	image_3: autoDraw = False
29.6250 	EXP 	blankImage: image = u'allBlank.png'
29.6250 	EXP 	blankImage: autoDraw = True
30.1247 	EXP 	blankImage: autoDraw = False
30.1247 	EXP 	blankImage: autoDraw = False
30.1247 	EXP 	image_5: image = u'min4.png'
30.1247 	EXP 	image_5: autoDraw = True
30.1452 	DATA 	Keypress: 4
30.1920 	EXP 	image_5: autoDraw = False
30.1920 	EXP 	blankImage: image = u'allBlank.png'
30.1920 	EXP 	blankImage: autoDraw = True
30.6871 	DATA 	Keypress: 4
30.7248 	EXP 	blankImage: autoDraw = False
30.7248 	EXP 	blankImage: autoDraw = False
30.7248 	EXP 	image_5: image = u'min4.png'
30.7248 	EXP 	image_5: autoDraw = True
30.7248 	EXP 	image_5: autoDraw = False
30.7248 	EXP 	blankImage: image = u'allBlank.png'
30.7248 	EXP 	blankImage: autoDraw = True
31.2246 	EXP 	blankImage: autoDraw = False
31.2246 	EXP 	image_3: image = u'min2.png'
31.2246 	EXP 	image_3: autoDraw = True
31.4940 	DATA 	Keypress: 2
31.5252 	EXP 	image_3: autoDraw = False
31.5252 	EXP 	blankImage: image = u'allBlank.png'
31.5252 	EXP 	blankImage: autoDraw = True
32.0247 	EXP 	blankImage: autoDraw = False
32.0247 	EXP 	blankImage: autoDraw = False
32.0247 	EXP 	image_4: image = u'min3.png'
32.0247 	EXP 	image_4: autoDraw = True
32.1928 	DATA 	Keypress: 3
32.2250 	EXP 	image_4: autoDraw = False
32.2250 	EXP 	blankImage: image = u'allBlank.png'
32.2250 	EXP 	blankImage: autoDraw = True
32.7254 	EXP 	blankImage: autoDraw = False
32.7254 	EXP 	blankImage: autoDraw = False
32.7254 	EXP 	image_5: image = u'min4.png'
32.7254 	EXP 	image_5: autoDraw = True
32.7940 	DATA 	Keypress: 4
32.8246 	EXP 	image_5: autoDraw = False
32.8246 	EXP 	blankImage: image = u'allBlank.png'
32.8246 	EXP 	blankImage: autoDraw = True
33.3202 	DATA 	Keypress: 1
33.3259 	EXP 	blankImage: autoDraw = False
33.3259 	EXP 	blankImage: autoDraw = False
33.3259 	EXP 	image_3: image = u'min2.png'
33.3259 	EXP 	image_3: autoDraw = True
33.8274 	DATA 	Keypress: 2
33.8580 	EXP 	image_3: autoDraw = False
33.8580 	EXP 	blankImage: image = u'allBlank.png'
33.8580 	EXP 	blankImage: autoDraw = True
34.1940 	DATA 	Keypress: 3
34.3583 	EXP 	blankImage: autoDraw = False
34.3583 	EXP 	blankImage: autoDraw = False
34.3583 	EXP 	image_5: image = u'min4.png'
34.3583 	EXP 	image_5: autoDraw = True
34.8608 	DATA 	Keypress: 4
34.8913 	EXP 	image_5: autoDraw = False
34.8913 	EXP 	blankImage: image = u'allBlank.png'
34.8913 	EXP 	blankImage: autoDraw = True
35.3594 	EXP 	New trial (rep=3, index=0): {'pawPatrol1': u'min1.png', 'pawPatrol2': u'min2.png', 'pawPatrol3': u'min3.png', 'pawPatrol4': u'min4.png', 'blank': u'allBlank.png'}
35.3918 	EXP 	blankImage: autoDraw = False
35.3918 	EXP 	blankImage: autoDraw = False
35.3918 	EXP 	pos1: image = u'min1.png'
35.3918 	EXP 	pos1: autoDraw = True
35.7608 	DATA 	Keypress: 1
35.7915 	EXP 	pos1: autoDraw = False
35.7915 	EXP 	blankImage: image = u'allBlank.png'
35.7915 	EXP 	blankImage: autoDraw = True
36.2915 	EXP 	blankImage: autoDraw = False
36.2915 	EXP 	blankImage: autoDraw = False
36.2915 	EXP 	image_4: image = u'min3.png'
36.2915 	EXP 	image_4: autoDraw = True
36.4111 	DATA 	Keypress: 3
36.4418 	EXP 	image_4: autoDraw = False
36.4418 	EXP 	blankImage: image = u'allBlank.png'
36.4418 	EXP 	blankImage: autoDraw = True
36.9413 	EXP 	blankImage: autoDraw = False
36.9413 	EXP 	blankImage: autoDraw = False
36.9413 	EXP 	image_3: image = u'min2.png'
36.9413 	EXP 	image_3: autoDraw = True
36.9602 	DATA 	Keypress: 2
36.9910 	EXP 	image_3: autoDraw = False
36.9910 	EXP 	blankImage: image = u'allBlank.png'
36.9910 	EXP 	blankImage: autoDraw = True
37.4272 	DATA 	Keypress: 4
37.5249 	EXP 	blankImage: autoDraw = False
37.5249 	EXP 	blankImage: autoDraw = False
37.5249 	EXP 	image_5: image = u'min4.png'
37.5249 	EXP 	image_5: autoDraw = True
37.5249 	EXP 	image_5: autoDraw = False
37.5249 	EXP 	blankImage: image = u'allBlank.png'
37.5249 	EXP 	blankImage: autoDraw = True
37.8939 	DATA 	Keypress: 4
38.0420 	EXP 	blankImage: autoDraw = False
38.0420 	EXP 	blankImage: autoDraw = False
38.0420 	EXP 	image_5: image = u'min4.png'
38.0420 	EXP 	image_5: autoDraw = True
38.0420 	EXP 	image_5: autoDraw = False
38.0420 	EXP 	blankImage: image = u'allBlank.png'
38.0420 	EXP 	blankImage: autoDraw = True
38.5246 	EXP 	blankImage: autoDraw = False
38.5246 	EXP 	blankImage: autoDraw = False
38.5246 	EXP 	image_3: image = u'min2.png'
38.5246 	EXP 	image_3: autoDraw = True
38.8283 	DATA 	Keypress: 2
38.8745 	EXP 	image_3: autoDraw = False
38.8745 	EXP 	blankImage: image = u'allBlank.png'
38.8745 	EXP 	blankImage: autoDraw = True
39.3753 	EXP 	blankImage: autoDraw = False
39.3753 	EXP 	blankImage: autoDraw = False
39.3753 	EXP 	image_4: image = u'min3.png'
39.3753 	EXP 	image_4: autoDraw = True
39.5431 	DATA 	Keypress: 3
39.5753 	EXP 	image_4: autoDraw = False
39.5753 	EXP 	blankImage: image = u'allBlank.png'
39.5753 	EXP 	blankImage: autoDraw = True
40.0747 	EXP 	blankImage: autoDraw = False
40.0747 	EXP 	blankImage: autoDraw = False
40.0747 	EXP 	image_5: image = u'min4.png'
40.0747 	EXP 	image_5: autoDraw = True
40.5440 	DATA 	Keypress: 4
40.5750 	EXP 	image_5: autoDraw = False
40.5750 	EXP 	blankImage: image = u'allBlank.png'
40.5750 	EXP 	blankImage: autoDraw = True
41.0746 	EXP 	blankImage: autoDraw = False
41.0746 	EXP 	blankImage: autoDraw = False
41.0746 	EXP 	image_3: image = u'min2.png'
41.0746 	EXP 	image_3: autoDraw = True
41.5103 	DATA 	Keypress: 2
41.5414 	EXP 	image_3: autoDraw = False
41.5414 	EXP 	blankImage: image = u'allBlank.png'
41.5414 	EXP 	blankImage: autoDraw = True
42.0412 	EXP 	blankImage: autoDraw = False
42.0412 	EXP 	blankImage: autoDraw = False
42.0412 	EXP 	image_5: image = u'min4.png'
42.0412 	EXP 	image_5: autoDraw = True
42.5782 	DATA 	Keypress: 4
42.6246 	EXP 	image_5: autoDraw = False
42.6246 	EXP 	blankImage: image = u'allBlank.png'
42.6246 	EXP 	blankImage: autoDraw = True
43.0927 	EXP 	New trial (rep=4, index=0): {'pawPatrol1': u'min1.png', 'pawPatrol2': u'min2.png', 'pawPatrol3': u'min3.png', 'pawPatrol4': u'min4.png', 'blank': u'allBlank.png'}
43.1249 	EXP 	blankImage: autoDraw = False
43.1249 	EXP 	blankImage: autoDraw = False
43.1249 	EXP 	pos1: image = u'min1.png'
43.1249 	EXP 	pos1: autoDraw = True
43.4774 	DATA 	Keypress: 1
43.5084 	EXP 	pos1: autoDraw = False
43.5084 	EXP 	blankImage: image = u'allBlank.png'
43.5084 	EXP 	blankImage: autoDraw = True
44.0081 	EXP 	blankImage: autoDraw = False
44.0081 	EXP 	blankImage: autoDraw = False
44.0081 	EXP 	image_4: image = u'min3.png'
44.0081 	EXP 	image_4: autoDraw = True
44.2107 	DATA 	Keypress: 3
44.2412 	EXP 	image_4: autoDraw = False
44.2412 	EXP 	blankImage: image = u'allBlank.png'
44.2412 	EXP 	blankImage: autoDraw = True
44.7417 	EXP 	blankImage: autoDraw = False
44.7417 	EXP 	blankImage: autoDraw = False
44.7417 	EXP 	image_3: image = u'min2.png'
44.7417 	EXP 	image_3: autoDraw = True
45.0774 	DATA 	Keypress: 2
45.1094 	EXP 	image_3: autoDraw = False
45.1094 	EXP 	blankImage: image = u'allBlank.png'
45.1094 	EXP 	blankImage: autoDraw = True
45.6085 	EXP 	blankImage: autoDraw = False
45.6085 	EXP 	blankImage: autoDraw = False
45.6085 	EXP 	image_5: image = u'min4.png'
45.6085 	EXP 	image_5: autoDraw = True
45.7103 	DATA 	Keypress: 3
46.0775 	DATA 	Keypress: 4
46.1075 	EXP 	image_5: autoDraw = False
46.1075 	EXP 	blankImage: image = u'allBlank.png'
46.1075 	EXP 	blankImage: autoDraw = True
46.6081 	EXP 	blankImage: autoDraw = False
46.6081 	EXP 	blankImage: autoDraw = False
46.6081 	EXP 	image_5: image = u'min4.png'
46.6081 	EXP 	image_5: autoDraw = True
46.9598 	DATA 	Keypress: 4
46.9918 	EXP 	image_5: autoDraw = False
46.9918 	EXP 	blankImage: image = u'allBlank.png'
46.9918 	EXP 	blankImage: autoDraw = True
47.4918 	EXP 	blankImage: autoDraw = False
47.4918 	EXP 	blankImage: autoDraw = False
47.4918 	EXP 	image_3: image = u'min2.png'
47.4918 	EXP 	image_3: autoDraw = True
47.6931 	DATA 	Keypress: 2
47.7253 	EXP 	image_3: autoDraw = False
47.7253 	EXP 	blankImage: image = u'allBlank.png'
47.7253 	EXP 	blankImage: autoDraw = True
48.2246 	EXP 	blankImage: autoDraw = False
48.2246 	EXP 	blankImage: autoDraw = False
48.2246 	EXP 	image_4: image = u'min3.png'
48.2246 	EXP 	image_4: autoDraw = True
48.4106 	DATA 	Keypress: 3
48.4410 	EXP 	image_4: autoDraw = False
48.4410 	EXP 	blankImage: image = u'allBlank.png'
48.4410 	EXP 	blankImage: autoDraw = True
48.9417 	EXP 	blankImage: autoDraw = False
48.9417 	EXP 	blankImage: autoDraw = False
48.9417 	EXP 	image_5: image = u'min4.png'
48.9417 	EXP 	image_5: autoDraw = True
49.2274 	DATA 	Keypress: 4
49.2580 	EXP 	image_5: autoDraw = False
49.2580 	EXP 	blankImage: image = u'allBlank.png'
49.2580 	EXP 	blankImage: autoDraw = True
49.7579 	EXP 	blankImage: autoDraw = False
49.7579 	EXP 	blankImage: autoDraw = False
49.7579 	EXP 	image_3: image = u'min2.png'
49.7579 	EXP 	image_3: autoDraw = True
50.1430 	DATA 	Keypress: 2
50.1742 	EXP 	image_3: autoDraw = False
50.1742 	EXP 	blankImage: image = u'allBlank.png'
50.1742 	EXP 	blankImage: autoDraw = True
50.6748 	EXP 	blankImage: autoDraw = False
50.6748 	EXP 	blankImage: autoDraw = False
50.6748 	EXP 	image_5: image = u'min4.png'
50.6748 	EXP 	image_5: autoDraw = True
50.9439 	DATA 	Keypress: 4
50.9914 	EXP 	image_5: autoDraw = False
50.9914 	EXP 	blankImage: image = u'allBlank.png'
50.9914 	EXP 	blankImage: autoDraw = True
51.4428 	EXP 	New trial (rep=5, index=0): {'pawPatrol1': u'min1.png', 'pawPatrol2': u'min2.png', 'pawPatrol3': u'min3.png', 'pawPatrol4': u'min4.png', 'blank': u'allBlank.png'}
51.4745 	EXP 	blankImage: autoDraw = False
51.4745 	EXP 	blankImage: autoDraw = False
51.4745 	EXP 	pos1: image = u'min1.png'
51.4745 	EXP 	pos1: autoDraw = True
51.8099 	DATA 	Keypress: 1
51.8420 	EXP 	pos1: autoDraw = False
51.8420 	EXP 	blankImage: image = u'allBlank.png'
51.8420 	EXP 	blankImage: autoDraw = True
52.3419 	EXP 	blankImage: autoDraw = False
52.3419 	EXP 	blankImage: autoDraw = False
52.3419 	EXP 	image_4: image = u'min3.png'
52.3419 	EXP 	image_4: autoDraw = True
52.5431 	DATA 	Keypress: 3
52.5756 	EXP 	image_4: autoDraw = False
52.5756 	EXP 	blankImage: image = u'allBlank.png'
52.5756 	EXP 	blankImage: autoDraw = True
53.0749 	EXP 	blankImage: autoDraw = False
53.0749 	EXP 	blankImage: autoDraw = False
53.0749 	EXP 	image_3: image = u'min2.png'
53.0749 	EXP 	image_3: autoDraw = True
53.1773 	DATA 	Keypress: 2
53.2080 	EXP 	image_3: autoDraw = False
53.2080 	EXP 	blankImage: image = u'allBlank.png'
53.2080 	EXP 	blankImage: autoDraw = True
53.7084 	EXP 	blankImage: autoDraw = False
53.7084 	EXP 	blankImage: autoDraw = False
53.7084 	EXP 	image_5: image = u'min4.png'
53.7084 	EXP 	image_5: autoDraw = True
53.8604 	DATA 	Keypress: 4
53.8909 	EXP 	image_5: autoDraw = False
53.8909 	EXP 	blankImage: image = u'allBlank.png'
53.8909 	EXP 	blankImage: autoDraw = True
54.3916 	EXP 	blankImage: autoDraw = False
54.3916 	EXP 	blankImage: autoDraw = False
54.3916 	EXP 	image_5: image = u'min4.png'
54.3916 	EXP 	image_5: autoDraw = True
54.4441 	DATA 	Keypress: 4
54.4750 	EXP 	image_5: autoDraw = False
54.4750 	EXP 	blankImage: image = u'allBlank.png'
54.4750 	EXP 	blankImage: autoDraw = True
54.9746 	EXP 	blankImage: autoDraw = False
54.9746 	EXP 	blankImage: autoDraw = False
54.9746 	EXP 	image_3: image = u'min2.png'
54.9746 	EXP 	image_3: autoDraw = True
55.1107 	DATA 	Keypress: 2
55.1410 	EXP 	image_3: autoDraw = False
55.1410 	EXP 	blankImage: image = u'allBlank.png'
55.1410 	EXP 	blankImage: autoDraw = True
55.6418 	EXP 	blankImage: autoDraw = False
55.6418 	EXP 	blankImage: autoDraw = False
55.6418 	EXP 	image_4: image = u'min3.png'
55.6418 	EXP 	image_4: autoDraw = True
55.8271 	DATA 	Keypress: 3
55.8582 	EXP 	image_4: autoDraw = False
55.8582 	EXP 	blankImage: image = u'allBlank.png'
55.8582 	EXP 	blankImage: autoDraw = True
56.3579 	EXP 	blankImage: autoDraw = False
56.3579 	EXP 	blankImage: autoDraw = False
56.3579 	EXP 	image_5: image = u'min4.png'
56.3579 	EXP 	image_5: autoDraw = True
56.6106 	DATA 	Keypress: 4
56.6411 	EXP 	image_5: autoDraw = False
56.6411 	EXP 	blankImage: image = u'allBlank.png'
56.6411 	EXP 	blankImage: autoDraw = True
57.1416 	EXP 	blankImage: autoDraw = False
57.1416 	EXP 	blankImage: autoDraw = False
57.1416 	EXP 	image_3: image = u'min2.png'
57.1416 	EXP 	image_3: autoDraw = True
57.4437 	DATA 	Keypress: 2
57.4755 	EXP 	image_3: autoDraw = False
57.4755 	EXP 	blankImage: image = u'allBlank.png'
57.4755 	EXP 	blankImage: autoDraw = True
57.9748 	EXP 	blankImage: autoDraw = False
57.9748 	EXP 	blankImage: autoDraw = False
57.9748 	EXP 	image_5: image = u'min4.png'
57.9748 	EXP 	image_5: autoDraw = True
58.2272 	DATA 	Keypress: 4
58.2578 	EXP 	image_5: autoDraw = False
58.2578 	EXP 	blankImage: image = u'allBlank.png'
58.2578 	EXP 	blankImage: autoDraw = True
58.7260 	EXP 	New trial (rep=6, index=0): {'pawPatrol1': u'min1.png', 'pawPatrol2': u'min2.png', 'pawPatrol3': u'min3.png', 'pawPatrol4': u'min4.png', 'blank': u'allBlank.png'}
58.7586 	EXP 	blankImage: autoDraw = False
58.7586 	EXP 	blankImage: autoDraw = False
58.7586 	EXP 	pos1: image = u'min1.png'
58.7586 	EXP 	pos1: autoDraw = True
59.0605 	DATA 	Keypress: 1
59.0914 	EXP 	pos1: autoDraw = False
59.0914 	EXP 	blankImage: image = u'allBlank.png'
59.0914 	EXP 	blankImage: autoDraw = True
59.5915 	EXP 	blankImage: autoDraw = False
59.5915 	EXP 	blankImage: autoDraw = False
59.5915 	EXP 	image_4: image = u'min3.png'
59.5915 	EXP 	image_4: autoDraw = True
59.8437 	DATA 	Keypress: 3
59.8746 	EXP 	image_4: autoDraw = False
59.8746 	EXP 	blankImage: image = u'allBlank.png'
59.8746 	EXP 	blankImage: autoDraw = True
60.3747 	EXP 	blankImage: autoDraw = False
60.3747 	EXP 	blankImage: autoDraw = False
60.3747 	EXP 	image_3: image = u'min2.png'
60.3747 	EXP 	image_3: autoDraw = True
60.6272 	DATA 	Keypress: 2
60.6747 	EXP 	image_3: autoDraw = False
60.6747 	EXP 	blankImage: image = u'allBlank.png'
60.6747 	EXP 	blankImage: autoDraw = True
61.1579 	EXP 	blankImage: autoDraw = False
61.1579 	EXP 	blankImage: autoDraw = False
61.1579 	EXP 	image_5: image = u'min4.png'
61.1579 	EXP 	image_5: autoDraw = True
61.2775 	DATA 	Keypress: 4
61.3080 	EXP 	image_5: autoDraw = False
61.3080 	EXP 	blankImage: image = u'allBlank.png'
61.3080 	EXP 	blankImage: autoDraw = True
61.8080 	EXP 	blankImage: autoDraw = False
61.8080 	EXP 	blankImage: autoDraw = False
61.8080 	EXP 	image_5: image = u'min4.png'
61.8080 	EXP 	image_5: autoDraw = True
66.7671 	EXP 	image_5: autoDraw = False
933.6192 	DATA 	Keypress: escape
