4.9505 	ERROR 	Requested audio device 'auto' that is not available on this hardware. The 'audioDevice' preference should be one of ['Built-in Output', 'HDMI']
7.2189 	WARNING 	User requested fullscreen with size [1440  900], but screen is actually [1280, 800]. Using actual size
7.8342 	EXP 	Created window1 = Window(allowGUI=False, allowStencil=False, autoLog=True, bitsMode=UNKNOWN, blendMode='avg', color=array([ 0.,  0.,  0.]), colorSpace='rgb', fullscr=UNKNOWN, gamma=None, lms=UNKNOWN, monitor=<psychopy.monitors.calibTools.Monitor object at 0x112b61cd0>, multiSample=False, name='window1', numSamples=2, pos=[0, 0], screen=0, size=array([1280,  800]), stereo=False, units=u'norm', useFBO=True, useRetina=False, viewOri=0.0, viewPos=None, viewScale=None, waitBlanking=True, winType='pyglet')
7.8343 	EXP 	window1: recordFrameIntervals = False
8.0000 	EXP 	window1: recordFrameIntervals = True
8.1833 	EXP 	window1: recordFrameIntervals = False
8.3177 	EXP 	Created instructionsGeneral = TextStim(alignHoriz='center', alignVert='center', antialias=True, autoLog=True, bold=False, color=array([ 1.,  1.,  1.]), colorSpace='rgb', contrast=1.0, depth=0.0, flipHoriz=False, flipVert=False, font='Arial', fontFiles=[], height=0.1, italic=False, name='instructionsGeneral', opacity=1.0, ori=0, pos=array([ 0.,  0.]), rgb=array([ 1.,  1.,  1.]), text=unicode(...), units=u'norm', win=Window(...), wrapWidth=1)
8.3200 	EXP 	Created image_paw1 = ImageStim(autoLog=True, color=array([ 1.,  1.,  1.]), colorSpace='rgb', contrast=1.0, depth=0.0, flipHoriz=False, flipVert=False, image='sin', interpolate=True, mask=None, maskParams=None, name='image_paw1', opacity=1.0, ori=0.0, pos=array([ 0.,  0.]), size=array([ 2. ,  2.5]), texRes=128, units=u'norm', win=Window(...))
8.3279 	EXP 	Created text = TextStim(alignHoriz='center', alignVert='center', antialias=True, autoLog=True, bold=False, color=array([ 1.,  1.,  1.]), colorSpace='rgb', contrast=1.0, depth=-1.0, flipHoriz=False, flipVert=False, font='Arial', fontFiles=[], height=0.1, italic=False, name='text', opacity=1.0, ori=0, pos=array([ 0. ,  0.8]), rgb=array([ 1.,  1.,  1.]), text=u'Press 1 when a minion is here ', units=u'norm', win=Window(...), wrapWidth=1)
8.3297 	EXP 	Created image_paw2 = ImageStim(autoLog=True, color=array([ 1.,  1.,  1.]), colorSpace='rgb', contrast=1.0, depth=0.0, flipHoriz=False, flipVert=False, image='sin', interpolate=True, mask=None, maskParams=None, name='image_paw2', opacity=1.0, ori=0.0, pos=array([ 0.,  0.]), size=array([ 2. ,  2.5]), texRes=128, units=u'norm', win=Window(...))
8.3375 	EXP 	Created text_2 = TextStim(alignHoriz='center', alignVert='center', antialias=True, autoLog=True, bold=False, color=array([ 1.,  1.,  1.]), colorSpace='rgb', contrast=1.0, depth=-1.0, flipHoriz=False, flipVert=False, font='Arial', fontFiles=[], height=0.1, italic=False, name='text_2', opacity=1.0, ori=0, pos=array([ 0. ,  0.8]), rgb=array([ 1.,  1.,  1.]), text=u'Press 2 when a minion is here ', units=u'norm', win=Window(...), wrapWidth=1)
8.3394 	EXP 	Created image_paw3 = ImageStim(autoLog=True, color=array([ 1.,  1.,  1.]), colorSpace='rgb', contrast=1.0, depth=0.0, flipHoriz=False, flipVert=False, image='sin', interpolate=True, mask=None, maskParams=None, name='image_paw3', opacity=1.0, ori=0.0, pos=array([ 0.,  0.]), size=array([ 2. ,  2.5]), texRes=128, units=u'norm', win=Window(...))
8.3462 	EXP 	Created text_3 = TextStim(alignHoriz='center', alignVert='center', antialias=True, autoLog=True, bold=False, color=array([ 1.,  1.,  1.]), colorSpace='rgb', contrast=1.0, depth=-1.0, flipHoriz=False, flipVert=False, font='Arial', fontFiles=[], height=0.1, italic=False, name='text_3', opacity=1.0, ori=0, pos=array([ 0. ,  0.8]), rgb=array([ 1.,  1.,  1.]), text=u'Press 3 when a minion is here ', units=u'norm', win=Window(...), wrapWidth=1)
8.3482 	EXP 	Created image_paw4 = ImageStim(autoLog=True, color=array([ 1.,  1.,  1.]), colorSpace='rgb', contrast=1.0, depth=0.0, flipHoriz=False, flipVert=False, image='sin', interpolate=True, mask=None, maskParams=None, name='image_paw4', opacity=1.0, ori=0.0, pos=array([ 0.,  0.]), size=array([ 2. ,  2.5]), texRes=128, units=u'norm', win=Window(...))
8.3560 	EXP 	Created text_4 = TextStim(alignHoriz='center', alignVert='center', antialias=True, autoLog=True, bold=False, color=array([ 1.,  1.,  1.]), colorSpace='rgb', contrast=1.0, depth=-1.0, flipHoriz=False, flipVert=False, font='Arial', fontFiles=[], height=0.1, italic=False, name='text_4', opacity=1.0, ori=0, pos=array([ 0. ,  0.8]), rgb=array([ 1.,  1.,  1.]), text=u'Press 4 when a minion is here ', units=u'norm', win=Window(...), wrapWidth=1)
8.3625 	EXP 	Created text_5 = TextStim(alignHoriz='center', alignVert='center', antialias=True, autoLog=True, bold=False, color='white', colorSpace='named', contrast=1.0, depth=0.0, flipHoriz=False, flipVert=False, font='Arial', fontFiles=[], height=0.1, italic=False, name='text_5', opacity=1.0, ori=0, pos=array([ 0.,  0.]), rgb=array([ 255.,  255.,  255.]), text=u'Get Ready...', units=u'norm', win=Window(...), wrapWidth=1)
8.3665 	EXP 	Created text_6 = TextStim(alignHoriz='center', alignVert='center', antialias=True, autoLog=True, bold=False, color='white', colorSpace='named', contrast=1.0, depth=-1.0, flipHoriz=False, flipVert=False, font='Arial', fontFiles=[], height=0.1, italic=False, name='text_6', opacity=1.0, ori=0, pos=array([ 0.,  0.]), rgb=array([ 255.,  255.,  255.]), text=u'GO!', units=u'norm', win=Window(...), wrapWidth=1)
8.3684 	EXP 	Created image = ImageStim(autoLog=True, color=array([ 1.,  1.,  1.]), colorSpace='rgb', contrast=1.0, depth=0.0, flipHoriz=False, flipVert=False, image='sin', interpolate=True, mask=None, maskParams=None, name='image', opacity=1.0, ori=0.0, pos=array([ 0.,  0.]), size=array([ 2. ,  2.5]), texRes=128, units=u'norm', win=Window(...))
8.3702 	EXP 	Created blankImage = ImageStim(autoLog=True, color=array([ 1.,  1.,  1.]), colorSpace='rgb', contrast=1.0, depth=0.0, flipHoriz=False, flipVert=False, image='sin', interpolate=True, mask=None, maskParams=None, name='blankImage', opacity=1.0, ori=0.0, pos=array([ 0.,  0.]), size=array([ 2. ,  2.5]), texRes=128, units=u'norm', win=Window(...))
8.3835 	EXP 	Created text_7 = TextStim(alignHoriz='center', alignVert='center', antialias=True, autoLog=True, bold=False, color='white', colorSpace='named', contrast=1.0, depth=0.0, flipHoriz=False, flipVert=False, font='Arial', fontFiles=[], height=0.1, italic=False, name='text_7', opacity=1.0, ori=0, pos=array([ 0.,  0.]), rgb=array([ 255.,  255.,  255.]), text=unicode(...), units=u'norm', win=Window(...), wrapWidth=1)
8.3858 	EXP 	Created pos1 = ImageStim(autoLog=True, color=array([ 1.,  1.,  1.]), colorSpace='rgb', contrast=1.0, depth=0.0, flipHoriz=False, flipVert=False, image='sin', interpolate=True, mask=None, maskParams=None, name='pos1', opacity=1.0, ori=0.0, pos=array([ 0.,  0.]), size=array([ 2. ,  2.5]), texRes=128, units=u'norm', win=Window(...))
8.3879 	EXP 	Created image_3 = ImageStim(autoLog=True, color=array([ 1.,  1.,  1.]), colorSpace='rgb', contrast=1.0, depth=0.0, flipHoriz=False, flipVert=False, image='sin', interpolate=True, mask=None, maskParams=None, name='image_3', opacity=1.0, ori=0.0, pos=array([ 0.,  0.]), size=array([ 2. ,  2.5]), texRes=128, units=u'norm', win=Window(...))
8.3900 	EXP 	Created image_4 = ImageStim(autoLog=True, color=array([ 1.,  1.,  1.]), colorSpace='rgb', contrast=1.0, depth=0.0, flipHoriz=False, flipVert=False, image='sin', interpolate=True, mask=None, maskParams=None, name='image_4', opacity=1.0, ori=0.0, pos=array([ 0.,  0.]), size=array([ 2. ,  2.5]), texRes=128, units=u'norm', win=Window(...))
8.3920 	EXP 	Created image_5 = ImageStim(autoLog=True, color=array([ 1.,  1.,  1.]), colorSpace='rgb', contrast=1.0, depth=0.0, flipHoriz=False, flipVert=False, image='sin', interpolate=True, mask=None, maskParams=None, name='image_5', opacity=1.0, ori=0.0, pos=array([ 0.,  0.]), size=array([ 2. ,  2.5]), texRes=128, units=u'norm', win=Window(...))
8.4068 	EXP 	Created goodJob = TextStim(alignHoriz='center', alignVert='center', antialias=True, autoLog=True, bold=False, color='white', colorSpace='named', contrast=1.0, depth=0.0, flipHoriz=False, flipVert=False, font='Arial', fontFiles=[], height=0.1, italic=False, name='goodJob', opacity=1.0, ori=0, pos=array([ 0.,  0.]), rgb=array([ 255.,  255.,  255.]), text=unicode(...), units=u'norm', win=Window(...), wrapWidth=1)
8.4097 	EXP 	window1: blendMode = 'avg'
8.4162 	EXP 	instructionsGeneral: color = 'white (named)'
8.4162 	EXP 	instructionsGeneral: autoDraw = True
8.4176 	EXP 	window1: blendMode = 'avg'
8.4340 	EXP 	window1: blendMode = 'avg'
8.4512 	EXP 	window1: blendMode = 'avg'
8.4672 	EXP 	window1: blendMode = 'avg'
8.4843 	EXP 	window1: blendMode = 'avg'
8.5012 	EXP 	window1: blendMode = 'avg'
8.5177 	EXP 	window1: blendMode = 'avg'
8.5343 	EXP 	window1: blendMode = 'avg'
8.5509 	EXP 	window1: blendMode = 'avg'
8.5677 	EXP 	window1: blendMode = 'avg'
8.5846 	EXP 	window1: blendMode = 'avg'
8.6008 	EXP 	window1: blendMode = 'avg'
8.6178 	EXP 	window1: blendMode = 'avg'
8.6346 	EXP 	window1: blendMode = 'avg'
8.6509 	EXP 	window1: blendMode = 'avg'
8.6678 	EXP 	window1: blendMode = 'avg'
8.6843 	EXP 	window1: blendMode = 'avg'
8.7004 	EXP 	window1: blendMode = 'avg'
8.7177 	EXP 	window1: blendMode = 'avg'
8.7345 	EXP 	window1: blendMode = 'avg'
8.7513 	EXP 	window1: blendMode = 'avg'
8.7680 	EXP 	window1: blendMode = 'avg'
8.7840 	EXP 	window1: blendMode = 'avg'
8.8011 	EXP 	window1: blendMode = 'avg'
8.8177 	EXP 	window1: blendMode = 'avg'
8.8345 	EXP 	window1: blendMode = 'avg'
8.8512 	EXP 	window1: blendMode = 'avg'
8.8677 	EXP 	window1: blendMode = 'avg'
8.8843 	EXP 	window1: blendMode = 'avg'
8.9012 	EXP 	window1: blendMode = 'avg'
8.9178 	EXP 	window1: blendMode = 'avg'
8.9371 	DATA 	Keypress: space
8.9435 	EXP 	Imported pawStimuli.xlsx as conditions, 1 conditions, 5 params
8.9438 	EXP 	Created sequence: sequential, trialTypes=1, nReps=1, seed=None
8.9441 	EXP 	New trial (rep=0, index=0): {'pawPatrol1': u'min1.png', 'pawPatrol2': u'min2.png', 'pawPatrol3': u'min3.png', 'pawPatrol4': u'min4.png', 'blank': u'allBlank.png'}
9.0606 	EXP 	window1: blendMode = 'avg'
9.0696 	EXP 	instructionsGeneral: autoDraw = False
9.0696 	EXP 	image_paw1: image = u'min1.png'
9.0696 	EXP 	text: color = 'black (named)'
9.0696 	EXP 	image_paw1: autoDraw = True
9.0696 	EXP 	text: autoDraw = True
9.0707 	EXP 	window1: blendMode = 'avg'
9.0846 	EXP 	window1: blendMode = 'avg'
9.1015 	EXP 	window1: blendMode = 'avg'
9.1174 	EXP 	window1: blendMode = 'avg'
9.1345 	EXP 	window1: blendMode = 'avg'
9.1513 	EXP 	window1: blendMode = 'avg'
9.1682 	EXP 	window1: blendMode = 'avg'
9.1847 	EXP 	window1: blendMode = 'avg'
9.2018 	EXP 	window1: blendMode = 'avg'
9.2181 	EXP 	window1: blendMode = 'avg'
9.2341 	EXP 	window1: blendMode = 'avg'
9.2513 	EXP 	window1: blendMode = 'avg'
9.2681 	EXP 	window1: blendMode = 'avg'
9.2849 	EXP 	window1: blendMode = 'avg'
9.3012 	EXP 	window1: blendMode = 'avg'
9.3181 	EXP 	window1: blendMode = 'avg'
9.3350 	EXP 	window1: blendMode = 'avg'
9.3526 	DATA 	Keypress: space
9.3916 	EXP 	window1: blendMode = 'avg'
9.4005 	EXP 	image_paw1: autoDraw = False
9.4005 	EXP 	text: autoDraw = False
9.4005 	EXP 	image_paw2: image = u'min2.png'
9.4005 	EXP 	text_2: color = 'black (named)'
9.4005 	EXP 	image_paw2: autoDraw = True
9.4005 	EXP 	text_2: autoDraw = True
9.4018 	EXP 	window1: blendMode = 'avg'
9.4185 	EXP 	window1: blendMode = 'avg'
9.4343 	EXP 	window1: blendMode = 'avg'
9.4514 	EXP 	window1: blendMode = 'avg'
9.4675 	EXP 	window1: blendMode = 'avg'
9.4850 	EXP 	window1: blendMode = 'avg'
9.5017 	EXP 	window1: blendMode = 'avg'
9.5182 	EXP 	window1: blendMode = 'avg'
9.5348 	EXP 	window1: blendMode = 'avg'
9.5527 	DATA 	Keypress: space
9.5884 	EXP 	window1: blendMode = 'avg'
9.5996 	EXP 	image_paw2: autoDraw = False
9.5996 	EXP 	text_2: autoDraw = False
9.5996 	EXP 	image_paw3: image = u'min3.png'
9.5996 	EXP 	text_3: color = 'black (named)'
9.5996 	EXP 	image_paw3: autoDraw = True
9.5996 	EXP 	text_3: autoDraw = True
9.6009 	EXP 	window1: blendMode = 'avg'
9.6180 	EXP 	window1: blendMode = 'avg'
9.6348 	EXP 	window1: blendMode = 'avg'
9.6516 	EXP 	window1: blendMode = 'avg'
9.6683 	EXP 	window1: blendMode = 'avg'
9.6848 	EXP 	window1: blendMode = 'avg'
9.7022 	DATA 	Keypress: space
9.7373 	EXP 	window1: blendMode = 'avg'
9.7501 	EXP 	image_paw3: autoDraw = False
9.7501 	EXP 	text_3: autoDraw = False
9.7501 	EXP 	image_paw4: image = u'min4.png'
9.7501 	EXP 	text_4: color = 'black (named)'
9.7501 	EXP 	image_paw4: autoDraw = True
9.7501 	EXP 	text_4: autoDraw = True
9.7513 	EXP 	window1: blendMode = 'avg'
9.7691 	EXP 	window1: blendMode = 'avg'
9.7849 	EXP 	window1: blendMode = 'avg'
9.8017 	EXP 	window1: blendMode = 'avg'
9.8182 	EXP 	window1: blendMode = 'avg'
9.8350 	EXP 	window1: blendMode = 'avg'
9.8529 	DATA 	Keypress: space
9.8541 	EXP 	window1: blendMode = 'avg'
9.8664 	EXP 	image_paw4: autoDraw = False
9.8664 	EXP 	text_4: autoDraw = False
9.8664 	EXP 	text_5: autoDraw = True
9.8673 	EXP 	window1: blendMode = 'avg'
9.8843 	EXP 	window1: blendMode = 'avg'
9.9016 	EXP 	window1: blendMode = 'avg'
9.9184 	EXP 	window1: blendMode = 'avg'
9.9351 	EXP 	window1: blendMode = 'avg'
9.9517 	EXP 	window1: blendMode = 'avg'
9.9675 	EXP 	window1: blendMode = 'avg'
9.9851 	EXP 	window1: blendMode = 'avg'
10.0017 	EXP 	window1: blendMode = 'avg'
10.0182 	EXP 	window1: blendMode = 'avg'
10.0350 	EXP 	window1: blendMode = 'avg'
10.0516 	EXP 	window1: blendMode = 'avg'
10.0674 	EXP 	window1: blendMode = 'avg'
10.0851 	EXP 	window1: blendMode = 'avg'
10.1016 	EXP 	window1: blendMode = 'avg'
10.1185 	EXP 	window1: blendMode = 'avg'
10.1350 	EXP 	window1: blendMode = 'avg'
10.1512 	EXP 	window1: blendMode = 'avg'
10.1685 	EXP 	window1: blendMode = 'avg'
10.1850 	EXP 	window1: blendMode = 'avg'
10.2020 	EXP 	window1: blendMode = 'avg'
10.2182 	EXP 	window1: blendMode = 'avg'
10.2347 	EXP 	window1: blendMode = 'avg'
10.2517 	EXP 	window1: blendMode = 'avg'
10.2683 	EXP 	window1: blendMode = 'avg'
10.2854 	EXP 	window1: blendMode = 'avg'
10.3016 	EXP 	window1: blendMode = 'avg'
10.3182 	EXP 	window1: blendMode = 'avg'
10.3349 	EXP 	window1: blendMode = 'avg'
10.3518 	EXP 	window1: blendMode = 'avg'
10.3677 	EXP 	window1: blendMode = 'avg'
10.3847 	EXP 	window1: blendMode = 'avg'
10.4017 	EXP 	window1: blendMode = 'avg'
10.4185 	EXP 	window1: blendMode = 'avg'
10.4353 	EXP 	window1: blendMode = 'avg'
10.4519 	EXP 	window1: blendMode = 'avg'
10.4685 	EXP 	window1: blendMode = 'avg'
10.4851 	EXP 	window1: blendMode = 'avg'
10.5022 	EXP 	window1: blendMode = 'avg'
10.5184 	EXP 	window1: blendMode = 'avg'
10.5351 	EXP 	window1: blendMode = 'avg'
10.5525 	EXP 	window1: blendMode = 'avg'
10.5685 	EXP 	window1: blendMode = 'avg'
10.5851 	EXP 	window1: blendMode = 'avg'
10.6020 	EXP 	window1: blendMode = 'avg'
10.6188 	EXP 	window1: blendMode = 'avg'
10.6354 	EXP 	window1: blendMode = 'avg'
10.6519 	EXP 	window1: blendMode = 'avg'
10.6678 	EXP 	window1: blendMode = 'avg'
10.6855 	EXP 	window1: blendMode = 'avg'
10.7017 	EXP 	window1: blendMode = 'avg'
10.7184 	EXP 	window1: blendMode = 'avg'
10.7351 	EXP 	window1: blendMode = 'avg'
10.7520 	EXP 	window1: blendMode = 'avg'
10.7689 	EXP 	window1: blendMode = 'avg'
10.7853 	EXP 	window1: blendMode = 'avg'
10.8018 	EXP 	window1: blendMode = 'avg'
10.8187 	EXP 	window1: blendMode = 'avg'
10.8351 	EXP 	window1: blendMode = 'avg'
10.8678 	EXP 	text_5: autoDraw = False
10.8691 	EXP 	window1: blendMode = 'avg'
10.8846 	EXP 	text_6: autoDraw = True
10.8855 	EXP 	window1: blendMode = 'avg'
10.9020 	EXP 	window1: blendMode = 'avg'
10.9188 	EXP 	window1: blendMode = 'avg'
10.9354 	EXP 	window1: blendMode = 'avg'
10.9507 	EXP 	window1: blendMode = 'avg'
10.9683 	EXP 	window1: blendMode = 'avg'
10.9857 	EXP 	window1: blendMode = 'avg'
11.0017 	EXP 	window1: blendMode = 'avg'
11.0183 	EXP 	window1: blendMode = 'avg'
11.0357 	EXP 	window1: blendMode = 'avg'
11.0523 	EXP 	window1: blendMode = 'avg'
11.0682 	EXP 	window1: blendMode = 'avg'
11.0855 	EXP 	window1: blendMode = 'avg'
11.1023 	EXP 	window1: blendMode = 'avg'
11.1189 	EXP 	window1: blendMode = 'avg'
11.1354 	EXP 	window1: blendMode = 'avg'
11.1521 	EXP 	window1: blendMode = 'avg'
11.1687 	EXP 	window1: blendMode = 'avg'
11.1856 	EXP 	window1: blendMode = 'avg'
11.2026 	EXP 	window1: blendMode = 'avg'
11.2186 	EXP 	window1: blendMode = 'avg'
11.2356 	EXP 	window1: blendMode = 'avg'
11.2522 	EXP 	window1: blendMode = 'avg'
11.2680 	EXP 	window1: blendMode = 'avg'
11.2857 	EXP 	window1: blendMode = 'avg'
11.3022 	EXP 	window1: blendMode = 'avg'
11.3188 	EXP 	window1: blendMode = 'avg'
11.3352 	EXP 	window1: blendMode = 'avg'
11.3525 	EXP 	window1: blendMode = 'avg'
11.3685 	EXP 	window1: blendMode = 'avg'
11.3856 	EXP 	window1: blendMode = 'avg'
11.4024 	EXP 	window1: blendMode = 'avg'
11.4187 	EXP 	window1: blendMode = 'avg'
11.4355 	EXP 	window1: blendMode = 'avg'
11.4526 	EXP 	window1: blendMode = 'avg'
11.4693 	EXP 	window1: blendMode = 'avg'
11.4858 	EXP 	window1: blendMode = 'avg'
11.5023 	EXP 	window1: blendMode = 'avg'
11.5190 	EXP 	window1: blendMode = 'avg'
11.5361 	EXP 	window1: blendMode = 'avg'
11.5523 	EXP 	window1: blendMode = 'avg'
11.5681 	EXP 	window1: blendMode = 'avg'
11.5857 	EXP 	window1: blendMode = 'avg'
11.6024 	EXP 	window1: blendMode = 'avg'
11.6192 	EXP 	window1: blendMode = 'avg'
11.6358 	EXP 	window1: blendMode = 'avg'
11.6527 	EXP 	window1: blendMode = 'avg'
11.6681 	EXP 	window1: blendMode = 'avg'
11.6858 	EXP 	window1: blendMode = 'avg'
11.7024 	EXP 	window1: blendMode = 'avg'
11.7191 	EXP 	window1: blendMode = 'avg'
11.7358 	EXP 	window1: blendMode = 'avg'
11.7523 	EXP 	window1: blendMode = 'avg'
11.7690 	EXP 	window1: blendMode = 'avg'
11.7858 	EXP 	window1: blendMode = 'avg'
11.8025 	EXP 	window1: blendMode = 'avg'
11.8190 	EXP 	window1: blendMode = 'avg'
11.8361 	EXP 	window1: blendMode = 'avg'
11.8595 	EXP 	Imported random.xlsx as conditions, 4 conditions, 4 params
11.8600 	EXP 	Created sequence: random, trialTypes=4, nReps=25, seed=None
11.8604 	EXP 	New trial (rep=0, index=0): {'randomPaw': u'min3.png', 'allowableKey': ['2', '1', '3', '4'], 'correctKey': ['3'], 'blank': u'allBlank.png'}
11.8608 	EXP 	New trial (rep=0, index=1): {'randomPaw': u'min1.png', 'allowableKey': ['2', '1', '3', '4'], 'correctKey': ['1'], 'blank': u'allBlank.png'}
11.8612 	EXP 	New trial (rep=0, index=2): {'randomPaw': u'min4.png', 'allowableKey': ['2', '1', '3', '4'], 'correctKey': ['4'], 'blank': u'allBlank.png'}
11.8615 	EXP 	New trial (rep=0, index=3): {'randomPaw': u'min2.png', 'allowableKey': ['2', '1', '3', '4'], 'correctKey': ['2'], 'blank': u'allBlank.png'}
11.8619 	EXP 	New trial (rep=1, index=0): {'randomPaw': u'min1.png', 'allowableKey': ['2', '1', '3', '4'], 'correctKey': ['1'], 'blank': u'allBlank.png'}
11.8622 	EXP 	New trial (rep=1, index=1): {'randomPaw': u'min4.png', 'allowableKey': ['2', '1', '3', '4'], 'correctKey': ['4'], 'blank': u'allBlank.png'}
11.8626 	EXP 	New trial (rep=1, index=2): {'randomPaw': u'min2.png', 'allowableKey': ['2', '1', '3', '4'], 'correctKey': ['2'], 'blank': u'allBlank.png'}
11.8629 	EXP 	New trial (rep=1, index=3): {'randomPaw': u'min3.png', 'allowableKey': ['2', '1', '3', '4'], 'correctKey': ['3'], 'blank': u'allBlank.png'}
11.8633 	EXP 	New trial (rep=2, index=0): {'randomPaw': u'min2.png', 'allowableKey': ['2', '1', '3', '4'], 'correctKey': ['2'], 'blank': u'allBlank.png'}
11.8637 	EXP 	New trial (rep=2, index=1): {'randomPaw': u'min1.png', 'allowableKey': ['2', '1', '3', '4'], 'correctKey': ['1'], 'blank': u'allBlank.png'}
11.8641 	EXP 	New trial (rep=2, index=2): {'randomPaw': u'min4.png', 'allowableKey': ['2', '1', '3', '4'], 'correctKey': ['4'], 'blank': u'allBlank.png'}
11.8645 	EXP 	New trial (rep=2, index=3): {'randomPaw': u'min3.png', 'allowableKey': ['2', '1', '3', '4'], 'correctKey': ['3'], 'blank': u'allBlank.png'}
11.8649 	EXP 	New trial (rep=3, index=0): {'randomPaw': u'min2.png', 'allowableKey': ['2', '1', '3', '4'], 'correctKey': ['2'], 'blank': u'allBlank.png'}
11.8652 	EXP 	New trial (rep=3, index=1): {'randomPaw': u'min4.png', 'allowableKey': ['2', '1', '3', '4'], 'correctKey': ['4'], 'blank': u'allBlank.png'}
11.8656 	EXP 	New trial (rep=3, index=2): {'randomPaw': u'min1.png', 'allowableKey': ['2', '1', '3', '4'], 'correctKey': ['1'], 'blank': u'allBlank.png'}
11.8659 	EXP 	New trial (rep=3, index=3): {'randomPaw': u'min3.png', 'allowableKey': ['2', '1', '3', '4'], 'correctKey': ['3'], 'blank': u'allBlank.png'}
11.8662 	EXP 	New trial (rep=4, index=0): {'randomPaw': u'min1.png', 'allowableKey': ['2', '1', '3', '4'], 'correctKey': ['1'], 'blank': u'allBlank.png'}
11.8665 	EXP 	New trial (rep=4, index=1): {'randomPaw': u'min3.png', 'allowableKey': ['2', '1', '3', '4'], 'correctKey': ['3'], 'blank': u'allBlank.png'}
11.8669 	EXP 	New trial (rep=4, index=2): {'randomPaw': u'min4.png', 'allowableKey': ['2', '1', '3', '4'], 'correctKey': ['4'], 'blank': u'allBlank.png'}
11.8672 	EXP 	New trial (rep=4, index=3): {'randomPaw': u'min2.png', 'allowableKey': ['2', '1', '3', '4'], 'correctKey': ['2'], 'blank': u'allBlank.png'}
11.8675 	EXP 	New trial (rep=5, index=0): {'randomPaw': u'min2.png', 'allowableKey': ['2', '1', '3', '4'], 'correctKey': ['2'], 'blank': u'allBlank.png'}
11.8678 	EXP 	New trial (rep=5, index=1): {'randomPaw': u'min4.png', 'allowableKey': ['2', '1', '3', '4'], 'correctKey': ['4'], 'blank': u'allBlank.png'}
11.8681 	EXP 	New trial (rep=5, index=2): {'randomPaw': u'min3.png', 'allowableKey': ['2', '1', '3', '4'], 'correctKey': ['3'], 'blank': u'allBlank.png'}
11.8684 	EXP 	New trial (rep=5, index=3): {'randomPaw': u'min1.png', 'allowableKey': ['2', '1', '3', '4'], 'correctKey': ['1'], 'blank': u'allBlank.png'}
11.8687 	EXP 	New trial (rep=6, index=0): {'randomPaw': u'min3.png', 'allowableKey': ['2', '1', '3', '4'], 'correctKey': ['3'], 'blank': u'allBlank.png'}
11.8690 	EXP 	New trial (rep=6, index=1): {'randomPaw': u'min2.png', 'allowableKey': ['2', '1', '3', '4'], 'correctKey': ['2'], 'blank': u'allBlank.png'}
11.8693 	EXP 	New trial (rep=6, index=2): {'randomPaw': u'min1.png', 'allowableKey': ['2', '1', '3', '4'], 'correctKey': ['1'], 'blank': u'allBlank.png'}
11.8696 	EXP 	New trial (rep=6, index=3): {'randomPaw': u'min4.png', 'allowableKey': ['2', '1', '3', '4'], 'correctKey': ['4'], 'blank': u'allBlank.png'}
11.8699 	EXP 	New trial (rep=7, index=0): {'randomPaw': u'min2.png', 'allowableKey': ['2', '1', '3', '4'], 'correctKey': ['2'], 'blank': u'allBlank.png'}
11.8702 	EXP 	New trial (rep=7, index=1): {'randomPaw': u'min4.png', 'allowableKey': ['2', '1', '3', '4'], 'correctKey': ['4'], 'blank': u'allBlank.png'}
11.8705 	EXP 	New trial (rep=7, index=2): {'randomPaw': u'min1.png', 'allowableKey': ['2', '1', '3', '4'], 'correctKey': ['1'], 'blank': u'allBlank.png'}
11.8708 	EXP 	New trial (rep=7, index=3): {'randomPaw': u'min3.png', 'allowableKey': ['2', '1', '3', '4'], 'correctKey': ['3'], 'blank': u'allBlank.png'}
11.8711 	EXP 	New trial (rep=8, index=0): {'randomPaw': u'min2.png', 'allowableKey': ['2', '1', '3', '4'], 'correctKey': ['2'], 'blank': u'allBlank.png'}
11.8714 	EXP 	New trial (rep=8, index=1): {'randomPaw': u'min1.png', 'allowableKey': ['2', '1', '3', '4'], 'correctKey': ['1'], 'blank': u'allBlank.png'}
11.8717 	EXP 	New trial (rep=8, index=2): {'randomPaw': u'min3.png', 'allowableKey': ['2', '1', '3', '4'], 'correctKey': ['3'], 'blank': u'allBlank.png'}
11.8720 	EXP 	New trial (rep=8, index=3): {'randomPaw': u'min4.png', 'allowableKey': ['2', '1', '3', '4'], 'correctKey': ['4'], 'blank': u'allBlank.png'}
11.8723 	EXP 	New trial (rep=9, index=0): {'randomPaw': u'min4.png', 'allowableKey': ['2', '1', '3', '4'], 'correctKey': ['4'], 'blank': u'allBlank.png'}
11.8726 	EXP 	New trial (rep=9, index=1): {'randomPaw': u'min3.png', 'allowableKey': ['2', '1', '3', '4'], 'correctKey': ['3'], 'blank': u'allBlank.png'}
11.8728 	EXP 	New trial (rep=9, index=2): {'randomPaw': u'min1.png', 'allowableKey': ['2', '1', '3', '4'], 'correctKey': ['1'], 'blank': u'allBlank.png'}
11.8731 	EXP 	New trial (rep=9, index=3): {'randomPaw': u'min2.png', 'allowableKey': ['2', '1', '3', '4'], 'correctKey': ['2'], 'blank': u'allBlank.png'}
11.8734 	EXP 	New trial (rep=10, index=0): {'randomPaw': u'min2.png', 'allowableKey': ['2', '1', '3', '4'], 'correctKey': ['2'], 'blank': u'allBlank.png'}
11.8737 	EXP 	New trial (rep=10, index=1): {'randomPaw': u'min4.png', 'allowableKey': ['2', '1', '3', '4'], 'correctKey': ['4'], 'blank': u'allBlank.png'}
11.8740 	EXP 	New trial (rep=10, index=2): {'randomPaw': u'min1.png', 'allowableKey': ['2', '1', '3', '4'], 'correctKey': ['1'], 'blank': u'allBlank.png'}
11.8743 	EXP 	New trial (rep=10, index=3): {'randomPaw': u'min3.png', 'allowableKey': ['2', '1', '3', '4'], 'correctKey': ['3'], 'blank': u'allBlank.png'}
11.8747 	EXP 	New trial (rep=11, index=0): {'randomPaw': u'min1.png', 'allowableKey': ['2', '1', '3', '4'], 'correctKey': ['1'], 'blank': u'allBlank.png'}
11.8750 	EXP 	New trial (rep=11, index=1): {'randomPaw': u'min2.png', 'allowableKey': ['2', '1', '3', '4'], 'correctKey': ['2'], 'blank': u'allBlank.png'}
11.8753 	EXP 	New trial (rep=11, index=2): {'randomPaw': u'min3.png', 'allowableKey': ['2', '1', '3', '4'], 'correctKey': ['3'], 'blank': u'allBlank.png'}
11.8756 	EXP 	New trial (rep=11, index=3): {'randomPaw': u'min4.png', 'allowableKey': ['2', '1', '3', '4'], 'correctKey': ['4'], 'blank': u'allBlank.png'}
11.8759 	EXP 	New trial (rep=12, index=0): {'randomPaw': u'min1.png', 'allowableKey': ['2', '1', '3', '4'], 'correctKey': ['1'], 'blank': u'allBlank.png'}
11.8762 	EXP 	New trial (rep=12, index=1): {'randomPaw': u'min3.png', 'allowableKey': ['2', '1', '3', '4'], 'correctKey': ['3'], 'blank': u'allBlank.png'}
11.8765 	EXP 	New trial (rep=12, index=2): {'randomPaw': u'min2.png', 'allowableKey': ['2', '1', '3', '4'], 'correctKey': ['2'], 'blank': u'allBlank.png'}
11.8768 	EXP 	New trial (rep=12, index=3): {'randomPaw': u'min4.png', 'allowableKey': ['2', '1', '3', '4'], 'correctKey': ['4'], 'blank': u'allBlank.png'}
11.8771 	EXP 	New trial (rep=13, index=0): {'randomPaw': u'min2.png', 'allowableKey': ['2', '1', '3', '4'], 'correctKey': ['2'], 'blank': u'allBlank.png'}
11.8774 	EXP 	New trial (rep=13, index=1): {'randomPaw': u'min4.png', 'allowableKey': ['2', '1', '3', '4'], 'correctKey': ['4'], 'blank': u'allBlank.png'}
11.8777 	EXP 	New trial (rep=13, index=2): {'randomPaw': u'min1.png', 'allowableKey': ['2', '1', '3', '4'], 'correctKey': ['1'], 'blank': u'allBlank.png'}
11.8780 	EXP 	New trial (rep=13, index=3): {'randomPaw': u'min3.png', 'allowableKey': ['2', '1', '3', '4'], 'correctKey': ['3'], 'blank': u'allBlank.png'}
11.8783 	EXP 	New trial (rep=14, index=0): {'randomPaw': u'min1.png', 'allowableKey': ['2', '1', '3', '4'], 'correctKey': ['1'], 'blank': u'allBlank.png'}
11.8786 	EXP 	New trial (rep=14, index=1): {'randomPaw': u'min4.png', 'allowableKey': ['2', '1', '3', '4'], 'correctKey': ['4'], 'blank': u'allBlank.png'}
11.8789 	EXP 	New trial (rep=14, index=2): {'randomPaw': u'min3.png', 'allowableKey': ['2', '1', '3', '4'], 'correctKey': ['3'], 'blank': u'allBlank.png'}
11.8792 	EXP 	New trial (rep=14, index=3): {'randomPaw': u'min2.png', 'allowableKey': ['2', '1', '3', '4'], 'correctKey': ['2'], 'blank': u'allBlank.png'}
11.8795 	EXP 	New trial (rep=15, index=0): {'randomPaw': u'min2.png', 'allowableKey': ['2', '1', '3', '4'], 'correctKey': ['2'], 'blank': u'allBlank.png'}
11.8798 	EXP 	New trial (rep=15, index=1): {'randomPaw': u'min4.png', 'allowableKey': ['2', '1', '3', '4'], 'correctKey': ['4'], 'blank': u'allBlank.png'}
11.8801 	EXP 	New trial (rep=15, index=2): {'randomPaw': u'min1.png', 'allowableKey': ['2', '1', '3', '4'], 'correctKey': ['1'], 'blank': u'allBlank.png'}
11.8804 	EXP 	New trial (rep=15, index=3): {'randomPaw': u'min3.png', 'allowableKey': ['2', '1', '3', '4'], 'correctKey': ['3'], 'blank': u'allBlank.png'}
11.8807 	EXP 	New trial (rep=16, index=0): {'randomPaw': u'min1.png', 'allowableKey': ['2', '1', '3', '4'], 'correctKey': ['1'], 'blank': u'allBlank.png'}
11.8810 	EXP 	New trial (rep=16, index=1): {'randomPaw': u'min4.png', 'allowableKey': ['2', '1', '3', '4'], 'correctKey': ['4'], 'blank': u'allBlank.png'}
11.8813 	EXP 	New trial (rep=16, index=2): {'randomPaw': u'min3.png', 'allowableKey': ['2', '1', '3', '4'], 'correctKey': ['3'], 'blank': u'allBlank.png'}
11.8816 	EXP 	New trial (rep=16, index=3): {'randomPaw': u'min2.png', 'allowableKey': ['2', '1', '3', '4'], 'correctKey': ['2'], 'blank': u'allBlank.png'}
11.8819 	EXP 	New trial (rep=17, index=0): {'randomPaw': u'min3.png', 'allowableKey': ['2', '1', '3', '4'], 'correctKey': ['3'], 'blank': u'allBlank.png'}
11.8822 	EXP 	New trial (rep=17, index=1): {'randomPaw': u'min1.png', 'allowableKey': ['2', '1', '3', '4'], 'correctKey': ['1'], 'blank': u'allBlank.png'}
11.8825 	EXP 	New trial (rep=17, index=2): {'randomPaw': u'min4.png', 'allowableKey': ['2', '1', '3', '4'], 'correctKey': ['4'], 'blank': u'allBlank.png'}
11.8828 	EXP 	New trial (rep=17, index=3): {'randomPaw': u'min2.png', 'allowableKey': ['2', '1', '3', '4'], 'correctKey': ['2'], 'blank': u'allBlank.png'}
11.8831 	EXP 	New trial (rep=18, index=0): {'randomPaw': u'min4.png', 'allowableKey': ['2', '1', '3', '4'], 'correctKey': ['4'], 'blank': u'allBlank.png'}
11.8834 	EXP 	New trial (rep=18, index=1): {'randomPaw': u'min2.png', 'allowableKey': ['2', '1', '3', '4'], 'correctKey': ['2'], 'blank': u'allBlank.png'}
11.8837 	EXP 	New trial (rep=18, index=2): {'randomPaw': u'min3.png', 'allowableKey': ['2', '1', '3', '4'], 'correctKey': ['3'], 'blank': u'allBlank.png'}
11.8840 	EXP 	New trial (rep=18, index=3): {'randomPaw': u'min1.png', 'allowableKey': ['2', '1', '3', '4'], 'correctKey': ['1'], 'blank': u'allBlank.png'}
11.8843 	EXP 	New trial (rep=19, index=0): {'randomPaw': u'min2.png', 'allowableKey': ['2', '1', '3', '4'], 'correctKey': ['2'], 'blank': u'allBlank.png'}
11.8846 	EXP 	New trial (rep=19, index=1): {'randomPaw': u'min4.png', 'allowableKey': ['2', '1', '3', '4'], 'correctKey': ['4'], 'blank': u'allBlank.png'}
11.8849 	EXP 	New trial (rep=19, index=2): {'randomPaw': u'min1.png', 'allowableKey': ['2', '1', '3', '4'], 'correctKey': ['1'], 'blank': u'allBlank.png'}
11.8853 	EXP 	New trial (rep=19, index=3): {'randomPaw': u'min3.png', 'allowableKey': ['2', '1', '3', '4'], 'correctKey': ['3'], 'blank': u'allBlank.png'}
11.8856 	EXP 	New trial (rep=20, index=0): {'randomPaw': u'min2.png', 'allowableKey': ['2', '1', '3', '4'], 'correctKey': ['2'], 'blank': u'allBlank.png'}
11.8859 	EXP 	New trial (rep=20, index=1): {'randomPaw': u'min4.png', 'allowableKey': ['2', '1', '3', '4'], 'correctKey': ['4'], 'blank': u'allBlank.png'}
11.8862 	EXP 	New trial (rep=20, index=2): {'randomPaw': u'min3.png', 'allowableKey': ['2', '1', '3', '4'], 'correctKey': ['3'], 'blank': u'allBlank.png'}
11.8865 	EXP 	New trial (rep=20, index=3): {'randomPaw': u'min1.png', 'allowableKey': ['2', '1', '3', '4'], 'correctKey': ['1'], 'blank': u'allBlank.png'}
11.8868 	EXP 	New trial (rep=21, index=0): {'randomPaw': u'min3.png', 'allowableKey': ['2', '1', '3', '4'], 'correctKey': ['3'], 'blank': u'allBlank.png'}
11.8871 	EXP 	New trial (rep=21, index=1): {'randomPaw': u'min4.png', 'allowableKey': ['2', '1', '3', '4'], 'correctKey': ['4'], 'blank': u'allBlank.png'}
11.8874 	EXP 	New trial (rep=21, index=2): {'randomPaw': u'min1.png', 'allowableKey': ['2', '1', '3', '4'], 'correctKey': ['1'], 'blank': u'allBlank.png'}
11.8877 	EXP 	New trial (rep=21, index=3): {'randomPaw': u'min2.png', 'allowableKey': ['2', '1', '3', '4'], 'correctKey': ['2'], 'blank': u'allBlank.png'}
11.8880 	EXP 	New trial (rep=22, index=0): {'randomPaw': u'min3.png', 'allowableKey': ['2', '1', '3', '4'], 'correctKey': ['3'], 'blank': u'allBlank.png'}
11.8883 	EXP 	New trial (rep=22, index=1): {'randomPaw': u'min2.png', 'allowableKey': ['2', '1', '3', '4'], 'correctKey': ['2'], 'blank': u'allBlank.png'}
11.8886 	EXP 	New trial (rep=22, index=2): {'randomPaw': u'min4.png', 'allowableKey': ['2', '1', '3', '4'], 'correctKey': ['4'], 'blank': u'allBlank.png'}
11.8889 	EXP 	New trial (rep=22, index=3): {'randomPaw': u'min1.png', 'allowableKey': ['2', '1', '3', '4'], 'correctKey': ['1'], 'blank': u'allBlank.png'}
11.8892 	EXP 	New trial (rep=23, index=0): {'randomPaw': u'min1.png', 'allowableKey': ['2', '1', '3', '4'], 'correctKey': ['1'], 'blank': u'allBlank.png'}
11.8895 	EXP 	New trial (rep=23, index=1): {'randomPaw': u'min2.png', 'allowableKey': ['2', '1', '3', '4'], 'correctKey': ['2'], 'blank': u'allBlank.png'}
11.8898 	EXP 	New trial (rep=23, index=2): {'randomPaw': u'min3.png', 'allowableKey': ['2', '1', '3', '4'], 'correctKey': ['3'], 'blank': u'allBlank.png'}
11.8901 	EXP 	New trial (rep=23, index=3): {'randomPaw': u'min4.png', 'allowableKey': ['2', '1', '3', '4'], 'correctKey': ['4'], 'blank': u'allBlank.png'}
11.8904 	EXP 	New trial (rep=24, index=0): {'randomPaw': u'min3.png', 'allowableKey': ['2', '1', '3', '4'], 'correctKey': ['3'], 'blank': u'allBlank.png'}
11.8907 	EXP 	New trial (rep=24, index=1): {'randomPaw': u'min1.png', 'allowableKey': ['2', '1', '3', '4'], 'correctKey': ['1'], 'blank': u'allBlank.png'}
11.8910 	EXP 	New trial (rep=24, index=2): {'randomPaw': u'min4.png', 'allowableKey': ['2', '1', '3', '4'], 'correctKey': ['4'], 'blank': u'allBlank.png'}
11.8913 	EXP 	New trial (rep=24, index=3): {'randomPaw': u'min2.png', 'allowableKey': ['2', '1', '3', '4'], 'correctKey': ['2'], 'blank': u'allBlank.png'}
11.8921 	EXP 	window1: blendMode = 'avg'
11.9011 	EXP 	text_6: autoDraw = False
11.9011 	EXP 	text_5: autoDraw = False
11.9011 	EXP 	text_6: autoDraw = False
11.9011 	EXP 	text_7: autoDraw = True
11.9020 	EXP 	window1: blendMode = 'avg'
11.9188 	EXP 	window1: blendMode = 'avg'
11.9357 	EXP 	window1: blendMode = 'avg'
11.9530 	EXP 	window1: blendMode = 'avg'
11.9695 	EXP 	window1: blendMode = 'avg'
11.9861 	EXP 	window1: blendMode = 'avg'
12.0031 	EXP 	window1: blendMode = 'avg'
12.0196 	EXP 	window1: blendMode = 'avg'
12.0361 	EXP 	window1: blendMode = 'avg'
12.0529 	EXP 	window1: blendMode = 'avg'
12.0690 	EXP 	window1: blendMode = 'avg'
12.0863 	EXP 	window1: blendMode = 'avg'
12.1029 	EXP 	window1: blendMode = 'avg'
12.1198 	EXP 	window1: blendMode = 'avg'
12.1363 	EXP 	window1: blendMode = 'avg'
12.1529 	EXP 	window1: blendMode = 'avg'
12.1697 	EXP 	window1: blendMode = 'avg'
12.1864 	EXP 	window1: blendMode = 'avg'
12.2029 	EXP 	window1: blendMode = 'avg'
12.2198 	EXP 	window1: blendMode = 'avg'
12.2363 	EXP 	window1: blendMode = 'avg'
12.2527 	EXP 	window1: blendMode = 'avg'
12.2689 	EXP 	window1: blendMode = 'avg'
12.2862 	EXP 	window1: blendMode = 'avg'
12.3031 	EXP 	window1: blendMode = 'avg'
12.3190 	EXP 	window1: blendMode = 'avg'
12.3364 	EXP 	window1: blendMode = 'avg'
12.3528 	EXP 	window1: blendMode = 'avg'
12.3699 	EXP 	window1: blendMode = 'avg'
12.3866 	EXP 	window1: blendMode = 'avg'
12.4024 	EXP 	window1: blendMode = 'avg'
12.4184 	EXP 	window1: blendMode = 'avg'
12.4358 	EXP 	window1: blendMode = 'avg'
12.4536 	EXP 	window1: blendMode = 'avg'
12.4692 	EXP 	window1: blendMode = 'avg'
12.4859 	EXP 	window1: blendMode = 'avg'
12.5023 	EXP 	window1: blendMode = 'avg'
12.5193 	EXP 	window1: blendMode = 'avg'
12.5364 	EXP 	window1: blendMode = 'avg'
12.5531 	EXP 	window1: blendMode = 'avg'
12.5698 	EXP 	window1: blendMode = 'avg'
12.5866 	EXP 	window1: blendMode = 'avg'
12.6034 	EXP 	window1: blendMode = 'avg'
12.6196 	EXP 	window1: blendMode = 'avg'
12.6365 	EXP 	window1: blendMode = 'avg'
12.6534 	EXP 	window1: blendMode = 'avg'
12.6698 	EXP 	window1: blendMode = 'avg'
12.6865 	EXP 	window1: blendMode = 'avg'
12.7032 	EXP 	window1: blendMode = 'avg'
12.7199 	EXP 	window1: blendMode = 'avg'
12.7365 	EXP 	window1: blendMode = 'avg'
12.7531 	EXP 	window1: blendMode = 'avg'
12.7696 	EXP 	window1: blendMode = 'avg'
12.7862 	EXP 	window1: blendMode = 'avg'
12.8034 	EXP 	window1: blendMode = 'avg'
12.8198 	EXP 	window1: blendMode = 'avg'
12.8368 	EXP 	window1: blendMode = 'avg'
12.8535 	EXP 	window1: blendMode = 'avg'
12.8698 	EXP 	window1: blendMode = 'avg'
12.8866 	EXP 	window1: blendMode = 'avg'
12.9033 	EXP 	window1: blendMode = 'avg'
12.9200 	EXP 	window1: blendMode = 'avg'
12.9366 	EXP 	window1: blendMode = 'avg'
12.9534 	EXP 	window1: blendMode = 'avg'
12.9699 	EXP 	window1: blendMode = 'avg'
12.9869 	EXP 	window1: blendMode = 'avg'
13.0032 	EXP 	window1: blendMode = 'avg'
13.0197 	EXP 	window1: blendMode = 'avg'
13.0361 	EXP 	window1: blendMode = 'avg'
13.0521 	EXP 	window1: blendMode = 'avg'
13.0703 	EXP 	window1: blendMode = 'avg'
13.0867 	EXP 	window1: blendMode = 'avg'
13.1024 	EXP 	window1: blendMode = 'avg'
13.1190 	EXP 	window1: blendMode = 'avg'
13.1367 	EXP 	window1: blendMode = 'avg'
13.1537 	EXP 	window1: blendMode = 'avg'
13.1699 	EXP 	window1: blendMode = 'avg'
13.1867 	EXP 	window1: blendMode = 'avg'
13.2032 	EXP 	window1: blendMode = 'avg'
13.2200 	EXP 	window1: blendMode = 'avg'
13.2366 	EXP 	window1: blendMode = 'avg'
13.2526 	EXP 	window1: blendMode = 'avg'
13.2703 	EXP 	window1: blendMode = 'avg'
13.2859 	EXP 	window1: blendMode = 'avg'
13.3034 	EXP 	window1: blendMode = 'avg'
13.3214 	DATA 	Keypress: space
13.3223 	EXP 	window1: blendMode = 'avg'
13.3358 	EXP 	text_7: autoDraw = False
13.3358 	EXP 	text_5: autoDraw = True
13.3368 	EXP 	window1: blendMode = 'avg'
13.3532 	EXP 	window1: blendMode = 'avg'
13.3699 	EXP 	window1: blendMode = 'avg'
13.3865 	EXP 	window1: blendMode = 'avg'
13.4024 	EXP 	window1: blendMode = 'avg'
13.4201 	EXP 	window1: blendMode = 'avg'
13.4370 	EXP 	window1: blendMode = 'avg'
13.4537 	EXP 	window1: blendMode = 'avg'
13.4702 	EXP 	window1: blendMode = 'avg'
13.4869 	EXP 	window1: blendMode = 'avg'
13.5026 	EXP 	window1: blendMode = 'avg'
13.5200 	EXP 	window1: blendMode = 'avg'
13.5365 	EXP 	window1: blendMode = 'avg'
13.5535 	EXP 	window1: blendMode = 'avg'
13.5704 	EXP 	window1: blendMode = 'avg'
13.5867 	EXP 	window1: blendMode = 'avg'
13.6035 	EXP 	window1: blendMode = 'avg'
13.6204 	EXP 	window1: blendMode = 'avg'
13.6369 	EXP 	window1: blendMode = 'avg'
13.6537 	EXP 	window1: blendMode = 'avg'
13.6701 	EXP 	window1: blendMode = 'avg'
13.6870 	EXP 	window1: blendMode = 'avg'
13.7033 	EXP 	window1: blendMode = 'avg'
13.7201 	EXP 	window1: blendMode = 'avg'
13.7361 	EXP 	window1: blendMode = 'avg'
13.7526 	EXP 	window1: blendMode = 'avg'
13.7692 	EXP 	window1: blendMode = 'avg'
13.7869 	EXP 	window1: blendMode = 'avg'
13.8037 	EXP 	window1: blendMode = 'avg'
13.8203 	EXP 	window1: blendMode = 'avg'
13.8369 	EXP 	window1: blendMode = 'avg'
13.8538 	EXP 	window1: blendMode = 'avg'
13.8702 	EXP 	window1: blendMode = 'avg'
13.8870 	EXP 	window1: blendMode = 'avg'
13.9037 	EXP 	window1: blendMode = 'avg'
13.9201 	EXP 	window1: blendMode = 'avg'
13.9373 	EXP 	window1: blendMode = 'avg'
13.9538 	EXP 	window1: blendMode = 'avg'
13.9698 	EXP 	window1: blendMode = 'avg'
13.9869 	EXP 	window1: blendMode = 'avg'
14.0034 	EXP 	window1: blendMode = 'avg'
14.0203 	EXP 	window1: blendMode = 'avg'
14.0370 	EXP 	window1: blendMode = 'avg'
14.0537 	EXP 	window1: blendMode = 'avg'
14.0706 	EXP 	window1: blendMode = 'avg'
14.0872 	EXP 	window1: blendMode = 'avg'
14.1038 	EXP 	window1: blendMode = 'avg'
14.1207 	EXP 	window1: blendMode = 'avg'
14.1371 	EXP 	window1: blendMode = 'avg'
14.1539 	EXP 	window1: blendMode = 'avg'
14.1700 	EXP 	window1: blendMode = 'avg'
14.1869 	EXP 	window1: blendMode = 'avg'
14.2039 	EXP 	window1: blendMode = 'avg'
14.2204 	EXP 	window1: blendMode = 'avg'
14.2367 	EXP 	window1: blendMode = 'avg'
14.2539 	EXP 	window1: blendMode = 'avg'
14.2705 	EXP 	window1: blendMode = 'avg'
14.2871 	EXP 	window1: blendMode = 'avg'
14.3040 	EXP 	window1: blendMode = 'avg'
14.3361 	EXP 	text_5: autoDraw = False
14.3371 	EXP 	window1: blendMode = 'avg'
14.3530 	EXP 	text_6: autoDraw = True
14.3540 	EXP 	window1: blendMode = 'avg'
14.3706 	EXP 	window1: blendMode = 'avg'
14.3875 	EXP 	window1: blendMode = 'avg'
14.4038 	EXP 	window1: blendMode = 'avg'
14.4203 	EXP 	window1: blendMode = 'avg'
14.4371 	EXP 	window1: blendMode = 'avg'
14.4540 	EXP 	window1: blendMode = 'avg'
14.4710 	EXP 	window1: blendMode = 'avg'
14.4872 	EXP 	window1: blendMode = 'avg'
14.5032 	EXP 	window1: blendMode = 'avg'
14.5206 	EXP 	window1: blendMode = 'avg'
14.5375 	EXP 	window1: blendMode = 'avg'
14.5538 	EXP 	window1: blendMode = 'avg'
14.5707 	EXP 	window1: blendMode = 'avg'
14.5875 	EXP 	window1: blendMode = 'avg'
14.6039 	EXP 	window1: blendMode = 'avg'
14.6208 	EXP 	window1: blendMode = 'avg'
14.6379 	EXP 	window1: blendMode = 'avg'
14.6533 	EXP 	window1: blendMode = 'avg'
14.6706 	EXP 	window1: blendMode = 'avg'
14.6876 	EXP 	window1: blendMode = 'avg'
14.7040 	EXP 	window1: blendMode = 'avg'
14.7210 	EXP 	window1: blendMode = 'avg'
14.7375 	EXP 	window1: blendMode = 'avg'
14.7541 	EXP 	window1: blendMode = 'avg'
14.7711 	EXP 	window1: blendMode = 'avg'
14.7875 	EXP 	window1: blendMode = 'avg'
14.8040 	EXP 	window1: blendMode = 'avg'
14.8210 	EXP 	window1: blendMode = 'avg'
14.8373 	EXP 	window1: blendMode = 'avg'
14.8543 	EXP 	window1: blendMode = 'avg'
14.8707 	EXP 	window1: blendMode = 'avg'
14.8872 	EXP 	window1: blendMode = 'avg'
14.9041 	EXP 	window1: blendMode = 'avg'
14.9210 	EXP 	window1: blendMode = 'avg'
14.9374 	EXP 	window1: blendMode = 'avg'
14.9541 	EXP 	window1: blendMode = 'avg'
14.9710 	EXP 	window1: blendMode = 'avg'
14.9874 	EXP 	window1: blendMode = 'avg'
15.0044 	EXP 	window1: blendMode = 'avg'
15.0202 	EXP 	window1: blendMode = 'avg'
15.0375 	EXP 	window1: blendMode = 'avg'
15.0543 	EXP 	window1: blendMode = 'avg'
15.0709 	EXP 	window1: blendMode = 'avg'
15.0879 	EXP 	window1: blendMode = 'avg'
15.1041 	EXP 	window1: blendMode = 'avg'
15.1210 	EXP 	window1: blendMode = 'avg'
15.1375 	EXP 	window1: blendMode = 'avg'
15.1538 	EXP 	window1: blendMode = 'avg'
15.1710 	EXP 	window1: blendMode = 'avg'
15.1879 	EXP 	window1: blendMode = 'avg'
15.2043 	EXP 	window1: blendMode = 'avg'
15.2203 	EXP 	window1: blendMode = 'avg'
15.2377 	EXP 	window1: blendMode = 'avg'
15.2545 	EXP 	window1: blendMode = 'avg'
15.2714 	EXP 	window1: blendMode = 'avg'
15.2879 	EXP 	window1: blendMode = 'avg'
15.3044 	EXP 	window1: blendMode = 'avg'
15.3255 	EXP 	Imported pawStimuli.xlsx as conditions, 1 conditions, 5 params
15.3257 	EXP 	Created sequence: sequential, trialTypes=1, nReps=10, seed=None
15.3261 	EXP 	New trial (rep=0, index=0): {'pawPatrol1': u'min1.png', 'pawPatrol2': u'min2.png', 'pawPatrol3': u'min3.png', 'pawPatrol4': u'min4.png', 'blank': u'allBlank.png'}
15.3691 	EXP 	text_6: autoDraw = False
15.3691 	EXP 	text_5: autoDraw = False
15.3691 	EXP 	text_6: autoDraw = False
15.3691 	EXP 	pos1: image = u'min1.png'
15.3691 	EXP 	pos1: autoDraw = True
16.0394 	DATA 	Keypress: 1
16.0859 	EXP 	pos1: autoDraw = False
16.0859 	EXP 	blankImage: image = u'allBlank.png'
16.0859 	EXP 	blankImage: autoDraw = True
16.5862 	EXP 	blankImage: autoDraw = False
16.5862 	EXP 	blankImage: autoDraw = False
16.5862 	EXP 	image_4: image = u'min3.png'
16.5862 	EXP 	image_4: autoDraw = True
16.9902 	DATA 	Keypress: 4
17.2736 	DATA 	Keypress: 3
17.3209 	EXP 	image_4: autoDraw = False
17.3209 	EXP 	blankImage: image = u'allBlank.png'
17.3209 	EXP 	blankImage: autoDraw = True
17.8197 	EXP 	blankImage: autoDraw = False
17.8197 	EXP 	blankImage: autoDraw = False
17.8197 	EXP 	image_3: image = u'min2.png'
17.8197 	EXP 	image_3: autoDraw = True
17.9563 	DATA 	Keypress: 4
18.2907 	DATA 	Keypress: 2
18.3360 	EXP 	image_3: autoDraw = False
18.3360 	EXP 	blankImage: image = u'allBlank.png'
18.3360 	EXP 	blankImage: autoDraw = True
18.8246 	DATA 	Keypress: escape
