5.5894 	ERROR 	Requested audio device 'auto' that is not available on this hardware. The 'audioDevice' preference should be one of ['Built-in Output']
12.4364 	EXP 	Created window1 = Window(allowGUI=False, allowStencil=False, autoLog=True, bitsMode=UNKNOWN, blendMode='avg', color=array([ 0.,  0.,  0.]), colorSpace='rgb', fullscr=UNKNOWN, gamma=None, lms=UNKNOWN, monitor=<psychopy.monitors.calibTools.Monitor object at 0x1136a0dd0>, multiSample=False, name='window1', numSamples=2, pos=[0, 0], screen=0, size=array([1440,  900]), stereo=False, units=u'norm', useFBO=True, useRetina=False, viewOri=0.0, viewPos=None, viewScale=None, waitBlanking=True, winType='pyglet')
12.4364 	EXP 	window1: recordFrameIntervals = False
12.6018 	EXP 	window1: recordFrameIntervals = True
12.7854 	EXP 	window1: recordFrameIntervals = False
12.9578 	EXP 	Created instructionsGeneral = TextStim(alignHoriz='center', alignVert='center', antialias=True, autoLog=True, bold=False, color=array([ 1.,  1.,  1.]), colorSpace='rgb', contrast=1.0, depth=0.0, flipHoriz=False, flipVert=False, font='Arial', fontFiles=[], height=0.1, italic=False, name='instructionsGeneral', opacity=1.0, ori=0, pos=array([ 0.,  0.]), rgb=array([ 1.,  1.,  1.]), text=unicode(...), units=u'norm', win=Window(...), wrapWidth=1)
12.9596 	EXP 	Created image_paw1 = ImageStim(autoLog=True, color=array([ 1.,  1.,  1.]), colorSpace='rgb', contrast=1.0, depth=0.0, flipHoriz=False, flipVert=False, image='sin', interpolate=True, mask=None, maskParams=None, name='image_paw1', opacity=1.0, ori=0.0, pos=array([ 0.,  0.]), size=array([ 2. ,  2.5]), texRes=128, units=u'norm', win=Window(...))
12.9664 	EXP 	Created text = TextStim(alignHoriz='center', alignVert='center', antialias=True, autoLog=True, bold=False, color=array([ 1.,  1.,  1.]), colorSpace='rgb', contrast=1.0, depth=-1.0, flipHoriz=False, flipVert=False, font='Arial', fontFiles=[], height=0.1, italic=False, name='text', opacity=1.0, ori=0, pos=array([ 0. ,  0.8]), rgb=array([ 1.,  1.,  1.]), text=u'Press 1 when Chase is here ', units=u'norm', win=Window(...), wrapWidth=1)
12.9681 	EXP 	Created image_paw2 = ImageStim(autoLog=True, color=array([ 1.,  1.,  1.]), colorSpace='rgb', contrast=1.0, depth=0.0, flipHoriz=False, flipVert=False, image='sin', interpolate=True, mask=None, maskParams=None, name='image_paw2', opacity=1.0, ori=0.0, pos=array([ 0.,  0.]), size=array([ 2.,  2.]), texRes=128, units=u'norm', win=Window(...))
12.9739 	EXP 	Created text_2 = TextStim(alignHoriz='center', alignVert='center', antialias=True, autoLog=True, bold=False, color=array([ 1.,  1.,  1.]), colorSpace='rgb', contrast=1.0, depth=-1.0, flipHoriz=False, flipVert=False, font='Arial', fontFiles=[], height=0.1, italic=False, name='text_2', opacity=1.0, ori=0, pos=array([ 0. ,  0.8]), rgb=array([ 1.,  1.,  1.]), text=u'Press 2 when Rubble is here ', units=u'norm', win=Window(...), wrapWidth=1)
12.9754 	EXP 	Created image_paw3 = ImageStim(autoLog=True, color=array([ 1.,  1.,  1.]), colorSpace='rgb', contrast=1.0, depth=0.0, flipHoriz=False, flipVert=False, image='sin', interpolate=True, mask=None, maskParams=None, name='image_paw3', opacity=1.0, ori=0.0, pos=array([ 0.,  0.]), size=array([ 2.,  2.]), texRes=128, units=u'norm', win=Window(...))
12.9834 	EXP 	Created text_3 = TextStim(alignHoriz='center', alignVert='center', antialias=True, autoLog=True, bold=False, color=array([ 1.,  1.,  1.]), colorSpace='rgb', contrast=1.0, depth=-1.0, flipHoriz=False, flipVert=False, font='Arial', fontFiles=[], height=0.1, italic=False, name='text_3', opacity=1.0, ori=0, pos=array([ 0. ,  0.8]), rgb=array([ 1.,  1.,  1.]), text=u'Press 3 when Marshall is here ', units=u'norm', win=Window(...), wrapWidth=1)
12.9855 	EXP 	Created image_paw4 = ImageStim(autoLog=True, color=array([ 1.,  1.,  1.]), colorSpace='rgb', contrast=1.0, depth=0.0, flipHoriz=False, flipVert=False, image='sin', interpolate=True, mask=None, maskParams=None, name='image_paw4', opacity=1.0, ori=0.0, pos=array([ 0.,  0.]), size=array([ 2.,  2.]), texRes=128, units=u'norm', win=Window(...))
12.9909 	EXP 	Created text_4 = TextStim(alignHoriz='center', alignVert='center', antialias=True, autoLog=True, bold=False, color=array([ 1.,  1.,  1.]), colorSpace='rgb', contrast=1.0, depth=-1.0, flipHoriz=False, flipVert=False, font='Arial', fontFiles=[], height=0.1, italic=False, name='text_4', opacity=1.0, ori=0, pos=array([ 0. ,  0.8]), rgb=array([ 1.,  1.,  1.]), text=u'Press 4 when Rocky is here ', units=u'norm', win=Window(...), wrapWidth=1)
12.9956 	EXP 	Created text_5 = TextStim(alignHoriz='center', alignVert='center', antialias=True, autoLog=True, bold=False, color='white', colorSpace='named', contrast=1.0, depth=0.0, flipHoriz=False, flipVert=False, font='Arial', fontFiles=[], height=0.1, italic=False, name='text_5', opacity=1.0, ori=0, pos=array([ 0.,  0.]), rgb=array([ 255.,  255.,  255.]), text=u'Get Ready...', units=u'norm', win=Window(...), wrapWidth=1)
12.9983 	EXP 	Created text_6 = TextStim(alignHoriz='center', alignVert='center', antialias=True, autoLog=True, bold=False, color='white', colorSpace='named', contrast=1.0, depth=-1.0, flipHoriz=False, flipVert=False, font='Arial', fontFiles=[], height=0.1, italic=False, name='text_6', opacity=1.0, ori=0, pos=array([ 0.,  0.]), rgb=array([ 255.,  255.,  255.]), text=u'GO!', units=u'norm', win=Window(...), wrapWidth=1)
12.9999 	EXP 	Created image = ImageStim(autoLog=True, color=array([ 1.,  1.,  1.]), colorSpace='rgb', contrast=1.0, depth=0.0, flipHoriz=False, flipVert=False, image='sin', interpolate=True, mask=None, maskParams=None, name='image', opacity=1.0, ori=0.0, pos=array([ 0.,  0.]), size=array([ 2.,  2.]), texRes=128, units=u'norm', win=Window(...))
13.0016 	EXP 	Created blankImage = ImageStim(autoLog=True, color=array([ 1.,  1.,  1.]), colorSpace='rgb', contrast=1.0, depth=0.0, flipHoriz=False, flipVert=False, image='sin', interpolate=True, mask=None, maskParams=None, name='blankImage', opacity=1.0, ori=0.0, pos=array([ 0.,  0.]), size=array([ 2.,  2.]), texRes=128, units=u'norm', win=Window(...))
13.0073 	EXP 	Created text_7 = TextStim(alignHoriz='center', alignVert='center', antialias=True, autoLog=True, bold=False, color='white', colorSpace='named', contrast=1.0, depth=0.0, flipHoriz=False, flipVert=False, font='Arial', fontFiles=[], height=0.1, italic=False, name='text_7', opacity=1.0, ori=0, pos=array([ 0.,  0.]), rgb=array([ 255.,  255.,  255.]), text=u'Take a short break ', units=u'norm', win=Window(...), wrapWidth=1)
13.0110 	EXP 	Created text_5 = TextStim(alignHoriz='center', alignVert='center', antialias=True, autoLog=True, bold=False, color='white', colorSpace='named', contrast=1.0, depth=0.0, flipHoriz=False, flipVert=False, font='Arial', fontFiles=[], height=0.1, italic=False, name='text_5', opacity=1.0, ori=0, pos=array([ 0.,  0.]), rgb=array([ 255.,  255.,  255.]), text=u'Get Ready...', units=u'norm', win=Window(...), wrapWidth=1)
13.0134 	EXP 	Created text_6 = TextStim(alignHoriz='center', alignVert='center', antialias=True, autoLog=True, bold=False, color='white', colorSpace='named', contrast=1.0, depth=-1.0, flipHoriz=False, flipVert=False, font='Arial', fontFiles=[], height=0.1, italic=False, name='text_6', opacity=1.0, ori=0, pos=array([ 0.,  0.]), rgb=array([ 255.,  255.,  255.]), text=u'GO!', units=u'norm', win=Window(...), wrapWidth=1)
13.0152 	EXP 	Created pos1 = ImageStim(autoLog=True, color=array([ 1.,  1.,  1.]), colorSpace='rgb', contrast=1.0, depth=0.0, flipHoriz=False, flipVert=False, image='sin', interpolate=True, mask=None, maskParams=None, name='pos1', opacity=1.0, ori=0.0, pos=array([ 0.,  0.]), size=array([ 2.,  2.]), texRes=128, units=u'norm', win=Window(...))
13.0168 	EXP 	Created blankImage = ImageStim(autoLog=True, color=array([ 1.,  1.,  1.]), colorSpace='rgb', contrast=1.0, depth=0.0, flipHoriz=False, flipVert=False, image='sin', interpolate=True, mask=None, maskParams=None, name='blankImage', opacity=1.0, ori=0.0, pos=array([ 0.,  0.]), size=array([ 2.,  2.]), texRes=128, units=u'norm', win=Window(...))
13.0185 	EXP 	Created image_4 = ImageStim(autoLog=True, color=array([ 1.,  1.,  1.]), colorSpace='rgb', contrast=1.0, depth=0.0, flipHoriz=False, flipVert=False, image='sin', interpolate=True, mask=None, maskParams=None, name='image_4', opacity=1.0, ori=0.0, pos=array([ 0.,  0.]), size=array([ 2.,  2.]), texRes=128, units=u'norm', win=Window(...))
13.0200 	EXP 	Created blankImage = ImageStim(autoLog=True, color=array([ 1.,  1.,  1.]), colorSpace='rgb', contrast=1.0, depth=0.0, flipHoriz=False, flipVert=False, image='sin', interpolate=True, mask=None, maskParams=None, name='blankImage', opacity=1.0, ori=0.0, pos=array([ 0.,  0.]), size=array([ 2.,  2.]), texRes=128, units=u'norm', win=Window(...))
13.0218 	EXP 	Created image_3 = ImageStim(autoLog=True, color=array([ 1.,  1.,  1.]), colorSpace='rgb', contrast=1.0, depth=0.0, flipHoriz=False, flipVert=False, image='sin', interpolate=True, mask=None, maskParams=None, name='image_3', opacity=1.0, ori=0.0, pos=array([ 0.,  0.]), size=array([ 2.,  2.]), texRes=128, units=u'norm', win=Window(...))
13.0232 	EXP 	Created blankImage = ImageStim(autoLog=True, color=array([ 1.,  1.,  1.]), colorSpace='rgb', contrast=1.0, depth=0.0, flipHoriz=False, flipVert=False, image='sin', interpolate=True, mask=None, maskParams=None, name='blankImage', opacity=1.0, ori=0.0, pos=array([ 0.,  0.]), size=array([ 2.,  2.]), texRes=128, units=u'norm', win=Window(...))
13.0246 	EXP 	Created image_5 = ImageStim(autoLog=True, color=array([ 1.,  1.,  1.]), colorSpace='rgb', contrast=1.0, depth=0.0, flipHoriz=False, flipVert=False, image='sin', interpolate=True, mask=None, maskParams=None, name='image_5', opacity=1.0, ori=0.0, pos=array([ 0.,  0.]), size=array([ 2.,  2.]), texRes=128, units=u'norm', win=Window(...))
13.0259 	EXP 	Created blankImage = ImageStim(autoLog=True, color=array([ 1.,  1.,  1.]), colorSpace='rgb', contrast=1.0, depth=0.0, flipHoriz=False, flipVert=False, image='sin', interpolate=True, mask=None, maskParams=None, name='blankImage', opacity=1.0, ori=0.0, pos=array([ 0.,  0.]), size=array([ 2.,  2.]), texRes=128, units=u'norm', win=Window(...))
13.0299 	EXP 	Created image_5 = ImageStim(autoLog=True, color=array([ 1.,  1.,  1.]), colorSpace='rgb', contrast=1.0, depth=0.0, flipHoriz=False, flipVert=False, image='sin', interpolate=True, mask=None, maskParams=None, name='image_5', opacity=1.0, ori=0.0, pos=array([ 0.,  0.]), size=array([ 2.,  2.]), texRes=128, units=u'norm', win=Window(...))
13.0320 	EXP 	Created blankImage = ImageStim(autoLog=True, color=array([ 1.,  1.,  1.]), colorSpace='rgb', contrast=1.0, depth=0.0, flipHoriz=False, flipVert=False, image='sin', interpolate=True, mask=None, maskParams=None, name='blankImage', opacity=1.0, ori=0.0, pos=array([ 0.,  0.]), size=array([ 2.,  2.]), texRes=128, units=u'norm', win=Window(...))
13.0335 	EXP 	Created image_3 = ImageStim(autoLog=True, color=array([ 1.,  1.,  1.]), colorSpace='rgb', contrast=1.0, depth=0.0, flipHoriz=False, flipVert=False, image='sin', interpolate=True, mask=None, maskParams=None, name='image_3', opacity=1.0, ori=0.0, pos=array([ 0.,  0.]), size=array([ 2.,  2.]), texRes=128, units=u'norm', win=Window(...))
13.0349 	EXP 	Created blankImage = ImageStim(autoLog=True, color=array([ 1.,  1.,  1.]), colorSpace='rgb', contrast=1.0, depth=0.0, flipHoriz=False, flipVert=False, image='sin', interpolate=True, mask=None, maskParams=None, name='blankImage', opacity=1.0, ori=0.0, pos=array([ 0.,  0.]), size=array([ 2.,  2.]), texRes=128, units=u'norm', win=Window(...))
13.0364 	EXP 	Created image_4 = ImageStim(autoLog=True, color=array([ 1.,  1.,  1.]), colorSpace='rgb', contrast=1.0, depth=0.0, flipHoriz=False, flipVert=False, image='sin', interpolate=True, mask=None, maskParams=None, name='image_4', opacity=1.0, ori=0.0, pos=array([ 0.,  0.]), size=array([ 2.,  2.]), texRes=128, units=u'norm', win=Window(...))
13.0378 	EXP 	Created blankImage = ImageStim(autoLog=True, color=array([ 1.,  1.,  1.]), colorSpace='rgb', contrast=1.0, depth=0.0, flipHoriz=False, flipVert=False, image='sin', interpolate=True, mask=None, maskParams=None, name='blankImage', opacity=1.0, ori=0.0, pos=array([ 0.,  0.]), size=array([ 2.,  2.]), texRes=128, units=u'norm', win=Window(...))
13.0392 	EXP 	Created image_5 = ImageStim(autoLog=True, color=array([ 1.,  1.,  1.]), colorSpace='rgb', contrast=1.0, depth=0.0, flipHoriz=False, flipVert=False, image='sin', interpolate=True, mask=None, maskParams=None, name='image_5', opacity=1.0, ori=0.0, pos=array([ 0.,  0.]), size=array([ 2.,  2.]), texRes=128, units=u'norm', win=Window(...))
13.0406 	EXP 	Created blankImage = ImageStim(autoLog=True, color=array([ 1.,  1.,  1.]), colorSpace='rgb', contrast=1.0, depth=0.0, flipHoriz=False, flipVert=False, image='sin', interpolate=True, mask=None, maskParams=None, name='blankImage', opacity=1.0, ori=0.0, pos=array([ 0.,  0.]), size=array([ 2.,  2.]), texRes=128, units=u'norm', win=Window(...))
13.0421 	EXP 	Created image_3 = ImageStim(autoLog=True, color=array([ 1.,  1.,  1.]), colorSpace='rgb', contrast=1.0, depth=0.0, flipHoriz=False, flipVert=False, image='sin', interpolate=True, mask=None, maskParams=None, name='image_3', opacity=1.0, ori=0.0, pos=array([ 0.,  0.]), size=array([ 2.,  2.]), texRes=128, units=u'norm', win=Window(...))
13.0435 	EXP 	Created blankImage = ImageStim(autoLog=True, color=array([ 1.,  1.,  1.]), colorSpace='rgb', contrast=1.0, depth=0.0, flipHoriz=False, flipVert=False, image='sin', interpolate=True, mask=None, maskParams=None, name='blankImage', opacity=1.0, ori=0.0, pos=array([ 0.,  0.]), size=array([ 2.,  2.]), texRes=128, units=u'norm', win=Window(...))
13.0450 	EXP 	Created image_5 = ImageStim(autoLog=True, color=array([ 1.,  1.,  1.]), colorSpace='rgb', contrast=1.0, depth=0.0, flipHoriz=False, flipVert=False, image='sin', interpolate=True, mask=None, maskParams=None, name='image_5', opacity=1.0, ori=0.0, pos=array([ 0.,  0.]), size=array([ 2.,  2.]), texRes=128, units=u'norm', win=Window(...))
13.0464 	EXP 	Created blankImage = ImageStim(autoLog=True, color=array([ 1.,  1.,  1.]), colorSpace='rgb', contrast=1.0, depth=0.0, flipHoriz=False, flipVert=False, image='sin', interpolate=True, mask=None, maskParams=None, name='blankImage', opacity=1.0, ori=0.0, pos=array([ 0.,  0.]), size=array([ 2.,  2.]), texRes=128, units=u'norm', win=Window(...))
13.0502 	EXP 	Created text_7 = TextStim(alignHoriz='center', alignVert='center', antialias=True, autoLog=True, bold=False, color='white', colorSpace='named', contrast=1.0, depth=0.0, flipHoriz=False, flipVert=False, font='Arial', fontFiles=[], height=0.1, italic=False, name='text_7', opacity=1.0, ori=0, pos=array([ 0.,  0.]), rgb=array([ 255.,  255.,  255.]), text=u'Take a short break ', units=u'norm', win=Window(...), wrapWidth=1)
13.0535 	EXP 	Created text_5 = TextStim(alignHoriz='center', alignVert='center', antialias=True, autoLog=True, bold=False, color='white', colorSpace='named', contrast=1.0, depth=0.0, flipHoriz=False, flipVert=False, font='Arial', fontFiles=[], height=0.1, italic=False, name='text_5', opacity=1.0, ori=0, pos=array([ 0.,  0.]), rgb=array([ 255.,  255.,  255.]), text=u'Get Ready...', units=u'norm', win=Window(...), wrapWidth=1)
13.0556 	EXP 	Created text_6 = TextStim(alignHoriz='center', alignVert='center', antialias=True, autoLog=True, bold=False, color='white', colorSpace='named', contrast=1.0, depth=-1.0, flipHoriz=False, flipVert=False, font='Arial', fontFiles=[], height=0.1, italic=False, name='text_6', opacity=1.0, ori=0, pos=array([ 0.,  0.]), rgb=array([ 255.,  255.,  255.]), text=u'GO!', units=u'norm', win=Window(...), wrapWidth=1)
13.0571 	EXP 	Created pos1 = ImageStim(autoLog=True, color=array([ 1.,  1.,  1.]), colorSpace='rgb', contrast=1.0, depth=0.0, flipHoriz=False, flipVert=False, image='sin', interpolate=True, mask=None, maskParams=None, name='pos1', opacity=1.0, ori=0.0, pos=array([ 0.,  0.]), size=array([ 2.,  2.]), texRes=128, units=u'norm', win=Window(...))
13.0585 	EXP 	Created blankImage = ImageStim(autoLog=True, color=array([ 1.,  1.,  1.]), colorSpace='rgb', contrast=1.0, depth=0.0, flipHoriz=False, flipVert=False, image='sin', interpolate=True, mask=None, maskParams=None, name='blankImage', opacity=1.0, ori=0.0, pos=array([ 0.,  0.]), size=array([ 2.,  2.]), texRes=128, units=u'norm', win=Window(...))
13.0599 	EXP 	Created image_4 = ImageStim(autoLog=True, color=array([ 1.,  1.,  1.]), colorSpace='rgb', contrast=1.0, depth=0.0, flipHoriz=False, flipVert=False, image='sin', interpolate=True, mask=None, maskParams=None, name='image_4', opacity=1.0, ori=0.0, pos=array([ 0.,  0.]), size=array([ 2.,  2.]), texRes=128, units=u'norm', win=Window(...))
13.0613 	EXP 	Created blankImage = ImageStim(autoLog=True, color=array([ 1.,  1.,  1.]), colorSpace='rgb', contrast=1.0, depth=0.0, flipHoriz=False, flipVert=False, image='sin', interpolate=True, mask=None, maskParams=None, name='blankImage', opacity=1.0, ori=0.0, pos=array([ 0.,  0.]), size=array([ 2.,  2.]), texRes=128, units=u'norm', win=Window(...))
13.0628 	EXP 	Created image_3 = ImageStim(autoLog=True, color=array([ 1.,  1.,  1.]), colorSpace='rgb', contrast=1.0, depth=0.0, flipHoriz=False, flipVert=False, image='sin', interpolate=True, mask=None, maskParams=None, name='image_3', opacity=1.0, ori=0.0, pos=array([ 0.,  0.]), size=array([ 2.,  2.]), texRes=128, units=u'norm', win=Window(...))
13.0642 	EXP 	Created blankImage = ImageStim(autoLog=True, color=array([ 1.,  1.,  1.]), colorSpace='rgb', contrast=1.0, depth=0.0, flipHoriz=False, flipVert=False, image='sin', interpolate=True, mask=None, maskParams=None, name='blankImage', opacity=1.0, ori=0.0, pos=array([ 0.,  0.]), size=array([ 2.,  2.]), texRes=128, units=u'norm', win=Window(...))
13.0656 	EXP 	Created image_5 = ImageStim(autoLog=True, color=array([ 1.,  1.,  1.]), colorSpace='rgb', contrast=1.0, depth=0.0, flipHoriz=False, flipVert=False, image='sin', interpolate=True, mask=None, maskParams=None, name='image_5', opacity=1.0, ori=0.0, pos=array([ 0.,  0.]), size=array([ 2.,  2.]), texRes=128, units=u'norm', win=Window(...))
13.0671 	EXP 	Created blankImage = ImageStim(autoLog=True, color=array([ 1.,  1.,  1.]), colorSpace='rgb', contrast=1.0, depth=0.0, flipHoriz=False, flipVert=False, image='sin', interpolate=True, mask=None, maskParams=None, name='blankImage', opacity=1.0, ori=0.0, pos=array([ 0.,  0.]), size=array([ 2.,  2.]), texRes=128, units=u'norm', win=Window(...))
13.0686 	EXP 	Created image_5 = ImageStim(autoLog=True, color=array([ 1.,  1.,  1.]), colorSpace='rgb', contrast=1.0, depth=0.0, flipHoriz=False, flipVert=False, image='sin', interpolate=True, mask=None, maskParams=None, name='image_5', opacity=1.0, ori=0.0, pos=array([ 0.,  0.]), size=array([ 2.,  2.]), texRes=128, units=u'norm', win=Window(...))
13.0700 	EXP 	Created blankImage = ImageStim(autoLog=True, color=array([ 1.,  1.,  1.]), colorSpace='rgb', contrast=1.0, depth=0.0, flipHoriz=False, flipVert=False, image='sin', interpolate=True, mask=None, maskParams=None, name='blankImage', opacity=1.0, ori=0.0, pos=array([ 0.,  0.]), size=array([ 2.,  2.]), texRes=128, units=u'norm', win=Window(...))
13.0714 	EXP 	Created image_3 = ImageStim(autoLog=True, color=array([ 1.,  1.,  1.]), colorSpace='rgb', contrast=1.0, depth=0.0, flipHoriz=False, flipVert=False, image='sin', interpolate=True, mask=None, maskParams=None, name='image_3', opacity=1.0, ori=0.0, pos=array([ 0.,  0.]), size=array([ 2.,  2.]), texRes=128, units=u'norm', win=Window(...))
13.0728 	EXP 	Created blankImage = ImageStim(autoLog=True, color=array([ 1.,  1.,  1.]), colorSpace='rgb', contrast=1.0, depth=0.0, flipHoriz=False, flipVert=False, image='sin', interpolate=True, mask=None, maskParams=None, name='blankImage', opacity=1.0, ori=0.0, pos=array([ 0.,  0.]), size=array([ 2.,  2.]), texRes=128, units=u'norm', win=Window(...))
13.0743 	EXP 	Created image_4 = ImageStim(autoLog=True, color=array([ 1.,  1.,  1.]), colorSpace='rgb', contrast=1.0, depth=0.0, flipHoriz=False, flipVert=False, image='sin', interpolate=True, mask=None, maskParams=None, name='image_4', opacity=1.0, ori=0.0, pos=array([ 0.,  0.]), size=array([ 2.,  2.]), texRes=128, units=u'norm', win=Window(...))
13.0757 	EXP 	Created blankImage = ImageStim(autoLog=True, color=array([ 1.,  1.,  1.]), colorSpace='rgb', contrast=1.0, depth=0.0, flipHoriz=False, flipVert=False, image='sin', interpolate=True, mask=None, maskParams=None, name='blankImage', opacity=1.0, ori=0.0, pos=array([ 0.,  0.]), size=array([ 2.,  2.]), texRes=128, units=u'norm', win=Window(...))
13.0771 	EXP 	Created image_5 = ImageStim(autoLog=True, color=array([ 1.,  1.,  1.]), colorSpace='rgb', contrast=1.0, depth=0.0, flipHoriz=False, flipVert=False, image='sin', interpolate=True, mask=None, maskParams=None, name='image_5', opacity=1.0, ori=0.0, pos=array([ 0.,  0.]), size=array([ 2.,  2.]), texRes=128, units=u'norm', win=Window(...))
13.0785 	EXP 	Created blankImage = ImageStim(autoLog=True, color=array([ 1.,  1.,  1.]), colorSpace='rgb', contrast=1.0, depth=0.0, flipHoriz=False, flipVert=False, image='sin', interpolate=True, mask=None, maskParams=None, name='blankImage', opacity=1.0, ori=0.0, pos=array([ 0.,  0.]), size=array([ 2.,  2.]), texRes=128, units=u'norm', win=Window(...))
13.0800 	EXP 	Created image_3 = ImageStim(autoLog=True, color=array([ 1.,  1.,  1.]), colorSpace='rgb', contrast=1.0, depth=0.0, flipHoriz=False, flipVert=False, image='sin', interpolate=True, mask=None, maskParams=None, name='image_3', opacity=1.0, ori=0.0, pos=array([ 0.,  0.]), size=array([ 2.,  2.]), texRes=128, units=u'norm', win=Window(...))
13.0814 	EXP 	Created blankImage = ImageStim(autoLog=True, color=array([ 1.,  1.,  1.]), colorSpace='rgb', contrast=1.0, depth=0.0, flipHoriz=False, flipVert=False, image='sin', interpolate=True, mask=None, maskParams=None, name='blankImage', opacity=1.0, ori=0.0, pos=array([ 0.,  0.]), size=array([ 2.,  2.]), texRes=128, units=u'norm', win=Window(...))
13.0828 	EXP 	Created image_5 = ImageStim(autoLog=True, color=array([ 1.,  1.,  1.]), colorSpace='rgb', contrast=1.0, depth=0.0, flipHoriz=False, flipVert=False, image='sin', interpolate=True, mask=None, maskParams=None, name='image_5', opacity=1.0, ori=0.0, pos=array([ 0.,  0.]), size=array([ 2.,  2.]), texRes=128, units=u'norm', win=Window(...))
13.0841 	EXP 	Created blankImage = ImageStim(autoLog=True, color=array([ 1.,  1.,  1.]), colorSpace='rgb', contrast=1.0, depth=0.0, flipHoriz=False, flipVert=False, image='sin', interpolate=True, mask=None, maskParams=None, name='blankImage', opacity=1.0, ori=0.0, pos=array([ 0.,  0.]), size=array([ 2.,  2.]), texRes=128, units=u'norm', win=Window(...))
13.0877 	EXP 	Created text_7 = TextStim(alignHoriz='center', alignVert='center', antialias=True, autoLog=True, bold=False, color='white', colorSpace='named', contrast=1.0, depth=0.0, flipHoriz=False, flipVert=False, font='Arial', fontFiles=[], height=0.1, italic=False, name='text_7', opacity=1.0, ori=0, pos=array([ 0.,  0.]), rgb=array([ 255.,  255.,  255.]), text=u'Take a short break ', units=u'norm', win=Window(...), wrapWidth=1)
13.0909 	EXP 	Created text_5 = TextStim(alignHoriz='center', alignVert='center', antialias=True, autoLog=True, bold=False, color='white', colorSpace='named', contrast=1.0, depth=0.0, flipHoriz=False, flipVert=False, font='Arial', fontFiles=[], height=0.1, italic=False, name='text_5', opacity=1.0, ori=0, pos=array([ 0.,  0.]), rgb=array([ 255.,  255.,  255.]), text=u'Get Ready...', units=u'norm', win=Window(...), wrapWidth=1)
13.0930 	EXP 	Created text_6 = TextStim(alignHoriz='center', alignVert='center', antialias=True, autoLog=True, bold=False, color='white', colorSpace='named', contrast=1.0, depth=-1.0, flipHoriz=False, flipVert=False, font='Arial', fontFiles=[], height=0.1, italic=False, name='text_6', opacity=1.0, ori=0, pos=array([ 0.,  0.]), rgb=array([ 255.,  255.,  255.]), text=u'GO!', units=u'norm', win=Window(...), wrapWidth=1)
13.0954 	EXP 	Created image = ImageStim(autoLog=True, color=array([ 1.,  1.,  1.]), colorSpace='rgb', contrast=1.0, depth=0.0, flipHoriz=False, flipVert=False, image='sin', interpolate=True, mask=None, maskParams=None, name='image', opacity=1.0, ori=0.0, pos=array([ 0.,  0.]), size=array([ 2.,  2.]), texRes=128, units=u'norm', win=Window(...))
13.0976 	EXP 	Created blankImage = ImageStim(autoLog=True, color=array([ 1.,  1.,  1.]), colorSpace='rgb', contrast=1.0, depth=0.0, flipHoriz=False, flipVert=False, image='sin', interpolate=True, mask=None, maskParams=None, name='blankImage', opacity=1.0, ori=0.0, pos=array([ 0.,  0.]), size=array([ 2.,  2.]), texRes=128, units=u'norm', win=Window(...))
13.1083 	EXP 	Created goodJob = TextStim(alignHoriz='center', alignVert='center', antialias=True, autoLog=True, bold=False, color='white', colorSpace='named', contrast=1.0, depth=0.0, flipHoriz=False, flipVert=False, font='Arial', fontFiles=[], height=0.1, italic=False, name='goodJob', opacity=1.0, ori=0, pos=array([ 0.,  0.]), rgb=array([ 255.,  255.,  255.]), text=unicode(...), units=u'norm', win=Window(...), wrapWidth=1)
13.1215 	EXP 	window1: blendMode = 'avg'
13.1348 	EXP 	instructionsGeneral: color = 'white (named)'
13.1348 	EXP 	instructionsGeneral: autoDraw = True
13.1381 	EXP 	window1: blendMode = 'avg'
13.1525 	EXP 	window1: blendMode = 'avg'
13.1688 	EXP 	window1: blendMode = 'avg'
13.1859 	EXP 	window1: blendMode = 'avg'
13.2020 	EXP 	window1: blendMode = 'avg'
13.2193 	EXP 	window1: blendMode = 'avg'
13.2362 	EXP 	window1: blendMode = 'avg'
13.2526 	EXP 	window1: blendMode = 'avg'
13.2691 	EXP 	window1: blendMode = 'avg'
13.2861 	EXP 	window1: blendMode = 'avg'
13.3025 	EXP 	window1: blendMode = 'avg'
13.3194 	EXP 	window1: blendMode = 'avg'
13.3359 	EXP 	window1: blendMode = 'avg'
13.3529 	EXP 	window1: blendMode = 'avg'
13.3692 	EXP 	window1: blendMode = 'avg'
13.3861 	EXP 	window1: blendMode = 'avg'
13.4026 	EXP 	window1: blendMode = 'avg'
13.4191 	EXP 	window1: blendMode = 'avg'
13.4360 	EXP 	window1: blendMode = 'avg'
13.4539 	EXP 	window1: blendMode = 'avg'
13.4685 	EXP 	window1: blendMode = 'avg'
13.4859 	EXP 	window1: blendMode = 'avg'
13.5028 	EXP 	window1: blendMode = 'avg'
13.5193 	EXP 	window1: blendMode = 'avg'
13.5353 	EXP 	window1: blendMode = 'avg'
13.5523 	EXP 	window1: blendMode = 'avg'
13.5689 	EXP 	window1: blendMode = 'avg'
13.5858 	EXP 	window1: blendMode = 'avg'
13.6025 	EXP 	window1: blendMode = 'avg'
13.6194 	EXP 	window1: blendMode = 'avg'
13.6357 	EXP 	window1: blendMode = 'avg'
13.6526 	EXP 	window1: blendMode = 'avg'
13.6685 	EXP 	window1: blendMode = 'avg'
13.6859 	EXP 	window1: blendMode = 'avg'
13.7028 	EXP 	window1: blendMode = 'avg'
13.7193 	EXP 	window1: blendMode = 'avg'
13.7360 	EXP 	window1: blendMode = 'avg'
13.7526 	EXP 	window1: blendMode = 'avg'
13.7685 	EXP 	window1: blendMode = 'avg'
13.7859 	EXP 	window1: blendMode = 'avg'
13.8029 	EXP 	window1: blendMode = 'avg'
13.8193 	EXP 	window1: blendMode = 'avg'
13.8351 	EXP 	window1: blendMode = 'avg'
13.8526 	EXP 	window1: blendMode = 'avg'
13.8685 	EXP 	window1: blendMode = 'avg'
13.8859 	EXP 	window1: blendMode = 'avg'
13.9028 	EXP 	window1: blendMode = 'avg'
13.9192 	EXP 	window1: blendMode = 'avg'
13.9363 	EXP 	window1: blendMode = 'avg'
13.9526 	EXP 	window1: blendMode = 'avg'
13.9694 	EXP 	window1: blendMode = 'avg'
13.9859 	EXP 	window1: blendMode = 'avg'
14.0028 	EXP 	window1: blendMode = 'avg'
14.0187 	EXP 	window1: blendMode = 'avg'
14.0353 	EXP 	window1: blendMode = 'avg'
14.0529 	EXP 	window1: blendMode = 'avg'
14.0698 	EXP 	window1: blendMode = 'avg'
14.0860 	EXP 	window1: blendMode = 'avg'
14.1024 	EXP 	window1: blendMode = 'avg'
14.1193 	EXP 	window1: blendMode = 'avg'
14.1357 	EXP 	window1: blendMode = 'avg'
14.1527 	EXP 	window1: blendMode = 'avg'
14.1687 	EXP 	window1: blendMode = 'avg'
14.1859 	EXP 	window1: blendMode = 'avg'
14.2028 	EXP 	window1: blendMode = 'avg'
14.2191 	EXP 	window1: blendMode = 'avg'
14.2360 	EXP 	window1: blendMode = 'avg'
14.2522 	EXP 	window1: blendMode = 'avg'
14.2683 	EXP 	window1: blendMode = 'avg'
14.2859 	EXP 	window1: blendMode = 'avg'
14.3028 	EXP 	window1: blendMode = 'avg'
14.3192 	EXP 	window1: blendMode = 'avg'
14.3361 	EXP 	window1: blendMode = 'avg'
14.3526 	EXP 	window1: blendMode = 'avg'
14.3685 	EXP 	window1: blendMode = 'avg'
14.3859 	EXP 	window1: blendMode = 'avg'
14.4030 	EXP 	window1: blendMode = 'avg'
14.4192 	EXP 	window1: blendMode = 'avg'
14.4362 	EXP 	window1: blendMode = 'avg'
14.4526 	EXP 	window1: blendMode = 'avg'
14.4695 	EXP 	window1: blendMode = 'avg'
14.4857 	EXP 	window1: blendMode = 'avg'
14.5027 	EXP 	window1: blendMode = 'avg'
14.5192 	EXP 	window1: blendMode = 'avg'
14.5362 	EXP 	window1: blendMode = 'avg'
14.5526 	EXP 	window1: blendMode = 'avg'
14.5688 	EXP 	window1: blendMode = 'avg'
14.5859 	EXP 	window1: blendMode = 'avg'
14.6021 	EXP 	window1: blendMode = 'avg'
14.6192 	EXP 	window1: blendMode = 'avg'
14.6351 	EXP 	window1: blendMode = 'avg'
14.6525 	EXP 	window1: blendMode = 'avg'
14.6685 	EXP 	window1: blendMode = 'avg'
14.6859 	EXP 	window1: blendMode = 'avg'
14.7028 	EXP 	window1: blendMode = 'avg'
14.7193 	EXP 	window1: blendMode = 'avg'
14.7362 	EXP 	window1: blendMode = 'avg'
14.7526 	EXP 	window1: blendMode = 'avg'
14.7685 	EXP 	window1: blendMode = 'avg'
14.7859 	EXP 	window1: blendMode = 'avg'
14.8028 	EXP 	window1: blendMode = 'avg'
14.8193 	EXP 	window1: blendMode = 'avg'
14.8362 	EXP 	window1: blendMode = 'avg'
14.8525 	EXP 	window1: blendMode = 'avg'
14.8692 	EXP 	window1: blendMode = 'avg'
14.8861 	EXP 	window1: blendMode = 'avg'
14.9025 	EXP 	window1: blendMode = 'avg'
14.9194 	EXP 	window1: blendMode = 'avg'
14.9359 	EXP 	window1: blendMode = 'avg'
14.9528 	EXP 	window1: blendMode = 'avg'
14.9689 	EXP 	window1: blendMode = 'avg'
14.9854 	EXP 	window1: blendMode = 'avg'
15.0026 	EXP 	window1: blendMode = 'avg'
15.0191 	EXP 	window1: blendMode = 'avg'
15.0360 	EXP 	window1: blendMode = 'avg'
15.0523 	EXP 	window1: blendMode = 'avg'
15.0692 	EXP 	window1: blendMode = 'avg'
15.0861 	EXP 	window1: blendMode = 'avg'
15.1025 	EXP 	window1: blendMode = 'avg'
15.1194 	EXP 	window1: blendMode = 'avg'
15.1358 	EXP 	window1: blendMode = 'avg'
15.1527 	EXP 	window1: blendMode = 'avg'
15.1687 	EXP 	window1: blendMode = 'avg'
15.1859 	EXP 	window1: blendMode = 'avg'
15.2020 	EXP 	window1: blendMode = 'avg'
15.2193 	EXP 	window1: blendMode = 'avg'
15.2359 	EXP 	window1: blendMode = 'avg'
15.2522 	EXP 	window1: blendMode = 'avg'
15.2692 	EXP 	window1: blendMode = 'avg'
15.2862 	EXP 	window1: blendMode = 'avg'
15.3025 	EXP 	window1: blendMode = 'avg'
15.3194 	EXP 	window1: blendMode = 'avg'
15.3358 	EXP 	window1: blendMode = 'avg'
15.3527 	EXP 	window1: blendMode = 'avg'
15.3696 	EXP 	window1: blendMode = 'avg'
15.3859 	EXP 	window1: blendMode = 'avg'
15.4029 	EXP 	window1: blendMode = 'avg'
15.4194 	EXP 	window1: blendMode = 'avg'
15.4360 	EXP 	window1: blendMode = 'avg'
15.4529 	EXP 	window1: blendMode = 'avg'
15.4695 	EXP 	window1: blendMode = 'avg'
15.4859 	EXP 	window1: blendMode = 'avg'
15.5028 	EXP 	window1: blendMode = 'avg'
15.5192 	EXP 	window1: blendMode = 'avg'
15.5361 	EXP 	window1: blendMode = 'avg'
15.5525 	EXP 	window1: blendMode = 'avg'
15.5695 	EXP 	window1: blendMode = 'avg'
15.5859 	EXP 	window1: blendMode = 'avg'
15.6028 	EXP 	window1: blendMode = 'avg'
15.6192 	EXP 	window1: blendMode = 'avg'
15.6361 	EXP 	window1: blendMode = 'avg'
15.6526 	EXP 	window1: blendMode = 'avg'
15.6696 	EXP 	window1: blendMode = 'avg'
15.6859 	EXP 	window1: blendMode = 'avg'
15.7024 	EXP 	window1: blendMode = 'avg'
15.7195 	EXP 	window1: blendMode = 'avg'
15.7357 	EXP 	window1: blendMode = 'avg'
15.7527 	EXP 	window1: blendMode = 'avg'
15.7686 	EXP 	window1: blendMode = 'avg'
15.7859 	EXP 	window1: blendMode = 'avg'
15.8028 	EXP 	window1: blendMode = 'avg'
15.8191 	EXP 	window1: blendMode = 'avg'
15.8360 	EXP 	window1: blendMode = 'avg'
15.8529 	EXP 	window1: blendMode = 'avg'
15.8688 	EXP 	window1: blendMode = 'avg'
15.8860 	EXP 	window1: blendMode = 'avg'
15.9029 	EXP 	window1: blendMode = 'avg'
15.9191 	EXP 	window1: blendMode = 'avg'
15.9360 	EXP 	window1: blendMode = 'avg'
15.9526 	EXP 	window1: blendMode = 'avg'
15.9685 	EXP 	window1: blendMode = 'avg'
15.9859 	EXP 	window1: blendMode = 'avg'
16.0028 	EXP 	window1: blendMode = 'avg'
16.0193 	EXP 	window1: blendMode = 'avg'
16.0362 	EXP 	window1: blendMode = 'avg'
16.0525 	EXP 	window1: blendMode = 'avg'
16.0694 	EXP 	window1: blendMode = 'avg'
16.0859 	EXP 	window1: blendMode = 'avg'
16.1028 	EXP 	window1: blendMode = 'avg'
16.1192 	EXP 	window1: blendMode = 'avg'
16.1362 	EXP 	window1: blendMode = 'avg'
16.1526 	EXP 	window1: blendMode = 'avg'
16.1685 	EXP 	window1: blendMode = 'avg'
16.1859 	EXP 	window1: blendMode = 'avg'
16.2030 	EXP 	window1: blendMode = 'avg'
16.2192 	EXP 	window1: blendMode = 'avg'
16.2363 	EXP 	window1: blendMode = 'avg'
16.2525 	EXP 	window1: blendMode = 'avg'
16.2689 	EXP 	window1: blendMode = 'avg'
16.2863 	EXP 	window1: blendMode = 'avg'
16.3026 	EXP 	window1: blendMode = 'avg'
16.3185 	EXP 	window1: blendMode = 'avg'
16.3356 	EXP 	window1: blendMode = 'avg'
16.3523 	EXP 	window1: blendMode = 'avg'
16.3693 	EXP 	window1: blendMode = 'avg'
16.3859 	EXP 	window1: blendMode = 'avg'
16.4028 	EXP 	window1: blendMode = 'avg'
16.4191 	EXP 	window1: blendMode = 'avg'
16.4353 	EXP 	window1: blendMode = 'avg'
16.4524 	EXP 	window1: blendMode = 'avg'
16.4691 	EXP 	window1: blendMode = 'avg'
16.4860 	EXP 	window1: blendMode = 'avg'
16.5023 	EXP 	window1: blendMode = 'avg'
16.5192 	EXP 	window1: blendMode = 'avg'
16.5362 	EXP 	window1: blendMode = 'avg'
16.5525 	EXP 	window1: blendMode = 'avg'
16.5685 	EXP 	window1: blendMode = 'avg'
16.5859 	EXP 	window1: blendMode = 'avg'
16.6029 	EXP 	window1: blendMode = 'avg'
16.6191 	EXP 	window1: blendMode = 'avg'
16.6358 	EXP 	window1: blendMode = 'avg'
16.6527 	EXP 	window1: blendMode = 'avg'
16.6689 	EXP 	window1: blendMode = 'avg'
16.6856 	EXP 	window1: blendMode = 'avg'
16.7025 	EXP 	window1: blendMode = 'avg'
16.7194 	EXP 	window1: blendMode = 'avg'
16.7357 	EXP 	window1: blendMode = 'avg'
16.7526 	EXP 	window1: blendMode = 'avg'
16.7688 	EXP 	window1: blendMode = 'avg'
16.7865 	EXP 	window1: blendMode = 'avg'
16.8026 	EXP 	window1: blendMode = 'avg'
16.8195 	EXP 	window1: blendMode = 'avg'
16.8359 	EXP 	window1: blendMode = 'avg'
16.8527 	EXP 	window1: blendMode = 'avg'
16.8684 	EXP 	window1: blendMode = 'avg'
16.8852 	EXP 	window1: blendMode = 'avg'
16.9017 	EXP 	window1: blendMode = 'avg'
16.9191 	EXP 	window1: blendMode = 'avg'
16.9350 	EXP 	window1: blendMode = 'avg'
16.9517 	EXP 	window1: blendMode = 'avg'
16.9694 	EXP 	window1: blendMode = 'avg'
16.9864 	EXP 	window1: blendMode = 'avg'
17.0027 	EXP 	window1: blendMode = 'avg'
17.0192 	EXP 	window1: blendMode = 'avg'
17.0351 	EXP 	window1: blendMode = 'avg'
17.0525 	EXP 	window1: blendMode = 'avg'
17.0684 	EXP 	window1: blendMode = 'avg'
17.0859 	EXP 	window1: blendMode = 'avg'
17.1030 	EXP 	window1: blendMode = 'avg'
17.1191 	EXP 	window1: blendMode = 'avg'
17.1361 	EXP 	window1: blendMode = 'avg'
17.1526 	EXP 	window1: blendMode = 'avg'
17.1685 	EXP 	window1: blendMode = 'avg'
17.1856 	EXP 	window1: blendMode = 'avg'
17.2027 	EXP 	window1: blendMode = 'avg'
17.2193 	EXP 	window1: blendMode = 'avg'
17.2361 	EXP 	window1: blendMode = 'avg'
17.2526 	EXP 	window1: blendMode = 'avg'
17.2687 	EXP 	window1: blendMode = 'avg'
17.2859 	EXP 	window1: blendMode = 'avg'
17.3028 	EXP 	window1: blendMode = 'avg'
17.3192 	EXP 	window1: blendMode = 'avg'
17.3363 	EXP 	window1: blendMode = 'avg'
17.3526 	EXP 	window1: blendMode = 'avg'
17.3695 	EXP 	window1: blendMode = 'avg'
17.3859 	EXP 	window1: blendMode = 'avg'
17.4029 	EXP 	window1: blendMode = 'avg'
17.4191 	EXP 	window1: blendMode = 'avg'
17.4360 	EXP 	window1: blendMode = 'avg'
17.4523 	EXP 	window1: blendMode = 'avg'
17.4680 	EXP 	window1: blendMode = 'avg'
17.4864 	EXP 	window1: blendMode = 'avg'
17.5024 	EXP 	window1: blendMode = 'avg'
17.5181 	EXP 	window1: blendMode = 'avg'
17.5364 	EXP 	window1: blendMode = 'avg'
17.5526 	EXP 	window1: blendMode = 'avg'
17.5686 	EXP 	window1: blendMode = 'avg'
17.5859 	EXP 	window1: blendMode = 'avg'
17.6028 	EXP 	window1: blendMode = 'avg'
17.6192 	EXP 	window1: blendMode = 'avg'
17.6361 	EXP 	window1: blendMode = 'avg'
17.6528 	EXP 	window1: blendMode = 'avg'
17.6690 	EXP 	window1: blendMode = 'avg'
17.6860 	EXP 	window1: blendMode = 'avg'
17.7026 	EXP 	window1: blendMode = 'avg'
17.7195 	EXP 	window1: blendMode = 'avg'
17.7364 	EXP 	window1: blendMode = 'avg'
17.7526 	EXP 	window1: blendMode = 'avg'
17.7695 	EXP 	window1: blendMode = 'avg'
17.7859 	EXP 	window1: blendMode = 'avg'
17.8030 	EXP 	window1: blendMode = 'avg'
17.8192 	EXP 	window1: blendMode = 'avg'
17.8350 	EXP 	window1: blendMode = 'avg'
17.8526 	EXP 	window1: blendMode = 'avg'
17.8685 	EXP 	window1: blendMode = 'avg'
17.8852 	EXP 	window1: blendMode = 'avg'
17.9032 	EXP 	window1: blendMode = 'avg'
17.9191 	EXP 	window1: blendMode = 'avg'
17.9362 	EXP 	window1: blendMode = 'avg'
17.9526 	EXP 	window1: blendMode = 'avg'
17.9685 	EXP 	window1: blendMode = 'avg'
17.9859 	EXP 	window1: blendMode = 'avg'
18.0028 	EXP 	window1: blendMode = 'avg'
18.0192 	EXP 	window1: blendMode = 'avg'
18.0361 	EXP 	window1: blendMode = 'avg'
18.0525 	EXP 	window1: blendMode = 'avg'
18.0693 	EXP 	window1: blendMode = 'avg'
18.0862 	EXP 	window1: blendMode = 'avg'
18.1026 	EXP 	window1: blendMode = 'avg'
18.1195 	EXP 	window1: blendMode = 'avg'
18.1359 	EXP 	window1: blendMode = 'avg'
18.1530 	EXP 	window1: blendMode = 'avg'
18.1693 	EXP 	window1: blendMode = 'avg'
18.1866 	EXP 	window1: blendMode = 'avg'
18.2026 	EXP 	window1: blendMode = 'avg'
18.2191 	EXP 	window1: blendMode = 'avg'
18.2360 	EXP 	window1: blendMode = 'avg'
18.2523 	EXP 	window1: blendMode = 'avg'
18.2690 	EXP 	window1: blendMode = 'avg'
18.2859 	EXP 	window1: blendMode = 'avg'
18.3028 	EXP 	window1: blendMode = 'avg'
18.3192 	EXP 	window1: blendMode = 'avg'
18.3358 	EXP 	window1: blendMode = 'avg'
18.3526 	EXP 	window1: blendMode = 'avg'
18.3695 	EXP 	window1: blendMode = 'avg'
18.3853 	EXP 	window1: blendMode = 'avg'
18.4017 	EXP 	window1: blendMode = 'avg'
18.4185 	EXP 	window1: blendMode = 'avg'
18.4360 	EXP 	window1: blendMode = 'avg'
18.4531 	EXP 	window1: blendMode = 'avg'
18.4689 	EXP 	window1: blendMode = 'avg'
18.4857 	EXP 	window1: blendMode = 'avg'
18.5027 	EXP 	window1: blendMode = 'avg'
18.5192 	EXP 	window1: blendMode = 'avg'
18.5362 	EXP 	window1: blendMode = 'avg'
18.5527 	EXP 	window1: blendMode = 'avg'
18.5693 	EXP 	window1: blendMode = 'avg'
18.5859 	EXP 	window1: blendMode = 'avg'
18.6029 	EXP 	window1: blendMode = 'avg'
18.6192 	EXP 	window1: blendMode = 'avg'
18.6351 	EXP 	window1: blendMode = 'avg'
18.6525 	EXP 	window1: blendMode = 'avg'
18.6685 	EXP 	window1: blendMode = 'avg'
18.6859 	EXP 	window1: blendMode = 'avg'
18.7028 	EXP 	window1: blendMode = 'avg'
18.7192 	EXP 	window1: blendMode = 'avg'
18.7361 	EXP 	window1: blendMode = 'avg'
18.7526 	EXP 	window1: blendMode = 'avg'
18.7696 	EXP 	window1: blendMode = 'avg'
18.7857 	EXP 	window1: blendMode = 'avg'
18.8024 	EXP 	window1: blendMode = 'avg'
18.8194 	EXP 	window1: blendMode = 'avg'
18.8357 	EXP 	window1: blendMode = 'avg'
18.8526 	EXP 	window1: blendMode = 'avg'
18.8681 	EXP 	window1: blendMode = 'avg'
18.8860 	EXP 	window1: blendMode = 'avg'
18.9025 	EXP 	window1: blendMode = 'avg'
18.9194 	EXP 	window1: blendMode = 'avg'
18.9358 	EXP 	window1: blendMode = 'avg'
18.9527 	EXP 	window1: blendMode = 'avg'
18.9690 	EXP 	window1: blendMode = 'avg'
18.9859 	EXP 	window1: blendMode = 'avg'
19.0028 	EXP 	window1: blendMode = 'avg'
19.0191 	EXP 	window1: blendMode = 'avg'
19.0360 	EXP 	window1: blendMode = 'avg'
19.0523 	EXP 	window1: blendMode = 'avg'
19.0690 	EXP 	window1: blendMode = 'avg'
19.0856 	EXP 	window1: blendMode = 'avg'
19.1025 	EXP 	window1: blendMode = 'avg'
19.1194 	EXP 	window1: blendMode = 'avg'
19.1358 	EXP 	window1: blendMode = 'avg'
19.1527 	EXP 	window1: blendMode = 'avg'
19.1685 	EXP 	window1: blendMode = 'avg'
19.1859 	EXP 	window1: blendMode = 'avg'
19.2029 	EXP 	window1: blendMode = 'avg'
19.2192 	EXP 	window1: blendMode = 'avg'
19.2362 	EXP 	window1: blendMode = 'avg'
19.2522 	EXP 	window1: blendMode = 'avg'
19.2692 	EXP 	window1: blendMode = 'avg'
19.2862 	EXP 	window1: blendMode = 'avg'
19.3025 	EXP 	window1: blendMode = 'avg'
19.3194 	EXP 	window1: blendMode = 'avg'
19.3359 	EXP 	window1: blendMode = 'avg'
19.3529 	EXP 	window1: blendMode = 'avg'
19.3690 	EXP 	window1: blendMode = 'avg'
19.3859 	EXP 	window1: blendMode = 'avg'
19.4030 	EXP 	window1: blendMode = 'avg'
19.4192 	EXP 	window1: blendMode = 'avg'
19.4351 	EXP 	window1: blendMode = 'avg'
19.4525 	EXP 	window1: blendMode = 'avg'
19.4685 	EXP 	window1: blendMode = 'avg'
19.4859 	EXP 	window1: blendMode = 'avg'
19.5034 	EXP 	window1: blendMode = 'avg'
19.5193 	EXP 	window1: blendMode = 'avg'
19.5359 	EXP 	window1: blendMode = 'avg'
19.5526 	EXP 	window1: blendMode = 'avg'
19.5695 	EXP 	window1: blendMode = 'avg'
19.5859 	EXP 	window1: blendMode = 'avg'
19.6029 	EXP 	window1: blendMode = 'avg'
19.6192 	EXP 	window1: blendMode = 'avg'
19.6362 	EXP 	window1: blendMode = 'avg'
19.6525 	EXP 	window1: blendMode = 'avg'
19.6695 	EXP 	window1: blendMode = 'avg'
19.6859 	EXP 	window1: blendMode = 'avg'
19.7021 	EXP 	window1: blendMode = 'avg'
19.7192 	EXP 	window1: blendMode = 'avg'
19.7362 	EXP 	window1: blendMode = 'avg'
19.7526 	EXP 	window1: blendMode = 'avg'
19.7690 	EXP 	window1: blendMode = 'avg'
19.7859 	EXP 	window1: blendMode = 'avg'
19.8028 	EXP 	window1: blendMode = 'avg'
19.8191 	EXP 	window1: blendMode = 'avg'
19.8360 	EXP 	window1: blendMode = 'avg'
19.8523 	EXP 	window1: blendMode = 'avg'
19.8690 	EXP 	window1: blendMode = 'avg'
19.8859 	EXP 	window1: blendMode = 'avg'
19.9019 	EXP 	window1: blendMode = 'avg'
19.9192 	EXP 	window1: blendMode = 'avg'
19.9361 	EXP 	window1: blendMode = 'avg'
19.9525 	EXP 	window1: blendMode = 'avg'
19.9695 	EXP 	window1: blendMode = 'avg'
19.9859 	EXP 	window1: blendMode = 'avg'
20.0028 	EXP 	window1: blendMode = 'avg'
20.0192 	EXP 	window1: blendMode = 'avg'
20.0361 	EXP 	window1: blendMode = 'avg'
20.0525 	EXP 	window1: blendMode = 'avg'
20.0687 	EXP 	window1: blendMode = 'avg'
20.0859 	EXP 	window1: blendMode = 'avg'
20.1028 	EXP 	window1: blendMode = 'avg'
20.1190 	EXP 	window1: blendMode = 'avg'
20.1359 	EXP 	window1: blendMode = 'avg'
20.1528 	EXP 	window1: blendMode = 'avg'
20.1690 	EXP 	window1: blendMode = 'avg'
20.1859 	EXP 	window1: blendMode = 'avg'
20.2029 	EXP 	window1: blendMode = 'avg'
20.2192 	EXP 	window1: blendMode = 'avg'
20.2351 	EXP 	window1: blendMode = 'avg'
20.2525 	EXP 	window1: blendMode = 'avg'
20.2685 	EXP 	window1: blendMode = 'avg'
20.2859 	EXP 	window1: blendMode = 'avg'
20.3029 	EXP 	window1: blendMode = 'avg'
20.3192 	EXP 	window1: blendMode = 'avg'
20.3362 	EXP 	window1: blendMode = 'avg'
20.3525 	EXP 	window1: blendMode = 'avg'
20.3694 	EXP 	window1: blendMode = 'avg'
20.3859 	EXP 	window1: blendMode = 'avg'
20.4028 	EXP 	window1: blendMode = 'avg'
20.4192 	EXP 	window1: blendMode = 'avg'
20.4361 	EXP 	window1: blendMode = 'avg'
20.4525 	EXP 	window1: blendMode = 'avg'
20.4685 	EXP 	window1: blendMode = 'avg'
20.4859 	EXP 	window1: blendMode = 'avg'
20.5025 	EXP 	window1: blendMode = 'avg'
20.5195 	EXP 	window1: blendMode = 'avg'
20.5358 	EXP 	window1: blendMode = 'avg'
20.5527 	EXP 	window1: blendMode = 'avg'
20.5688 	EXP 	window1: blendMode = 'avg'
20.5859 	EXP 	window1: blendMode = 'avg'
20.6028 	EXP 	window1: blendMode = 'avg'
20.6192 	EXP 	window1: blendMode = 'avg'
20.6351 	EXP 	window1: blendMode = 'avg'
20.6515 	EXP 	window1: blendMode = 'avg'
20.6687 	EXP 	window1: blendMode = 'avg'
20.6848 	EXP 	window1: blendMode = 'avg'
20.7024 	EXP 	window1: blendMode = 'avg'
20.7193 	EXP 	window1: blendMode = 'avg'
20.7357 	EXP 	window1: blendMode = 'avg'
20.7526 	EXP 	window1: blendMode = 'avg'
20.7683 	EXP 	window1: blendMode = 'avg'
20.7861 	EXP 	window1: blendMode = 'avg'
20.8025 	EXP 	window1: blendMode = 'avg'
20.8195 	EXP 	window1: blendMode = 'avg'
20.8356 	EXP 	window1: blendMode = 'avg'
20.8525 	EXP 	window1: blendMode = 'avg'
20.8694 	EXP 	window1: blendMode = 'avg'
20.8858 	EXP 	window1: blendMode = 'avg'
20.9027 	EXP 	window1: blendMode = 'avg'
20.9192 	EXP 	window1: blendMode = 'avg'
20.9360 	EXP 	window1: blendMode = 'avg'
20.9525 	EXP 	window1: blendMode = 'avg'
20.9694 	EXP 	window1: blendMode = 'avg'
20.9859 	EXP 	window1: blendMode = 'avg'
21.0029 	EXP 	window1: blendMode = 'avg'
21.0192 	EXP 	window1: blendMode = 'avg'
21.0351 	EXP 	window1: blendMode = 'avg'
21.0525 	EXP 	window1: blendMode = 'avg'
21.0684 	EXP 	window1: blendMode = 'avg'
21.0859 	EXP 	window1: blendMode = 'avg'
21.1030 	EXP 	window1: blendMode = 'avg'
21.1192 	EXP 	window1: blendMode = 'avg'
21.1361 	EXP 	window1: blendMode = 'avg'
21.1525 	EXP 	window1: blendMode = 'avg'
21.1683 	EXP 	window1: blendMode = 'avg'
21.1859 	EXP 	window1: blendMode = 'avg'
21.2028 	EXP 	window1: blendMode = 'avg'
21.2192 	EXP 	window1: blendMode = 'avg'
21.2362 	EXP 	window1: blendMode = 'avg'
21.2521 	EXP 	window1: blendMode = 'avg'
21.2690 	EXP 	window1: blendMode = 'avg'
21.2860 	EXP 	window1: blendMode = 'avg'
21.3029 	EXP 	window1: blendMode = 'avg'
21.3193 	EXP 	window1: blendMode = 'avg'
21.3358 	EXP 	window1: blendMode = 'avg'
21.3526 	EXP 	window1: blendMode = 'avg'
21.3683 	EXP 	window1: blendMode = 'avg'
21.3858 	EXP 	window1: blendMode = 'avg'
21.4027 	EXP 	window1: blendMode = 'avg'
21.4192 	EXP 	window1: blendMode = 'avg'
21.4361 	EXP 	window1: blendMode = 'avg'
21.4523 	EXP 	window1: blendMode = 'avg'
21.4692 	EXP 	window1: blendMode = 'avg'
21.4861 	EXP 	window1: blendMode = 'avg'
21.5025 	EXP 	window1: blendMode = 'avg'
21.5192 	EXP 	window1: blendMode = 'avg'
21.5361 	EXP 	window1: blendMode = 'avg'
21.5525 	EXP 	window1: blendMode = 'avg'
21.5684 	EXP 	window1: blendMode = 'avg'
21.5859 	EXP 	window1: blendMode = 'avg'
21.6028 	EXP 	window1: blendMode = 'avg'
21.6192 	EXP 	window1: blendMode = 'avg'
21.6350 	EXP 	window1: blendMode = 'avg'
21.6525 	EXP 	window1: blendMode = 'avg'
21.6685 	EXP 	window1: blendMode = 'avg'
21.6859 	EXP 	window1: blendMode = 'avg'
21.7028 	EXP 	window1: blendMode = 'avg'
21.7192 	EXP 	window1: blendMode = 'avg'
21.7362 	EXP 	window1: blendMode = 'avg'
21.7525 	EXP 	window1: blendMode = 'avg'
21.7689 	EXP 	window1: blendMode = 'avg'
21.7858 	EXP 	window1: blendMode = 'avg'
21.8030 	EXP 	window1: blendMode = 'avg'
21.8192 	EXP 	window1: blendMode = 'avg'
21.8352 	EXP 	window1: blendMode = 'avg'
21.8524 	EXP 	window1: blendMode = 'avg'
21.8694 	EXP 	window1: blendMode = 'avg'
21.8859 	EXP 	window1: blendMode = 'avg'
21.9028 	EXP 	window1: blendMode = 'avg'
21.9196 	EXP 	window1: blendMode = 'avg'
21.9359 	EXP 	window1: blendMode = 'avg'
21.9528 	EXP 	window1: blendMode = 'avg'
21.9690 	EXP 	window1: blendMode = 'avg'
21.9859 	EXP 	window1: blendMode = 'avg'
22.0030 	EXP 	window1: blendMode = 'avg'
22.0201 	EXP 	window1: blendMode = 'avg'
22.0360 	EXP 	window1: blendMode = 'avg'
22.0526 	EXP 	window1: blendMode = 'avg'
22.0695 	EXP 	window1: blendMode = 'avg'
22.0859 	EXP 	window1: blendMode = 'avg'
22.1028 	EXP 	window1: blendMode = 'avg'
22.1192 	EXP 	window1: blendMode = 'avg'
22.1361 	EXP 	window1: blendMode = 'avg'
22.1526 	EXP 	window1: blendMode = 'avg'
22.1695 	EXP 	window1: blendMode = 'avg'
22.1859 	EXP 	window1: blendMode = 'avg'
22.2016 	EXP 	window1: blendMode = 'avg'
22.2188 	EXP 	window1: blendMode = 'avg'
22.2359 	EXP 	window1: blendMode = 'avg'
22.2528 	EXP 	window1: blendMode = 'avg'
22.2684 	EXP 	window1: blendMode = 'avg'
22.2859 	EXP 	window1: blendMode = 'avg'
22.3028 	EXP 	window1: blendMode = 'avg'
22.3190 	EXP 	window1: blendMode = 'avg'
22.3359 	EXP 	window1: blendMode = 'avg'
22.3528 	EXP 	window1: blendMode = 'avg'
22.3690 	EXP 	window1: blendMode = 'avg'
22.3858 	EXP 	window1: blendMode = 'avg'
22.4026 	EXP 	window1: blendMode = 'avg'
22.4192 	EXP 	window1: blendMode = 'avg'
22.4361 	EXP 	window1: blendMode = 'avg'
22.4525 	EXP 	window1: blendMode = 'avg'
22.4686 	EXP 	window1: blendMode = 'avg'
22.4859 	EXP 	window1: blendMode = 'avg'
22.5025 	EXP 	window1: blendMode = 'avg'
22.5179 	EXP 	window1: blendMode = 'avg'
22.5360 	EXP 	window1: blendMode = 'avg'
22.5525 	EXP 	window1: blendMode = 'avg'
22.5690 	EXP 	window1: blendMode = 'avg'
22.5861 	EXP 	window1: blendMode = 'avg'
22.6024 	EXP 	window1: blendMode = 'avg'
22.6194 	EXP 	window1: blendMode = 'avg'
22.6348 	EXP 	window1: blendMode = 'avg'
22.6530 	EXP 	window1: blendMode = 'avg'
22.6690 	EXP 	window1: blendMode = 'avg'
22.6860 	EXP 	window1: blendMode = 'avg'
22.7013 	EXP 	window1: blendMode = 'avg'
22.7185 	EXP 	window1: blendMode = 'avg'
22.7353 	EXP 	window1: blendMode = 'avg'
22.7517 	EXP 	window1: blendMode = 'avg'
22.7678 	EXP 	window1: blendMode = 'avg'
22.7860 	EXP 	window1: blendMode = 'avg'
22.8026 	EXP 	window1: blendMode = 'avg'
22.8189 	EXP 	window1: blendMode = 'avg'
22.8358 	EXP 	window1: blendMode = 'avg'
22.8526 	EXP 	window1: blendMode = 'avg'
22.8680 	EXP 	window1: blendMode = 'avg'
22.8853 	EXP 	window1: blendMode = 'avg'
22.9023 	EXP 	window1: blendMode = 'avg'
22.9193 	EXP 	window1: blendMode = 'avg'
22.9357 	EXP 	window1: blendMode = 'avg'
22.9525 	EXP 	window1: blendMode = 'avg'
22.9693 	EXP 	window1: blendMode = 'avg'
22.9859 	EXP 	window1: blendMode = 'avg'
23.0027 	EXP 	window1: blendMode = 'avg'
23.0191 	EXP 	window1: blendMode = 'avg'
23.0360 	EXP 	window1: blendMode = 'avg'
23.0523 	EXP 	window1: blendMode = 'avg'
23.0685 	EXP 	window1: blendMode = 'avg'
23.0859 	EXP 	window1: blendMode = 'avg'
23.1035 	EXP 	window1: blendMode = 'avg'
23.1185 	EXP 	window1: blendMode = 'avg'
23.1349 	EXP 	window1: blendMode = 'avg'
23.1522 	EXP 	window1: blendMode = 'avg'
23.1683 	EXP 	window1: blendMode = 'avg'
23.1854 	EXP 	window1: blendMode = 'avg'
23.2037 	EXP 	window1: blendMode = 'avg'
23.2193 	EXP 	window1: blendMode = 'avg'
23.2355 	EXP 	window1: blendMode = 'avg'
23.2528 	EXP 	window1: blendMode = 'avg'
23.2687 	EXP 	window1: blendMode = 'avg'
23.2852 	EXP 	window1: blendMode = 'avg'
23.3014 	EXP 	window1: blendMode = 'avg'
23.3185 	EXP 	window1: blendMode = 'avg'
23.3346 	EXP 	window1: blendMode = 'avg'
23.3519 	EXP 	window1: blendMode = 'avg'
23.3681 	EXP 	window1: blendMode = 'avg'
23.3852 	EXP 	window1: blendMode = 'avg'
23.4013 	EXP 	window1: blendMode = 'avg'
23.4182 	EXP 	window1: blendMode = 'avg'
23.4355 	EXP 	window1: blendMode = 'avg'
23.4566 	EXP 	window1: blendMode = 'avg'
23.4688 	EXP 	window1: blendMode = 'avg'
23.4849 	EXP 	window1: blendMode = 'avg'
23.5020 	EXP 	window1: blendMode = 'avg'
23.5181 	EXP 	window1: blendMode = 'avg'
23.5353 	EXP 	window1: blendMode = 'avg'
23.5513 	EXP 	window1: blendMode = 'avg'
23.5684 	EXP 	window1: blendMode = 'avg'
23.5845 	EXP 	window1: blendMode = 'avg'
23.6025 	EXP 	window1: blendMode = 'avg'
23.6189 	EXP 	window1: blendMode = 'avg'
23.6350 	EXP 	window1: blendMode = 'avg'
23.6522 	EXP 	window1: blendMode = 'avg'
23.6687 	EXP 	window1: blendMode = 'avg'
23.6851 	EXP 	window1: blendMode = 'avg'
23.7013 	EXP 	window1: blendMode = 'avg'
23.7184 	EXP 	window1: blendMode = 'avg'
23.7347 	EXP 	window1: blendMode = 'avg'
23.7521 	EXP 	window1: blendMode = 'avg'
23.7683 	EXP 	window1: blendMode = 'avg'
23.7855 	EXP 	window1: blendMode = 'avg'
23.8021 	EXP 	window1: blendMode = 'avg'
23.8187 	EXP 	window1: blendMode = 'avg'
23.8352 	EXP 	window1: blendMode = 'avg'
23.8515 	EXP 	window1: blendMode = 'avg'
23.8693 	EXP 	window1: blendMode = 'avg'
23.8848 	EXP 	window1: blendMode = 'avg'
23.9019 	EXP 	window1: blendMode = 'avg'
23.9183 	EXP 	window1: blendMode = 'avg'
23.9346 	EXP 	window1: blendMode = 'avg'
23.9518 	EXP 	window1: blendMode = 'avg'
23.9681 	EXP 	window1: blendMode = 'avg'
23.9853 	EXP 	window1: blendMode = 'avg'
24.0016 	EXP 	window1: blendMode = 'avg'
24.0194 	EXP 	window1: blendMode = 'avg'
24.0355 	EXP 	window1: blendMode = 'avg'
24.0523 	EXP 	window1: blendMode = 'avg'
24.0685 	EXP 	window1: blendMode = 'avg'
24.0859 	EXP 	window1: blendMode = 'avg'
24.1028 	EXP 	window1: blendMode = 'avg'
24.1192 	EXP 	window1: blendMode = 'avg'
24.1362 	EXP 	window1: blendMode = 'avg'
24.1525 	EXP 	window1: blendMode = 'avg'
24.1695 	EXP 	window1: blendMode = 'avg'
24.1859 	EXP 	window1: blendMode = 'avg'
24.2030 	EXP 	window1: blendMode = 'avg'
24.2193 	EXP 	window1: blendMode = 'avg'
24.2352 	EXP 	window1: blendMode = 'avg'
24.2525 	EXP 	window1: blendMode = 'avg'
24.2684 	EXP 	window1: blendMode = 'avg'
24.2868 	EXP 	window1: blendMode = 'avg'
24.3025 	EXP 	window1: blendMode = 'avg'
24.3196 	EXP 	window1: blendMode = 'avg'
24.3357 	EXP 	window1: blendMode = 'avg'
24.3526 	EXP 	window1: blendMode = 'avg'
24.3686 	EXP 	window1: blendMode = 'avg'
24.3859 	EXP 	window1: blendMode = 'avg'
24.4029 	EXP 	window1: blendMode = 'avg'
24.4192 	EXP 	window1: blendMode = 'avg'
24.4361 	EXP 	window1: blendMode = 'avg'
24.4525 	EXP 	window1: blendMode = 'avg'
24.4691 	EXP 	window1: blendMode = 'avg'
24.4861 	EXP 	window1: blendMode = 'avg'
24.5027 	EXP 	window1: blendMode = 'avg'
24.5193 	EXP 	window1: blendMode = 'avg'
24.5359 	EXP 	window1: blendMode = 'avg'
24.5526 	EXP 	window1: blendMode = 'avg'
24.5686 	EXP 	window1: blendMode = 'avg'
24.5859 	EXP 	window1: blendMode = 'avg'
24.6028 	EXP 	window1: blendMode = 'avg'
24.6193 	EXP 	window1: blendMode = 'avg'
24.6362 	EXP 	window1: blendMode = 'avg'
24.6524 	EXP 	window1: blendMode = 'avg'
24.6691 	EXP 	window1: blendMode = 'avg'
24.6861 	EXP 	window1: blendMode = 'avg'
24.7024 	EXP 	window1: blendMode = 'avg'
24.7193 	EXP 	window1: blendMode = 'avg'
24.7357 	EXP 	window1: blendMode = 'avg'
24.7526 	EXP 	window1: blendMode = 'avg'
24.7686 	EXP 	window1: blendMode = 'avg'
24.7858 	EXP 	window1: blendMode = 'avg'
24.8027 	EXP 	window1: blendMode = 'avg'
24.8192 	EXP 	window1: blendMode = 'avg'
24.8361 	EXP 	window1: blendMode = 'avg'
24.8525 	EXP 	window1: blendMode = 'avg'
24.8695 	EXP 	window1: blendMode = 'avg'
24.8859 	EXP 	window1: blendMode = 'avg'
24.9030 	EXP 	window1: blendMode = 'avg'
24.9193 	EXP 	window1: blendMode = 'avg'
24.9363 	EXP 	window1: blendMode = 'avg'
24.9525 	EXP 	window1: blendMode = 'avg'
24.9695 	EXP 	window1: blendMode = 'avg'
24.9859 	EXP 	window1: blendMode = 'avg'
25.0030 	EXP 	window1: blendMode = 'avg'
25.0192 	EXP 	window1: blendMode = 'avg'
25.0352 	EXP 	window1: blendMode = 'avg'
25.0525 	EXP 	window1: blendMode = 'avg'
25.0685 	EXP 	window1: blendMode = 'avg'
25.0859 	EXP 	window1: blendMode = 'avg'
25.1028 	EXP 	window1: blendMode = 'avg'
25.1192 	EXP 	window1: blendMode = 'avg'
25.1354 	EXP 	window1: blendMode = 'avg'
25.1526 	EXP 	window1: blendMode = 'avg'
25.1683 	EXP 	window1: blendMode = 'avg'
25.1859 	EXP 	window1: blendMode = 'avg'
25.2028 	EXP 	window1: blendMode = 'avg'
25.2194 	EXP 	window1: blendMode = 'avg'
25.2357 	EXP 	window1: blendMode = 'avg'
25.2526 	EXP 	window1: blendMode = 'avg'
25.2683 	EXP 	window1: blendMode = 'avg'
25.2859 	EXP 	window1: blendMode = 'avg'
25.3029 	EXP 	window1: blendMode = 'avg'
25.3193 	EXP 	window1: blendMode = 'avg'
25.3362 	EXP 	window1: blendMode = 'avg'
25.3526 	EXP 	window1: blendMode = 'avg'
25.3692 	EXP 	window1: blendMode = 'avg'
25.3862 	EXP 	window1: blendMode = 'avg'
25.4025 	EXP 	window1: blendMode = 'avg'
25.4192 	EXP 	window1: blendMode = 'avg'
25.4359 	EXP 	window1: blendMode = 'avg'
25.4528 	EXP 	window1: blendMode = 'avg'
25.4690 	EXP 	window1: blendMode = 'avg'
25.4859 	EXP 	window1: blendMode = 'avg'
25.5028 	EXP 	window1: blendMode = 'avg'
25.5192 	EXP 	window1: blendMode = 'avg'
25.5357 	EXP 	window1: blendMode = 'avg'
25.5526 	EXP 	window1: blendMode = 'avg'
25.5689 	EXP 	window1: blendMode = 'avg'
25.5858 	EXP 	window1: blendMode = 'avg'
25.6027 	EXP 	window1: blendMode = 'avg'
25.6192 	EXP 	window1: blendMode = 'avg'
25.6362 	EXP 	window1: blendMode = 'avg'
25.6525 	EXP 	window1: blendMode = 'avg'
25.6687 	EXP 	window1: blendMode = 'avg'
25.6859 	EXP 	window1: blendMode = 'avg'
25.7028 	EXP 	window1: blendMode = 'avg'
25.7192 	EXP 	window1: blendMode = 'avg'
25.7360 	EXP 	window1: blendMode = 'avg'
25.7525 	EXP 	window1: blendMode = 'avg'
25.7695 	EXP 	window1: blendMode = 'avg'
25.7859 	EXP 	window1: blendMode = 'avg'
25.8030 	EXP 	window1: blendMode = 'avg'
25.8192 	EXP 	window1: blendMode = 'avg'
25.8352 	EXP 	window1: blendMode = 'avg'
25.8523 	EXP 	window1: blendMode = 'avg'
25.8692 	EXP 	window1: blendMode = 'avg'
25.8861 	EXP 	window1: blendMode = 'avg'
25.9025 	EXP 	window1: blendMode = 'avg'
25.9195 	EXP 	window1: blendMode = 'avg'
25.9358 	EXP 	window1: blendMode = 'avg'
25.9528 	EXP 	window1: blendMode = 'avg'
25.9689 	EXP 	window1: blendMode = 'avg'
25.9859 	EXP 	window1: blendMode = 'avg'
26.0028 	EXP 	window1: blendMode = 'avg'
26.0192 	EXP 	window1: blendMode = 'avg'
26.0361 	EXP 	window1: blendMode = 'avg'
26.0523 	EXP 	window1: blendMode = 'avg'
26.0684 	EXP 	window1: blendMode = 'avg'
26.0859 	EXP 	window1: blendMode = 'avg'
26.1028 	EXP 	window1: blendMode = 'avg'
26.1192 	EXP 	window1: blendMode = 'avg'
26.1361 	EXP 	window1: blendMode = 'avg'
26.1526 	EXP 	window1: blendMode = 'avg'
26.1685 	EXP 	window1: blendMode = 'avg'
26.1859 	EXP 	window1: blendMode = 'avg'
26.2028 	EXP 	window1: blendMode = 'avg'
26.2193 	EXP 	window1: blendMode = 'avg'
26.2357 	EXP 	window1: blendMode = 'avg'
26.2526 	EXP 	window1: blendMode = 'avg'
26.2689 	EXP 	window1: blendMode = 'avg'
26.2858 	EXP 	window1: blendMode = 'avg'
26.3019 	EXP 	window1: blendMode = 'avg'
26.3192 	EXP 	window1: blendMode = 'avg'
26.3361 	EXP 	window1: blendMode = 'avg'
26.3525 	EXP 	window1: blendMode = 'avg'
26.3685 	EXP 	window1: blendMode = 'avg'
26.3859 	EXP 	window1: blendMode = 'avg'
26.4028 	EXP 	window1: blendMode = 'avg'
26.4192 	EXP 	window1: blendMode = 'avg'
26.4363 	EXP 	window1: blendMode = 'avg'
26.4525 	EXP 	window1: blendMode = 'avg'
26.4693 	EXP 	window1: blendMode = 'avg'
26.4859 	EXP 	window1: blendMode = 'avg'
26.5028 	EXP 	window1: blendMode = 'avg'
26.5192 	EXP 	window1: blendMode = 'avg'
26.5361 	EXP 	window1: blendMode = 'avg'
26.5535 	EXP 	window1: blendMode = 'avg'
26.5686 	EXP 	window1: blendMode = 'avg'
26.5859 	EXP 	window1: blendMode = 'avg'
26.6030 	EXP 	window1: blendMode = 'avg'
26.6192 	EXP 	window1: blendMode = 'avg'
26.6354 	EXP 	window1: blendMode = 'avg'
26.6524 	EXP 	window1: blendMode = 'avg'
26.6683 	EXP 	window1: blendMode = 'avg'
26.6859 	EXP 	window1: blendMode = 'avg'
26.7023 	EXP 	window1: blendMode = 'avg'
26.7187 	EXP 	window1: blendMode = 'avg'
26.7368 	EXP 	window1: blendMode = 'avg'
26.7529 	EXP 	window1: blendMode = 'avg'
26.7690 	EXP 	window1: blendMode = 'avg'
26.7864 	EXP 	window1: blendMode = 'avg'
26.8030 	EXP 	window1: blendMode = 'avg'
26.8190 	EXP 	window1: blendMode = 'avg'
26.8353 	EXP 	window1: blendMode = 'avg'
26.8520 	EXP 	window1: blendMode = 'avg'
26.8730 	EXP 	window1: blendMode = 'avg'
26.8861 	EXP 	window1: blendMode = 'avg'
26.9026 	EXP 	window1: blendMode = 'avg'
26.9192 	EXP 	window1: blendMode = 'avg'
26.9362 	EXP 	window1: blendMode = 'avg'
26.9526 	EXP 	window1: blendMode = 'avg'
26.9684 	EXP 	window1: blendMode = 'avg'
26.9859 	EXP 	window1: blendMode = 'avg'
27.0028 	EXP 	window1: blendMode = 'avg'
27.0192 	EXP 	window1: blendMode = 'avg'
27.0361 	EXP 	window1: blendMode = 'avg'
27.0524 	EXP 	window1: blendMode = 'avg'
27.0684 	EXP 	window1: blendMode = 'avg'
27.0859 	EXP 	window1: blendMode = 'avg'
27.1028 	EXP 	window1: blendMode = 'avg'
27.1192 	EXP 	window1: blendMode = 'avg'
27.1361 	EXP 	window1: blendMode = 'avg'
27.1526 	EXP 	window1: blendMode = 'avg'
27.1695 	EXP 	window1: blendMode = 'avg'
27.1858 	EXP 	window1: blendMode = 'avg'
27.2028 	EXP 	window1: blendMode = 'avg'
27.2193 	EXP 	window1: blendMode = 'avg'
27.2359 	EXP 	window1: blendMode = 'avg'
27.2528 	EXP 	window1: blendMode = 'avg'
27.2692 	EXP 	window1: blendMode = 'avg'
27.2859 	EXP 	window1: blendMode = 'avg'
27.3028 	EXP 	window1: blendMode = 'avg'
27.3192 	EXP 	window1: blendMode = 'avg'
27.3363 	EXP 	window1: blendMode = 'avg'
27.3526 	EXP 	window1: blendMode = 'avg'
27.3695 	EXP 	window1: blendMode = 'avg'
27.3859 	EXP 	window1: blendMode = 'avg'
27.4030 	EXP 	window1: blendMode = 'avg'
27.4192 	EXP 	window1: blendMode = 'avg'
27.4350 	EXP 	window1: blendMode = 'avg'
27.4525 	EXP 	window1: blendMode = 'avg'
27.4685 	EXP 	window1: blendMode = 'avg'
27.4859 	EXP 	window1: blendMode = 'avg'
27.5028 	EXP 	window1: blendMode = 'avg'
27.5192 	EXP 	window1: blendMode = 'avg'
27.5361 	EXP 	window1: blendMode = 'avg'
27.5519 	EXP 	window1: blendMode = 'avg'
27.5689 	EXP 	window1: blendMode = 'avg'
27.5858 	EXP 	window1: blendMode = 'avg'
27.6050 	DATA 	Keypress: space
27.6175 	EXP 	Imported pawStimuli.xlsx as conditions, 1 conditions, 5 params
27.6178 	EXP 	Created sequence: sequential, trialTypes=1, nReps=1, seed=None
27.6182 	EXP 	New trial (rep=0, index=0): {'pawPatrol1': u'min1.png', 'pawPatrol2': u'min2.png', 'pawPatrol3': u'min3.png', 'pawPatrol4': u'min4.png', 'blank': u'allBlank.png'}
27.7572 	EXP 	window1: blendMode = 'avg'
27.7689 	EXP 	instructionsGeneral: autoDraw = False
27.7689 	EXP 	image_paw1: image = u'min1.png'
27.7689 	EXP 	text: color = 'black (named)'
27.7689 	EXP 	image_paw1: autoDraw = True
27.7689 	EXP 	text: autoDraw = True
27.7706 	EXP 	window1: blendMode = 'avg'
27.7862 	EXP 	window1: blendMode = 'avg'
27.8026 	EXP 	window1: blendMode = 'avg'
27.8193 	EXP 	window1: blendMode = 'avg'
27.8352 	EXP 	window1: blendMode = 'avg'
27.8524 	EXP 	window1: blendMode = 'avg'
27.8693 	EXP 	window1: blendMode = 'avg'
27.8855 	EXP 	window1: blendMode = 'avg'
27.9027 	EXP 	window1: blendMode = 'avg'
27.9195 	EXP 	window1: blendMode = 'avg'
27.9361 	EXP 	window1: blendMode = 'avg'
27.9527 	EXP 	window1: blendMode = 'avg'
27.9685 	EXP 	window1: blendMode = 'avg'
27.9858 	EXP 	window1: blendMode = 'avg'
28.0020 	EXP 	window1: blendMode = 'avg'
28.0184 	EXP 	window1: blendMode = 'avg'
28.0357 	EXP 	window1: blendMode = 'avg'
28.0527 	EXP 	window1: blendMode = 'avg'
28.0687 	EXP 	window1: blendMode = 'avg'
28.0860 	EXP 	window1: blendMode = 'avg'
28.1020 	EXP 	window1: blendMode = 'avg'
28.1194 	EXP 	window1: blendMode = 'avg'
28.1361 	EXP 	window1: blendMode = 'avg'
28.1527 	EXP 	window1: blendMode = 'avg'
28.1688 	EXP 	window1: blendMode = 'avg'
28.1857 	EXP 	window1: blendMode = 'avg'
28.2018 	EXP 	window1: blendMode = 'avg'
28.2193 	EXP 	window1: blendMode = 'avg'
28.2360 	EXP 	window1: blendMode = 'avg'
28.2526 	EXP 	window1: blendMode = 'avg'
28.2696 	EXP 	window1: blendMode = 'avg'
28.2860 	EXP 	window1: blendMode = 'avg'
28.3028 	EXP 	window1: blendMode = 'avg'
28.3190 	EXP 	window1: blendMode = 'avg'
28.3361 	EXP 	window1: blendMode = 'avg'
28.3526 	EXP 	window1: blendMode = 'avg'
28.3692 	EXP 	window1: blendMode = 'avg'
28.3855 	EXP 	window1: blendMode = 'avg'
28.4018 	EXP 	window1: blendMode = 'avg'
28.4191 	EXP 	window1: blendMode = 'avg'
28.4360 	EXP 	window1: blendMode = 'avg'
28.4524 	EXP 	window1: blendMode = 'avg'
28.4694 	EXP 	window1: blendMode = 'avg'
28.4854 	EXP 	window1: blendMode = 'avg'
28.5027 	EXP 	window1: blendMode = 'avg'
28.5193 	EXP 	window1: blendMode = 'avg'
28.5358 	EXP 	window1: blendMode = 'avg'
28.5532 	EXP 	window1: blendMode = 'avg'
28.5697 	EXP 	window1: blendMode = 'avg'
28.5855 	EXP 	window1: blendMode = 'avg'
28.6030 	EXP 	window1: blendMode = 'avg'
28.6193 	EXP 	window1: blendMode = 'avg'
28.6360 	EXP 	window1: blendMode = 'avg'
28.6523 	EXP 	window1: blendMode = 'avg'
28.6691 	EXP 	window1: blendMode = 'avg'
28.6863 	EXP 	window1: blendMode = 'avg'
28.7027 	EXP 	window1: blendMode = 'avg'
28.7193 	EXP 	window1: blendMode = 'avg'
28.7360 	EXP 	window1: blendMode = 'avg'
28.7527 	EXP 	window1: blendMode = 'avg'
28.7688 	EXP 	window1: blendMode = 'avg'
28.7859 	EXP 	window1: blendMode = 'avg'
28.8016 	EXP 	window1: blendMode = 'avg'
28.8189 	EXP 	window1: blendMode = 'avg'
28.8360 	EXP 	window1: blendMode = 'avg'
28.8526 	EXP 	window1: blendMode = 'avg'
28.8687 	EXP 	window1: blendMode = 'avg'
28.8861 	EXP 	window1: blendMode = 'avg'
28.9027 	EXP 	window1: blendMode = 'avg'
28.9192 	EXP 	window1: blendMode = 'avg'
28.9363 	EXP 	window1: blendMode = 'avg'
28.9526 	EXP 	window1: blendMode = 'avg'
28.9688 	EXP 	window1: blendMode = 'avg'
28.9858 	EXP 	window1: blendMode = 'avg'
29.0031 	EXP 	window1: blendMode = 'avg'
29.0193 	EXP 	window1: blendMode = 'avg'
29.0359 	EXP 	window1: blendMode = 'avg'
29.0527 	EXP 	window1: blendMode = 'avg'
29.0692 	EXP 	window1: blendMode = 'avg'
29.0854 	EXP 	window1: blendMode = 'avg'
29.1026 	EXP 	window1: blendMode = 'avg'
29.1193 	EXP 	window1: blendMode = 'avg'
29.1363 	EXP 	window1: blendMode = 'avg'
29.1523 	EXP 	window1: blendMode = 'avg'
29.1695 	EXP 	window1: blendMode = 'avg'
29.1860 	EXP 	window1: blendMode = 'avg'
29.2026 	EXP 	window1: blendMode = 'avg'
29.2190 	EXP 	window1: blendMode = 'avg'
29.2361 	EXP 	window1: blendMode = 'avg'
29.2519 	EXP 	window1: blendMode = 'avg'
29.2692 	EXP 	window1: blendMode = 'avg'
29.2862 	EXP 	window1: blendMode = 'avg'
29.3026 	EXP 	window1: blendMode = 'avg'
29.3193 	EXP 	window1: blendMode = 'avg'
29.3360 	EXP 	window1: blendMode = 'avg'
29.3527 	EXP 	window1: blendMode = 'avg'
29.3693 	EXP 	window1: blendMode = 'avg'
29.3860 	EXP 	window1: blendMode = 'avg'
29.4026 	EXP 	window1: blendMode = 'avg'
29.4189 	EXP 	window1: blendMode = 'avg'
29.4355 	EXP 	window1: blendMode = 'avg'
29.4525 	EXP 	window1: blendMode = 'avg'
29.4686 	EXP 	window1: blendMode = 'avg'
29.4859 	EXP 	window1: blendMode = 'avg'
29.5026 	EXP 	window1: blendMode = 'avg'
29.5200 	EXP 	window1: blendMode = 'avg'
29.5358 	EXP 	window1: blendMode = 'avg'
29.5528 	EXP 	window1: blendMode = 'avg'
29.5690 	EXP 	window1: blendMode = 'avg'
29.5862 	EXP 	window1: blendMode = 'avg'
29.6026 	EXP 	window1: blendMode = 'avg'
29.6193 	EXP 	window1: blendMode = 'avg'
29.6360 	EXP 	window1: blendMode = 'avg'
29.6526 	EXP 	window1: blendMode = 'avg'
29.6685 	EXP 	window1: blendMode = 'avg'
29.6859 	EXP 	window1: blendMode = 'avg'
29.7029 	EXP 	window1: blendMode = 'avg'
29.7192 	EXP 	window1: blendMode = 'avg'
29.7354 	EXP 	window1: blendMode = 'avg'
29.7526 	EXP 	window1: blendMode = 'avg'
29.7697 	EXP 	window1: blendMode = 'avg'
29.7853 	EXP 	window1: blendMode = 'avg'
29.8026 	EXP 	window1: blendMode = 'avg'
29.8196 	EXP 	window1: blendMode = 'avg'
29.8360 	EXP 	window1: blendMode = 'avg'
29.8526 	EXP 	window1: blendMode = 'avg'
29.8691 	EXP 	window1: blendMode = 'avg'
29.8861 	EXP 	window1: blendMode = 'avg'
29.9026 	EXP 	window1: blendMode = 'avg'
29.9196 	EXP 	window1: blendMode = 'avg'
29.9359 	EXP 	window1: blendMode = 'avg'
29.9526 	EXP 	window1: blendMode = 'avg'
29.9696 	EXP 	window1: blendMode = 'avg'
29.9859 	EXP 	window1: blendMode = 'avg'
30.0031 	EXP 	window1: blendMode = 'avg'
30.0193 	EXP 	window1: blendMode = 'avg'
30.0357 	EXP 	window1: blendMode = 'avg'
30.0527 	EXP 	window1: blendMode = 'avg'
30.0693 	EXP 	window1: blendMode = 'avg'
30.0860 	EXP 	window1: blendMode = 'avg'
30.1026 	EXP 	window1: blendMode = 'avg'
30.1195 	EXP 	window1: blendMode = 'avg'
30.1360 	EXP 	window1: blendMode = 'avg'
30.1527 	EXP 	window1: blendMode = 'avg'
30.1693 	EXP 	window1: blendMode = 'avg'
30.1860 	EXP 	window1: blendMode = 'avg'
30.2026 	EXP 	window1: blendMode = 'avg'
30.2193 	EXP 	window1: blendMode = 'avg'
30.2354 	EXP 	window1: blendMode = 'avg'
30.2526 	EXP 	window1: blendMode = 'avg'
30.2691 	EXP 	window1: blendMode = 'avg'
30.2861 	EXP 	window1: blendMode = 'avg'
30.3026 	EXP 	window1: blendMode = 'avg'
30.3193 	EXP 	window1: blendMode = 'avg'
30.3356 	EXP 	window1: blendMode = 'avg'
30.3528 	EXP 	window1: blendMode = 'avg'
30.3689 	EXP 	window1: blendMode = 'avg'
30.3853 	EXP 	window1: blendMode = 'avg'
30.4026 	EXP 	window1: blendMode = 'avg'
30.4191 	EXP 	window1: blendMode = 'avg'
30.4361 	EXP 	window1: blendMode = 'avg'
30.4524 	EXP 	window1: blendMode = 'avg'
30.4691 	EXP 	window1: blendMode = 'avg'
30.4858 	EXP 	window1: blendMode = 'avg'
30.5028 	EXP 	window1: blendMode = 'avg'
30.5193 	EXP 	window1: blendMode = 'avg'
30.5360 	EXP 	window1: blendMode = 'avg'
30.5533 	EXP 	window1: blendMode = 'avg'
30.5693 	EXP 	window1: blendMode = 'avg'
30.5870 	EXP 	window1: blendMode = 'avg'
30.6030 	EXP 	window1: blendMode = 'avg'
30.6195 	EXP 	window1: blendMode = 'avg'
30.6359 	EXP 	window1: blendMode = 'avg'
30.6521 	EXP 	window1: blendMode = 'avg'
30.6689 	EXP 	window1: blendMode = 'avg'
30.6862 	EXP 	window1: blendMode = 'avg'
30.7021 	EXP 	window1: blendMode = 'avg'
30.7197 	EXP 	window1: blendMode = 'avg'
30.7357 	EXP 	window1: blendMode = 'avg'
30.7532 	EXP 	window1: blendMode = 'avg'
30.7691 	EXP 	window1: blendMode = 'avg'
30.7858 	EXP 	window1: blendMode = 'avg'
30.8019 	EXP 	window1: blendMode = 'avg'
30.8196 	EXP 	window1: blendMode = 'avg'
30.8362 	EXP 	window1: blendMode = 'avg'
30.8521 	EXP 	window1: blendMode = 'avg'
30.8690 	EXP 	window1: blendMode = 'avg'
30.8863 	EXP 	window1: blendMode = 'avg'
30.9032 	EXP 	window1: blendMode = 'avg'
30.9194 	EXP 	window1: blendMode = 'avg'
30.9360 	EXP 	window1: blendMode = 'avg'
30.9527 	EXP 	window1: blendMode = 'avg'
30.9693 	EXP 	window1: blendMode = 'avg'
30.9855 	EXP 	window1: blendMode = 'avg'
31.0020 	EXP 	window1: blendMode = 'avg'
31.0185 	EXP 	window1: blendMode = 'avg'
31.0359 	EXP 	window1: blendMode = 'avg'
31.0525 	EXP 	window1: blendMode = 'avg'
31.0690 	EXP 	window1: blendMode = 'avg'
31.0871 	EXP 	window1: blendMode = 'avg'
31.1026 	EXP 	window1: blendMode = 'avg'
31.1193 	EXP 	window1: blendMode = 'avg'
31.1359 	EXP 	window1: blendMode = 'avg'
31.1529 	EXP 	window1: blendMode = 'avg'
31.1689 	EXP 	window1: blendMode = 'avg'
31.1859 	EXP 	window1: blendMode = 'avg'
31.2029 	EXP 	window1: blendMode = 'avg'
31.2192 	EXP 	window1: blendMode = 'avg'
31.2362 	EXP 	window1: blendMode = 'avg'
31.2523 	EXP 	window1: blendMode = 'avg'
31.2688 	EXP 	window1: blendMode = 'avg'
31.2859 	EXP 	window1: blendMode = 'avg'
31.3020 	EXP 	window1: blendMode = 'avg'
31.3193 	EXP 	window1: blendMode = 'avg'
31.3361 	EXP 	window1: blendMode = 'avg'
31.3527 	EXP 	window1: blendMode = 'avg'
31.3691 	EXP 	window1: blendMode = 'avg'
31.3859 	EXP 	window1: blendMode = 'avg'
31.4015 	EXP 	window1: blendMode = 'avg'
31.4237 	EXP 	window1: blendMode = 'avg'
31.4359 	EXP 	window1: blendMode = 'avg'
31.4571 	EXP 	window1: blendMode = 'avg'
31.4691 	EXP 	window1: blendMode = 'avg'
31.4903 	EXP 	window1: blendMode = 'avg'
31.5017 	EXP 	window1: blendMode = 'avg'
31.5246 	EXP 	window1: blendMode = 'avg'
31.5351 	EXP 	window1: blendMode = 'avg'
31.5568 	EXP 	window1: blendMode = 'avg'
31.5734 	EXP 	window1: blendMode = 'avg'
31.5849 	EXP 	window1: blendMode = 'avg'
31.6069 	EXP 	window1: blendMode = 'avg'
31.6184 	EXP 	window1: blendMode = 'avg'
31.6346 	EXP 	window1: blendMode = 'avg'
31.6578 	EXP 	window1: blendMode = 'avg'
31.6689 	EXP 	window1: blendMode = 'avg'
31.6857 	EXP 	window1: blendMode = 'avg'
31.7071 	EXP 	window1: blendMode = 'avg'
31.7188 	EXP 	window1: blendMode = 'avg'
31.7356 	EXP 	window1: blendMode = 'avg'
31.7524 	EXP 	window1: blendMode = 'avg'
31.7684 	EXP 	window1: blendMode = 'avg'
31.7914 	EXP 	window1: blendMode = 'avg'
31.8021 	EXP 	window1: blendMode = 'avg'
31.8193 	EXP 	window1: blendMode = 'avg'
31.8360 	EXP 	window1: blendMode = 'avg'
31.8526 	EXP 	window1: blendMode = 'avg'
31.8691 	EXP 	window1: blendMode = 'avg'
31.8863 	EXP 	window1: blendMode = 'avg'
31.9028 	EXP 	window1: blendMode = 'avg'
31.9201 	EXP 	window1: blendMode = 'avg'
31.9384 	EXP 	window1: blendMode = 'avg'
31.9524 	EXP 	window1: blendMode = 'avg'
31.9683 	EXP 	window1: blendMode = 'avg'
31.9854 	EXP 	window1: blendMode = 'avg'
32.0017 	EXP 	window1: blendMode = 'avg'
32.0192 	EXP 	window1: blendMode = 'avg'
32.0353 	EXP 	window1: blendMode = 'avg'
32.0528 	EXP 	window1: blendMode = 'avg'
32.0686 	EXP 	window1: blendMode = 'avg'
32.0858 	EXP 	window1: blendMode = 'avg'
32.1028 	EXP 	window1: blendMode = 'avg'
32.1182 	EXP 	window1: blendMode = 'avg'
32.1407 	EXP 	window1: blendMode = 'avg'
32.1567 	EXP 	window1: blendMode = 'avg'
32.1740 	EXP 	window1: blendMode = 'avg'
32.1902 	EXP 	window1: blendMode = 'avg'
32.2324 	EXP 	window1: blendMode = 'avg'
32.2486 	EXP 	window1: blendMode = 'avg'
32.2812 	EXP 	window1: blendMode = 'avg'
32.3003 	EXP 	window1: blendMode = 'avg'
32.3155 	EXP 	window1: blendMode = 'avg'
32.3424 	EXP 	window1: blendMode = 'avg'
32.3577 	EXP 	window1: blendMode = 'avg'
32.3734 	EXP 	window1: blendMode = 'avg'
32.3991 	EXP 	window1: blendMode = 'avg'
32.4261 	EXP 	window1: blendMode = 'avg'
32.4407 	EXP 	window1: blendMode = 'avg'
32.4523 	EXP 	window1: blendMode = 'avg'
32.4740 	EXP 	window1: blendMode = 'avg'
32.4860 	EXP 	window1: blendMode = 'avg'
32.5021 	EXP 	window1: blendMode = 'avg'
32.5194 	EXP 	window1: blendMode = 'avg'
32.5359 	EXP 	window1: blendMode = 'avg'
32.5526 	EXP 	window1: blendMode = 'avg'
32.5693 	EXP 	window1: blendMode = 'avg'
32.5860 	EXP 	window1: blendMode = 'avg'
32.6023 	EXP 	window1: blendMode = 'avg'
32.6195 	EXP 	window1: blendMode = 'avg'
32.6359 	EXP 	window1: blendMode = 'avg'
32.6526 	EXP 	window1: blendMode = 'avg'
32.6695 	EXP 	window1: blendMode = 'avg'
32.6857 	EXP 	window1: blendMode = 'avg'
32.7027 	EXP 	window1: blendMode = 'avg'
32.7190 	EXP 	window1: blendMode = 'avg'
32.7362 	EXP 	window1: blendMode = 'avg'
32.7525 	EXP 	window1: blendMode = 'avg'
32.7690 	EXP 	window1: blendMode = 'avg'
32.7861 	EXP 	window1: blendMode = 'avg'
32.8023 	EXP 	window1: blendMode = 'avg'
32.8184 	EXP 	window1: blendMode = 'avg'
32.8357 	EXP 	window1: blendMode = 'avg'
32.8541 	EXP 	window1: blendMode = 'avg'
32.8694 	EXP 	window1: blendMode = 'avg'
32.8857 	EXP 	window1: blendMode = 'avg'
32.9022 	EXP 	window1: blendMode = 'avg'
32.9191 	EXP 	window1: blendMode = 'avg'
32.9351 	EXP 	window1: blendMode = 'avg'
32.9579 	EXP 	window1: blendMode = 'avg'
32.9679 	EXP 	window1: blendMode = 'avg'
32.9906 	EXP 	window1: blendMode = 'avg'
33.0020 	EXP 	window1: blendMode = 'avg'
33.0244 	EXP 	window1: blendMode = 'avg'
33.0348 	EXP 	window1: blendMode = 'avg'
33.0525 	EXP 	window1: blendMode = 'avg'
33.0732 	EXP 	window1: blendMode = 'avg'
33.0855 	EXP 	window1: blendMode = 'avg'
33.1019 	EXP 	window1: blendMode = 'avg'
33.1238 	EXP 	window1: blendMode = 'avg'
33.1348 	EXP 	window1: blendMode = 'avg'
33.1578 	EXP 	window1: blendMode = 'avg'
33.1687 	EXP 	window1: blendMode = 'avg'
33.1908 	EXP 	window1: blendMode = 'avg'
33.2017 	EXP 	window1: blendMode = 'avg'
33.2183 	EXP 	window1: blendMode = 'avg'
33.2409 	EXP 	window1: blendMode = 'avg'
33.2519 	EXP 	window1: blendMode = 'avg'
33.2697 	EXP 	window1: blendMode = 'avg'
33.2859 	EXP 	window1: blendMode = 'avg'
33.3081 	EXP 	window1: blendMode = 'avg'
33.3196 	EXP 	window1: blendMode = 'avg'
33.3361 	EXP 	window1: blendMode = 'avg'
33.3512 	EXP 	window1: blendMode = 'avg'
33.3737 	EXP 	window1: blendMode = 'avg'
33.3851 	EXP 	window1: blendMode = 'avg'
33.4076 	EXP 	window1: blendMode = 'avg'
33.4189 	EXP 	window1: blendMode = 'avg'
33.4353 	EXP 	window1: blendMode = 'avg'
33.4574 	EXP 	window1: blendMode = 'avg'
33.4690 	EXP 	window1: blendMode = 'avg'
33.4860 	EXP 	window1: blendMode = 'avg'
33.5025 	EXP 	window1: blendMode = 'avg'
33.5189 	EXP 	window1: blendMode = 'avg'
33.5351 	EXP 	window1: blendMode = 'avg'
33.5526 	EXP 	window1: blendMode = 'avg'
33.5691 	EXP 	window1: blendMode = 'avg'
33.5861 	EXP 	window1: blendMode = 'avg'
33.6024 	EXP 	window1: blendMode = 'avg'
33.6194 	EXP 	window1: blendMode = 'avg'
33.6357 	EXP 	window1: blendMode = 'avg'
33.6527 	EXP 	window1: blendMode = 'avg'
33.6688 	EXP 	window1: blendMode = 'avg'
33.6859 	EXP 	window1: blendMode = 'avg'
33.7029 	EXP 	window1: blendMode = 'avg'
33.7193 	EXP 	window1: blendMode = 'avg'
33.7361 	EXP 	window1: blendMode = 'avg'
33.7526 	EXP 	window1: blendMode = 'avg'
33.7696 	EXP 	window1: blendMode = 'avg'
33.7859 	EXP 	window1: blendMode = 'avg'
33.8027 	EXP 	window1: blendMode = 'avg'
33.8204 	DATA 	Keypress: 1
33.8215 	EXP 	window1: blendMode = 'avg'
33.8360 	EXP 	window1: blendMode = 'avg'
33.8526 	EXP 	window1: blendMode = 'avg'
33.8695 	EXP 	window1: blendMode = 'avg'
33.8860 	EXP 	window1: blendMode = 'avg'
33.9026 	EXP 	window1: blendMode = 'avg'
33.9193 	EXP 	window1: blendMode = 'avg'
33.9353 	EXP 	window1: blendMode = 'avg'
33.9532 	EXP 	window1: blendMode = 'avg'
33.9691 	EXP 	window1: blendMode = 'avg'
33.9861 	EXP 	window1: blendMode = 'avg'
34.0024 	EXP 	window1: blendMode = 'avg'
34.0193 	EXP 	window1: blendMode = 'avg'
34.0358 	EXP 	window1: blendMode = 'avg'
34.0527 	EXP 	window1: blendMode = 'avg'
34.0684 	EXP 	window1: blendMode = 'avg'
34.0859 	EXP 	window1: blendMode = 'avg'
34.1026 	EXP 	window1: blendMode = 'avg'
34.1191 	EXP 	window1: blendMode = 'avg'
34.1361 	EXP 	window1: blendMode = 'avg'
34.1527 	EXP 	window1: blendMode = 'avg'
34.1692 	EXP 	window1: blendMode = 'avg'
34.1862 	EXP 	window1: blendMode = 'avg'
34.2026 	EXP 	window1: blendMode = 'avg'
34.2193 	EXP 	window1: blendMode = 'avg'
34.2355 	EXP 	window1: blendMode = 'avg'
34.2525 	EXP 	window1: blendMode = 'avg'
34.2688 	EXP 	window1: blendMode = 'avg'
34.2860 	EXP 	window1: blendMode = 'avg'
34.3026 	EXP 	window1: blendMode = 'avg'
34.3193 	EXP 	window1: blendMode = 'avg'
34.3361 	EXP 	window1: blendMode = 'avg'
34.3524 	EXP 	window1: blendMode = 'avg'
34.3688 	EXP 	window1: blendMode = 'avg'
34.3860 	EXP 	window1: blendMode = 'avg'
34.4026 	EXP 	window1: blendMode = 'avg'
34.4193 	EXP 	window1: blendMode = 'avg'
34.4361 	EXP 	window1: blendMode = 'avg'
34.4526 	EXP 	window1: blendMode = 'avg'
34.4689 	EXP 	window1: blendMode = 'avg'
34.4862 	EXP 	window1: blendMode = 'avg'
34.5026 	EXP 	window1: blendMode = 'avg'
34.5192 	EXP 	window1: blendMode = 'avg'
34.5364 	EXP 	window1: blendMode = 'avg'
34.5526 	EXP 	window1: blendMode = 'avg'
34.5692 	EXP 	window1: blendMode = 'avg'
34.5862 	EXP 	window1: blendMode = 'avg'
34.6026 	EXP 	window1: blendMode = 'avg'
34.6207 	EXP 	window1: blendMode = 'avg'
34.6359 	EXP 	window1: blendMode = 'avg'
34.6524 	EXP 	window1: blendMode = 'avg'
34.6685 	EXP 	window1: blendMode = 'avg'
34.6859 	EXP 	window1: blendMode = 'avg'
34.7026 	EXP 	window1: blendMode = 'avg'
34.7192 	EXP 	window1: blendMode = 'avg'
34.7362 	EXP 	window1: blendMode = 'avg'
34.7526 	EXP 	window1: blendMode = 'avg'
34.7688 	EXP 	window1: blendMode = 'avg'
34.7858 	EXP 	window1: blendMode = 'avg'
34.8029 	EXP 	window1: blendMode = 'avg'
34.8191 	EXP 	window1: blendMode = 'avg'
34.8361 	EXP 	window1: blendMode = 'avg'
34.8526 	EXP 	window1: blendMode = 'avg'
34.8692 	EXP 	window1: blendMode = 'avg'
34.8862 	EXP 	window1: blendMode = 'avg'
34.9028 	EXP 	window1: blendMode = 'avg'
34.9193 	EXP 	window1: blendMode = 'avg'
34.9360 	EXP 	window1: blendMode = 'avg'
34.9527 	EXP 	window1: blendMode = 'avg'
34.9693 	EXP 	window1: blendMode = 'avg'
34.9859 	EXP 	window1: blendMode = 'avg'
35.0026 	EXP 	window1: blendMode = 'avg'
35.0193 	EXP 	window1: blendMode = 'avg'
35.0359 	EXP 	window1: blendMode = 'avg'
35.0525 	EXP 	window1: blendMode = 'avg'
35.0697 	EXP 	window1: blendMode = 'avg'
35.0859 	EXP 	window1: blendMode = 'avg'
35.1026 	EXP 	window1: blendMode = 'avg'
35.1192 	EXP 	window1: blendMode = 'avg'
35.1360 	EXP 	window1: blendMode = 'avg'
35.1529 	EXP 	window1: blendMode = 'avg'
35.1694 	DATA 	Keypress: space
35.2073 	EXP 	window1: blendMode = 'avg'
35.2154 	EXP 	image_paw1: autoDraw = False
35.2154 	EXP 	text: autoDraw = False
35.2154 	EXP 	image_paw2: image = u'min2.png'
35.2154 	EXP 	text_2: color = 'black (named)'
35.2154 	EXP 	image_paw2: autoDraw = True
35.2154 	EXP 	text_2: autoDraw = True
35.2162 	EXP 	window1: blendMode = 'avg'
35.2331 	EXP 	window1: blendMode = 'avg'
35.2500 	EXP 	window1: blendMode = 'avg'
35.2689 	EXP 	window1: blendMode = 'avg'
35.2856 	EXP 	window1: blendMode = 'avg'
35.3026 	EXP 	window1: blendMode = 'avg'
35.3189 	EXP 	window1: blendMode = 'avg'
35.3359 	EXP 	window1: blendMode = 'avg'
35.3522 	EXP 	window1: blendMode = 'avg'
35.3696 	EXP 	window1: blendMode = 'avg'
35.3860 	EXP 	window1: blendMode = 'avg'
35.4027 	EXP 	window1: blendMode = 'avg'
35.4193 	EXP 	window1: blendMode = 'avg'
35.4360 	EXP 	window1: blendMode = 'avg'
35.4522 	EXP 	window1: blendMode = 'avg'
35.4686 	EXP 	window1: blendMode = 'avg'
35.4860 	EXP 	window1: blendMode = 'avg'
35.5026 	EXP 	window1: blendMode = 'avg'
35.5192 	EXP 	window1: blendMode = 'avg'
35.5362 	EXP 	window1: blendMode = 'avg'
35.5526 	EXP 	window1: blendMode = 'avg'
35.5692 	EXP 	window1: blendMode = 'avg'
35.5862 	EXP 	window1: blendMode = 'avg'
35.6026 	EXP 	window1: blendMode = 'avg'
35.6193 	EXP 	window1: blendMode = 'avg'
35.6360 	EXP 	window1: blendMode = 'avg'
35.6526 	EXP 	window1: blendMode = 'avg'
35.6688 	EXP 	window1: blendMode = 'avg'
35.6860 	EXP 	window1: blendMode = 'avg'
35.7026 	EXP 	window1: blendMode = 'avg'
35.7196 	EXP 	window1: blendMode = 'avg'
35.7359 	EXP 	window1: blendMode = 'avg'
35.7527 	EXP 	window1: blendMode = 'avg'
35.7692 	EXP 	window1: blendMode = 'avg'
35.7852 	EXP 	window1: blendMode = 'avg'
35.8026 	EXP 	window1: blendMode = 'avg'
35.8193 	EXP 	window1: blendMode = 'avg'
35.8359 	EXP 	window1: blendMode = 'avg'
35.8526 	EXP 	window1: blendMode = 'avg'
35.8690 	EXP 	window1: blendMode = 'avg'
35.8861 	EXP 	window1: blendMode = 'avg'
35.9026 	EXP 	window1: blendMode = 'avg'
35.9193 	EXP 	window1: blendMode = 'avg'
35.9359 	EXP 	window1: blendMode = 'avg'
35.9526 	EXP 	window1: blendMode = 'avg'
35.9692 	EXP 	window1: blendMode = 'avg'
35.9862 	EXP 	window1: blendMode = 'avg'
36.0026 	EXP 	window1: blendMode = 'avg'
36.0193 	EXP 	window1: blendMode = 'avg'
36.0359 	EXP 	window1: blendMode = 'avg'
36.0522 	EXP 	window1: blendMode = 'avg'
36.0691 	EXP 	window1: blendMode = 'avg'
36.0861 	EXP 	window1: blendMode = 'avg'
36.1027 	EXP 	window1: blendMode = 'avg'
36.1188 	EXP 	window1: blendMode = 'avg'
36.1358 	EXP 	window1: blendMode = 'avg'
36.1526 	EXP 	window1: blendMode = 'avg'
36.1690 	EXP 	window1: blendMode = 'avg'
36.1860 	EXP 	window1: blendMode = 'avg'
36.2027 	EXP 	window1: blendMode = 'avg'
36.2193 	EXP 	window1: blendMode = 'avg'
36.2357 	EXP 	window1: blendMode = 'avg'
36.2527 	EXP 	window1: blendMode = 'avg'
36.2688 	EXP 	window1: blendMode = 'avg'
36.2859 	EXP 	window1: blendMode = 'avg'
36.3026 	EXP 	window1: blendMode = 'avg'
36.3192 	EXP 	window1: blendMode = 'avg'
36.3369 	DATA 	Keypress: space
36.3741 	EXP 	window1: blendMode = 'avg'
36.3845 	EXP 	image_paw2: autoDraw = False
36.3845 	EXP 	text_2: autoDraw = False
36.3845 	EXP 	image_paw3: image = u'min3.png'
36.3845 	EXP 	text_3: color = 'black (named)'
36.3845 	EXP 	image_paw3: autoDraw = True
36.3845 	EXP 	text_3: autoDraw = True
36.3853 	EXP 	window1: blendMode = 'avg'
36.4026 	EXP 	window1: blendMode = 'avg'
36.4195 	EXP 	window1: blendMode = 'avg'
36.4359 	EXP 	window1: blendMode = 'avg'
36.4527 	EXP 	window1: blendMode = 'avg'
36.4692 	EXP 	window1: blendMode = 'avg'
36.4861 	EXP 	window1: blendMode = 'avg'
36.5026 	EXP 	window1: blendMode = 'avg'
36.5189 	EXP 	window1: blendMode = 'avg'
36.5359 	EXP 	window1: blendMode = 'avg'
36.5526 	EXP 	window1: blendMode = 'avg'
36.5692 	EXP 	window1: blendMode = 'avg'
36.5862 	EXP 	window1: blendMode = 'avg'
36.6026 	EXP 	window1: blendMode = 'avg'
36.6194 	EXP 	window1: blendMode = 'avg'
36.6372 	EXP 	window1: blendMode = 'avg'
36.6526 	EXP 	window1: blendMode = 'avg'
36.6689 	EXP 	window1: blendMode = 'avg'
36.6859 	EXP 	window1: blendMode = 'avg'
36.7024 	EXP 	window1: blendMode = 'avg'
36.7194 	EXP 	window1: blendMode = 'avg'
36.7359 	EXP 	window1: blendMode = 'avg'
36.7530 	EXP 	window1: blendMode = 'avg'
36.7690 	EXP 	window1: blendMode = 'avg'
36.7860 	EXP 	window1: blendMode = 'avg'
36.8027 	EXP 	window1: blendMode = 'avg'
36.8193 	EXP 	window1: blendMode = 'avg'
36.8359 	EXP 	window1: blendMode = 'avg'
36.8526 	EXP 	window1: blendMode = 'avg'
36.8687 	EXP 	window1: blendMode = 'avg'
36.8859 	EXP 	window1: blendMode = 'avg'
36.9024 	EXP 	window1: blendMode = 'avg'
36.9195 	EXP 	window1: blendMode = 'avg'
36.9360 	EXP 	window1: blendMode = 'avg'
36.9526 	EXP 	window1: blendMode = 'avg'
36.9686 	EXP 	window1: blendMode = 'avg'
36.9859 	EXP 	window1: blendMode = 'avg'
37.0027 	EXP 	window1: blendMode = 'avg'
37.0192 	EXP 	window1: blendMode = 'avg'
37.0359 	EXP 	window1: blendMode = 'avg'
37.0529 	EXP 	window1: blendMode = 'avg'
37.0688 	EXP 	window1: blendMode = 'avg'
37.0858 	EXP 	window1: blendMode = 'avg'
37.1028 	EXP 	window1: blendMode = 'avg'
37.1191 	EXP 	window1: blendMode = 'avg'
37.1361 	EXP 	window1: blendMode = 'avg'
37.1524 	EXP 	window1: blendMode = 'avg'
37.1695 	EXP 	window1: blendMode = 'avg'
37.1857 	EXP 	window1: blendMode = 'avg'
37.2027 	EXP 	window1: blendMode = 'avg'
37.2190 	EXP 	window1: blendMode = 'avg'
37.2360 	EXP 	window1: blendMode = 'avg'
37.2520 	EXP 	window1: blendMode = 'avg'
37.2688 	EXP 	window1: blendMode = 'avg'
37.2859 	EXP 	window1: blendMode = 'avg'
37.3026 	EXP 	window1: blendMode = 'avg'
37.3193 	EXP 	window1: blendMode = 'avg'
37.3359 	EXP 	window1: blendMode = 'avg'
37.3529 	EXP 	window1: blendMode = 'avg'
37.3692 	EXP 	window1: blendMode = 'avg'
37.3862 	EXP 	window1: blendMode = 'avg'
37.4026 	EXP 	window1: blendMode = 'avg'
37.4193 	EXP 	window1: blendMode = 'avg'
37.4374 	DATA 	Keypress: escape
