5.3091 	WARNING 	User requested fullscreen with size [1440  900], but screen is actually [1366, 768]. Using actual size
6.3833 	EXP 	Created window1 = Window(allowGUI=False, allowStencil=False, autoLog=True, bitsMode=UNKNOWN, blendMode='avg', color=array([ 0.,  0.,  0.]), colorSpace='rgb', fullscr=UNKNOWN, gamma=None, lms=UNKNOWN, monitor=<psychopy.monitors.calibTools.Monitor object at 0x18811150>, multiSample=False, name='window1', numSamples=2, pos=[0, 0], screen=0, size=array([1366,  768]), stereo=False, units=u'norm', useFBO=True, useRetina=False, viewOri=0.0, viewPos=None, viewScale=None, waitBlanking=True, winType='pyglet')
6.3834 	EXP 	window1: recordFrameIntervals = False
6.5482 	EXP 	window1: recordFrameIntervals = True
6.7323 	EXP 	window1: recordFrameIntervals = False
6.8843 	EXP 	Created instructionsGeneral = TextStim(alignHoriz='center', alignVert='center', antialias=True, autoLog=True, bold=False, color=array([ 1.,  1.,  1.]), colorSpace='rgb', contrast=1.0, depth=0.0, flipHoriz=False, flipVert=False, font='Arial', fontFiles=[], height=0.1, italic=False, name='instructionsGeneral', opacity=1.0, ori=0, pos=array([ 0.,  0.]), rgb=array([ 1.,  1.,  1.]), text=unicode(...), units=u'norm', win=Window(...), wrapWidth=1)
6.8899 	EXP 	Created image_paw1 = ImageStim(autoLog=True, color=array([ 1.,  1.,  1.]), colorSpace='rgb', contrast=1.0, depth=0.0, flipHoriz=False, flipVert=False, image='sin', interpolate=True, mask=None, maskParams=None, name='image_paw1', opacity=1.0, ori=0.0, pos=array([ 0.,  0.]), size=array([ 2. ,  2.5]), texRes=128, units=u'norm', win=Window(...))
6.8958 	EXP 	Created text = TextStim(alignHoriz='center', alignVert='center', antialias=True, autoLog=True, bold=False, color=array([ 1.,  1.,  1.]), colorSpace='rgb', contrast=1.0, depth=-1.0, flipHoriz=False, flipVert=False, font='Arial', fontFiles=[], height=0.1, italic=False, name='text', opacity=1.0, ori=0, pos=array([ 0. ,  0.8]), rgb=array([ 1.,  1.,  1.]), text=u'  ', units=u'norm', win=Window(...), wrapWidth=1)
6.9074 	EXP 	Created text_5 = TextStim(alignHoriz='center', alignVert='center', antialias=True, autoLog=True, bold=False, color='white', colorSpace='named', contrast=1.0, depth=0.0, flipHoriz=False, flipVert=False, font='Arial', fontFiles=[], height=0.1, italic=False, name='text_5', opacity=1.0, ori=0, pos=array([ 0.,  0.]), rgb=array([ 255.,  255.,  255.]), text=u'Get Ready... ', units=u'norm', win=Window(...), wrapWidth=1)
6.9142 	EXP 	Created text_6 = TextStim(alignHoriz='center', alignVert='center', antialias=True, autoLog=True, bold=False, color='white', colorSpace='named', contrast=1.0, depth=-1.0, flipHoriz=False, flipVert=False, font='Arial', fontFiles=[], height=0.1, italic=False, name='text_6', opacity=1.0, ori=0, pos=array([ 0.,  0.]), rgb=array([ 255.,  255.,  255.]), text=u'GO!', units=u'norm', win=Window(...), wrapWidth=1)
6.9175 	EXP 	Created image = ImageStim(autoLog=True, color=array([ 1.,  1.,  1.]), colorSpace='rgb', contrast=1.0, depth=0.0, flipHoriz=False, flipVert=False, image='sin', interpolate=True, mask=None, maskParams=None, name='image', opacity=1.0, ori=0.0, pos=array([ 0.,  0.]), size=array([ 2. ,  2.5]), texRes=128, units=u'norm', win=Window(...))
6.9201 	EXP 	Created blankImage = ImageStim(autoLog=True, color=array([ 1.,  1.,  1.]), colorSpace='rgb', contrast=1.0, depth=0.0, flipHoriz=False, flipVert=False, image='sin', interpolate=True, mask=None, maskParams=None, name='blankImage', opacity=1.0, ori=0.0, pos=array([ 0.,  0.]), size=array([ 2. ,  2.5]), texRes=128, units=u'norm', win=Window(...))
6.9354 	EXP 	Created text_7 = TextStim(alignHoriz='center', alignVert='center', antialias=True, autoLog=True, bold=False, color='white', colorSpace='named', contrast=1.0, depth=0.0, flipHoriz=False, flipVert=False, font='Arial', fontFiles=[], height=0.1, italic=False, name='text_7', opacity=1.0, ori=0, pos=array([ 0.,  0.]), rgb=array([ 255.,  255.,  255.]), text=unicode(...), units=u'norm', win=Window(...), wrapWidth=1)
6.9536 	EXP 	Created instructions3 = TextStim(alignHoriz='center', alignVert='center', antialias=True, autoLog=True, bold=False, color='white', colorSpace='named', contrast=1.0, depth=0.0, flipHoriz=False, flipVert=False, font='Arial', fontFiles=[], height=0.1, italic=False, name='instructions3', opacity=1.0, ori=0, pos=array([ 0.,  0.]), rgb=array([ 255.,  255.,  255.]), text=unicode(...), units=u'norm', win=Window(...), wrapWidth=1)
6.9557 	EXP 	Created pos1 = ImageStim(autoLog=True, color=array([ 1.,  1.,  1.]), colorSpace='rgb', contrast=1.0, depth=0.0, flipHoriz=False, flipVert=False, image='sin', interpolate=True, mask=None, maskParams=None, name='pos1', opacity=1.0, ori=0.0, pos=array([ 0.,  0.]), size=array([ 2. ,  2.5]), texRes=128, units=u'norm', win=Window(...))
6.9577 	EXP 	Created image_3 = ImageStim(autoLog=True, color=array([ 1.,  1.,  1.]), colorSpace='rgb', contrast=1.0, depth=0.0, flipHoriz=False, flipVert=False, image='sin', interpolate=True, mask=None, maskParams=None, name='image_3', opacity=1.0, ori=0.0, pos=array([ 0.,  0.]), size=array([ 2. ,  2.5]), texRes=128, units=u'norm', win=Window(...))
6.9597 	EXP 	Created image_4 = ImageStim(autoLog=True, color=array([ 1.,  1.,  1.]), colorSpace='rgb', contrast=1.0, depth=0.0, flipHoriz=False, flipVert=False, image='sin', interpolate=True, mask=None, maskParams=None, name='image_4', opacity=1.0, ori=0.0, pos=array([ 0.,  0.]), size=array([ 2. ,  2.5]), texRes=128, units=u'norm', win=Window(...))
6.9619 	EXP 	Created image_5 = ImageStim(autoLog=True, color=array([ 1.,  1.,  1.]), colorSpace='rgb', contrast=1.0, depth=0.0, flipHoriz=False, flipVert=False, image='sin', interpolate=True, mask=None, maskParams=None, name='image_5', opacity=1.0, ori=0.0, pos=array([ 0.,  0.]), size=array([ 2. ,  2.5]), texRes=128, units=u'norm', win=Window(...))
6.9797 	EXP 	Created goodJob = TextStim(alignHoriz='center', alignVert='center', antialias=True, autoLog=True, bold=False, color='white', colorSpace='named', contrast=1.0, depth=0.0, flipHoriz=False, flipVert=False, font='Arial', fontFiles=[], height=0.1, italic=False, name='goodJob', opacity=1.0, ori=0, pos=array([ 0.,  0.]), rgb=array([ 255.,  255.,  255.]), text=unicode(...), units=u'norm', win=Window(...), wrapWidth=1)
6.9828 	EXP 	Created instructionsGeneral = TextStim(alignHoriz='center', alignVert='center', antialias=True, autoLog=True, bold=False, color=array([ 1.,  1.,  1.]), colorSpace='rgb', contrast=1.0, depth=0.0, flipHoriz=False, flipVert=False, font='Arial', fontFiles=[], height=0.1, italic=False, name='instructionsGeneral', opacity=1.0, ori=0, pos=array([ 0.,  0.]), rgb=array([ 1.,  1.,  1.]), text=u' ', units=u'norm', win=Window(...), wrapWidth=1)
6.9848 	EXP 	Created Qimage = ImageStim(autoLog=True, color=array([ 1.,  1.,  1.]), colorSpace='rgb', contrast=1.0, depth=0.0, flipHoriz=False, flipVert=False, image='sin', interpolate=True, mask=None, maskParams=None, name='Qimage', opacity=1.0, ori=0.0, pos=array([ 0.,  0.]), size=array([ 2. ,  2.5]), texRes=128, units=u'norm', win=Window(...))
6.9878 	EXP 	Created text = TextStim(alignHoriz='center', alignVert='center', antialias=True, autoLog=True, bold=False, color=array([ 1.,  1.,  1.]), colorSpace='rgb', contrast=1.0, depth=-1.0, flipHoriz=False, flipVert=False, font='Arial', fontFiles=[], height=0.1, italic=False, name='text', opacity=1.0, ori=0, pos=array([ 0. ,  0.8]), rgb=array([ 1.,  1.,  1.]), text=u'  ', units=u'norm', win=Window(...), wrapWidth=1)
6.9899 	EXP 	Created Qs = ImageStim(autoLog=True, color=array([ 1.,  1.,  1.]), colorSpace='rgb', contrast=1.0, depth=0.0, flipHoriz=False, flipVert=False, image='sin', interpolate=True, mask=None, maskParams=None, name='Qs', opacity=1.0, ori=0.0, pos=array([ 0.,  0.]), size=array([ 2. ,  2.5]), texRes=128, units=u'norm', win=Window(...))
6.9919 	EXP 	Created blankImage = ImageStim(autoLog=True, color=array([ 1.,  1.,  1.]), colorSpace='rgb', contrast=1.0, depth=0.0, flipHoriz=False, flipVert=False, image='sin', interpolate=True, mask=None, maskParams=None, name='blankImage', opacity=1.0, ori=0.0, pos=array([ 0.,  0.]), size=array([ 2. ,  2.5]), texRes=128, units=u'norm', win=Window(...))
7.0063 	EXP 	Created goodJob = TextStim(alignHoriz='center', alignVert='center', antialias=True, autoLog=True, bold=False, color='white', colorSpace='named', contrast=1.0, depth=0.0, flipHoriz=False, flipVert=False, font='Arial', fontFiles=[], height=0.1, italic=False, name='goodJob', opacity=1.0, ori=0, pos=array([ 0.,  0.]), rgb=array([ 255.,  255.,  255.]), text=unicode(...), units=u'norm', win=Window(...), wrapWidth=1)
7.0181 	EXP 	Created Thank you for playing! = TextStim(alignHoriz='center', alignVert='center', antialias=True, autoLog=True, bold=False, color='white', colorSpace='named', contrast=1.0, depth=0.0, flipHoriz=False, flipVert=False, font='Arial', fontFiles=[], height=0.1, italic=False, name='Thank you for playing!', opacity=1.0, ori=0, pos=array([ 0.,  0.]), rgb=array([ 255.,  255.,  255.]), text=unicode(...), units=u'norm', win=Window(...), wrapWidth=1)
7.0189 	EXP 	window1: blendMode = 'avg'
7.0262 	EXP 	instructionsGeneral: color = 'white (named)'
7.0262 	EXP 	instructionsGeneral: autoDraw = True
7.0267 	EXP 	window1: blendMode = 'avg'
7.0459 	EXP 	window1: blendMode = 'avg'
7.0637 	EXP 	window1: blendMode = 'avg'
7.0829 	EXP 	window1: blendMode = 'avg'
7.0996 	EXP 	window1: blendMode = 'avg'
7.1164 	EXP 	window1: blendMode = 'avg'
7.1338 	EXP 	window1: blendMode = 'avg'
7.1504 	EXP 	window1: blendMode = 'avg'
7.1670 	EXP 	window1: blendMode = 'avg'
7.1835 	EXP 	window1: blendMode = 'avg'
7.2003 	EXP 	window1: blendMode = 'avg'
7.2170 	EXP 	window1: blendMode = 'avg'
7.2338 	EXP 	window1: blendMode = 'avg'
7.2503 	EXP 	window1: blendMode = 'avg'
7.2671 	EXP 	window1: blendMode = 'avg'
7.2840 	EXP 	window1: blendMode = 'avg'
7.3001 	EXP 	window1: blendMode = 'avg'
7.3172 	EXP 	window1: blendMode = 'avg'
7.3336 	EXP 	window1: blendMode = 'avg'
7.3504 	EXP 	window1: blendMode = 'avg'
7.3669 	EXP 	window1: blendMode = 'avg'
7.3834 	EXP 	window1: blendMode = 'avg'
7.4002 	EXP 	window1: blendMode = 'avg'
7.4168 	EXP 	window1: blendMode = 'avg'
7.4340 	EXP 	window1: blendMode = 'avg'
7.4505 	EXP 	window1: blendMode = 'avg'
7.4674 	EXP 	window1: blendMode = 'avg'
7.4838 	EXP 	window1: blendMode = 'avg'
7.5001 	EXP 	window1: blendMode = 'avg'
7.5169 	EXP 	window1: blendMode = 'avg'
7.5338 	EXP 	window1: blendMode = 'avg'
7.5501 	EXP 	window1: blendMode = 'avg'
7.5667 	EXP 	window1: blendMode = 'avg'
7.5834 	EXP 	window1: blendMode = 'avg'
7.6001 	EXP 	window1: blendMode = 'avg'
7.6169 	EXP 	window1: blendMode = 'avg'
7.6344 	EXP 	window1: blendMode = 'avg'
7.6516 	EXP 	window1: blendMode = 'avg'
7.6683 	EXP 	window1: blendMode = 'avg'
7.6844 	EXP 	window1: blendMode = 'avg'
7.7011 	EXP 	window1: blendMode = 'avg'
7.7179 	EXP 	window1: blendMode = 'avg'
7.7347 	EXP 	window1: blendMode = 'avg'
7.7511 	EXP 	window1: blendMode = 'avg'
7.7677 	EXP 	window1: blendMode = 'avg'
7.7839 	EXP 	window1: blendMode = 'avg'
7.8009 	EXP 	window1: blendMode = 'avg'
7.8177 	EXP 	window1: blendMode = 'avg'
7.8343 	EXP 	window1: blendMode = 'avg'
7.8508 	EXP 	window1: blendMode = 'avg'
7.8675 	EXP 	window1: blendMode = 'avg'
7.8844 	EXP 	window1: blendMode = 'avg'
7.9004 	EXP 	window1: blendMode = 'avg'
7.9170 	EXP 	window1: blendMode = 'avg'
7.9344 	EXP 	window1: blendMode = 'avg'
7.9508 	EXP 	window1: blendMode = 'avg'
7.9673 	EXP 	window1: blendMode = 'avg'
7.9841 	EXP 	window1: blendMode = 'avg'
8.0009 	EXP 	window1: blendMode = 'avg'
8.0179 	EXP 	window1: blendMode = 'avg'
8.0339 	EXP 	window1: blendMode = 'avg'
8.0515 	EXP 	window1: blendMode = 'avg'
8.0674 	EXP 	window1: blendMode = 'avg'
8.0839 	EXP 	window1: blendMode = 'avg'
8.1005 	EXP 	window1: blendMode = 'avg'
8.1296 	DATA 	Mouse: Left button down, pos=(339,350)
8.1325 	EXP 	window1: blendMode = 'avg'
8.1412 	EXP 	window1: blendMode = 'avg'
8.1508 	EXP 	window1: blendMode = 'avg'
8.1757 	DATA 	Mouse:  Left button up, pos=(339,350)
8.1765 	EXP 	window1: blendMode = 'avg'
8.1959 	EXP 	window1: blendMode = 'avg'
8.2172 	EXP 	window1: blendMode = 'avg'
8.2343 	EXP 	window1: blendMode = 'avg'
8.2508 	EXP 	window1: blendMode = 'avg'
8.2672 	EXP 	window1: blendMode = 'avg'
8.2837 	EXP 	window1: blendMode = 'avg'
8.3007 	EXP 	window1: blendMode = 'avg'
8.3171 	EXP 	window1: blendMode = 'avg'
8.3338 	EXP 	window1: blendMode = 'avg'
8.3504 	EXP 	window1: blendMode = 'avg'
8.3683 	EXP 	window1: blendMode = 'avg'
8.3837 	EXP 	window1: blendMode = 'avg'
8.4003 	EXP 	window1: blendMode = 'avg'
8.4172 	EXP 	window1: blendMode = 'avg'
8.4344 	EXP 	window1: blendMode = 'avg'
8.4507 	EXP 	window1: blendMode = 'avg'
8.4670 	EXP 	window1: blendMode = 'avg'
8.4840 	EXP 	window1: blendMode = 'avg'
8.5007 	EXP 	window1: blendMode = 'avg'
8.5173 	EXP 	window1: blendMode = 'avg'
8.5339 	EXP 	window1: blendMode = 'avg'
8.5512 	EXP 	window1: blendMode = 'avg'
8.5670 	EXP 	window1: blendMode = 'avg'
8.5838 	EXP 	window1: blendMode = 'avg'
8.6004 	EXP 	window1: blendMode = 'avg'
8.6177 	EXP 	window1: blendMode = 'avg'
8.6338 	EXP 	window1: blendMode = 'avg'
8.6506 	EXP 	window1: blendMode = 'avg'
8.6674 	EXP 	window1: blendMode = 'avg'
8.6844 	EXP 	window1: blendMode = 'avg'
8.7011 	EXP 	window1: blendMode = 'avg'
8.7172 	EXP 	window1: blendMode = 'avg'
8.7340 	EXP 	window1: blendMode = 'avg'
8.7510 	EXP 	window1: blendMode = 'avg'
8.7671 	EXP 	window1: blendMode = 'avg'
8.7837 	EXP 	window1: blendMode = 'avg'
8.8008 	EXP 	window1: blendMode = 'avg'
8.8170 	EXP 	window1: blendMode = 'avg'
8.8340 	EXP 	window1: blendMode = 'avg'
8.8517 	EXP 	window1: blendMode = 'avg'
8.8679 	DATA 	Keypress: space
8.8695 	EXP 	window1: blendMode = 'avg'
8.9597 	EXP 	Imported images/pawStimuli1.xlsx as conditions, 1 conditions, 5 params
8.9601 	EXP 	Created sequence: sequential, trialTypes=1, nReps=1, seed=None
8.9612 	EXP 	New trial (rep=0, index=0): {u'pawPatrol1': u'min1.png', u'pawPatrol2': u'min2.png', u'pawPatrol3': u'min3.png', u'pawPatrol4': u'min4.png', u'blank': u'allBlank.png'}
9.0461 	EXP 	window1: blendMode = 'avg'
9.0533 	EXP 	instructionsGeneral: autoDraw = False
9.0533 	EXP 	image_paw1: image = 'images/practiceMin1.png'
9.0533 	EXP 	text: color = 'black (named)'
9.0533 	EXP 	image_paw1: autoDraw = True
9.0533 	EXP 	text: autoDraw = True
9.0549 	EXP 	window1: blendMode = 'avg'
9.0661 	EXP 	window1: blendMode = 'avg'
9.0836 	EXP 	window1: blendMode = 'avg'
9.1008 	EXP 	window1: blendMode = 'avg'
9.1178 	EXP 	window1: blendMode = 'avg'
9.1336 	EXP 	window1: blendMode = 'avg'
9.1500 	EXP 	window1: blendMode = 'avg'
9.1666 	EXP 	window1: blendMode = 'avg'
9.1840 	EXP 	window1: blendMode = 'avg'
9.1999 	EXP 	window1: blendMode = 'avg'
9.2167 	EXP 	window1: blendMode = 'avg'
9.2337 	EXP 	window1: blendMode = 'avg'
9.2499 	EXP 	window1: blendMode = 'avg'
9.2665 	EXP 	window1: blendMode = 'avg'
9.2833 	EXP 	window1: blendMode = 'avg'
9.3002 	EXP 	window1: blendMode = 'avg'
9.3168 	EXP 	window1: blendMode = 'avg'
9.3335 	EXP 	window1: blendMode = 'avg'
9.3500 	EXP 	window1: blendMode = 'avg'
9.3668 	EXP 	window1: blendMode = 'avg'
9.3833 	EXP 	window1: blendMode = 'avg'
9.3998 	EXP 	window1: blendMode = 'avg'
9.4166 	EXP 	window1: blendMode = 'avg'
9.4335 	EXP 	window1: blendMode = 'avg'
9.4499 	EXP 	window1: blendMode = 'avg'
9.4665 	EXP 	window1: blendMode = 'avg'
9.4843 	EXP 	window1: blendMode = 'avg'
9.5001 	EXP 	window1: blendMode = 'avg'
9.5165 	EXP 	window1: blendMode = 'avg'
9.5333 	EXP 	window1: blendMode = 'avg'
9.5502 	EXP 	window1: blendMode = 'avg'
9.5665 	EXP 	window1: blendMode = 'avg'
9.5832 	EXP 	window1: blendMode = 'avg'
9.5998 	EXP 	window1: blendMode = 'avg'
9.6169 	EXP 	window1: blendMode = 'avg'
9.6332 	EXP 	window1: blendMode = 'avg'
9.6498 	EXP 	window1: blendMode = 'avg'
9.6663 	EXP 	window1: blendMode = 'avg'
9.6828 	EXP 	window1: blendMode = 'avg'
9.6995 	EXP 	window1: blendMode = 'avg'
9.7160 	EXP 	window1: blendMode = 'avg'
9.7333 	EXP 	window1: blendMode = 'avg'
9.7494 	EXP 	window1: blendMode = 'avg'
9.7659 	EXP 	window1: blendMode = 'avg'
9.7826 	EXP 	window1: blendMode = 'avg'
9.7997 	EXP 	window1: blendMode = 'avg'
9.8159 	EXP 	window1: blendMode = 'avg'
9.8325 	EXP 	window1: blendMode = 'avg'
9.8491 	EXP 	window1: blendMode = 'avg'
9.8663 	EXP 	window1: blendMode = 'avg'
9.8827 	EXP 	window1: blendMode = 'avg'
9.8991 	EXP 	window1: blendMode = 'avg'
9.9158 	EXP 	window1: blendMode = 'avg'
9.9329 	EXP 	window1: blendMode = 'avg'
9.9493 	EXP 	window1: blendMode = 'avg'
9.9662 	EXP 	window1: blendMode = 'avg'
9.9831 	EXP 	window1: blendMode = 'avg'
9.9992 	EXP 	window1: blendMode = 'avg'
10.0160 	EXP 	window1: blendMode = 'avg'
10.0326 	EXP 	window1: blendMode = 'avg'
10.0503 	EXP 	window1: blendMode = 'avg'
10.0659 	EXP 	window1: blendMode = 'avg'
10.0828 	EXP 	window1: blendMode = 'avg'
10.0993 	EXP 	window1: blendMode = 'avg'
10.1163 	EXP 	window1: blendMode = 'avg'
10.1328 	EXP 	window1: blendMode = 'avg'
10.1499 	EXP 	window1: blendMode = 'avg'
10.1667 	EXP 	window1: blendMode = 'avg'
10.1842 	EXP 	window1: blendMode = 'avg'
10.1998 	EXP 	window1: blendMode = 'avg'
10.2166 	EXP 	window1: blendMode = 'avg'
10.2341 	EXP 	window1: blendMode = 'avg'
10.2501 	EXP 	window1: blendMode = 'avg'
10.2667 	EXP 	window1: blendMode = 'avg'
10.2832 	EXP 	window1: blendMode = 'avg'
10.3001 	EXP 	window1: blendMode = 'avg'
10.3169 	EXP 	window1: blendMode = 'avg'
10.3333 	EXP 	window1: blendMode = 'avg'
10.3499 	EXP 	window1: blendMode = 'avg'
10.3676 	EXP 	window1: blendMode = 'avg'
10.3840 	EXP 	window1: blendMode = 'avg'
10.4006 	EXP 	window1: blendMode = 'avg'
10.4183 	EXP 	window1: blendMode = 'avg'
10.4351 	EXP 	window1: blendMode = 'avg'
10.4509 	EXP 	window1: blendMode = 'avg'
10.4654 	EXP 	window1: blendMode = 'avg'
10.4831 	EXP 	window1: blendMode = 'avg'
10.4993 	EXP 	window1: blendMode = 'avg'
10.5158 	EXP 	window1: blendMode = 'avg'
10.5309 	EXP 	window1: blendMode = 'avg'
10.5477 	DATA 	Keypress: num_7
10.5485 	EXP 	window1: blendMode = 'avg'
10.5645 	EXP 	window1: blendMode = 'avg'
10.5810 	EXP 	window1: blendMode = 'avg'
10.5972 	EXP 	window1: blendMode = 'avg'
10.6169 	EXP 	window1: blendMode = 'avg'
10.6330 	EXP 	window1: blendMode = 'avg'
10.6497 	EXP 	window1: blendMode = 'avg'
10.6664 	EXP 	window1: blendMode = 'avg'
10.6836 	EXP 	window1: blendMode = 'avg'
10.6998 	EXP 	window1: blendMode = 'avg'
10.7164 	EXP 	window1: blendMode = 'avg'
10.7339 	EXP 	window1: blendMode = 'avg'
10.7503 	EXP 	window1: blendMode = 'avg'
10.7665 	EXP 	window1: blendMode = 'avg'
10.7831 	EXP 	window1: blendMode = 'avg'
10.8000 	EXP 	window1: blendMode = 'avg'
10.8165 	EXP 	window1: blendMode = 'avg'
10.8331 	EXP 	window1: blendMode = 'avg'
10.8495 	EXP 	window1: blendMode = 'avg'
10.8663 	EXP 	window1: blendMode = 'avg'
10.8825 	EXP 	window1: blendMode = 'avg'
10.8991 	EXP 	window1: blendMode = 'avg'
10.9167 	EXP 	window1: blendMode = 'avg'
10.9334 	EXP 	window1: blendMode = 'avg'
10.9477 	EXP 	window1: blendMode = 'avg'
10.9643 	EXP 	window1: blendMode = 'avg'
10.9835 	EXP 	window1: blendMode = 'avg'
10.9998 	EXP 	window1: blendMode = 'avg'
11.0163 	EXP 	window1: blendMode = 'avg'
11.0326 	EXP 	window1: blendMode = 'avg'
11.0497 	EXP 	window1: blendMode = 'avg'
11.0659 	EXP 	window1: blendMode = 'avg'
11.0825 	EXP 	window1: blendMode = 'avg'
11.0991 	EXP 	window1: blendMode = 'avg'
11.1161 	EXP 	window1: blendMode = 'avg'
11.1325 	EXP 	window1: blendMode = 'avg'
11.1492 	EXP 	window1: blendMode = 'avg'
11.1657 	EXP 	window1: blendMode = 'avg'
11.1826 	EXP 	window1: blendMode = 'avg'
11.1990 	EXP 	window1: blendMode = 'avg'
11.2161 	EXP 	window1: blendMode = 'avg'
11.2337 	EXP 	window1: blendMode = 'avg'
11.2504 	EXP 	window1: blendMode = 'avg'
11.2659 	EXP 	window1: blendMode = 'avg'
11.2839 	EXP 	window1: blendMode = 'avg'
11.2995 	EXP 	window1: blendMode = 'avg'
11.3158 	EXP 	window1: blendMode = 'avg'
11.3325 	EXP 	window1: blendMode = 'avg'
11.3490 	EXP 	window1: blendMode = 'avg'
11.3661 	EXP 	window1: blendMode = 'avg'
11.3836 	EXP 	window1: blendMode = 'avg'
11.3999 	EXP 	window1: blendMode = 'avg'
11.4165 	EXP 	window1: blendMode = 'avg'
11.4310 	EXP 	window1: blendMode = 'avg'
11.4474 	EXP 	window1: blendMode = 'avg'
11.4642 	EXP 	window1: blendMode = 'avg'
11.4823 	EXP 	window1: blendMode = 'avg'
11.4992 	EXP 	window1: blendMode = 'avg'
11.5157 	EXP 	window1: blendMode = 'avg'
11.5325 	EXP 	window1: blendMode = 'avg'
11.5495 	EXP 	window1: blendMode = 'avg'
11.5657 	EXP 	window1: blendMode = 'avg'
11.5824 	EXP 	window1: blendMode = 'avg'
11.5992 	EXP 	window1: blendMode = 'avg'
11.6162 	EXP 	window1: blendMode = 'avg'
11.6317 	DATA 	Keypress: space
11.6834 	EXP 	window1: blendMode = 'avg'
11.6888 	EXP 	image_paw1: autoDraw = False
11.6888 	EXP 	text: autoDraw = False
11.6888 	EXP 	image_paw1: image = 'images/practiceMin2.png'
11.6888 	EXP 	text: color = 'black (named)'
11.6888 	EXP 	image_paw1: autoDraw = True
11.6888 	EXP 	text: autoDraw = True
11.6898 	EXP 	window1: blendMode = 'avg'
11.6974 	EXP 	window1: blendMode = 'avg'
11.7138 	EXP 	window1: blendMode = 'avg'
11.7327 	EXP 	window1: blendMode = 'avg'
11.7488 	EXP 	window1: blendMode = 'avg'
11.7659 	EXP 	window1: blendMode = 'avg'
11.7821 	EXP 	window1: blendMode = 'avg'
11.7990 	EXP 	window1: blendMode = 'avg'
11.8137 	EXP 	window1: blendMode = 'avg'
11.8317 	EXP 	window1: blendMode = 'avg'
11.8477 	EXP 	window1: blendMode = 'avg'
11.8652 	EXP 	window1: blendMode = 'avg'
11.8820 	EXP 	window1: blendMode = 'avg'
11.8983 	EXP 	window1: blendMode = 'avg'
11.9134 	EXP 	window1: blendMode = 'avg'
11.9306 	EXP 	window1: blendMode = 'avg'
11.9476 	EXP 	window1: blendMode = 'avg'
11.9659 	EXP 	window1: blendMode = 'avg'
11.9825 	EXP 	window1: blendMode = 'avg'
11.9985 	EXP 	window1: blendMode = 'avg'
12.0151 	EXP 	window1: blendMode = 'avg'
12.0324 	EXP 	window1: blendMode = 'avg'
12.0486 	DATA 	Keypress: num_4
12.0500 	EXP 	window1: blendMode = 'avg'
12.0665 	EXP 	window1: blendMode = 'avg'
12.0825 	EXP 	window1: blendMode = 'avg'
12.0995 	EXP 	window1: blendMode = 'avg'
12.1169 	EXP 	window1: blendMode = 'avg'
12.1330 	EXP 	window1: blendMode = 'avg'
12.1491 	EXP 	window1: blendMode = 'avg'
12.1663 	EXP 	window1: blendMode = 'avg'
12.1838 	EXP 	window1: blendMode = 'avg'
12.2001 	EXP 	window1: blendMode = 'avg'
12.2160 	EXP 	window1: blendMode = 'avg'
12.2341 	EXP 	window1: blendMode = 'avg'
12.2509 	EXP 	window1: blendMode = 'avg'
12.2660 	EXP 	window1: blendMode = 'avg'
12.2824 	EXP 	window1: blendMode = 'avg'
12.2993 	EXP 	window1: blendMode = 'avg'
12.3156 	EXP 	window1: blendMode = 'avg'
12.3324 	EXP 	window1: blendMode = 'avg'
12.3492 	EXP 	window1: blendMode = 'avg'
12.3661 	EXP 	window1: blendMode = 'avg'
12.3821 	EXP 	window1: blendMode = 'avg'
12.3990 	EXP 	window1: blendMode = 'avg'
12.4163 	EXP 	window1: blendMode = 'avg'
12.4322 	EXP 	window1: blendMode = 'avg'
12.4488 	EXP 	window1: blendMode = 'avg'
12.4652 	EXP 	window1: blendMode = 'avg'
12.4823 	EXP 	window1: blendMode = 'avg'
12.4989 	EXP 	window1: blendMode = 'avg'
12.5152 	EXP 	window1: blendMode = 'avg'
12.5321 	EXP 	window1: blendMode = 'avg'
12.5489 	EXP 	window1: blendMode = 'avg'
12.5654 	EXP 	window1: blendMode = 'avg'
12.5818 	EXP 	window1: blendMode = 'avg'
12.5986 	EXP 	window1: blendMode = 'avg'
12.6155 	EXP 	window1: blendMode = 'avg'
12.6320 	EXP 	window1: blendMode = 'avg'
12.6490 	EXP 	window1: blendMode = 'avg'
12.6657 	EXP 	window1: blendMode = 'avg'
12.6829 	EXP 	window1: blendMode = 'avg'
12.6990 	EXP 	window1: blendMode = 'avg'
12.7159 	EXP 	window1: blendMode = 'avg'
12.7331 	EXP 	window1: blendMode = 'avg'
12.7492 	EXP 	window1: blendMode = 'avg'
12.7657 	EXP 	window1: blendMode = 'avg'
12.7822 	EXP 	window1: blendMode = 'avg'
12.7994 	EXP 	window1: blendMode = 'avg'
12.8157 	EXP 	window1: blendMode = 'avg'
12.8327 	EXP 	window1: blendMode = 'avg'
12.8492 	EXP 	window1: blendMode = 'avg'
12.8661 	EXP 	window1: blendMode = 'avg'
12.8824 	EXP 	window1: blendMode = 'avg'
12.8990 	EXP 	window1: blendMode = 'avg'
12.9158 	EXP 	window1: blendMode = 'avg'
12.9329 	EXP 	window1: blendMode = 'avg'
12.9492 	EXP 	window1: blendMode = 'avg'
12.9661 	EXP 	window1: blendMode = 'avg'
12.9824 	EXP 	window1: blendMode = 'avg'
12.9992 	EXP 	window1: blendMode = 'avg'
13.0155 	EXP 	window1: blendMode = 'avg'
13.0329 	EXP 	window1: blendMode = 'avg'
13.0495 	EXP 	window1: blendMode = 'avg'
13.0656 	EXP 	window1: blendMode = 'avg'
13.0824 	EXP 	window1: blendMode = 'avg'
13.0990 	EXP 	window1: blendMode = 'avg'
13.1158 	EXP 	window1: blendMode = 'avg'
13.1325 	EXP 	window1: blendMode = 'avg'
13.1497 	EXP 	window1: blendMode = 'avg'
13.1662 	EXP 	window1: blendMode = 'avg'
13.1832 	EXP 	window1: blendMode = 'avg'
13.1996 	EXP 	window1: blendMode = 'avg'
13.2162 	EXP 	window1: blendMode = 'avg'
13.2337 	EXP 	window1: blendMode = 'avg'
13.2496 	EXP 	window1: blendMode = 'avg'
13.2661 	EXP 	window1: blendMode = 'avg'
13.2829 	EXP 	window1: blendMode = 'avg'
13.2990 	DATA 	Keypress: num_1
13.3006 	EXP 	window1: blendMode = 'avg'
13.3165 	EXP 	window1: blendMode = 'avg'
13.3328 	EXP 	window1: blendMode = 'avg'
13.3495 	EXP 	window1: blendMode = 'avg'
13.3665 	EXP 	window1: blendMode = 'avg'
13.3828 	EXP 	window1: blendMode = 'avg'
13.3996 	EXP 	window1: blendMode = 'avg'
13.4162 	EXP 	window1: blendMode = 'avg'
13.4332 	EXP 	window1: blendMode = 'avg'
13.4496 	EXP 	window1: blendMode = 'avg'
13.4669 	EXP 	window1: blendMode = 'avg'
13.4836 	EXP 	window1: blendMode = 'avg'
13.4995 	EXP 	window1: blendMode = 'avg'
13.5161 	EXP 	window1: blendMode = 'avg'
13.5332 	EXP 	window1: blendMode = 'avg'
13.5491 	DATA 	Keypress: space
13.6055 	EXP 	window1: blendMode = 'avg'
13.6117 	EXP 	image_paw1: autoDraw = False
13.6117 	EXP 	text: autoDraw = False
13.6117 	EXP 	image_paw1: image = 'images/practiceMin3.png'
13.6117 	EXP 	text: color = 'black (named)'
13.6117 	EXP 	image_paw1: autoDraw = True
13.6117 	EXP 	text: autoDraw = True
13.6127 	EXP 	window1: blendMode = 'avg'
13.6309 	EXP 	window1: blendMode = 'avg'
13.6483 	EXP 	window1: blendMode = 'avg'
13.6656 	EXP 	window1: blendMode = 'avg'
13.6826 	EXP 	window1: blendMode = 'avg'
13.6990 	EXP 	window1: blendMode = 'avg'
13.7156 	EXP 	window1: blendMode = 'avg'
13.7328 	EXP 	window1: blendMode = 'avg'
13.7491 	EXP 	window1: blendMode = 'avg'
13.7655 	EXP 	window1: blendMode = 'avg'
13.7822 	EXP 	window1: blendMode = 'avg'
13.7994 	EXP 	window1: blendMode = 'avg'
13.8155 	EXP 	window1: blendMode = 'avg'
13.8326 	EXP 	window1: blendMode = 'avg'
13.8493 	EXP 	window1: blendMode = 'avg'
13.8660 	EXP 	window1: blendMode = 'avg'
13.8825 	EXP 	window1: blendMode = 'avg'
13.8991 	EXP 	window1: blendMode = 'avg'
13.9156 	EXP 	window1: blendMode = 'avg'
13.9327 	EXP 	window1: blendMode = 'avg'
13.9482 	DATA 	Keypress: num_1
13.9497 	EXP 	window1: blendMode = 'avg'
13.9655 	EXP 	window1: blendMode = 'avg'
13.9823 	EXP 	window1: blendMode = 'avg'
13.9992 	EXP 	window1: blendMode = 'avg'
14.0156 	EXP 	window1: blendMode = 'avg'
14.0324 	EXP 	window1: blendMode = 'avg'
14.0494 	EXP 	window1: blendMode = 'avg'
14.0656 	EXP 	window1: blendMode = 'avg'
14.0823 	EXP 	window1: blendMode = 'avg'
14.0989 	EXP 	window1: blendMode = 'avg'
14.1162 	EXP 	window1: blendMode = 'avg'
14.1327 	EXP 	window1: blendMode = 'avg'
14.1495 	EXP 	window1: blendMode = 'avg'
14.1661 	EXP 	window1: blendMode = 'avg'
14.1833 	EXP 	window1: blendMode = 'avg'
14.1995 	EXP 	window1: blendMode = 'avg'
14.2163 	EXP 	window1: blendMode = 'avg'
14.2337 	EXP 	window1: blendMode = 'avg'
14.2495 	EXP 	window1: blendMode = 'avg'
14.2662 	EXP 	window1: blendMode = 'avg'
14.2826 	EXP 	window1: blendMode = 'avg'
14.2998 	EXP 	window1: blendMode = 'avg'
14.3161 	EXP 	window1: blendMode = 'avg'
14.3328 	EXP 	window1: blendMode = 'avg'
14.3494 	EXP 	window1: blendMode = 'avg'
14.3664 	EXP 	window1: blendMode = 'avg'
14.3828 	EXP 	window1: blendMode = 'avg'
14.3995 	EXP 	window1: blendMode = 'avg'
14.4162 	EXP 	window1: blendMode = 'avg'
14.4333 	EXP 	window1: blendMode = 'avg'
14.4496 	EXP 	window1: blendMode = 'avg'
14.4662 	EXP 	window1: blendMode = 'avg'
14.4839 	EXP 	window1: blendMode = 'avg'
14.4996 	EXP 	window1: blendMode = 'avg'
14.5161 	EXP 	window1: blendMode = 'avg'
14.5331 	EXP 	window1: blendMode = 'avg'
14.5507 	EXP 	window1: blendMode = 'avg'
14.5675 	EXP 	window1: blendMode = 'avg'
14.5836 	EXP 	window1: blendMode = 'avg'
14.5993 	DATA 	Keypress: space
14.6607 	EXP 	window1: blendMode = 'avg'
14.6669 	EXP 	image_paw1: autoDraw = False
14.6669 	EXP 	text: autoDraw = False
14.6669 	EXP 	image_paw1: image = 'images/practiceMin4.png'
14.6669 	EXP 	text: color = 'black (named)'
14.6669 	EXP 	image_paw1: autoDraw = True
14.6669 	EXP 	text: autoDraw = True
14.6684 	EXP 	window1: blendMode = 'avg'
14.6811 	EXP 	window1: blendMode = 'avg'
14.6984 	EXP 	window1: blendMode = 'avg'
14.7155 	EXP 	window1: blendMode = 'avg'
14.7328 	EXP 	window1: blendMode = 'avg'
14.7488 	EXP 	window1: blendMode = 'avg'
14.7655 	EXP 	window1: blendMode = 'avg'
14.7822 	EXP 	window1: blendMode = 'avg'
14.7993 	EXP 	window1: blendMode = 'avg'
14.8156 	EXP 	window1: blendMode = 'avg'
14.8322 	EXP 	window1: blendMode = 'avg'
14.8488 	EXP 	window1: blendMode = 'avg'
14.8657 	EXP 	window1: blendMode = 'avg'
14.8821 	EXP 	window1: blendMode = 'avg'
14.8989 	EXP 	window1: blendMode = 'avg'
14.9157 	EXP 	window1: blendMode = 'avg'
14.9324 	EXP 	window1: blendMode = 'avg'
14.9488 	EXP 	window1: blendMode = 'avg'
14.9657 	EXP 	window1: blendMode = 'avg'
14.9822 	EXP 	window1: blendMode = 'avg'
14.9992 	DATA 	Keypress: num_0
15.0009 	EXP 	window1: blendMode = 'avg'
15.0155 	EXP 	window1: blendMode = 'avg'
15.0325 	EXP 	window1: blendMode = 'avg'
15.0492 	EXP 	window1: blendMode = 'avg'
15.0654 	EXP 	window1: blendMode = 'avg'
15.0825 	EXP 	window1: blendMode = 'avg'
15.0990 	EXP 	window1: blendMode = 'avg'
15.1158 	EXP 	window1: blendMode = 'avg'
15.1323 	EXP 	window1: blendMode = 'avg'
15.1488 	EXP 	window1: blendMode = 'avg'
15.1659 	EXP 	window1: blendMode = 'avg'
15.1824 	EXP 	window1: blendMode = 'avg'
15.1988 	EXP 	window1: blendMode = 'avg'
15.2154 	EXP 	window1: blendMode = 'avg'
15.2330 	EXP 	window1: blendMode = 'avg'
15.2490 	EXP 	window1: blendMode = 'avg'
15.2655 	EXP 	window1: blendMode = 'avg'
15.2822 	EXP 	window1: blendMode = 'avg'
15.2991 	EXP 	window1: blendMode = 'avg'
15.3155 	EXP 	window1: blendMode = 'avg'
15.3323 	EXP 	window1: blendMode = 'avg'
15.3489 	EXP 	window1: blendMode = 'avg'
15.3658 	EXP 	window1: blendMode = 'avg'
15.3822 	EXP 	window1: blendMode = 'avg'
15.3988 	EXP 	window1: blendMode = 'avg'
15.4154 	EXP 	window1: blendMode = 'avg'
15.4326 	EXP 	window1: blendMode = 'avg'
15.4488 	EXP 	window1: blendMode = 'avg'
15.4654 	EXP 	window1: blendMode = 'avg'
15.4825 	EXP 	window1: blendMode = 'avg'
15.4990 	EXP 	window1: blendMode = 'avg'
15.5153 	EXP 	window1: blendMode = 'avg'
15.5322 	EXP 	window1: blendMode = 'avg'
15.5491 	EXP 	window1: blendMode = 'avg'
15.5655 	EXP 	window1: blendMode = 'avg'
15.5820 	EXP 	window1: blendMode = 'avg'
15.5990 	EXP 	window1: blendMode = 'avg'
15.6157 	EXP 	window1: blendMode = 'avg'
15.6321 	EXP 	window1: blendMode = 'avg'
15.6489 	EXP 	window1: blendMode = 'avg'
15.6654 	EXP 	window1: blendMode = 'avg'
15.6824 	EXP 	window1: blendMode = 'avg'
15.6987 	EXP 	window1: blendMode = 'avg'
15.7154 	EXP 	window1: blendMode = 'avg'
15.7330 	EXP 	window1: blendMode = 'avg'
15.7490 	EXP 	window1: blendMode = 'avg'
15.7657 	EXP 	window1: blendMode = 'avg'
15.7826 	EXP 	window1: blendMode = 'avg'
15.7991 	EXP 	window1: blendMode = 'avg'
15.8155 	EXP 	window1: blendMode = 'avg'
15.8324 	EXP 	window1: blendMode = 'avg'
15.8488 	EXP 	window1: blendMode = 'avg'
15.8658 	EXP 	window1: blendMode = 'avg'
15.8820 	EXP 	window1: blendMode = 'avg'
15.8989 	EXP 	window1: blendMode = 'avg'
15.9155 	EXP 	window1: blendMode = 'avg'
15.9326 	EXP 	window1: blendMode = 'avg'
15.9488 	EXP 	window1: blendMode = 'avg'
15.9668 	EXP 	window1: blendMode = 'avg'
15.9833 	EXP 	window1: blendMode = 'avg'
15.9995 	EXP 	window1: blendMode = 'avg'
16.0160 	EXP 	window1: blendMode = 'avg'
16.0327 	EXP 	window1: blendMode = 'avg'
16.0497 	EXP 	window1: blendMode = 'avg'
16.0659 	EXP 	window1: blendMode = 'avg'
16.0826 	EXP 	window1: blendMode = 'avg'
16.0981 	DATA 	Keypress: space
16.1006 	EXP 	window1: blendMode = 'avg'
16.1143 	EXP 	image_paw1: autoDraw = False
16.1143 	EXP 	text: autoDraw = False
16.1143 	EXP 	instructions3: color = 'white (named)'
16.1143 	EXP 	instructions3: autoDraw = True
16.1157 	EXP 	window1: blendMode = 'avg'
16.1319 	EXP 	window1: blendMode = 'avg'
16.1493 	EXP 	window1: blendMode = 'avg'
16.1666 	EXP 	window1: blendMode = 'avg'
16.1828 	EXP 	window1: blendMode = 'avg'
16.1990 	EXP 	window1: blendMode = 'avg'
16.2157 	EXP 	window1: blendMode = 'avg'
16.2326 	EXP 	window1: blendMode = 'avg'
16.2495 	EXP 	window1: blendMode = 'avg'
16.2662 	EXP 	window1: blendMode = 'avg'
16.2833 	EXP 	window1: blendMode = 'avg'
16.2993 	EXP 	window1: blendMode = 'avg'
16.3158 	EXP 	window1: blendMode = 'avg'
16.3327 	EXP 	window1: blendMode = 'avg'
16.3495 	EXP 	window1: blendMode = 'avg'
16.3661 	EXP 	window1: blendMode = 'avg'
16.3826 	EXP 	window1: blendMode = 'avg'
16.3992 	EXP 	window1: blendMode = 'avg'
16.4158 	EXP 	window1: blendMode = 'avg'
16.4327 	EXP 	window1: blendMode = 'avg'
16.4490 	EXP 	window1: blendMode = 'avg'
16.4657 	EXP 	window1: blendMode = 'avg'
16.4826 	EXP 	window1: blendMode = 'avg'
16.4993 	EXP 	window1: blendMode = 'avg'
16.5157 	EXP 	window1: blendMode = 'avg'
16.5323 	EXP 	window1: blendMode = 'avg'
16.5494 	EXP 	window1: blendMode = 'avg'
16.5658 	EXP 	window1: blendMode = 'avg'
16.5830 	EXP 	window1: blendMode = 'avg'
16.5996 	EXP 	window1: blendMode = 'avg'
16.6163 	EXP 	window1: blendMode = 'avg'
16.6326 	EXP 	window1: blendMode = 'avg'
16.6501 	EXP 	window1: blendMode = 'avg'
16.6664 	EXP 	window1: blendMode = 'avg'
16.6835 	EXP 	window1: blendMode = 'avg'
16.6997 	EXP 	window1: blendMode = 'avg'
16.7165 	EXP 	window1: blendMode = 'avg'
16.7335 	EXP 	window1: blendMode = 'avg'
16.7500 	EXP 	window1: blendMode = 'avg'
16.7665 	EXP 	window1: blendMode = 'avg'
16.7831 	EXP 	window1: blendMode = 'avg'
16.8003 	EXP 	window1: blendMode = 'avg'
16.8164 	EXP 	window1: blendMode = 'avg'
16.8329 	EXP 	window1: blendMode = 'avg'
16.8501 	EXP 	window1: blendMode = 'avg'
16.8668 	EXP 	window1: blendMode = 'avg'
16.8833 	EXP 	window1: blendMode = 'avg'
16.8997 	EXP 	window1: blendMode = 'avg'
16.9164 	EXP 	window1: blendMode = 'avg'
16.9342 	EXP 	window1: blendMode = 'avg'
16.9497 	EXP 	window1: blendMode = 'avg'
16.9664 	EXP 	window1: blendMode = 'avg'
16.9835 	EXP 	window1: blendMode = 'avg'
17.0001 	EXP 	window1: blendMode = 'avg'
17.0164 	EXP 	window1: blendMode = 'avg'
17.0332 	EXP 	window1: blendMode = 'avg'
17.0502 	EXP 	window1: blendMode = 'avg'
17.0664 	EXP 	window1: blendMode = 'avg'
17.0830 	EXP 	window1: blendMode = 'avg'
17.1004 	EXP 	window1: blendMode = 'avg'
17.1169 	EXP 	window1: blendMode = 'avg'
17.1328 	EXP 	window1: blendMode = 'avg'
17.1501 	EXP 	window1: blendMode = 'avg'
17.1669 	EXP 	window1: blendMode = 'avg'
17.1835 	EXP 	window1: blendMode = 'avg'
17.1996 	EXP 	window1: blendMode = 'avg'
17.2165 	EXP 	window1: blendMode = 'avg'
17.2333 	EXP 	window1: blendMode = 'avg'
17.2500 	EXP 	window1: blendMode = 'avg'
17.2663 	EXP 	window1: blendMode = 'avg'
17.2831 	EXP 	window1: blendMode = 'avg'
17.3002 	EXP 	window1: blendMode = 'avg'
17.3162 	EXP 	window1: blendMode = 'avg'
17.3331 	EXP 	window1: blendMode = 'avg'
17.3497 	EXP 	window1: blendMode = 'avg'
17.3677 	EXP 	window1: blendMode = 'avg'
17.3829 	EXP 	window1: blendMode = 'avg'
17.3997 	EXP 	window1: blendMode = 'avg'
17.4163 	EXP 	window1: blendMode = 'avg'
17.4335 	EXP 	window1: blendMode = 'avg'
17.4497 	EXP 	window1: blendMode = 'avg'
17.4674 	EXP 	window1: blendMode = 'avg'
17.4834 	EXP 	window1: blendMode = 'avg'
17.5000 	EXP 	window1: blendMode = 'avg'
17.5164 	EXP 	window1: blendMode = 'avg'
17.5332 	EXP 	window1: blendMode = 'avg'
17.5504 	EXP 	window1: blendMode = 'avg'
17.5664 	EXP 	window1: blendMode = 'avg'
17.5831 	EXP 	window1: blendMode = 'avg'
17.5999 	EXP 	window1: blendMode = 'avg'
17.6174 	EXP 	window1: blendMode = 'avg'
17.6331 	EXP 	window1: blendMode = 'avg'
17.6495 	EXP 	window1: blendMode = 'avg'
17.6664 	EXP 	window1: blendMode = 'avg'
17.6836 	EXP 	window1: blendMode = 'avg'
17.6997 	EXP 	window1: blendMode = 'avg'
17.7162 	EXP 	window1: blendMode = 'avg'
17.7337 	EXP 	window1: blendMode = 'avg'
17.7499 	EXP 	window1: blendMode = 'avg'
17.7662 	EXP 	window1: blendMode = 'avg'
17.7830 	EXP 	window1: blendMode = 'avg'
17.8001 	EXP 	window1: blendMode = 'avg'
17.8162 	EXP 	window1: blendMode = 'avg'
17.8331 	EXP 	window1: blendMode = 'avg'
17.8499 	EXP 	window1: blendMode = 'avg'
17.8667 	EXP 	window1: blendMode = 'avg'
17.8831 	EXP 	window1: blendMode = 'avg'
17.8998 	EXP 	window1: blendMode = 'avg'
17.9163 	EXP 	window1: blendMode = 'avg'
17.9337 	EXP 	window1: blendMode = 'avg'
17.9496 	EXP 	window1: blendMode = 'avg'
17.9663 	EXP 	window1: blendMode = 'avg'
17.9831 	EXP 	window1: blendMode = 'avg'
18.0002 	EXP 	window1: blendMode = 'avg'
18.0162 	EXP 	window1: blendMode = 'avg'
18.0326 	DATA 	Keypress: space
18.0354 	EXP 	window1: blendMode = 'avg'
18.0485 	EXP 	instructions3: autoDraw = False
18.0485 	EXP 	text_5: autoDraw = True
18.0501 	EXP 	window1: blendMode = 'avg'
18.0661 	EXP 	window1: blendMode = 'avg'
18.0828 	EXP 	window1: blendMode = 'avg'
18.0994 	EXP 	window1: blendMode = 'avg'
18.1175 	EXP 	window1: blendMode = 'avg'
18.1329 	EXP 	window1: blendMode = 'avg'
18.1495 	EXP 	window1: blendMode = 'avg'
18.1663 	EXP 	window1: blendMode = 'avg'
18.1835 	EXP 	window1: blendMode = 'avg'
18.1995 	EXP 	window1: blendMode = 'avg'
18.2161 	EXP 	window1: blendMode = 'avg'
18.2329 	EXP 	window1: blendMode = 'avg'
18.2501 	EXP 	window1: blendMode = 'avg'
18.2661 	EXP 	window1: blendMode = 'avg'
18.2827 	EXP 	window1: blendMode = 'avg'
18.2998 	EXP 	window1: blendMode = 'avg'
18.3161 	EXP 	window1: blendMode = 'avg'
18.3328 	EXP 	window1: blendMode = 'avg'
18.3494 	EXP 	window1: blendMode = 'avg'
18.3672 	EXP 	window1: blendMode = 'avg'
18.3828 	EXP 	window1: blendMode = 'avg'
18.3999 	EXP 	window1: blendMode = 'avg'
18.4165 	EXP 	window1: blendMode = 'avg'
18.4334 	EXP 	window1: blendMode = 'avg'
18.4494 	EXP 	window1: blendMode = 'avg'
18.4663 	EXP 	window1: blendMode = 'avg'
18.4834 	EXP 	window1: blendMode = 'avg'
18.4998 	EXP 	window1: blendMode = 'avg'
18.5160 	EXP 	window1: blendMode = 'avg'
18.5330 	EXP 	window1: blendMode = 'avg'
18.5503 	EXP 	window1: blendMode = 'avg'
18.5661 	EXP 	window1: blendMode = 'avg'
18.5827 	EXP 	window1: blendMode = 'avg'
18.5994 	EXP 	window1: blendMode = 'avg'
18.6165 	EXP 	window1: blendMode = 'avg'
18.6328 	EXP 	window1: blendMode = 'avg'
18.6496 	EXP 	window1: blendMode = 'avg'
18.6665 	EXP 	window1: blendMode = 'avg'
18.6833 	EXP 	window1: blendMode = 'avg'
18.6996 	EXP 	window1: blendMode = 'avg'
18.7161 	EXP 	window1: blendMode = 'avg'
18.7334 	EXP 	window1: blendMode = 'avg'
18.7498 	EXP 	window1: blendMode = 'avg'
18.7661 	EXP 	window1: blendMode = 'avg'
18.7827 	EXP 	window1: blendMode = 'avg'
18.8005 	EXP 	window1: blendMode = 'avg'
18.8167 	EXP 	window1: blendMode = 'avg'
18.8329 	EXP 	window1: blendMode = 'avg'
18.8496 	EXP 	window1: blendMode = 'avg'
18.8666 	EXP 	window1: blendMode = 'avg'
18.8829 	EXP 	window1: blendMode = 'avg'
18.8996 	EXP 	window1: blendMode = 'avg'
18.9162 	EXP 	window1: blendMode = 'avg'
18.9334 	EXP 	window1: blendMode = 'avg'
18.9494 	EXP 	window1: blendMode = 'avg'
18.9662 	EXP 	window1: blendMode = 'avg'
18.9836 	EXP 	window1: blendMode = 'avg'
18.9998 	EXP 	window1: blendMode = 'avg'
19.0161 	EXP 	window1: blendMode = 'avg'
19.0491 	EXP 	text_5: autoDraw = False
19.0518 	EXP 	window1: blendMode = 'avg'
19.0644 	EXP 	text_6: autoDraw = True
19.0661 	EXP 	window1: blendMode = 'avg'
19.0826 	EXP 	window1: blendMode = 'avg'
19.1000 	EXP 	window1: blendMode = 'avg'
19.1165 	EXP 	window1: blendMode = 'avg'
19.1329 	EXP 	window1: blendMode = 'avg'
19.1494 	EXP 	window1: blendMode = 'avg'
19.1661 	EXP 	window1: blendMode = 'avg'
19.1832 	EXP 	window1: blendMode = 'avg'
19.1993 	EXP 	window1: blendMode = 'avg'
19.2160 	EXP 	window1: blendMode = 'avg'
19.2330 	EXP 	window1: blendMode = 'avg'
19.2497 	EXP 	window1: blendMode = 'avg'
19.2661 	EXP 	window1: blendMode = 'avg'
19.2828 	EXP 	window1: blendMode = 'avg'
19.3001 	EXP 	window1: blendMode = 'avg'
19.3160 	EXP 	window1: blendMode = 'avg'
19.3327 	EXP 	window1: blendMode = 'avg'
19.3494 	EXP 	window1: blendMode = 'avg'
19.3665 	EXP 	window1: blendMode = 'avg'
19.3827 	EXP 	window1: blendMode = 'avg'
19.3994 	EXP 	window1: blendMode = 'avg'
19.4162 	EXP 	window1: blendMode = 'avg'
19.4333 	EXP 	window1: blendMode = 'avg'
19.4494 	EXP 	window1: blendMode = 'avg'
19.4660 	EXP 	window1: blendMode = 'avg'
19.4835 	EXP 	window1: blendMode = 'avg'
19.5002 	EXP 	window1: blendMode = 'avg'
19.5163 	EXP 	window1: blendMode = 'avg'
19.5329 	EXP 	window1: blendMode = 'avg'
19.5499 	EXP 	window1: blendMode = 'avg'
19.5662 	EXP 	window1: blendMode = 'avg'
19.5838 	EXP 	window1: blendMode = 'avg'
19.5997 	EXP 	window1: blendMode = 'avg'
19.6173 	EXP 	window1: blendMode = 'avg'
19.6331 	EXP 	window1: blendMode = 'avg'
19.6495 	EXP 	window1: blendMode = 'avg'
19.6663 	EXP 	window1: blendMode = 'avg'
19.6837 	EXP 	window1: blendMode = 'avg'
19.6995 	EXP 	window1: blendMode = 'avg'
19.7167 	EXP 	window1: blendMode = 'avg'
19.7337 	EXP 	window1: blendMode = 'avg'
19.7502 	EXP 	window1: blendMode = 'avg'
19.7662 	EXP 	window1: blendMode = 'avg'
19.7829 	EXP 	window1: blendMode = 'avg'
19.8001 	EXP 	window1: blendMode = 'avg'
19.8163 	EXP 	window1: blendMode = 'avg'
19.8334 	EXP 	window1: blendMode = 'avg'
19.8503 	EXP 	window1: blendMode = 'avg'
19.8665 	EXP 	window1: blendMode = 'avg'
19.8829 	EXP 	window1: blendMode = 'avg'
19.9000 	EXP 	window1: blendMode = 'avg'
19.9164 	EXP 	window1: blendMode = 'avg'
19.9336 	EXP 	window1: blendMode = 'avg'
19.9495 	EXP 	window1: blendMode = 'avg'
19.9663 	EXP 	window1: blendMode = 'avg'
19.9837 	EXP 	window1: blendMode = 'avg'
20.0003 	EXP 	window1: blendMode = 'avg'
20.0162 	EXP 	window1: blendMode = 'avg'
20.0778 	EXP 	Imported images/pawStimuli.xlsx as conditions, 10 conditions, 5 params
20.0793 	EXP 	Created sequence: sequential, trialTypes=10, nReps=10, seed=None
20.1166 	EXP 	Created unnamed ImageStim = ImageStim(autoLog=True, color=array([ 1.,  1.,  1.]), colorSpace='rgb', contrast=1.0, depth=0, flipHoriz=False, flipVert=False, image='images/minion.png', interpolate=False, mask=None, maskParams=None, name='unnamed ImageStim', opacity=1.0, ori=0.0, pos=array([ 0.,  0.]), size=array([ 0.6852123,  1.171875 ]), texRes=128, units=u'norm', win=Window(...))
20.1182 	EXP 	New trial (rep=0, index=0): {u'pawPatrol1': u'min1.png', u'pawPatrol2': u'min2.png', u'pawPatrol3': u'min3.png', u'pawPatrol4': u'min4.png', u'blank': u'allBlank.png'}
20.1851 	EXP 	text_6: autoDraw = False
20.1851 	EXP 	text_5: autoDraw = False
20.1851 	EXP 	text_6: autoDraw = False
20.1851 	EXP 	unnamed ImageStim: size = (0.45, 0.79)
20.1851 	EXP 	Qs: image = 'images/min1.png'
20.1851 	EXP 	unnamed ImageStim: pos = (-0.75, -0.04)
20.1851 	EXP 	Qs: autoDraw = True
20.1851 	EXP 	unnamed ImageStim: pos = array([-0.75, -0.04])
20.1956 	EXP 	unnamed ImageStim: pos = array([-0.75, -0.04])
20.2143 	EXP 	unnamed ImageStim: pos = array([-0.75, -0.04])
20.2310 	EXP 	unnamed ImageStim: pos = array([-0.75, -0.04])
20.2486 	EXP 	unnamed ImageStim: pos = array([-0.75, -0.04])
20.2643 	EXP 	unnamed ImageStim: pos = array([-0.75, -0.04])
20.2810 	EXP 	unnamed ImageStim: pos = array([-0.75, -0.04])
20.2982 	EXP 	unnamed ImageStim: pos = array([-0.75, -0.04])
20.3143 	EXP 	unnamed ImageStim: pos = array([-0.75, -0.04])
20.3311 	EXP 	unnamed ImageStim: pos = array([-0.75, -0.04])
20.3477 	EXP 	unnamed ImageStim: pos = array([-0.75, -0.04])
20.3650 	EXP 	unnamed ImageStim: pos = array([-0.75, -0.04])
20.3811 	EXP 	unnamed ImageStim: pos = array([-0.75, -0.04])
20.3978 	EXP 	unnamed ImageStim: pos = array([-0.75, -0.04])
20.4144 	EXP 	unnamed ImageStim: pos = array([-0.75, -0.04])
20.4315 	EXP 	unnamed ImageStim: pos = array([-0.75, -0.04])
20.4477 	EXP 	unnamed ImageStim: pos = array([-0.75, -0.04])
20.4644 	EXP 	unnamed ImageStim: pos = array([-0.75, -0.04])
20.4813 	EXP 	unnamed ImageStim: pos = array([-0.75, -0.04])
20.4980 	EXP 	unnamed ImageStim: pos = array([-0.75, -0.04])
20.5144 	EXP 	unnamed ImageStim: pos = array([-0.75, -0.04])
20.5311 	EXP 	unnamed ImageStim: pos = array([-0.75, -0.04])
20.5485 	EXP 	unnamed ImageStim: pos = array([-0.75, -0.04])
20.5644 	EXP 	unnamed ImageStim: pos = array([-0.75, -0.04])
20.5810 	EXP 	unnamed ImageStim: pos = array([-0.75, -0.04])
20.5975 	EXP 	unnamed ImageStim: pos = array([-0.75, -0.04])
20.6149 	EXP 	unnamed ImageStim: pos = array([-0.75, -0.04])
20.6310 	EXP 	unnamed ImageStim: pos = array([-0.75, -0.04])
20.6478 	EXP 	unnamed ImageStim: pos = array([-0.75, -0.04])
20.6643 	EXP 	unnamed ImageStim: pos = array([-0.75, -0.04])
20.6815 	EXP 	unnamed ImageStim: pos = array([-0.75, -0.04])
20.6976 	EXP 	unnamed ImageStim: pos = array([-0.75, -0.04])
20.7145 	EXP 	unnamed ImageStim: pos = array([-0.75, -0.04])
20.7169 	DATA 	Keypress: num_7
20.7312 	EXP 	unnamed ImageStim: pos = array([-0.75, -0.04])
20.7481 	EXP 	unnamed ImageStim: pos = array([-0.75, -0.04])
20.7643 	EXP 	unnamed ImageStim: pos = array([-0.75, -0.04])
20.7811 	EXP 	unnamed ImageStim: pos = array([-0.75, -0.04])
20.7982 	EXP 	unnamed ImageStim: pos = array([-0.75, -0.04])
20.8145 	EXP 	unnamed ImageStim: pos = array([-0.75, -0.04])
20.8309 	EXP 	unnamed ImageStim: pos = array([-0.75, -0.04])
20.8478 	EXP 	unnamed ImageStim: pos = array([-0.75, -0.04])
20.8649 	EXP 	unnamed ImageStim: pos = array([-0.75, -0.04])
20.8809 	EXP 	unnamed ImageStim: pos = array([-0.75, -0.04])
20.8980 	EXP 	unnamed ImageStim: pos = array([-0.75, -0.04])
20.9144 	EXP 	unnamed ImageStim: pos = array([-0.75, -0.04])
20.9316 	EXP 	unnamed ImageStim: pos = array([-0.75, -0.04])
20.9477 	EXP 	unnamed ImageStim: pos = array([-0.75, -0.04])
20.9643 	EXP 	unnamed ImageStim: pos = array([-0.75, -0.04])
20.9812 	EXP 	unnamed ImageStim: pos = array([-0.75, -0.04])
20.9981 	EXP 	unnamed ImageStim: pos = array([-0.75, -0.04])
21.0144 	EXP 	unnamed ImageStim: pos = array([-0.75, -0.04])
21.0310 	EXP 	unnamed ImageStim: pos = array([-0.75, -0.04])
21.0482 	EXP 	unnamed ImageStim: pos = array([-0.75, -0.04])
21.0631 	EXP 	unnamed ImageStim: pos = array([-0.75, -0.04])
21.0792 	EXP 	unnamed ImageStim: pos = array([-0.75, -0.04])
21.0963 	EXP 	unnamed ImageStim: pos = array([-0.75, -0.04])
21.1147 	EXP 	unnamed ImageStim: pos = array([-0.75, -0.04])
21.1309 	EXP 	unnamed ImageStim: pos = array([-0.75, -0.04])
21.1478 	EXP 	unnamed ImageStim: pos = array([-0.75, -0.04])
21.1644 	EXP 	unnamed ImageStim: pos = array([-0.75, -0.04])
21.1812 	EXP 	unnamed ImageStim: pos = array([-0.75, -0.04])
21.1975 	EXP 	unnamed ImageStim: pos = array([-0.75, -0.04])
21.2144 	EXP 	unnamed ImageStim: pos = array([-0.75, -0.04])
21.2313 	EXP 	unnamed ImageStim: pos = array([-0.75, -0.04])
21.2480 	EXP 	unnamed ImageStim: pos = array([-0.75, -0.04])
21.2642 	EXP 	unnamed ImageStim: pos = array([-0.75, -0.04])
21.2805 	EXP 	unnamed ImageStim: pos = array([-0.75, -0.04])
21.2976 	EXP 	unnamed ImageStim: pos = array([-0.75, -0.04])
21.3138 	EXP 	unnamed ImageStim: pos = array([-0.75, -0.04])
21.3305 	EXP 	unnamed ImageStim: pos = array([-0.75, -0.04])
21.3472 	EXP 	unnamed ImageStim: pos = array([-0.75, -0.04])
21.3641 	EXP 	unnamed ImageStim: pos = array([-0.75, -0.04])
21.3805 	EXP 	unnamed ImageStim: pos = array([-0.75, -0.04])
21.3972 	EXP 	unnamed ImageStim: pos = array([-0.75, -0.04])
21.4140 	EXP 	unnamed ImageStim: pos = array([-0.75, -0.04])
21.4308 	EXP 	unnamed ImageStim: pos = array([-0.75, -0.04])
21.4472 	EXP 	unnamed ImageStim: pos = array([-0.75, -0.04])
21.4636 	EXP 	unnamed ImageStim: pos = array([-0.75, -0.04])
21.4808 	EXP 	unnamed ImageStim: pos = array([-0.75, -0.04])
21.4973 	EXP 	unnamed ImageStim: pos = array([-0.75, -0.04])
21.5139 	EXP 	unnamed ImageStim: pos = array([-0.75, -0.04])
21.5311 	EXP 	unnamed ImageStim: pos = array([-0.75, -0.04])
21.5478 	EXP 	unnamed ImageStim: pos = array([-0.75, -0.04])
21.5639 	EXP 	unnamed ImageStim: pos = array([-0.75, -0.04])
21.5806 	EXP 	unnamed ImageStim: pos = array([-0.75, -0.04])
21.5970 	EXP 	unnamed ImageStim: pos = array([-0.75, -0.04])
21.6141 	EXP 	unnamed ImageStim: pos = array([-0.75, -0.04])
21.6304 	EXP 	unnamed ImageStim: pos = array([-0.75, -0.04])
21.6471 	EXP 	unnamed ImageStim: pos = array([-0.75, -0.04])
21.6634 	EXP 	unnamed ImageStim: pos = array([-0.75, -0.04])
21.6806 	EXP 	unnamed ImageStim: pos = array([-0.75, -0.04])
21.6969 	EXP 	unnamed ImageStim: pos = array([-0.75, -0.04])
21.7133 	EXP 	unnamed ImageStim: pos = array([-0.75, -0.04])
21.7304 	EXP 	unnamed ImageStim: pos = array([-0.75, -0.04])
21.7474 	EXP 	unnamed ImageStim: pos = array([-0.75, -0.04])
21.7638 	EXP 	unnamed ImageStim: pos = array([-0.75, -0.04])
21.7802 	EXP 	unnamed ImageStim: pos = array([-0.75, -0.04])
21.7972 	EXP 	unnamed ImageStim: pos = array([-0.75, -0.04])
21.8135 	EXP 	unnamed ImageStim: pos = array([-0.75, -0.04])
21.8304 	EXP 	unnamed ImageStim: pos = array([-0.75, -0.04])
21.8470 	EXP 	unnamed ImageStim: pos = array([-0.75, -0.04])
21.8641 	EXP 	unnamed ImageStim: pos = array([-0.75, -0.04])
21.8802 	EXP 	unnamed ImageStim: pos = array([-0.75, -0.04])
21.8968 	EXP 	unnamed ImageStim: pos = array([-0.75, -0.04])
21.9136 	EXP 	unnamed ImageStim: pos = array([-0.75, -0.04])
21.9307 	EXP 	unnamed ImageStim: pos = array([-0.75, -0.04])
21.9471 	EXP 	unnamed ImageStim: pos = array([-0.75, -0.04])
21.9637 	EXP 	unnamed ImageStim: pos = array([-0.75, -0.04])
21.9809 	EXP 	unnamed ImageStim: pos = array([-0.75, -0.04])
21.9973 	EXP 	unnamed ImageStim: pos = array([-0.75, -0.04])
22.0138 	EXP 	unnamed ImageStim: pos = array([-0.75, -0.04])
22.0305 	EXP 	unnamed ImageStim: pos = array([-0.75, -0.04])
22.0474 	EXP 	unnamed ImageStim: pos = array([-0.75, -0.04])
22.0639 	EXP 	unnamed ImageStim: pos = array([-0.75, -0.04])
22.0805 	EXP 	unnamed ImageStim: pos = array([-0.75, -0.04])
22.0971 	EXP 	unnamed ImageStim: pos = array([-0.75, -0.04])
22.1141 	EXP 	unnamed ImageStim: pos = array([-0.75, -0.04])
22.1304 	EXP 	unnamed ImageStim: pos = array([-0.75, -0.04])
22.1474 	EXP 	unnamed ImageStim: pos = array([-0.75, -0.04])
22.1635 	EXP 	unnamed ImageStim: pos = array([-0.75, -0.04])
22.1804 	EXP 	unnamed ImageStim: pos = array([-0.75, -0.04])
22.1969 	EXP 	unnamed ImageStim: pos = array([-0.75, -0.04])
22.2133 	EXP 	unnamed ImageStim: pos = array([-0.75, -0.04])
22.2300 	EXP 	unnamed ImageStim: pos = array([-0.75, -0.04])
22.2476 	EXP 	unnamed ImageStim: pos = array([-0.75, -0.04])
22.2636 	EXP 	unnamed ImageStim: pos = array([-0.75, -0.04])
22.2801 	EXP 	unnamed ImageStim: pos = array([-0.75, -0.04])
22.2972 	EXP 	unnamed ImageStim: pos = array([-0.75, -0.04])
22.3135 	EXP 	unnamed ImageStim: pos = array([-0.75, -0.04])
22.3303 	EXP 	unnamed ImageStim: pos = array([-0.75, -0.04])
22.3471 	EXP 	unnamed ImageStim: pos = array([-0.75, -0.04])
22.3641 	EXP 	unnamed ImageStim: pos = array([-0.75, -0.04])
22.3803 	EXP 	unnamed ImageStim: pos = array([-0.75, -0.04])
22.3971 	EXP 	unnamed ImageStim: pos = array([-0.75, -0.04])
22.4134 	EXP 	unnamed ImageStim: pos = array([-0.75, -0.04])
22.4303 	EXP 	unnamed ImageStim: pos = array([-0.75, -0.04])
22.4467 	EXP 	unnamed ImageStim: pos = array([-0.75, -0.04])
22.4634 	EXP 	unnamed ImageStim: pos = array([-0.75, -0.04])
22.4805 	EXP 	unnamed ImageStim: pos = array([-0.75, -0.04])
22.4967 	EXP 	unnamed ImageStim: pos = array([-0.75, -0.04])
22.5133 	EXP 	unnamed ImageStim: pos = array([-0.75, -0.04])
22.5299 	EXP 	unnamed ImageStim: pos = array([-0.75, -0.04])
22.5473 	EXP 	unnamed ImageStim: pos = array([-0.75, -0.04])
22.5634 	EXP 	unnamed ImageStim: pos = array([-0.75, -0.04])
22.5801 	EXP 	unnamed ImageStim: pos = array([-0.75, -0.04])
22.5966 	EXP 	unnamed ImageStim: pos = array([-0.75, -0.04])
22.6137 	EXP 	unnamed ImageStim: pos = array([-0.75, -0.04])
22.6300 	EXP 	unnamed ImageStim: pos = array([-0.75, -0.04])
22.6467 	EXP 	unnamed ImageStim: pos = array([-0.75, -0.04])
22.6630 	EXP 	unnamed ImageStim: pos = array([-0.75, -0.04])
22.6803 	EXP 	unnamed ImageStim: pos = array([-0.75, -0.04])
22.6966 	EXP 	unnamed ImageStim: pos = array([-0.75, -0.04])
22.7134 	EXP 	unnamed ImageStim: pos = array([-0.75, -0.04])
22.7308 	EXP 	unnamed ImageStim: pos = array([-0.75, -0.04])
22.7466 	EXP 	unnamed ImageStim: pos = array([-0.75, -0.04])
22.7635 	EXP 	unnamed ImageStim: pos = array([-0.75, -0.04])
22.7800 	EXP 	unnamed ImageStim: pos = array([-0.75, -0.04])
22.7970 	EXP 	unnamed ImageStim: pos = array([-0.75, -0.04])
22.8134 	EXP 	unnamed ImageStim: pos = array([-0.75, -0.04])
22.8300 	EXP 	unnamed ImageStim: pos = array([-0.75, -0.04])
22.8467 	EXP 	unnamed ImageStim: pos = array([-0.75, -0.04])
22.8637 	EXP 	unnamed ImageStim: pos = array([-0.75, -0.04])
22.8800 	EXP 	unnamed ImageStim: pos = array([-0.75, -0.04])
22.8968 	EXP 	unnamed ImageStim: pos = array([-0.75, -0.04])
22.9135 	EXP 	unnamed ImageStim: pos = array([-0.75, -0.04])
22.9303 	EXP 	unnamed ImageStim: pos = array([-0.75, -0.04])
22.9467 	EXP 	unnamed ImageStim: pos = array([-0.75, -0.04])
22.9634 	EXP 	unnamed ImageStim: pos = array([-0.75, -0.04])
22.9799 	EXP 	unnamed ImageStim: pos = array([-0.75, -0.04])
22.9971 	EXP 	unnamed ImageStim: pos = array([-0.75, -0.04])
23.0133 	EXP 	unnamed ImageStim: pos = array([-0.75, -0.04])
23.0301 	EXP 	unnamed ImageStim: pos = array([-0.75, -0.04])
23.0470 	EXP 	unnamed ImageStim: pos = array([-0.75, -0.04])
23.0632 	EXP 	unnamed ImageStim: pos = array([-0.75, -0.04])
23.0799 	EXP 	unnamed ImageStim: pos = array([-0.75, -0.04])
23.0966 	EXP 	unnamed ImageStim: pos = array([-0.75, -0.04])
23.1136 	EXP 	unnamed ImageStim: pos = array([-0.75, -0.04])
23.1307 	EXP 	unnamed ImageStim: pos = array([-0.75, -0.04])
23.1467 	EXP 	unnamed ImageStim: pos = array([-0.75, -0.04])
23.1632 	EXP 	unnamed ImageStim: pos = array([-0.75, -0.04])
23.1804 	EXP 	unnamed ImageStim: pos = array([-0.75, -0.04])
23.1965 	EXP 	unnamed ImageStim: pos = array([-0.75, -0.04])
23.2133 	EXP 	unnamed ImageStim: pos = array([-0.75, -0.04])
23.2299 	EXP 	unnamed ImageStim: pos = array([-0.75, -0.04])
23.2469 	EXP 	unnamed ImageStim: pos = array([-0.75, -0.04])
23.2632 	EXP 	unnamed ImageStim: pos = array([-0.75, -0.04])
23.2800 	EXP 	unnamed ImageStim: pos = array([-0.75, -0.04])
23.2970 	EXP 	unnamed ImageStim: pos = array([-0.75, -0.04])
23.3134 	EXP 	unnamed ImageStim: pos = array([-0.75, -0.04])
23.3300 	EXP 	unnamed ImageStim: pos = array([-0.75, -0.04])
23.3466 	EXP 	unnamed ImageStim: pos = array([-0.75, -0.04])
23.3632 	EXP 	unnamed ImageStim: pos = array([-0.75, -0.04])
23.3798 	EXP 	unnamed ImageStim: pos = array([-0.75, -0.04])
23.3964 	EXP 	unnamed ImageStim: pos = array([-0.75, -0.04])
23.4133 	EXP 	unnamed ImageStim: pos = array([-0.75, -0.04])
23.4301 	EXP 	unnamed ImageStim: pos = array([-0.75, -0.04])
23.4465 	EXP 	unnamed ImageStim: pos = array([-0.75, -0.04])
23.4632 	EXP 	unnamed ImageStim: pos = array([-0.75, -0.04])
23.4797 	EXP 	unnamed ImageStim: pos = array([-0.75, -0.04])
23.4968 	EXP 	unnamed ImageStim: pos = array([-0.75, -0.04])
23.5133 	EXP 	unnamed ImageStim: pos = array([-0.75, -0.04])
23.5296 	EXP 	unnamed ImageStim: pos = array([-0.75, -0.04])
23.5467 	EXP 	unnamed ImageStim: pos = array([-0.75, -0.04])
23.5630 	EXP 	unnamed ImageStim: pos = array([-0.75, -0.04])
23.5800 	EXP 	unnamed ImageStim: pos = array([-0.75, -0.04])
23.5964 	EXP 	unnamed ImageStim: pos = array([-0.75, -0.04])
23.6133 	EXP 	unnamed ImageStim: pos = array([-0.75, -0.04])
23.6296 	EXP 	unnamed ImageStim: pos = array([-0.75, -0.04])
23.6463 	EXP 	unnamed ImageStim: pos = array([-0.75, -0.04])
23.6628 	EXP 	unnamed ImageStim: pos = array([-0.75, -0.04])
23.6800 	EXP 	unnamed ImageStim: pos = array([-0.75, -0.04])
23.6963 	EXP 	unnamed ImageStim: pos = array([-0.75, -0.04])
23.7130 	EXP 	unnamed ImageStim: pos = array([-0.75, -0.04])
23.7297 	EXP 	unnamed ImageStim: pos = array([-0.75, -0.04])
23.7465 	EXP 	unnamed ImageStim: pos = array([-0.75, -0.04])
23.7630 	EXP 	unnamed ImageStim: pos = array([-0.75, -0.04])
23.7800 	EXP 	unnamed ImageStim: pos = array([-0.75, -0.04])
23.7968 	EXP 	unnamed ImageStim: pos = array([-0.75, -0.04])
23.8130 	EXP 	unnamed ImageStim: pos = array([-0.75, -0.04])
23.8296 	EXP 	unnamed ImageStim: pos = array([-0.75, -0.04])
23.8466 	EXP 	unnamed ImageStim: pos = array([-0.75, -0.04])
23.8634 	EXP 	unnamed ImageStim: pos = array([-0.75, -0.04])
23.8797 	EXP 	unnamed ImageStim: pos = array([-0.75, -0.04])
23.8964 	EXP 	unnamed ImageStim: pos = array([-0.75, -0.04])
23.9132 	EXP 	unnamed ImageStim: pos = array([-0.75, -0.04])
23.9301 	EXP 	unnamed ImageStim: pos = array([-0.75, -0.04])
23.9464 	EXP 	unnamed ImageStim: pos = array([-0.75, -0.04])
23.9631 	EXP 	unnamed ImageStim: pos = array([-0.75, -0.04])
23.9801 	EXP 	unnamed ImageStim: pos = array([-0.75, -0.04])
23.9964 	EXP 	unnamed ImageStim: pos = array([-0.75, -0.04])
24.0131 	EXP 	unnamed ImageStim: pos = array([-0.75, -0.04])
24.0297 	EXP 	unnamed ImageStim: pos = array([-0.75, -0.04])
24.0467 	EXP 	unnamed ImageStim: pos = array([-0.75, -0.04])
24.0630 	EXP 	unnamed ImageStim: pos = array([-0.75, -0.04])
24.0796 	EXP 	unnamed ImageStim: pos = array([-0.75, -0.04])
24.0965 	EXP 	unnamed ImageStim: pos = array([-0.75, -0.04])
24.1133 	EXP 	unnamed ImageStim: pos = array([-0.75, -0.04])
24.1296 	EXP 	unnamed ImageStim: pos = array([-0.75, -0.04])
24.1464 	EXP 	unnamed ImageStim: pos = array([-0.75, -0.04])
24.1633 	EXP 	unnamed ImageStim: pos = array([-0.75, -0.04])
24.1804 	EXP 	unnamed ImageStim: pos = array([-0.75, -0.04])
24.1965 	EXP 	unnamed ImageStim: pos = array([-0.75, -0.04])
24.2132 	EXP 	unnamed ImageStim: pos = array([-0.75, -0.04])
24.2300 	EXP 	unnamed ImageStim: pos = array([-0.75, -0.04])
24.2470 	EXP 	unnamed ImageStim: pos = array([-0.75, -0.04])
24.2632 	EXP 	unnamed ImageStim: pos = array([-0.75, -0.04])
24.2799 	EXP 	unnamed ImageStim: pos = array([-0.75, -0.04])
24.2969 	EXP 	unnamed ImageStim: pos = array([-0.75, -0.04])
24.3132 	EXP 	unnamed ImageStim: pos = array([-0.75, -0.04])
24.3298 	EXP 	unnamed ImageStim: pos = array([-0.75, -0.04])
24.3469 	EXP 	unnamed ImageStim: pos = array([-0.75, -0.04])
24.3635 	EXP 	unnamed ImageStim: pos = array([-0.75, -0.04])
24.3799 	EXP 	unnamed ImageStim: pos = array([-0.75, -0.04])
24.3965 	EXP 	unnamed ImageStim: pos = array([-0.75, -0.04])
24.4132 	EXP 	unnamed ImageStim: pos = array([-0.75, -0.04])
24.4304 	EXP 	unnamed ImageStim: pos = array([-0.75, -0.04])
24.4466 	EXP 	unnamed ImageStim: pos = array([-0.75, -0.04])
24.4633 	EXP 	unnamed ImageStim: pos = array([-0.75, -0.04])
24.4800 	EXP 	unnamed ImageStim: pos = array([-0.75, -0.04])
24.4968 	EXP 	unnamed ImageStim: pos = array([-0.75, -0.04])
24.5131 	EXP 	unnamed ImageStim: pos = array([-0.75, -0.04])
24.5300 	EXP 	unnamed ImageStim: pos = array([-0.75, -0.04])
24.5471 	EXP 	unnamed ImageStim: pos = array([-0.75, -0.04])
24.5631 	EXP 	unnamed ImageStim: pos = array([-0.75, -0.04])
24.5802 	EXP 	unnamed ImageStim: pos = array([-0.75, -0.04])
24.5966 	EXP 	unnamed ImageStim: pos = array([-0.75, -0.04])
24.6135 	EXP 	unnamed ImageStim: pos = array([-0.75, -0.04])
24.6298 	EXP 	unnamed ImageStim: pos = array([-0.75, -0.04])
24.6465 	EXP 	unnamed ImageStim: pos = array([-0.75, -0.04])
24.6632 	EXP 	unnamed ImageStim: pos = array([-0.75, -0.04])
24.6802 	EXP 	unnamed ImageStim: pos = array([-0.75, -0.04])
24.6965 	EXP 	unnamed ImageStim: pos = array([-0.75, -0.04])
24.7132 	EXP 	unnamed ImageStim: pos = array([-0.75, -0.04])
24.7297 	EXP 	unnamed ImageStim: pos = array([-0.75, -0.04])
24.7469 	EXP 	unnamed ImageStim: pos = array([-0.75, -0.04])
24.7632 	EXP 	unnamed ImageStim: pos = array([-0.75, -0.04])
24.7798 	EXP 	unnamed ImageStim: pos = array([-0.75, -0.04])
24.7968 	EXP 	unnamed ImageStim: pos = array([-0.75, -0.04])
24.8132 	EXP 	unnamed ImageStim: pos = array([-0.75, -0.04])
24.8299 	EXP 	unnamed ImageStim: pos = array([-0.75, -0.04])
24.8465 	EXP 	unnamed ImageStim: pos = array([-0.75, -0.04])
24.8635 	EXP 	unnamed ImageStim: pos = array([-0.75, -0.04])
24.8797 	EXP 	unnamed ImageStim: pos = array([-0.75, -0.04])
24.8965 	EXP 	unnamed ImageStim: pos = array([-0.75, -0.04])
24.9131 	EXP 	unnamed ImageStim: pos = array([-0.75, -0.04])
24.9303 	EXP 	unnamed ImageStim: pos = array([-0.75, -0.04])
24.9464 	EXP 	unnamed ImageStim: pos = array([-0.75, -0.04])
24.9631 	EXP 	unnamed ImageStim: pos = array([-0.75, -0.04])
24.9803 	EXP 	unnamed ImageStim: pos = array([-0.75, -0.04])
24.9966 	EXP 	unnamed ImageStim: pos = array([-0.75, -0.04])
25.0131 	EXP 	unnamed ImageStim: pos = array([-0.75, -0.04])
25.0298 	EXP 	unnamed ImageStim: pos = array([-0.75, -0.04])
25.0468 	EXP 	unnamed ImageStim: pos = array([-0.75, -0.04])
25.0631 	EXP 	unnamed ImageStim: pos = array([-0.75, -0.04])
25.0799 	EXP 	unnamed ImageStim: pos = array([-0.75, -0.04])
25.0966 	EXP 	unnamed ImageStim: pos = array([-0.75, -0.04])
25.1134 	EXP 	unnamed ImageStim: pos = array([-0.75, -0.04])
25.1296 	EXP 	unnamed ImageStim: pos = array([-0.75, -0.04])
25.1463 	EXP 	unnamed ImageStim: pos = array([-0.75, -0.04])
25.1630 	EXP 	unnamed ImageStim: pos = array([-0.75, -0.04])
25.1800 	EXP 	unnamed ImageStim: pos = array([-0.75, -0.04])
25.1960 	EXP 	unnamed ImageStim: pos = array([-0.75, -0.04])
25.2127 	EXP 	unnamed ImageStim: pos = array([-0.75, -0.04])
25.2295 	EXP 	unnamed ImageStim: pos = array([-0.75, -0.04])
25.2468 	EXP 	unnamed ImageStim: pos = array([-0.75, -0.04])
25.2630 	EXP 	unnamed ImageStim: pos = array([-0.75, -0.04])
25.2800 	EXP 	unnamed ImageStim: pos = array([-0.75, -0.04])
25.2968 	EXP 	unnamed ImageStim: pos = array([-0.75, -0.04])
25.3131 	EXP 	unnamed ImageStim: pos = array([-0.75, -0.04])
25.3296 	EXP 	unnamed ImageStim: pos = array([-0.75, -0.04])
25.3465 	EXP 	unnamed ImageStim: pos = array([-0.75, -0.04])
25.3635 	EXP 	unnamed ImageStim: pos = array([-0.75, -0.04])
25.3798 	EXP 	unnamed ImageStim: pos = array([-0.75, -0.04])
25.3961 	EXP 	unnamed ImageStim: pos = array([-0.75, -0.04])
25.4132 	EXP 	unnamed ImageStim: pos = array([-0.75, -0.04])
25.4301 	EXP 	unnamed ImageStim: pos = array([-0.75, -0.04])
25.4464 	EXP 	unnamed ImageStim: pos = array([-0.75, -0.04])
25.4629 	EXP 	unnamed ImageStim: pos = array([-0.75, -0.04])
25.4795 	EXP 	unnamed ImageStim: pos = array([-0.75, -0.04])
25.4965 	EXP 	unnamed ImageStim: pos = array([-0.75, -0.04])
25.5128 	EXP 	unnamed ImageStim: pos = array([-0.75, -0.04])
25.5294 	EXP 	unnamed ImageStim: pos = array([-0.75, -0.04])
25.5469 	EXP 	unnamed ImageStim: pos = array([-0.75, -0.04])
25.5628 	EXP 	unnamed ImageStim: pos = array([-0.75, -0.04])
25.5797 	EXP 	unnamed ImageStim: pos = array([-0.75, -0.04])
25.5963 	EXP 	unnamed ImageStim: pos = array([-0.75, -0.04])
25.6133 	EXP 	unnamed ImageStim: pos = array([-0.75, -0.04])
25.6296 	EXP 	unnamed ImageStim: pos = array([-0.75, -0.04])
25.6463 	EXP 	unnamed ImageStim: pos = array([-0.75, -0.04])
25.6628 	EXP 	unnamed ImageStim: pos = array([-0.75, -0.04])
25.6798 	EXP 	unnamed ImageStim: pos = array([-0.75, -0.04])
25.6961 	EXP 	unnamed ImageStim: pos = array([-0.75, -0.04])
25.7128 	EXP 	unnamed ImageStim: pos = array([-0.75, -0.04])
25.7295 	EXP 	unnamed ImageStim: pos = array([-0.75, -0.04])
25.7465 	EXP 	unnamed ImageStim: pos = array([-0.75, -0.04])
25.7627 	EXP 	unnamed ImageStim: pos = array([-0.75, -0.04])
25.7795 	EXP 	unnamed ImageStim: pos = array([-0.75, -0.04])
25.7966 	EXP 	unnamed ImageStim: pos = array([-0.75, -0.04])
25.8127 	EXP 	unnamed ImageStim: pos = array([-0.75, -0.04])
25.8296 	EXP 	unnamed ImageStim: pos = array([-0.75, -0.04])
25.8461 	EXP 	unnamed ImageStim: pos = array([-0.75, -0.04])
25.8631 	EXP 	unnamed ImageStim: pos = array([-0.75, -0.04])
25.8794 	EXP 	unnamed ImageStim: pos = array([-0.75, -0.04])
25.8961 	EXP 	unnamed ImageStim: pos = array([-0.75, -0.04])
25.9129 	EXP 	unnamed ImageStim: pos = array([-0.75, -0.04])
25.9298 	EXP 	unnamed ImageStim: pos = array([-0.75, -0.04])
25.9461 	EXP 	unnamed ImageStim: pos = array([-0.75, -0.04])
25.9628 	EXP 	unnamed ImageStim: pos = array([-0.75, -0.04])
25.9794 	EXP 	unnamed ImageStim: pos = array([-0.75, -0.04])
25.9967 	EXP 	unnamed ImageStim: pos = array([-0.75, -0.04])
26.0129 	EXP 	unnamed ImageStim: pos = array([-0.75, -0.04])
26.0294 	EXP 	unnamed ImageStim: pos = array([-0.75, -0.04])
26.0465 	EXP 	unnamed ImageStim: pos = array([-0.75, -0.04])
26.0628 	EXP 	unnamed ImageStim: pos = array([-0.75, -0.04])
26.0798 	EXP 	unnamed ImageStim: pos = array([-0.75, -0.04])
26.0963 	EXP 	unnamed ImageStim: pos = array([-0.75, -0.04])
26.1136 	EXP 	unnamed ImageStim: pos = array([-0.75, -0.04])
26.1296 	EXP 	unnamed ImageStim: pos = array([-0.75, -0.04])
26.1469 	EXP 	unnamed ImageStim: pos = array([-0.75, -0.04])
26.1629 	EXP 	unnamed ImageStim: pos = array([-0.75, -0.04])
26.1798 	EXP 	unnamed ImageStim: pos = array([-0.75, -0.04])
26.1959 	EXP 	unnamed ImageStim: pos = array([-0.75, -0.04])
26.2129 	EXP 	unnamed ImageStim: pos = array([-0.75, -0.04])
26.2294 	EXP 	unnamed ImageStim: pos = array([-0.75, -0.04])
26.2464 	EXP 	unnamed ImageStim: pos = array([-0.75, -0.04])
26.2629 	EXP 	unnamed ImageStim: pos = array([-0.75, -0.04])
26.2796 	EXP 	unnamed ImageStim: pos = array([-0.75, -0.04])
26.2967 	EXP 	unnamed ImageStim: pos = array([-0.75, -0.04])
26.3129 	EXP 	unnamed ImageStim: pos = array([-0.75, -0.04])
26.3296 	EXP 	unnamed ImageStim: pos = array([-0.75, -0.04])
26.3461 	EXP 	unnamed ImageStim: pos = array([-0.75, -0.04])
26.3632 	EXP 	unnamed ImageStim: pos = array([-0.75, -0.04])
26.3793 	EXP 	unnamed ImageStim: pos = array([-0.75, -0.04])
26.3963 	EXP 	unnamed ImageStim: pos = array([-0.75, -0.04])
26.4128 	EXP 	unnamed ImageStim: pos = array([-0.75, -0.04])
26.4297 	EXP 	unnamed ImageStim: pos = array([-0.75, -0.04])
26.4461 	EXP 	unnamed ImageStim: pos = array([-0.75, -0.04])
26.4627 	EXP 	unnamed ImageStim: pos = array([-0.75, -0.04])
26.4796 	EXP 	unnamed ImageStim: pos = array([-0.75, -0.04])
26.4966 	EXP 	unnamed ImageStim: pos = array([-0.75, -0.04])
26.5129 	EXP 	unnamed ImageStim: pos = array([-0.75, -0.04])
26.5294 	EXP 	unnamed ImageStim: pos = array([-0.75, -0.04])
26.5465 	EXP 	unnamed ImageStim: pos = array([-0.75, -0.04])
26.5628 	EXP 	unnamed ImageStim: pos = array([-0.75, -0.04])
26.5798 	EXP 	unnamed ImageStim: pos = array([-0.75, -0.04])
26.5960 	EXP 	unnamed ImageStim: pos = array([-0.75, -0.04])
26.6132 	EXP 	unnamed ImageStim: pos = array([-0.75, -0.04])
26.6295 	EXP 	unnamed ImageStim: pos = array([-0.75, -0.04])
26.6463 	EXP 	unnamed ImageStim: pos = array([-0.75, -0.04])
26.6627 	EXP 	unnamed ImageStim: pos = array([-0.75, -0.04])
26.6799 	EXP 	unnamed ImageStim: pos = array([-0.75, -0.04])
26.6961 	EXP 	unnamed ImageStim: pos = array([-0.75, -0.04])
26.7131 	EXP 	unnamed ImageStim: pos = array([-0.75, -0.04])
26.7148 	DATA 	Keypress: num_7
26.7294 	EXP 	unnamed ImageStim: pos = array([-0.75, -0.04])
26.7465 	EXP 	unnamed ImageStim: pos = array([-0.75, -0.04])
26.7627 	EXP 	unnamed ImageStim: pos = array([-0.75, -0.04])
26.7793 	EXP 	unnamed ImageStim: pos = array([-0.75, -0.04])
26.7965 	EXP 	unnamed ImageStim: pos = array([-0.75, -0.04])
26.8129 	EXP 	unnamed ImageStim: pos = array([-0.75, -0.04])
26.8294 	EXP 	unnamed ImageStim: pos = array([-0.75, -0.04])
26.8462 	EXP 	unnamed ImageStim: pos = array([-0.75, -0.04])
26.8630 	EXP 	unnamed ImageStim: pos = array([-0.75, -0.04])
26.8794 	EXP 	unnamed ImageStim: pos = array([-0.75, -0.04])
26.8960 	EXP 	unnamed ImageStim: pos = array([-0.75, -0.04])
26.9126 	EXP 	unnamed ImageStim: pos = array([-0.75, -0.04])
26.9297 	EXP 	unnamed ImageStim: pos = array([-0.75, -0.04])
26.9459 	EXP 	unnamed ImageStim: pos = array([-0.75, -0.04])
26.9629 	EXP 	unnamed ImageStim: pos = array([-0.75, -0.04])
26.9793 	EXP 	unnamed ImageStim: pos = array([-0.75, -0.04])
26.9964 	EXP 	unnamed ImageStim: pos = array([-0.75, -0.04])
27.0127 	EXP 	unnamed ImageStim: pos = array([-0.75, -0.04])
27.0295 	EXP 	unnamed ImageStim: pos = array([-0.75, -0.04])
27.0464 	EXP 	unnamed ImageStim: pos = array([-0.75, -0.04])
27.0628 	EXP 	unnamed ImageStim: pos = array([-0.75, -0.04])
27.0793 	EXP 	unnamed ImageStim: pos = array([-0.75, -0.04])
27.0959 	EXP 	unnamed ImageStim: pos = array([-0.75, -0.04])
27.1130 	EXP 	unnamed ImageStim: pos = array([-0.75, -0.04])
27.1293 	EXP 	unnamed ImageStim: pos = array([-0.75, -0.04])
27.1459 	EXP 	unnamed ImageStim: pos = array([-0.75, -0.04])
27.1631 	EXP 	unnamed ImageStim: pos = array([-0.75, -0.04])
27.1800 	EXP 	unnamed ImageStim: pos = array([-0.75, -0.04])
27.1964 	EXP 	unnamed ImageStim: pos = array([-0.75, -0.04])
27.2132 	EXP 	unnamed ImageStim: pos = array([-0.75, -0.04])
27.2316 	EXP 	unnamed ImageStim: pos = array([-0.75, -0.04])
27.2470 	EXP 	unnamed ImageStim: pos = array([-0.75, -0.04])
27.2625 	EXP 	unnamed ImageStim: pos = array([-0.75, -0.04])
27.2819 	EXP 	unnamed ImageStim: pos = array([-0.75, -0.04])
27.3070 	EXP 	unnamed ImageStim: pos = array([-0.75, -0.04])
27.3276 	EXP 	unnamed ImageStim: pos = array([-0.75, -0.04])
27.3449 	EXP 	unnamed ImageStim: pos = array([-0.75, -0.04])
27.3618 	EXP 	unnamed ImageStim: pos = array([-0.75, -0.04])
27.3795 	EXP 	unnamed ImageStim: pos = array([-0.75, -0.04])
27.3963 	EXP 	unnamed ImageStim: pos = array([-0.75, -0.04])
27.4128 	EXP 	unnamed ImageStim: pos = array([-0.75, -0.04])
27.4300 	EXP 	unnamed ImageStim: pos = array([-0.75, -0.04])
27.4463 	EXP 	unnamed ImageStim: pos = array([-0.75, -0.04])
27.4631 	EXP 	unnamed ImageStim: pos = array([-0.75, -0.04])
27.4796 	EXP 	unnamed ImageStim: pos = array([-0.75, -0.04])
27.4966 	EXP 	unnamed ImageStim: pos = array([-0.75, -0.04])
27.5131 	EXP 	unnamed ImageStim: pos = array([-0.75, -0.04])
27.5297 	EXP 	unnamed ImageStim: pos = array([-0.75, -0.04])
27.5466 	EXP 	unnamed ImageStim: pos = array([-0.75, -0.04])
27.5629 	EXP 	unnamed ImageStim: pos = array([-0.75, -0.04])
27.5796 	EXP 	unnamed ImageStim: pos = array([-0.75, -0.04])
27.5963 	EXP 	unnamed ImageStim: pos = array([-0.75, -0.04])
27.6135 	EXP 	unnamed ImageStim: pos = array([-0.75, -0.04])
27.6296 	EXP 	unnamed ImageStim: pos = array([-0.75, -0.04])
27.6462 	EXP 	unnamed ImageStim: pos = array([-0.75, -0.04])
27.6630 	EXP 	unnamed ImageStim: pos = array([-0.75, -0.04])
27.6799 	EXP 	unnamed ImageStim: pos = array([-0.75, -0.04])
27.6963 	EXP 	unnamed ImageStim: pos = array([-0.75, -0.04])
27.7128 	EXP 	unnamed ImageStim: pos = array([-0.75, -0.04])
27.7296 	EXP 	unnamed ImageStim: pos = array([-0.75, -0.04])
27.7464 	EXP 	unnamed ImageStim: pos = array([-0.75, -0.04])
27.7630 	EXP 	unnamed ImageStim: pos = array([-0.75, -0.04])
27.7797 	EXP 	unnamed ImageStim: pos = array([-0.75, -0.04])
27.7965 	EXP 	unnamed ImageStim: pos = array([-0.75, -0.04])
27.8129 	EXP 	unnamed ImageStim: pos = array([-0.75, -0.04])
27.8295 	EXP 	unnamed ImageStim: pos = array([-0.75, -0.04])
27.8461 	EXP 	unnamed ImageStim: pos = array([-0.75, -0.04])
27.8632 	EXP 	unnamed ImageStim: pos = array([-0.75, -0.04])
27.8794 	EXP 	unnamed ImageStim: pos = array([-0.75, -0.04])
27.8961 	EXP 	unnamed ImageStim: pos = array([-0.75, -0.04])
27.9128 	EXP 	unnamed ImageStim: pos = array([-0.75, -0.04])
27.9297 	EXP 	unnamed ImageStim: pos = array([-0.75, -0.04])
27.9463 	EXP 	unnamed ImageStim: pos = array([-0.75, -0.04])
27.9629 	EXP 	unnamed ImageStim: pos = array([-0.75, -0.04])
27.9794 	EXP 	unnamed ImageStim: pos = array([-0.75, -0.04])
27.9964 	EXP 	unnamed ImageStim: pos = array([-0.75, -0.04])
28.0130 	EXP 	unnamed ImageStim: pos = array([-0.75, -0.04])
28.0294 	EXP 	unnamed ImageStim: pos = array([-0.75, -0.04])
28.0464 	EXP 	unnamed ImageStim: pos = array([-0.75, -0.04])
28.0629 	EXP 	unnamed ImageStim: pos = array([-0.75, -0.04])
28.0796 	EXP 	unnamed ImageStim: pos = array([-0.75, -0.04])
28.0960 	EXP 	unnamed ImageStim: pos = array([-0.75, -0.04])
28.1129 	EXP 	unnamed ImageStim: pos = array([-0.75, -0.04])
28.1295 	EXP 	unnamed ImageStim: pos = array([-0.75, -0.04])
28.1459 	EXP 	unnamed ImageStim: pos = array([-0.75, -0.04])
28.1626 	EXP 	unnamed ImageStim: pos = array([-0.75, -0.04])
28.1797 	EXP 	unnamed ImageStim: pos = array([-0.75, -0.04])
28.1960 	EXP 	unnamed ImageStim: pos = array([-0.75, -0.04])
28.2126 	EXP 	unnamed ImageStim: pos = array([-0.75, -0.04])
28.2292 	EXP 	unnamed ImageStim: pos = array([-0.75, -0.04])
28.2464 	EXP 	unnamed ImageStim: pos = array([-0.75, -0.04])
28.2625 	EXP 	unnamed ImageStim: pos = array([-0.75, -0.04])
28.2792 	EXP 	unnamed ImageStim: pos = array([-0.75, -0.04])
28.2963 	EXP 	unnamed ImageStim: pos = array([-0.75, -0.04])
28.3125 	EXP 	unnamed ImageStim: pos = array([-0.75, -0.04])
28.3294 	EXP 	unnamed ImageStim: pos = array([-0.75, -0.04])
28.3461 	EXP 	unnamed ImageStim: pos = array([-0.75, -0.04])
28.3629 	EXP 	unnamed ImageStim: pos = array([-0.75, -0.04])
28.3792 	EXP 	unnamed ImageStim: pos = array([-0.75, -0.04])
28.3961 	EXP 	unnamed ImageStim: pos = array([-0.75, -0.04])
28.4125 	EXP 	unnamed ImageStim: pos = array([-0.75, -0.04])
28.4296 	EXP 	unnamed ImageStim: pos = array([-0.75, -0.04])
28.4459 	EXP 	unnamed ImageStim: pos = array([-0.75, -0.04])
28.4626 	EXP 	unnamed ImageStim: pos = array([-0.75, -0.04])
28.4793 	EXP 	unnamed ImageStim: pos = array([-0.75, -0.04])
28.4963 	EXP 	unnamed ImageStim: pos = array([-0.75, -0.04])
28.5124 	EXP 	unnamed ImageStim: pos = array([-0.75, -0.04])
28.5292 	EXP 	unnamed ImageStim: pos = array([-0.75, -0.04])
28.5461 	EXP 	unnamed ImageStim: pos = array([-0.75, -0.04])
28.5625 	EXP 	unnamed ImageStim: pos = array([-0.75, -0.04])
28.5792 	EXP 	unnamed ImageStim: pos = array([-0.75, -0.04])
28.5960 	EXP 	unnamed ImageStim: pos = array([-0.75, -0.04])
28.6127 	EXP 	unnamed ImageStim: pos = array([-0.75, -0.04])
28.6294 	EXP 	unnamed ImageStim: pos = array([-0.75, -0.04])
28.6460 	EXP 	unnamed ImageStim: pos = array([-0.75, -0.04])
28.6628 	EXP 	unnamed ImageStim: pos = array([-0.75, -0.04])
28.6798 	EXP 	unnamed ImageStim: pos = array([-0.75, -0.04])
28.6961 	EXP 	unnamed ImageStim: pos = array([-0.75, -0.04])
28.7129 	EXP 	unnamed ImageStim: pos = array([-0.75, -0.04])
28.7295 	EXP 	unnamed ImageStim: pos = array([-0.75, -0.04])
28.7465 	EXP 	unnamed ImageStim: pos = array([-0.75, -0.04])
28.7632 	EXP 	unnamed ImageStim: pos = array([-0.75, -0.04])
28.7799 	EXP 	unnamed ImageStim: pos = array([-0.75, -0.04])
28.7965 	EXP 	unnamed ImageStim: pos = array([-0.75, -0.04])
28.8129 	EXP 	unnamed ImageStim: pos = array([-0.75, -0.04])
28.8295 	EXP 	unnamed ImageStim: pos = array([-0.75, -0.04])
28.8465 	EXP 	unnamed ImageStim: pos = array([-0.75, -0.04])
28.8636 	EXP 	unnamed ImageStim: pos = array([-0.75, -0.04])
28.8796 	EXP 	unnamed ImageStim: pos = array([-0.75, -0.04])
28.8961 	EXP 	unnamed ImageStim: pos = array([-0.75, -0.04])
28.9129 	EXP 	unnamed ImageStim: pos = array([-0.75, -0.04])
28.9299 	EXP 	unnamed ImageStim: pos = array([-0.75, -0.04])
28.9462 	EXP 	unnamed ImageStim: pos = array([-0.75, -0.04])
28.9630 	EXP 	unnamed ImageStim: pos = array([-0.75, -0.04])
28.9794 	EXP 	unnamed ImageStim: pos = array([-0.75, -0.04])
28.9965 	EXP 	unnamed ImageStim: pos = array([-0.75, -0.04])
29.0129 	EXP 	unnamed ImageStim: pos = array([-0.75, -0.04])
29.0298 	EXP 	unnamed ImageStim: pos = array([-0.75, -0.04])
29.0468 	EXP 	unnamed ImageStim: pos = array([-0.75, -0.04])
29.0629 	EXP 	unnamed ImageStim: pos = array([-0.75, -0.04])
29.0796 	EXP 	unnamed ImageStim: pos = array([-0.75, -0.04])
29.0963 	EXP 	unnamed ImageStim: pos = array([-0.75, -0.04])
29.1132 	EXP 	unnamed ImageStim: pos = array([-0.75, -0.04])
29.1294 	EXP 	unnamed ImageStim: pos = array([-0.75, -0.04])
29.1461 	EXP 	unnamed ImageStim: pos = array([-0.75, -0.04])
29.1628 	EXP 	unnamed ImageStim: pos = array([-0.75, -0.04])
29.1798 	EXP 	unnamed ImageStim: pos = array([-0.75, -0.04])
29.1962 	EXP 	unnamed ImageStim: pos = array([-0.75, -0.04])
29.2128 	EXP 	unnamed ImageStim: pos = array([-0.75, -0.04])
29.2296 	EXP 	unnamed ImageStim: pos = array([-0.75, -0.04])
29.2465 	EXP 	unnamed ImageStim: pos = array([-0.75, -0.04])
29.2629 	EXP 	unnamed ImageStim: pos = array([-0.75, -0.04])
29.2794 	EXP 	unnamed ImageStim: pos = array([-0.75, -0.04])
29.2965 	EXP 	unnamed ImageStim: pos = array([-0.75, -0.04])
29.3128 	EXP 	unnamed ImageStim: pos = array([-0.75, -0.04])
29.3294 	EXP 	unnamed ImageStim: pos = array([-0.75, -0.04])
29.3461 	EXP 	unnamed ImageStim: pos = array([-0.75, -0.04])
29.3631 	EXP 	unnamed ImageStim: pos = array([-0.75, -0.04])
29.3793 	EXP 	unnamed ImageStim: pos = array([-0.75, -0.04])
29.3961 	EXP 	unnamed ImageStim: pos = array([-0.75, -0.04])
29.4129 	EXP 	unnamed ImageStim: pos = array([-0.75, -0.04])
29.4298 	EXP 	unnamed ImageStim: pos = array([-0.75, -0.04])
29.4461 	EXP 	unnamed ImageStim: pos = array([-0.75, -0.04])
29.4628 	EXP 	unnamed ImageStim: pos = array([-0.75, -0.04])
29.4797 	EXP 	unnamed ImageStim: pos = array([-0.75, -0.04])
29.4963 	EXP 	unnamed ImageStim: pos = array([-0.75, -0.04])
29.5126 	EXP 	unnamed ImageStim: pos = array([-0.75, -0.04])
29.5295 	EXP 	unnamed ImageStim: pos = array([-0.75, -0.04])
29.5463 	EXP 	unnamed ImageStim: pos = array([-0.75, -0.04])
29.5629 	EXP 	unnamed ImageStim: pos = array([-0.75, -0.04])
29.5793 	EXP 	unnamed ImageStim: pos = array([-0.75, -0.04])
29.5961 	EXP 	unnamed ImageStim: pos = array([-0.75, -0.04])
29.6131 	EXP 	unnamed ImageStim: pos = array([-0.75, -0.04])
29.6295 	EXP 	unnamed ImageStim: pos = array([-0.75, -0.04])
29.6460 	EXP 	unnamed ImageStim: pos = array([-0.75, -0.04])
29.6628 	EXP 	unnamed ImageStim: pos = array([-0.75, -0.04])
29.6796 	EXP 	unnamed ImageStim: pos = array([-0.75, -0.04])
29.6960 	EXP 	unnamed ImageStim: pos = array([-0.75, -0.04])
29.7126 	EXP 	unnamed ImageStim: pos = array([-0.75, -0.04])
29.7296 	EXP 	unnamed ImageStim: pos = array([-0.75, -0.04])
29.7463 	EXP 	unnamed ImageStim: pos = array([-0.75, -0.04])
29.7628 	EXP 	unnamed ImageStim: pos = array([-0.75, -0.04])
29.7794 	EXP 	unnamed ImageStim: pos = array([-0.75, -0.04])
29.7962 	EXP 	unnamed ImageStim: pos = array([-0.75, -0.04])
29.8126 	EXP 	unnamed ImageStim: pos = array([-0.75, -0.04])
29.8294 	EXP 	unnamed ImageStim: pos = array([-0.75, -0.04])
29.8460 	EXP 	unnamed ImageStim: pos = array([-0.75, -0.04])
29.8631 	EXP 	unnamed ImageStim: pos = array([-0.75, -0.04])
29.8792 	EXP 	unnamed ImageStim: pos = array([-0.75, -0.04])
29.8961 	EXP 	unnamed ImageStim: pos = array([-0.75, -0.04])
29.9128 	EXP 	unnamed ImageStim: pos = array([-0.75, -0.04])
29.9299 	EXP 	unnamed ImageStim: pos = array([-0.75, -0.04])
29.9461 	EXP 	unnamed ImageStim: pos = array([-0.75, -0.04])
29.9626 	EXP 	unnamed ImageStim: pos = array([-0.75, -0.04])
29.9795 	EXP 	unnamed ImageStim: pos = array([-0.75, -0.04])
29.9964 	EXP 	unnamed ImageStim: pos = array([-0.75, -0.04])
30.0128 	EXP 	unnamed ImageStim: pos = array([-0.75, -0.04])
30.0294 	EXP 	unnamed ImageStim: pos = array([-0.75, -0.04])
30.0464 	EXP 	unnamed ImageStim: pos = array([-0.75, -0.04])
30.0627 	EXP 	unnamed ImageStim: pos = array([-0.75, -0.04])
30.0793 	EXP 	unnamed ImageStim: pos = array([-0.75, -0.04])
30.0961 	EXP 	unnamed ImageStim: pos = array([-0.75, -0.04])
30.1129 	EXP 	unnamed ImageStim: pos = array([-0.75, -0.04])
30.1294 	EXP 	unnamed ImageStim: pos = array([-0.75, -0.04])
30.1459 	EXP 	unnamed ImageStim: pos = array([-0.75, -0.04])
30.1628 	EXP 	unnamed ImageStim: pos = array([-0.75, -0.04])
30.1794 	EXP 	unnamed ImageStim: pos = array([-0.75, -0.04])
30.1959 	EXP 	unnamed ImageStim: pos = array([-0.75, -0.04])
30.2126 	EXP 	unnamed ImageStim: pos = array([-0.75, -0.04])
30.2291 	EXP 	unnamed ImageStim: pos = array([-0.75, -0.04])
30.2464 	EXP 	unnamed ImageStim: pos = array([-0.75, -0.04])
30.2627 	EXP 	unnamed ImageStim: pos = array([-0.75, -0.04])
30.2795 	EXP 	unnamed ImageStim: pos = array([-0.75, -0.04])
30.2964 	EXP 	unnamed ImageStim: pos = array([-0.75, -0.04])
30.3131 	EXP 	unnamed ImageStim: pos = array([-0.75, -0.04])
30.3290 	EXP 	unnamed ImageStim: pos = array([-0.75, -0.04])
30.3457 	EXP 	unnamed ImageStim: pos = array([-0.75, -0.04])
30.3626 	EXP 	unnamed ImageStim: pos = array([-0.75, -0.04])
30.3790 	EXP 	unnamed ImageStim: pos = array([-0.75, -0.04])
30.3958 	EXP 	unnamed ImageStim: pos = array([-0.75, -0.04])
30.4123 	EXP 	unnamed ImageStim: pos = array([-0.75, -0.04])
30.4296 	EXP 	unnamed ImageStim: pos = array([-0.75, -0.04])
30.4457 	EXP 	unnamed ImageStim: pos = array([-0.75, -0.04])
30.4623 	EXP 	unnamed ImageStim: pos = array([-0.75, -0.04])
30.4791 	EXP 	unnamed ImageStim: pos = array([-0.75, -0.04])
30.4959 	EXP 	unnamed ImageStim: pos = array([-0.75, -0.04])
30.5125 	EXP 	unnamed ImageStim: pos = array([-0.75, -0.04])
30.5291 	EXP 	unnamed ImageStim: pos = array([-0.75, -0.04])
30.5459 	EXP 	unnamed ImageStim: pos = array([-0.75, -0.04])
30.5624 	EXP 	unnamed ImageStim: pos = array([-0.75, -0.04])
30.5790 	EXP 	unnamed ImageStim: pos = array([-0.75, -0.04])
30.5957 	EXP 	unnamed ImageStim: pos = array([-0.75, -0.04])
30.6126 	EXP 	unnamed ImageStim: pos = array([-0.75, -0.04])
30.6290 	EXP 	unnamed ImageStim: pos = array([-0.75, -0.04])
30.6457 	EXP 	unnamed ImageStim: pos = array([-0.75, -0.04])
30.6629 	EXP 	unnamed ImageStim: pos = array([-0.75, -0.04])
30.6793 	EXP 	unnamed ImageStim: pos = array([-0.75, -0.04])
30.6957 	EXP 	unnamed ImageStim: pos = array([-0.75, -0.04])
30.7125 	EXP 	unnamed ImageStim: pos = array([-0.75, -0.04])
30.7293 	EXP 	unnamed ImageStim: pos = array([-0.75, -0.04])
30.7459 	EXP 	unnamed ImageStim: pos = array([-0.75, -0.04])
30.7625 	EXP 	unnamed ImageStim: pos = array([-0.75, -0.04])
30.7790 	EXP 	unnamed ImageStim: pos = array([-0.75, -0.04])
30.7960 	EXP 	unnamed ImageStim: pos = array([-0.75, -0.04])
30.8123 	EXP 	unnamed ImageStim: pos = array([-0.75, -0.04])
30.8290 	EXP 	unnamed ImageStim: pos = array([-0.75, -0.04])
30.8458 	EXP 	unnamed ImageStim: pos = array([-0.75, -0.04])
30.8629 	EXP 	unnamed ImageStim: pos = array([-0.75, -0.04])
30.8791 	EXP 	unnamed ImageStim: pos = array([-0.75, -0.04])
30.8957 	EXP 	unnamed ImageStim: pos = array([-0.75, -0.04])
30.9126 	EXP 	unnamed ImageStim: pos = array([-0.75, -0.04])
30.9295 	EXP 	unnamed ImageStim: pos = array([-0.75, -0.04])
30.9457 	EXP 	unnamed ImageStim: pos = array([-0.75, -0.04])
30.9623 	EXP 	unnamed ImageStim: pos = array([-0.75, -0.04])
30.9790 	EXP 	unnamed ImageStim: pos = array([-0.75, -0.04])
30.9960 	EXP 	unnamed ImageStim: pos = array([-0.75, -0.04])
31.0123 	EXP 	unnamed ImageStim: pos = array([-0.75, -0.04])
31.0290 	EXP 	unnamed ImageStim: pos = array([-0.75, -0.04])
31.0460 	EXP 	unnamed ImageStim: pos = array([-0.75, -0.04])
31.0624 	EXP 	unnamed ImageStim: pos = array([-0.75, -0.04])
31.0789 	EXP 	unnamed ImageStim: pos = array([-0.75, -0.04])
31.0957 	EXP 	unnamed ImageStim: pos = array([-0.75, -0.04])
31.1127 	EXP 	unnamed ImageStim: pos = array([-0.75, -0.04])
31.1290 	EXP 	unnamed ImageStim: pos = array([-0.75, -0.04])
31.1457 	EXP 	unnamed ImageStim: pos = array([-0.75, -0.04])
31.1624 	EXP 	unnamed ImageStim: pos = array([-0.75, -0.04])
31.1801 	EXP 	unnamed ImageStim: pos = array([-0.75, -0.04])
31.1959 	EXP 	unnamed ImageStim: pos = array([-0.75, -0.04])
31.2126 	EXP 	unnamed ImageStim: pos = array([-0.75, -0.04])
31.2294 	EXP 	unnamed ImageStim: pos = array([-0.75, -0.04])
31.2465 	EXP 	unnamed ImageStim: pos = array([-0.75, -0.04])
31.2627 	EXP 	unnamed ImageStim: pos = array([-0.75, -0.04])
31.2795 	EXP 	unnamed ImageStim: pos = array([-0.75, -0.04])
31.2964 	EXP 	unnamed ImageStim: pos = array([-0.75, -0.04])
31.3126 	EXP 	unnamed ImageStim: pos = array([-0.75, -0.04])
31.3291 	EXP 	unnamed ImageStim: pos = array([-0.75, -0.04])
31.3458 	EXP 	unnamed ImageStim: pos = array([-0.75, -0.04])
31.3630 	EXP 	unnamed ImageStim: pos = array([-0.75, -0.04])
31.3792 	EXP 	unnamed ImageStim: pos = array([-0.75, -0.04])
31.3959 	EXP 	unnamed ImageStim: pos = array([-0.75, -0.04])
31.4126 	EXP 	unnamed ImageStim: pos = array([-0.75, -0.04])
31.4298 	EXP 	unnamed ImageStim: pos = array([-0.75, -0.04])
31.4460 	EXP 	unnamed ImageStim: pos = array([-0.75, -0.04])
31.4623 	EXP 	unnamed ImageStim: pos = array([-0.75, -0.04])
31.4779 	EXP 	unnamed ImageStim: pos = array([-0.75, -0.04])
31.4954 	EXP 	unnamed ImageStim: pos = array([-0.75, -0.04])
31.5118 	EXP 	unnamed ImageStim: pos = array([-0.75, -0.04])
31.5292 	EXP 	unnamed ImageStim: pos = array([-0.75, -0.04])
31.5462 	EXP 	unnamed ImageStim: pos = array([-0.75, -0.04])
31.5626 	EXP 	unnamed ImageStim: pos = array([-0.75, -0.04])
31.5792 	EXP 	unnamed ImageStim: pos = array([-0.75, -0.04])
31.5959 	EXP 	unnamed ImageStim: pos = array([-0.75, -0.04])
31.6131 	EXP 	unnamed ImageStim: pos = array([-0.75, -0.04])
31.6294 	EXP 	unnamed ImageStim: pos = array([-0.75, -0.04])
31.6458 	EXP 	unnamed ImageStim: pos = array([-0.75, -0.04])
31.6627 	EXP 	unnamed ImageStim: pos = array([-0.75, -0.04])
31.6792 	EXP 	unnamed ImageStim: pos = array([-0.75, -0.04])
31.6960 	EXP 	unnamed ImageStim: pos = array([-0.75, -0.04])
31.7126 	EXP 	unnamed ImageStim: pos = array([-0.75, -0.04])
31.7292 	EXP 	unnamed ImageStim: pos = array([-0.75, -0.04])
31.7463 	EXP 	unnamed ImageStim: pos = array([-0.75, -0.04])
31.7480 	DATA 	Keypress: escape
