6.3165 	WARNING 	User requested fullscreen with size [1440  900], but screen is actually [1366, 768]. Using actual size
7.3140 	EXP 	Created window1 = Window(allowGUI=False, allowStencil=False, autoLog=True, bitsMode=UNKNOWN, blendMode='avg', color=array([ 0.,  0.,  0.]), colorSpace='rgb', fullscr=UNKNOWN, gamma=None, lms=UNKNOWN, monitor=<psychopy.monitors.calibTools.Monitor object at 0x18E29150>, multiSample=False, name='window1', numSamples=2, pos=[0, 0], screen=0, size=array([1366,  768]), stereo=False, units=u'norm', useFBO=True, useRetina=False, viewOri=0.0, viewPos=None, viewScale=None, waitBlanking=True, winType='pyglet')
7.3141 	EXP 	window1: recordFrameIntervals = False
7.4791 	EXP 	window1: recordFrameIntervals = True
7.6630 	EXP 	window1: recordFrameIntervals = False
7.7824 	EXP 	Created instructionsGeneral = TextStim(alignHoriz='center', alignVert='center', antialias=True, autoLog=True, bold=False, color=array([ 1.,  1.,  1.]), colorSpace='rgb', contrast=1.0, depth=0.0, flipHoriz=False, flipVert=False, font='Arial', fontFiles=[], height=0.1, italic=False, name='instructionsGeneral', opacity=1.0, ori=0, pos=array([ 0.,  0.]), rgb=array([ 1.,  1.,  1.]), text=unicode(...), units=u'norm', win=Window(...), wrapWidth=1)
7.7852 	EXP 	Created image_paw1 = ImageStim(autoLog=True, color=array([ 1.,  1.,  1.]), colorSpace='rgb', contrast=1.0, depth=0.0, flipHoriz=False, flipVert=False, image='sin', interpolate=True, mask=None, maskParams=None, name='image_paw1', opacity=1.0, ori=0.0, pos=array([ 0.,  0.]), size=array([ 2. ,  2.5]), texRes=128, units=u'norm', win=Window(...))
7.7888 	EXP 	Created text = TextStim(alignHoriz='center', alignVert='center', antialias=True, autoLog=True, bold=False, color=array([ 1.,  1.,  1.]), colorSpace='rgb', contrast=1.0, depth=-1.0, flipHoriz=False, flipVert=False, font='Arial', fontFiles=[], height=0.1, italic=False, name='text', opacity=1.0, ori=0, pos=array([ 0. ,  0.8]), rgb=array([ 1.,  1.,  1.]), text=u'  ', units=u'norm', win=Window(...), wrapWidth=1)
7.7966 	EXP 	Created text_5 = TextStim(alignHoriz='center', alignVert='center', antialias=True, autoLog=True, bold=False, color='white', colorSpace='named', contrast=1.0, depth=0.0, flipHoriz=False, flipVert=False, font='Arial', fontFiles=[], height=0.1, italic=False, name='text_5', opacity=1.0, ori=0, pos=array([ 0.,  0.]), rgb=array([ 255.,  255.,  255.]), text=u'Get Ready... ', units=u'norm', win=Window(...), wrapWidth=1)
7.8009 	EXP 	Created text_6 = TextStim(alignHoriz='center', alignVert='center', antialias=True, autoLog=True, bold=False, color='white', colorSpace='named', contrast=1.0, depth=-1.0, flipHoriz=False, flipVert=False, font='Arial', fontFiles=[], height=0.1, italic=False, name='text_6', opacity=1.0, ori=0, pos=array([ 0.,  0.]), rgb=array([ 255.,  255.,  255.]), text=u'GO!', units=u'norm', win=Window(...), wrapWidth=1)
7.8029 	EXP 	Created image = ImageStim(autoLog=True, color=array([ 1.,  1.,  1.]), colorSpace='rgb', contrast=1.0, depth=0.0, flipHoriz=False, flipVert=False, image='sin', interpolate=True, mask=None, maskParams=None, name='image', opacity=1.0, ori=0.0, pos=array([ 0.,  0.]), size=array([ 2. ,  2.5]), texRes=128, units=u'norm', win=Window(...))
7.8050 	EXP 	Created blankImage = ImageStim(autoLog=True, color=array([ 1.,  1.,  1.]), colorSpace='rgb', contrast=1.0, depth=0.0, flipHoriz=False, flipVert=False, image='sin', interpolate=True, mask=None, maskParams=None, name='blankImage', opacity=1.0, ori=0.0, pos=array([ 0.,  0.]), size=array([ 2. ,  2.5]), texRes=128, units=u'norm', win=Window(...))
7.8200 	EXP 	Created text_7 = TextStim(alignHoriz='center', alignVert='center', antialias=True, autoLog=True, bold=False, color='white', colorSpace='named', contrast=1.0, depth=0.0, flipHoriz=False, flipVert=False, font='Arial', fontFiles=[], height=0.1, italic=False, name='text_7', opacity=1.0, ori=0, pos=array([ 0.,  0.]), rgb=array([ 255.,  255.,  255.]), text=unicode(...), units=u'norm', win=Window(...), wrapWidth=1)
7.8380 	EXP 	Created instructions3 = TextStim(alignHoriz='center', alignVert='center', antialias=True, autoLog=True, bold=False, color='white', colorSpace='named', contrast=1.0, depth=0.0, flipHoriz=False, flipVert=False, font='Arial', fontFiles=[], height=0.1, italic=False, name='instructions3', opacity=1.0, ori=0, pos=array([ 0.,  0.]), rgb=array([ 255.,  255.,  255.]), text=unicode(...), units=u'norm', win=Window(...), wrapWidth=1)
7.8401 	EXP 	Created pos1 = ImageStim(autoLog=True, color=array([ 1.,  1.,  1.]), colorSpace='rgb', contrast=1.0, depth=0.0, flipHoriz=False, flipVert=False, image='sin', interpolate=True, mask=None, maskParams=None, name='pos1', opacity=1.0, ori=0.0, pos=array([ 0.,  0.]), size=array([ 2. ,  2.5]), texRes=128, units=u'norm', win=Window(...))
7.8421 	EXP 	Created image_3 = ImageStim(autoLog=True, color=array([ 1.,  1.,  1.]), colorSpace='rgb', contrast=1.0, depth=0.0, flipHoriz=False, flipVert=False, image='sin', interpolate=True, mask=None, maskParams=None, name='image_3', opacity=1.0, ori=0.0, pos=array([ 0.,  0.]), size=array([ 2. ,  2.5]), texRes=128, units=u'norm', win=Window(...))
7.8443 	EXP 	Created image_4 = ImageStim(autoLog=True, color=array([ 1.,  1.,  1.]), colorSpace='rgb', contrast=1.0, depth=0.0, flipHoriz=False, flipVert=False, image='sin', interpolate=True, mask=None, maskParams=None, name='image_4', opacity=1.0, ori=0.0, pos=array([ 0.,  0.]), size=array([ 2. ,  2.5]), texRes=128, units=u'norm', win=Window(...))
7.8464 	EXP 	Created image_5 = ImageStim(autoLog=True, color=array([ 1.,  1.,  1.]), colorSpace='rgb', contrast=1.0, depth=0.0, flipHoriz=False, flipVert=False, image='sin', interpolate=True, mask=None, maskParams=None, name='image_5', opacity=1.0, ori=0.0, pos=array([ 0.,  0.]), size=array([ 2. ,  2.5]), texRes=128, units=u'norm', win=Window(...))
7.8648 	EXP 	Created goodJob = TextStim(alignHoriz='center', alignVert='center', antialias=True, autoLog=True, bold=False, color='white', colorSpace='named', contrast=1.0, depth=0.0, flipHoriz=False, flipVert=False, font='Arial', fontFiles=[], height=0.1, italic=False, name='goodJob', opacity=1.0, ori=0, pos=array([ 0.,  0.]), rgb=array([ 255.,  255.,  255.]), text=unicode(...), units=u'norm', win=Window(...), wrapWidth=1)
7.8678 	EXP 	Created instructionsGeneral = TextStim(alignHoriz='center', alignVert='center', antialias=True, autoLog=True, bold=False, color=array([ 1.,  1.,  1.]), colorSpace='rgb', contrast=1.0, depth=0.0, flipHoriz=False, flipVert=False, font='Arial', fontFiles=[], height=0.1, italic=False, name='instructionsGeneral', opacity=1.0, ori=0, pos=array([ 0.,  0.]), rgb=array([ 1.,  1.,  1.]), text=u' ', units=u'norm', win=Window(...), wrapWidth=1)
7.8700 	EXP 	Created Qimage = ImageStim(autoLog=True, color=array([ 1.,  1.,  1.]), colorSpace='rgb', contrast=1.0, depth=0.0, flipHoriz=False, flipVert=False, image='sin', interpolate=True, mask=None, maskParams=None, name='Qimage', opacity=1.0, ori=0.0, pos=array([ 0.,  0.]), size=array([ 2. ,  2.5]), texRes=128, units=u'norm', win=Window(...))
7.8730 	EXP 	Created text = TextStim(alignHoriz='center', alignVert='center', antialias=True, autoLog=True, bold=False, color=array([ 1.,  1.,  1.]), colorSpace='rgb', contrast=1.0, depth=-1.0, flipHoriz=False, flipVert=False, font='Arial', fontFiles=[], height=0.1, italic=False, name='text', opacity=1.0, ori=0, pos=array([ 0. ,  0.8]), rgb=array([ 1.,  1.,  1.]), text=u'  ', units=u'norm', win=Window(...), wrapWidth=1)
7.8752 	EXP 	Created Qs = ImageStim(autoLog=True, color=array([ 1.,  1.,  1.]), colorSpace='rgb', contrast=1.0, depth=0.0, flipHoriz=False, flipVert=False, image='sin', interpolate=True, mask=None, maskParams=None, name='Qs', opacity=1.0, ori=0.0, pos=array([ 0.,  0.]), size=array([ 2. ,  2.5]), texRes=128, units=u'norm', win=Window(...))
7.8771 	EXP 	Created blankImage = ImageStim(autoLog=True, color=array([ 1.,  1.,  1.]), colorSpace='rgb', contrast=1.0, depth=0.0, flipHoriz=False, flipVert=False, image='sin', interpolate=True, mask=None, maskParams=None, name='blankImage', opacity=1.0, ori=0.0, pos=array([ 0.,  0.]), size=array([ 2. ,  2.5]), texRes=128, units=u'norm', win=Window(...))
7.8915 	EXP 	Created goodJob = TextStim(alignHoriz='center', alignVert='center', antialias=True, autoLog=True, bold=False, color='white', colorSpace='named', contrast=1.0, depth=0.0, flipHoriz=False, flipVert=False, font='Arial', fontFiles=[], height=0.1, italic=False, name='goodJob', opacity=1.0, ori=0, pos=array([ 0.,  0.]), rgb=array([ 255.,  255.,  255.]), text=unicode(...), units=u'norm', win=Window(...), wrapWidth=1)
7.9031 	EXP 	Created Thank you for playing! = TextStim(alignHoriz='center', alignVert='center', antialias=True, autoLog=True, bold=False, color='white', colorSpace='named', contrast=1.0, depth=0.0, flipHoriz=False, flipVert=False, font='Arial', fontFiles=[], height=0.1, italic=False, name='Thank you for playing!', opacity=1.0, ori=0, pos=array([ 0.,  0.]), rgb=array([ 255.,  255.,  255.]), text=unicode(...), units=u'norm', win=Window(...), wrapWidth=1)
7.9039 	EXP 	window1: blendMode = 'avg'
7.9115 	EXP 	instructionsGeneral: color = 'white (named)'
7.9115 	EXP 	instructionsGeneral: autoDraw = True
7.9119 	EXP 	window1: blendMode = 'avg'
7.9285 	EXP 	window1: blendMode = 'avg'
7.9468 	EXP 	window1: blendMode = 'avg'
7.9636 	EXP 	window1: blendMode = 'avg'
7.9802 	EXP 	window1: blendMode = 'avg'
7.9971 	EXP 	window1: blendMode = 'avg'
8.0140 	EXP 	window1: blendMode = 'avg'
8.0308 	EXP 	window1: blendMode = 'avg'
8.0474 	EXP 	window1: blendMode = 'avg'
8.0640 	EXP 	window1: blendMode = 'avg'
8.0807 	EXP 	window1: blendMode = 'avg'
8.0978 	EXP 	window1: blendMode = 'avg'
8.1141 	EXP 	window1: blendMode = 'avg'
8.1307 	EXP 	window1: blendMode = 'avg'
8.1474 	EXP 	window1: blendMode = 'avg'
8.1640 	EXP 	window1: blendMode = 'avg'
8.1807 	EXP 	window1: blendMode = 'avg'
8.1974 	EXP 	window1: blendMode = 'avg'
8.2141 	EXP 	window1: blendMode = 'avg'
8.2306 	EXP 	window1: blendMode = 'avg'
8.2477 	EXP 	window1: blendMode = 'avg'
8.2638 	EXP 	window1: blendMode = 'avg'
8.2805 	EXP 	window1: blendMode = 'avg'
8.2973 	EXP 	window1: blendMode = 'avg'
8.3139 	EXP 	window1: blendMode = 'avg'
8.3305 	EXP 	window1: blendMode = 'avg'
8.3472 	EXP 	window1: blendMode = 'avg'
8.3639 	EXP 	window1: blendMode = 'avg'
8.3807 	EXP 	window1: blendMode = 'avg'
8.3972 	EXP 	window1: blendMode = 'avg'
8.4140 	EXP 	window1: blendMode = 'avg'
8.4306 	EXP 	window1: blendMode = 'avg'
8.4473 	EXP 	window1: blendMode = 'avg'
8.4640 	EXP 	window1: blendMode = 'avg'
8.4806 	EXP 	window1: blendMode = 'avg'
8.4971 	EXP 	window1: blendMode = 'avg'
8.5139 	EXP 	window1: blendMode = 'avg'
8.5305 	EXP 	window1: blendMode = 'avg'
8.5472 	EXP 	window1: blendMode = 'avg'
8.5639 	EXP 	window1: blendMode = 'avg'
8.5805 	EXP 	window1: blendMode = 'avg'
8.5975 	EXP 	window1: blendMode = 'avg'
8.6144 	EXP 	window1: blendMode = 'avg'
8.6310 	EXP 	window1: blendMode = 'avg'
8.6477 	EXP 	window1: blendMode = 'avg'
8.6643 	EXP 	window1: blendMode = 'avg'
8.6810 	EXP 	window1: blendMode = 'avg'
8.6973 	EXP 	window1: blendMode = 'avg'
8.7141 	EXP 	window1: blendMode = 'avg'
8.7305 	EXP 	window1: blendMode = 'avg'
8.7473 	EXP 	window1: blendMode = 'avg'
8.7639 	EXP 	window1: blendMode = 'avg'
8.7806 	EXP 	window1: blendMode = 'avg'
8.7973 	EXP 	window1: blendMode = 'avg'
8.8139 	EXP 	window1: blendMode = 'avg'
8.8306 	EXP 	window1: blendMode = 'avg'
8.8472 	EXP 	window1: blendMode = 'avg'
8.8641 	EXP 	window1: blendMode = 'avg'
8.8806 	EXP 	window1: blendMode = 'avg'
8.8972 	EXP 	window1: blendMode = 'avg'
8.9139 	EXP 	window1: blendMode = 'avg'
8.9303 	EXP 	window1: blendMode = 'avg'
8.9472 	EXP 	window1: blendMode = 'avg'
8.9637 	EXP 	window1: blendMode = 'avg'
8.9805 	EXP 	window1: blendMode = 'avg'
8.9976 	EXP 	window1: blendMode = 'avg'
9.0137 	EXP 	window1: blendMode = 'avg'
9.0306 	EXP 	window1: blendMode = 'avg'
9.0475 	EXP 	window1: blendMode = 'avg'
9.0640 	EXP 	window1: blendMode = 'avg'
9.0806 	EXP 	window1: blendMode = 'avg'
9.0973 	EXP 	window1: blendMode = 'avg'
9.1146 	EXP 	window1: blendMode = 'avg'
9.1311 	EXP 	window1: blendMode = 'avg'
9.1475 	EXP 	window1: blendMode = 'avg'
9.1643 	EXP 	window1: blendMode = 'avg'
9.1809 	EXP 	window1: blendMode = 'avg'
9.1980 	EXP 	window1: blendMode = 'avg'
9.2143 	EXP 	window1: blendMode = 'avg'
9.2308 	EXP 	window1: blendMode = 'avg'
9.2479 	EXP 	window1: blendMode = 'avg'
9.2642 	EXP 	window1: blendMode = 'avg'
9.2809 	EXP 	window1: blendMode = 'avg'
9.2975 	EXP 	window1: blendMode = 'avg'
9.3145 	EXP 	window1: blendMode = 'avg'
9.3309 	EXP 	window1: blendMode = 'avg'
9.3476 	EXP 	window1: blendMode = 'avg'
9.3644 	EXP 	window1: blendMode = 'avg'
9.3812 	EXP 	window1: blendMode = 'avg'
9.3978 	EXP 	window1: blendMode = 'avg'
9.4142 	EXP 	window1: blendMode = 'avg'
9.4308 	EXP 	window1: blendMode = 'avg'
9.4477 	EXP 	window1: blendMode = 'avg'
9.4643 	EXP 	window1: blendMode = 'avg'
9.4807 	EXP 	window1: blendMode = 'avg'
9.4980 	EXP 	window1: blendMode = 'avg'
9.5141 	EXP 	window1: blendMode = 'avg'
9.5301 	DATA 	Keypress: space
9.5949 	EXP 	Imported images/pawStimuli1.xlsx as conditions, 1 conditions, 5 params
9.5954 	EXP 	Created sequence: sequential, trialTypes=1, nReps=1, seed=None
9.5962 	EXP 	New trial (rep=0, index=0): {u'pawPatrol1': u'min1.png', u'pawPatrol2': u'min2.png', u'pawPatrol3': u'min3.png', u'pawPatrol4': u'min4.png', u'blank': u'allBlank.png'}
9.6425 	EXP 	window1: blendMode = 'avg'
9.6481 	EXP 	instructionsGeneral: autoDraw = False
9.6481 	EXP 	image_paw1: image = 'images/practiceMin1.png'
9.6481 	EXP 	text: color = 'black (named)'
9.6481 	EXP 	image_paw1: autoDraw = True
9.6481 	EXP 	text: autoDraw = True
9.6486 	EXP 	window1: blendMode = 'avg'
9.6617 	EXP 	window1: blendMode = 'avg'
9.6808 	EXP 	window1: blendMode = 'avg'
9.6978 	EXP 	window1: blendMode = 'avg'
9.7147 	EXP 	window1: blendMode = 'avg'
9.7315 	EXP 	window1: blendMode = 'avg'
9.7483 	EXP 	window1: blendMode = 'avg'
9.7651 	EXP 	window1: blendMode = 'avg'
9.7816 	EXP 	window1: blendMode = 'avg'
9.7982 	EXP 	window1: blendMode = 'avg'
9.8151 	EXP 	window1: blendMode = 'avg'
9.8317 	EXP 	window1: blendMode = 'avg'
9.8481 	EXP 	window1: blendMode = 'avg'
9.8649 	EXP 	window1: blendMode = 'avg'
9.8820 	EXP 	window1: blendMode = 'avg'
9.8983 	EXP 	window1: blendMode = 'avg'
9.9150 	EXP 	window1: blendMode = 'avg'
9.9317 	EXP 	window1: blendMode = 'avg'
9.9491 	EXP 	window1: blendMode = 'avg'
9.9649 	EXP 	window1: blendMode = 'avg'
9.9813 	DATA 	Keypress: space
10.0513 	EXP 	window1: blendMode = 'avg'
10.0582 	EXP 	image_paw1: autoDraw = False
10.0582 	EXP 	text: autoDraw = False
10.0582 	EXP 	image_paw1: image = 'images/practiceMin2.png'
10.0582 	EXP 	text: color = 'black (named)'
10.0582 	EXP 	image_paw1: autoDraw = True
10.0582 	EXP 	text: autoDraw = True
10.0593 	EXP 	window1: blendMode = 'avg'
10.0795 	EXP 	window1: blendMode = 'avg'
10.0964 	EXP 	window1: blendMode = 'avg'
10.1142 	EXP 	window1: blendMode = 'avg'
10.1311 	EXP 	window1: blendMode = 'avg'
10.1477 	EXP 	window1: blendMode = 'avg'
10.1644 	EXP 	window1: blendMode = 'avg'
10.1808 	EXP 	window1: blendMode = 'avg'
10.1978 	EXP 	window1: blendMode = 'avg'
10.2142 	EXP 	window1: blendMode = 'avg'
10.2311 	EXP 	window1: blendMode = 'avg'
10.2480 	EXP 	window1: blendMode = 'avg'
10.2643 	EXP 	window1: blendMode = 'avg'
10.2810 	EXP 	window1: blendMode = 'avg'
10.2976 	EXP 	window1: blendMode = 'avg'
10.3148 	EXP 	window1: blendMode = 'avg'
10.3313 	EXP 	window1: blendMode = 'avg'
10.3483 	EXP 	window1: blendMode = 'avg'
10.3648 	EXP 	window1: blendMode = 'avg'
10.3818 	EXP 	window1: blendMode = 'avg'
10.3989 	EXP 	window1: blendMode = 'avg'
10.4159 	EXP 	window1: blendMode = 'avg'
10.4338 	EXP 	window1: blendMode = 'avg'
10.4496 	EXP 	window1: blendMode = 'avg'
10.4637 	EXP 	window1: blendMode = 'avg'
10.4800 	EXP 	window1: blendMode = 'avg'
10.4967 	EXP 	window1: blendMode = 'avg'
10.5123 	DATA 	Keypress: space
10.5555 	EXP 	window1: blendMode = 'avg'
10.5614 	EXP 	image_paw1: autoDraw = False
10.5614 	EXP 	text: autoDraw = False
10.5614 	EXP 	image_paw1: image = 'images/practiceMin3.png'
10.5614 	EXP 	text: color = 'black (named)'
10.5614 	EXP 	image_paw1: autoDraw = True
10.5614 	EXP 	text: autoDraw = True
10.5621 	EXP 	window1: blendMode = 'avg'
10.5783 	EXP 	window1: blendMode = 'avg'
10.5950 	EXP 	window1: blendMode = 'avg'
10.6141 	EXP 	window1: blendMode = 'avg'
10.6311 	EXP 	window1: blendMode = 'avg'
10.6475 	EXP 	window1: blendMode = 'avg'
10.6641 	EXP 	window1: blendMode = 'avg'
10.6808 	EXP 	window1: blendMode = 'avg'
10.6978 	EXP 	window1: blendMode = 'avg'
10.7142 	EXP 	window1: blendMode = 'avg'
10.7310 	EXP 	window1: blendMode = 'avg'
10.7477 	EXP 	window1: blendMode = 'avg'
10.7643 	EXP 	window1: blendMode = 'avg'
10.7808 	EXP 	window1: blendMode = 'avg'
10.7975 	EXP 	window1: blendMode = 'avg'
10.8145 	EXP 	window1: blendMode = 'avg'
10.8309 	EXP 	window1: blendMode = 'avg'
10.8477 	EXP 	window1: blendMode = 'avg'
10.8642 	EXP 	window1: blendMode = 'avg'
10.8811 	EXP 	window1: blendMode = 'avg'
10.8972 	DATA 	Keypress: space
10.9569 	EXP 	window1: blendMode = 'avg'
10.9629 	EXP 	image_paw1: autoDraw = False
10.9629 	EXP 	text: autoDraw = False
10.9629 	EXP 	image_paw1: image = 'images/practiceMin4.png'
10.9629 	EXP 	text: color = 'black (named)'
10.9629 	EXP 	image_paw1: autoDraw = True
10.9629 	EXP 	text: autoDraw = True
10.9637 	EXP 	window1: blendMode = 'avg'
10.9786 	EXP 	window1: blendMode = 'avg'
10.9953 	EXP 	window1: blendMode = 'avg'
11.0120 	EXP 	window1: blendMode = 'avg'
11.0309 	EXP 	window1: blendMode = 'avg'
11.0475 	EXP 	window1: blendMode = 'avg'
11.0644 	EXP 	window1: blendMode = 'avg'
11.0807 	EXP 	window1: blendMode = 'avg'
11.0975 	EXP 	window1: blendMode = 'avg'
11.1141 	EXP 	window1: blendMode = 'avg'
11.1310 	EXP 	window1: blendMode = 'avg'
11.1475 	EXP 	window1: blendMode = 'avg'
11.1641 	EXP 	window1: blendMode = 'avg'
11.1808 	EXP 	window1: blendMode = 'avg'
11.1976 	EXP 	window1: blendMode = 'avg'
11.2142 	EXP 	window1: blendMode = 'avg'
11.2308 	EXP 	window1: blendMode = 'avg'
11.2476 	EXP 	window1: blendMode = 'avg'
11.2649 	EXP 	window1: blendMode = 'avg'
11.2807 	EXP 	window1: blendMode = 'avg'
11.2977 	EXP 	window1: blendMode = 'avg'
11.3141 	EXP 	window1: blendMode = 'avg'
11.3307 	EXP 	window1: blendMode = 'avg'
11.3474 	EXP 	window1: blendMode = 'avg'
11.3642 	EXP 	window1: blendMode = 'avg'
11.3813 	DATA 	Keypress: space
11.3859 	EXP 	window1: blendMode = 'avg'
11.3962 	EXP 	image_paw1: autoDraw = False
11.3962 	EXP 	text: autoDraw = False
11.3962 	EXP 	instructions3: color = 'white (named)'
11.3962 	EXP 	instructions3: autoDraw = True
11.3982 	EXP 	window1: blendMode = 'avg'
11.4149 	EXP 	window1: blendMode = 'avg'
11.4329 	EXP 	window1: blendMode = 'avg'
11.4475 	EXP 	window1: blendMode = 'avg'
11.4645 	EXP 	window1: blendMode = 'avg'
11.4806 	EXP 	window1: blendMode = 'avg'
11.4977 	EXP 	window1: blendMode = 'avg'
11.5142 	EXP 	window1: blendMode = 'avg'
11.5307 	EXP 	window1: blendMode = 'avg'
11.5463 	EXP 	window1: blendMode = 'avg'
11.5626 	EXP 	window1: blendMode = 'avg'
11.5793 	EXP 	window1: blendMode = 'avg'
11.5962 	EXP 	window1: blendMode = 'avg'
11.6126 	EXP 	window1: blendMode = 'avg'
11.6294 	EXP 	window1: blendMode = 'avg'
11.6457 	EXP 	window1: blendMode = 'avg'
11.6640 	EXP 	window1: blendMode = 'avg'
11.6806 	EXP 	window1: blendMode = 'avg'
11.6976 	EXP 	window1: blendMode = 'avg'
11.7139 	EXP 	window1: blendMode = 'avg'
11.7305 	EXP 	window1: blendMode = 'avg'
11.7477 	EXP 	window1: blendMode = 'avg'
11.7638 	EXP 	window1: blendMode = 'avg'
11.7809 	EXP 	window1: blendMode = 'avg'
11.7970 	EXP 	window1: blendMode = 'avg'
11.8140 	EXP 	window1: blendMode = 'avg'
11.8305 	EXP 	window1: blendMode = 'avg'
11.8472 	EXP 	window1: blendMode = 'avg'
11.8638 	EXP 	window1: blendMode = 'avg'
11.8808 	EXP 	window1: blendMode = 'avg'
11.8971 	EXP 	window1: blendMode = 'avg'
11.9137 	EXP 	window1: blendMode = 'avg'
11.9305 	EXP 	window1: blendMode = 'avg'
11.9474 	EXP 	window1: blendMode = 'avg'
11.9638 	EXP 	window1: blendMode = 'avg'
11.9805 	EXP 	window1: blendMode = 'avg'
11.9974 	EXP 	window1: blendMode = 'avg'
12.0138 	EXP 	window1: blendMode = 'avg'
12.0305 	EXP 	window1: blendMode = 'avg'
12.0472 	EXP 	window1: blendMode = 'avg'
12.0639 	EXP 	window1: blendMode = 'avg'
12.0807 	EXP 	window1: blendMode = 'avg'
12.0972 	EXP 	window1: blendMode = 'avg'
12.1140 	EXP 	window1: blendMode = 'avg'
12.1319 	EXP 	window1: blendMode = 'avg'
12.1479 	EXP 	window1: blendMode = 'avg'
12.1639 	EXP 	window1: blendMode = 'avg'
12.1813 	EXP 	window1: blendMode = 'avg'
12.1991 	EXP 	window1: blendMode = 'avg'
12.2149 	EXP 	window1: blendMode = 'avg'
12.2331 	EXP 	window1: blendMode = 'avg'
12.2482 	EXP 	window1: blendMode = 'avg'
12.2644 	EXP 	window1: blendMode = 'avg'
12.2813 	EXP 	window1: blendMode = 'avg'
12.2978 	EXP 	window1: blendMode = 'avg'
12.3146 	EXP 	window1: blendMode = 'avg'
12.3311 	EXP 	window1: blendMode = 'avg'
12.3480 	EXP 	window1: blendMode = 'avg'
12.3652 	EXP 	window1: blendMode = 'avg'
12.3806 	DATA 	Keypress: space
12.3838 	EXP 	window1: blendMode = 'avg'
12.3957 	EXP 	instructions3: autoDraw = False
12.3957 	EXP 	text_5: autoDraw = True
12.3972 	EXP 	window1: blendMode = 'avg'
12.4140 	EXP 	window1: blendMode = 'avg'
12.4317 	EXP 	window1: blendMode = 'avg'
12.4478 	EXP 	window1: blendMode = 'avg'
12.4648 	EXP 	window1: blendMode = 'avg'
12.4809 	EXP 	window1: blendMode = 'avg'
12.4977 	EXP 	window1: blendMode = 'avg'
12.5147 	EXP 	window1: blendMode = 'avg'
12.5308 	EXP 	window1: blendMode = 'avg'
12.5475 	EXP 	window1: blendMode = 'avg'
12.5643 	EXP 	window1: blendMode = 'avg'
12.5807 	EXP 	window1: blendMode = 'avg'
12.5971 	EXP 	window1: blendMode = 'avg'
12.6139 	EXP 	window1: blendMode = 'avg'
12.6307 	EXP 	window1: blendMode = 'avg'
12.6471 	EXP 	window1: blendMode = 'avg'
12.6637 	EXP 	window1: blendMode = 'avg'
12.6805 	EXP 	window1: blendMode = 'avg'
12.6974 	EXP 	window1: blendMode = 'avg'
12.7142 	EXP 	window1: blendMode = 'avg'
12.7314 	EXP 	window1: blendMode = 'avg'
12.7469 	EXP 	window1: blendMode = 'avg'
12.7637 	EXP 	window1: blendMode = 'avg'
12.7803 	EXP 	window1: blendMode = 'avg'
12.7968 	EXP 	window1: blendMode = 'avg'
12.8124 	EXP 	window1: blendMode = 'avg'
12.8287 	EXP 	window1: blendMode = 'avg'
12.8455 	EXP 	window1: blendMode = 'avg'
12.8620 	EXP 	window1: blendMode = 'avg'
12.8782 	EXP 	window1: blendMode = 'avg'
12.8947 	EXP 	window1: blendMode = 'avg'
12.9112 	EXP 	window1: blendMode = 'avg'
12.9301 	EXP 	window1: blendMode = 'avg'
12.9469 	EXP 	window1: blendMode = 'avg'
12.9634 	EXP 	window1: blendMode = 'avg'
12.9802 	EXP 	window1: blendMode = 'avg'
12.9972 	EXP 	window1: blendMode = 'avg'
13.0136 	EXP 	window1: blendMode = 'avg'
13.0303 	EXP 	window1: blendMode = 'avg'
13.0471 	EXP 	window1: blendMode = 'avg'
13.0638 	EXP 	window1: blendMode = 'avg'
13.0801 	EXP 	window1: blendMode = 'avg'
13.0969 	EXP 	window1: blendMode = 'avg'
13.1141 	EXP 	window1: blendMode = 'avg'
13.1306 	EXP 	window1: blendMode = 'avg'
13.1469 	EXP 	window1: blendMode = 'avg'
13.1639 	EXP 	window1: blendMode = 'avg'
13.1807 	EXP 	window1: blendMode = 'avg'
13.1977 	EXP 	window1: blendMode = 'avg'
13.2140 	EXP 	window1: blendMode = 'avg'
13.2309 	EXP 	window1: blendMode = 'avg'
13.2476 	EXP 	window1: blendMode = 'avg'
13.2640 	EXP 	window1: blendMode = 'avg'
13.2809 	EXP 	window1: blendMode = 'avg'
13.2974 	EXP 	window1: blendMode = 'avg'
13.3143 	EXP 	window1: blendMode = 'avg'
13.3308 	EXP 	window1: blendMode = 'avg'
13.3472 	EXP 	window1: blendMode = 'avg'
13.3640 	EXP 	window1: blendMode = 'avg'
13.3955 	EXP 	text_5: autoDraw = False
13.3981 	EXP 	window1: blendMode = 'avg'
13.4122 	EXP 	text_6: autoDraw = True
13.4136 	EXP 	window1: blendMode = 'avg'
13.4303 	EXP 	window1: blendMode = 'avg'
13.4471 	EXP 	window1: blendMode = 'avg'
13.4639 	EXP 	window1: blendMode = 'avg'
13.4805 	EXP 	window1: blendMode = 'avg'
13.4974 	EXP 	window1: blendMode = 'avg'
13.5137 	EXP 	window1: blendMode = 'avg'
13.5303 	EXP 	window1: blendMode = 'avg'
13.5474 	EXP 	window1: blendMode = 'avg'
13.5640 	EXP 	window1: blendMode = 'avg'
13.5804 	EXP 	window1: blendMode = 'avg'
13.5968 	EXP 	window1: blendMode = 'avg'
13.6142 	EXP 	window1: blendMode = 'avg'
13.6317 	EXP 	window1: blendMode = 'avg'
13.6475 	EXP 	window1: blendMode = 'avg'
13.6641 	EXP 	window1: blendMode = 'avg'
13.6810 	EXP 	window1: blendMode = 'avg'
13.6978 	EXP 	window1: blendMode = 'avg'
13.7141 	EXP 	window1: blendMode = 'avg'
13.7308 	EXP 	window1: blendMode = 'avg'
13.7476 	EXP 	window1: blendMode = 'avg'
13.7643 	EXP 	window1: blendMode = 'avg'
13.7807 	EXP 	window1: blendMode = 'avg'
13.7976 	EXP 	window1: blendMode = 'avg'
13.8144 	EXP 	window1: blendMode = 'avg'
13.8308 	EXP 	window1: blendMode = 'avg'
13.8475 	EXP 	window1: blendMode = 'avg'
13.8642 	EXP 	window1: blendMode = 'avg'
13.8811 	EXP 	window1: blendMode = 'avg'
13.8976 	EXP 	window1: blendMode = 'avg'
13.9142 	EXP 	window1: blendMode = 'avg'
13.9307 	EXP 	window1: blendMode = 'avg'
13.9478 	EXP 	window1: blendMode = 'avg'
13.9641 	EXP 	window1: blendMode = 'avg'
13.9809 	EXP 	window1: blendMode = 'avg'
13.9976 	EXP 	window1: blendMode = 'avg'
14.0140 	EXP 	window1: blendMode = 'avg'
14.0308 	EXP 	window1: blendMode = 'avg'
14.0473 	EXP 	window1: blendMode = 'avg'
14.0644 	EXP 	window1: blendMode = 'avg'
14.0808 	EXP 	window1: blendMode = 'avg'
14.0975 	EXP 	window1: blendMode = 'avg'
14.1142 	EXP 	window1: blendMode = 'avg'
14.1310 	EXP 	window1: blendMode = 'avg'
14.1474 	EXP 	window1: blendMode = 'avg'
14.1641 	EXP 	window1: blendMode = 'avg'
14.1807 	EXP 	window1: blendMode = 'avg'
14.1977 	EXP 	window1: blendMode = 'avg'
14.2139 	EXP 	window1: blendMode = 'avg'
14.2307 	EXP 	window1: blendMode = 'avg'
14.2475 	EXP 	window1: blendMode = 'avg'
14.2642 	EXP 	window1: blendMode = 'avg'
14.2811 	EXP 	window1: blendMode = 'avg'
14.2975 	EXP 	window1: blendMode = 'avg'
14.3146 	EXP 	window1: blendMode = 'avg'
14.3308 	EXP 	window1: blendMode = 'avg'
14.3474 	EXP 	window1: blendMode = 'avg'
14.3642 	EXP 	window1: blendMode = 'avg'
14.4266 	EXP 	Imported images/pawStimuli.xlsx as conditions, 10 conditions, 5 params
14.4278 	EXP 	Created sequence: sequential, trialTypes=10, nReps=10, seed=None
14.4631 	EXP 	Created unnamed ImageStim = ImageStim(autoLog=True, color=array([ 1.,  1.,  1.]), colorSpace='rgb', contrast=1.0, depth=0, flipHoriz=False, flipVert=False, image='images/minion.png', interpolate=False, mask=None, maskParams=None, name='unnamed ImageStim', opacity=1.0, ori=0.0, pos=array([ 0.,  0.]), size=array([ 0.6852123,  1.171875 ]), texRes=128, units=u'norm', win=Window(...))
14.4647 	EXP 	New trial (rep=0, index=0): {u'pawPatrol1': u'min1.png', u'pawPatrol2': u'min2.png', u'pawPatrol3': u'min3.png', u'pawPatrol4': u'min4.png', u'blank': u'allBlank.png'}
14.5096 	EXP 	text_6: autoDraw = False
14.5096 	EXP 	text_5: autoDraw = False
14.5096 	EXP 	text_6: autoDraw = False
14.5096 	EXP 	unnamed ImageStim: size = (0.45, 0.79)
14.5096 	EXP 	Qs: image = 'images/min1.png'
14.5096 	EXP 	unnamed ImageStim: pos = (-0.75, -0.04)
14.5096 	EXP 	Qs: autoDraw = True
14.5096 	EXP 	unnamed ImageStim: pos = array([-0.75, -0.04])
14.5275 	EXP 	unnamed ImageStim: pos = array([-0.75, -0.04])
14.5447 	EXP 	unnamed ImageStim: pos = array([-0.75, -0.04])
14.5616 	EXP 	unnamed ImageStim: pos = array([-0.75, -0.04])
14.5790 	EXP 	unnamed ImageStim: pos = array([-0.75, -0.04])
14.5957 	EXP 	unnamed ImageStim: pos = array([-0.75, -0.04])
14.6123 	EXP 	unnamed ImageStim: pos = array([-0.75, -0.04])
14.6294 	EXP 	unnamed ImageStim: pos = array([-0.75, -0.04])
14.6457 	EXP 	unnamed ImageStim: pos = array([-0.75, -0.04])
14.6622 	EXP 	unnamed ImageStim: pos = array([-0.75, -0.04])
14.6791 	EXP 	unnamed ImageStim: pos = array([-0.75, -0.04])
14.6959 	EXP 	unnamed ImageStim: pos = array([-0.75, -0.04])
14.7124 	EXP 	unnamed ImageStim: pos = array([-0.75, -0.04])
14.7290 	EXP 	unnamed ImageStim: pos = array([-0.75, -0.04])
14.7459 	EXP 	unnamed ImageStim: pos = array([-0.75, -0.04])
14.7622 	EXP 	unnamed ImageStim: pos = array([-0.75, -0.04])
14.7789 	EXP 	unnamed ImageStim: pos = array([-0.75, -0.04])
14.7956 	EXP 	unnamed ImageStim: pos = array([-0.75, -0.04])
14.8125 	EXP 	unnamed ImageStim: pos = array([-0.75, -0.04])
14.8288 	EXP 	unnamed ImageStim: pos = array([-0.75, -0.04])
14.8458 	EXP 	unnamed ImageStim: pos = array([-0.75, -0.04])
14.8624 	EXP 	unnamed ImageStim: pos = array([-0.75, -0.04])
14.8794 	EXP 	unnamed ImageStim: pos = array([-0.75, -0.04])
14.8958 	EXP 	unnamed ImageStim: pos = array([-0.75, -0.04])
14.9126 	EXP 	unnamed ImageStim: pos = array([-0.75, -0.04])
14.9291 	EXP 	unnamed ImageStim: pos = array([-0.75, -0.04])
14.9461 	EXP 	unnamed ImageStim: pos = array([-0.75, -0.04])
14.9624 	EXP 	unnamed ImageStim: pos = array([-0.75, -0.04])
14.9792 	EXP 	unnamed ImageStim: pos = array([-0.75, -0.04])
14.9959 	EXP 	unnamed ImageStim: pos = array([-0.75, -0.04])
15.0126 	EXP 	unnamed ImageStim: pos = array([-0.75, -0.04])
15.0291 	EXP 	unnamed ImageStim: pos = array([-0.75, -0.04])
15.0459 	EXP 	unnamed ImageStim: pos = array([-0.75, -0.04])
15.0627 	EXP 	unnamed ImageStim: pos = array([-0.75, -0.04])
15.0792 	EXP 	unnamed ImageStim: pos = array([-0.75, -0.04])
15.0958 	EXP 	unnamed ImageStim: pos = array([-0.75, -0.04])
15.1125 	EXP 	unnamed ImageStim: pos = array([-0.75, -0.04])
15.1295 	EXP 	unnamed ImageStim: pos = array([-0.75, -0.04])
15.1457 	EXP 	unnamed ImageStim: pos = array([-0.75, -0.04])
15.1624 	EXP 	unnamed ImageStim: pos = array([-0.75, -0.04])
15.1791 	EXP 	unnamed ImageStim: pos = array([-0.75, -0.04])
15.1961 	EXP 	unnamed ImageStim: pos = array([-0.75, -0.04])
15.2126 	EXP 	unnamed ImageStim: pos = array([-0.75, -0.04])
15.2286 	EXP 	unnamed ImageStim: pos = array([-0.75, -0.04])
15.2459 	EXP 	unnamed ImageStim: pos = array([-0.75, -0.04])
15.2629 	EXP 	unnamed ImageStim: pos = array([-0.75, -0.04])
15.2792 	EXP 	unnamed ImageStim: pos = array([-0.75, -0.04])
15.2960 	EXP 	unnamed ImageStim: pos = array([-0.75, -0.04])
15.3137 	EXP 	unnamed ImageStim: pos = array([-0.75, -0.04])
15.3438 	EXP 	unnamed ImageStim: pos = array([-0.75, -0.04])
15.3526 	EXP 	unnamed ImageStim: pos = array([-0.75, -0.04])
15.3758 	EXP 	unnamed ImageStim: pos = array([-0.75, -0.04])
15.3955 	EXP 	unnamed ImageStim: pos = array([-0.75, -0.04])
15.4123 	EXP 	unnamed ImageStim: pos = array([-0.75, -0.04])
15.4289 	EXP 	unnamed ImageStim: pos = array([-0.75, -0.04])
15.4458 	EXP 	unnamed ImageStim: pos = array([-0.75, -0.04])
15.4623 	EXP 	unnamed ImageStim: pos = array([-0.75, -0.04])
15.4790 	EXP 	unnamed ImageStim: pos = array([-0.75, -0.04])
15.4959 	EXP 	unnamed ImageStim: pos = array([-0.75, -0.04])
15.5123 	EXP 	unnamed ImageStim: pos = array([-0.75, -0.04])
15.5288 	EXP 	unnamed ImageStim: pos = array([-0.75, -0.04])
15.5456 	EXP 	unnamed ImageStim: pos = array([-0.75, -0.04])
15.5626 	EXP 	unnamed ImageStim: pos = array([-0.75, -0.04])
15.5789 	EXP 	unnamed ImageStim: pos = array([-0.75, -0.04])
15.5957 	EXP 	unnamed ImageStim: pos = array([-0.75, -0.04])
15.6122 	EXP 	unnamed ImageStim: pos = array([-0.75, -0.04])
15.6290 	EXP 	unnamed ImageStim: pos = array([-0.75, -0.04])
15.6457 	EXP 	unnamed ImageStim: pos = array([-0.75, -0.04])
15.6624 	EXP 	unnamed ImageStim: pos = array([-0.75, -0.04])
15.6787 	EXP 	unnamed ImageStim: pos = array([-0.75, -0.04])
15.6955 	EXP 	unnamed ImageStim: pos = array([-0.75, -0.04])
15.7123 	EXP 	unnamed ImageStim: pos = array([-0.75, -0.04])
15.7286 	EXP 	unnamed ImageStim: pos = array([-0.75, -0.04])
15.7458 	EXP 	unnamed ImageStim: pos = array([-0.75, -0.04])
15.7623 	EXP 	unnamed ImageStim: pos = array([-0.75, -0.04])
15.7789 	EXP 	unnamed ImageStim: pos = array([-0.75, -0.04])
15.7957 	EXP 	unnamed ImageStim: pos = array([-0.75, -0.04])
15.8126 	EXP 	unnamed ImageStim: pos = array([-0.75, -0.04])
15.8290 	EXP 	unnamed ImageStim: pos = array([-0.75, -0.04])
15.8456 	EXP 	unnamed ImageStim: pos = array([-0.75, -0.04])
15.8623 	EXP 	unnamed ImageStim: pos = array([-0.75, -0.04])
15.8792 	EXP 	unnamed ImageStim: pos = array([-0.75, -0.04])
15.8956 	EXP 	unnamed ImageStim: pos = array([-0.75, -0.04])
15.9123 	EXP 	unnamed ImageStim: pos = array([-0.75, -0.04])
15.9289 	EXP 	unnamed ImageStim: pos = array([-0.75, -0.04])
15.9460 	EXP 	unnamed ImageStim: pos = array([-0.75, -0.04])
15.9624 	EXP 	unnamed ImageStim: pos = array([-0.75, -0.04])
15.9788 	EXP 	unnamed ImageStim: pos = array([-0.75, -0.04])
15.9954 	EXP 	unnamed ImageStim: pos = array([-0.75, -0.04])
16.0122 	EXP 	unnamed ImageStim: pos = array([-0.75, -0.04])
16.0289 	EXP 	unnamed ImageStim: pos = array([-0.75, -0.04])
16.0446 	EXP 	unnamed ImageStim: pos = array([-0.75, -0.04])
16.0615 	EXP 	unnamed ImageStim: pos = array([-0.75, -0.04])
16.0780 	EXP 	unnamed ImageStim: pos = array([-0.75, -0.04])
16.0948 	EXP 	unnamed ImageStim: pos = array([-0.75, -0.04])
16.1119 	EXP 	unnamed ImageStim: pos = array([-0.75, -0.04])
16.1288 	EXP 	unnamed ImageStim: pos = array([-0.75, -0.04])
16.1454 	EXP 	unnamed ImageStim: pos = array([-0.75, -0.04])
16.1620 	EXP 	unnamed ImageStim: pos = array([-0.75, -0.04])
16.1787 	EXP 	unnamed ImageStim: pos = array([-0.75, -0.04])
16.1955 	EXP 	unnamed ImageStim: pos = array([-0.75, -0.04])
16.2119 	EXP 	unnamed ImageStim: pos = array([-0.75, -0.04])
16.2286 	EXP 	unnamed ImageStim: pos = array([-0.75, -0.04])
16.2457 	EXP 	unnamed ImageStim: pos = array([-0.75, -0.04])
16.2620 	EXP 	unnamed ImageStim: pos = array([-0.75, -0.04])
16.2787 	EXP 	unnamed ImageStim: pos = array([-0.75, -0.04])
16.2966 	EXP 	unnamed ImageStim: pos = array([-0.75, -0.04])
16.3123 	EXP 	unnamed ImageStim: pos = array([-0.75, -0.04])
16.3285 	EXP 	unnamed ImageStim: pos = array([-0.75, -0.04])
16.3456 	EXP 	unnamed ImageStim: pos = array([-0.75, -0.04])
16.3618 	EXP 	unnamed ImageStim: pos = array([-0.75, -0.04])
16.3788 	EXP 	unnamed ImageStim: pos = array([-0.75, -0.04])
16.3953 	EXP 	unnamed ImageStim: pos = array([-0.75, -0.04])
16.4119 	EXP 	unnamed ImageStim: pos = array([-0.75, -0.04])
16.4287 	EXP 	unnamed ImageStim: pos = array([-0.75, -0.04])
16.4456 	EXP 	unnamed ImageStim: pos = array([-0.75, -0.04])
16.4619 	EXP 	unnamed ImageStim: pos = array([-0.75, -0.04])
16.4786 	EXP 	unnamed ImageStim: pos = array([-0.75, -0.04])
16.4954 	EXP 	unnamed ImageStim: pos = array([-0.75, -0.04])
16.5119 	EXP 	unnamed ImageStim: pos = array([-0.75, -0.04])
16.5285 	EXP 	unnamed ImageStim: pos = array([-0.75, -0.04])
16.5453 	EXP 	unnamed ImageStim: pos = array([-0.75, -0.04])
16.5622 	EXP 	unnamed ImageStim: pos = array([-0.75, -0.04])
16.5786 	EXP 	unnamed ImageStim: pos = array([-0.75, -0.04])
16.5953 	EXP 	unnamed ImageStim: pos = array([-0.75, -0.04])
16.6118 	EXP 	unnamed ImageStim: pos = array([-0.75, -0.04])
16.6289 	EXP 	unnamed ImageStim: pos = array([-0.75, -0.04])
16.6453 	EXP 	unnamed ImageStim: pos = array([-0.75, -0.04])
16.6619 	EXP 	unnamed ImageStim: pos = array([-0.75, -0.04])
16.6785 	EXP 	unnamed ImageStim: pos = array([-0.75, -0.04])
16.6955 	EXP 	unnamed ImageStim: pos = array([-0.75, -0.04])
16.7120 	EXP 	unnamed ImageStim: pos = array([-0.75, -0.04])
16.7287 	EXP 	unnamed ImageStim: pos = array([-0.75, -0.04])
16.7459 	EXP 	unnamed ImageStim: pos = array([-0.75, -0.04])
16.7620 	EXP 	unnamed ImageStim: pos = array([-0.75, -0.04])
16.7787 	EXP 	unnamed ImageStim: pos = array([-0.75, -0.04])
16.7952 	EXP 	unnamed ImageStim: pos = array([-0.75, -0.04])
16.8121 	EXP 	unnamed ImageStim: pos = array([-0.75, -0.04])
16.8285 	EXP 	unnamed ImageStim: pos = array([-0.75, -0.04])
16.8453 	EXP 	unnamed ImageStim: pos = array([-0.75, -0.04])
16.8619 	EXP 	unnamed ImageStim: pos = array([-0.75, -0.04])
16.8787 	EXP 	unnamed ImageStim: pos = array([-0.75, -0.04])
16.8953 	EXP 	unnamed ImageStim: pos = array([-0.75, -0.04])
16.9120 	EXP 	unnamed ImageStim: pos = array([-0.75, -0.04])
16.9286 	EXP 	unnamed ImageStim: pos = array([-0.75, -0.04])
16.9456 	EXP 	unnamed ImageStim: pos = array([-0.75, -0.04])
16.9622 	EXP 	unnamed ImageStim: pos = array([-0.75, -0.04])
16.9787 	EXP 	unnamed ImageStim: pos = array([-0.75, -0.04])
16.9954 	EXP 	unnamed ImageStim: pos = array([-0.75, -0.04])
17.0119 	EXP 	unnamed ImageStim: pos = array([-0.75, -0.04])
17.0288 	EXP 	unnamed ImageStim: pos = array([-0.75, -0.04])
17.0456 	EXP 	unnamed ImageStim: pos = array([-0.75, -0.04])
17.0623 	EXP 	unnamed ImageStim: pos = array([-0.75, -0.04])
17.0788 	EXP 	unnamed ImageStim: pos = array([-0.75, -0.04])
17.0954 	EXP 	unnamed ImageStim: pos = array([-0.75, -0.04])
17.1120 	EXP 	unnamed ImageStim: pos = array([-0.75, -0.04])
17.1288 	EXP 	unnamed ImageStim: pos = array([-0.75, -0.04])
17.1453 	EXP 	unnamed ImageStim: pos = array([-0.75, -0.04])
17.1619 	EXP 	unnamed ImageStim: pos = array([-0.75, -0.04])
17.1785 	EXP 	unnamed ImageStim: pos = array([-0.75, -0.04])
17.1954 	EXP 	unnamed ImageStim: pos = array([-0.75, -0.04])
17.2119 	EXP 	unnamed ImageStim: pos = array([-0.75, -0.04])
17.2289 	EXP 	unnamed ImageStim: pos = array([-0.75, -0.04])
17.2459 	EXP 	unnamed ImageStim: pos = array([-0.75, -0.04])
17.2621 	EXP 	unnamed ImageStim: pos = array([-0.75, -0.04])
17.2787 	EXP 	unnamed ImageStim: pos = array([-0.75, -0.04])
17.2952 	EXP 	unnamed ImageStim: pos = array([-0.75, -0.04])
17.3121 	EXP 	unnamed ImageStim: pos = array([-0.75, -0.04])
17.3285 	EXP 	unnamed ImageStim: pos = array([-0.75, -0.04])
17.3451 	EXP 	unnamed ImageStim: pos = array([-0.75, -0.04])
17.3618 	EXP 	unnamed ImageStim: pos = array([-0.75, -0.04])
17.3787 	EXP 	unnamed ImageStim: pos = array([-0.75, -0.04])
17.3952 	EXP 	unnamed ImageStim: pos = array([-0.75, -0.04])
17.4118 	EXP 	unnamed ImageStim: pos = array([-0.75, -0.04])
17.4286 	EXP 	unnamed ImageStim: pos = array([-0.75, -0.04])
17.4455 	EXP 	unnamed ImageStim: pos = array([-0.75, -0.04])
17.4618 	EXP 	unnamed ImageStim: pos = array([-0.75, -0.04])
17.4786 	EXP 	unnamed ImageStim: pos = array([-0.75, -0.04])
17.4953 	EXP 	unnamed ImageStim: pos = array([-0.75, -0.04])
17.5119 	EXP 	unnamed ImageStim: pos = array([-0.75, -0.04])
17.5286 	EXP 	unnamed ImageStim: pos = array([-0.75, -0.04])
17.5453 	EXP 	unnamed ImageStim: pos = array([-0.75, -0.04])
17.5621 	EXP 	unnamed ImageStim: pos = array([-0.75, -0.04])
17.5786 	EXP 	unnamed ImageStim: pos = array([-0.75, -0.04])
17.5951 	EXP 	unnamed ImageStim: pos = array([-0.75, -0.04])
17.6118 	EXP 	unnamed ImageStim: pos = array([-0.75, -0.04])
17.6288 	EXP 	unnamed ImageStim: pos = array([-0.75, -0.04])
17.6451 	EXP 	unnamed ImageStim: pos = array([-0.75, -0.04])
17.6619 	EXP 	unnamed ImageStim: pos = array([-0.75, -0.04])
17.6783 	EXP 	unnamed ImageStim: pos = array([-0.75, -0.04])
17.6954 	EXP 	unnamed ImageStim: pos = array([-0.75, -0.04])
17.7118 	EXP 	unnamed ImageStim: pos = array([-0.75, -0.04])
17.7285 	EXP 	unnamed ImageStim: pos = array([-0.75, -0.04])
17.7460 	EXP 	unnamed ImageStim: pos = array([-0.75, -0.04])
17.7619 	EXP 	unnamed ImageStim: pos = array([-0.75, -0.04])
17.7784 	EXP 	unnamed ImageStim: pos = array([-0.75, -0.04])
17.7952 	EXP 	unnamed ImageStim: pos = array([-0.75, -0.04])
17.8120 	EXP 	unnamed ImageStim: pos = array([-0.75, -0.04])
17.8284 	EXP 	unnamed ImageStim: pos = array([-0.75, -0.04])
17.8450 	EXP 	unnamed ImageStim: pos = array([-0.75, -0.04])
17.8618 	EXP 	unnamed ImageStim: pos = array([-0.75, -0.04])
17.8787 	EXP 	unnamed ImageStim: pos = array([-0.75, -0.04])
17.8952 	EXP 	unnamed ImageStim: pos = array([-0.75, -0.04])
17.9118 	EXP 	unnamed ImageStim: pos = array([-0.75, -0.04])
17.9284 	EXP 	unnamed ImageStim: pos = array([-0.75, -0.04])
17.9454 	EXP 	unnamed ImageStim: pos = array([-0.75, -0.04])
17.9618 	EXP 	unnamed ImageStim: pos = array([-0.75, -0.04])
17.9785 	EXP 	unnamed ImageStim: pos = array([-0.75, -0.04])
17.9953 	EXP 	unnamed ImageStim: pos = array([-0.75, -0.04])
18.0120 	EXP 	unnamed ImageStim: pos = array([-0.75, -0.04])
18.0289 	EXP 	unnamed ImageStim: pos = array([-0.75, -0.04])
18.0453 	EXP 	unnamed ImageStim: pos = array([-0.75, -0.04])
18.0616 	EXP 	unnamed ImageStim: pos = array([-0.75, -0.04])
18.0783 	EXP 	unnamed ImageStim: pos = array([-0.75, -0.04])
18.0951 	EXP 	unnamed ImageStim: pos = array([-0.75, -0.04])
18.1118 	EXP 	unnamed ImageStim: pos = array([-0.75, -0.04])
18.1287 	EXP 	unnamed ImageStim: pos = array([-0.75, -0.04])
18.1450 	EXP 	unnamed ImageStim: pos = array([-0.75, -0.04])
18.1617 	EXP 	unnamed ImageStim: pos = array([-0.75, -0.04])
18.1785 	EXP 	unnamed ImageStim: pos = array([-0.75, -0.04])
18.1953 	EXP 	unnamed ImageStim: pos = array([-0.75, -0.04])
18.2116 	EXP 	unnamed ImageStim: pos = array([-0.75, -0.04])
18.2284 	EXP 	unnamed ImageStim: pos = array([-0.75, -0.04])
18.2453 	EXP 	unnamed ImageStim: pos = array([-0.75, -0.04])
18.2618 	EXP 	unnamed ImageStim: pos = array([-0.75, -0.04])
18.2782 	EXP 	unnamed ImageStim: pos = array([-0.75, -0.04])
18.2951 	EXP 	unnamed ImageStim: pos = array([-0.75, -0.04])
18.3122 	EXP 	unnamed ImageStim: pos = array([-0.75, -0.04])
18.3286 	EXP 	unnamed ImageStim: pos = array([-0.75, -0.04])
18.3452 	EXP 	unnamed ImageStim: pos = array([-0.75, -0.04])
18.3619 	EXP 	unnamed ImageStim: pos = array([-0.75, -0.04])
18.3786 	EXP 	unnamed ImageStim: pos = array([-0.75, -0.04])
18.3953 	EXP 	unnamed ImageStim: pos = array([-0.75, -0.04])
18.4284 	EXP 	unnamed ImageStim: pos = array([-0.75, -0.04])
18.4456 	EXP 	unnamed ImageStim: pos = array([-0.75, -0.04])
18.4619 	EXP 	unnamed ImageStim: pos = array([-0.75, -0.04])
18.4785 	EXP 	unnamed ImageStim: pos = array([-0.75, -0.04])
18.4953 	EXP 	unnamed ImageStim: pos = array([-0.75, -0.04])
18.5118 	EXP 	unnamed ImageStim: pos = array([-0.75, -0.04])
18.5285 	EXP 	unnamed ImageStim: pos = array([-0.75, -0.04])
18.5452 	EXP 	unnamed ImageStim: pos = array([-0.75, -0.04])
18.5622 	EXP 	unnamed ImageStim: pos = array([-0.75, -0.04])
18.5786 	EXP 	unnamed ImageStim: pos = array([-0.75, -0.04])
18.5953 	EXP 	unnamed ImageStim: pos = array([-0.75, -0.04])
18.6119 	EXP 	unnamed ImageStim: pos = array([-0.75, -0.04])
18.6287 	EXP 	unnamed ImageStim: pos = array([-0.75, -0.04])
18.6452 	EXP 	unnamed ImageStim: pos = array([-0.75, -0.04])
18.6619 	EXP 	unnamed ImageStim: pos = array([-0.75, -0.04])
18.6783 	EXP 	unnamed ImageStim: pos = array([-0.75, -0.04])
18.6954 	EXP 	unnamed ImageStim: pos = array([-0.75, -0.04])
18.7116 	EXP 	unnamed ImageStim: pos = array([-0.75, -0.04])
18.7283 	EXP 	unnamed ImageStim: pos = array([-0.75, -0.04])
18.7452 	EXP 	unnamed ImageStim: pos = array([-0.75, -0.04])
18.7618 	EXP 	unnamed ImageStim: pos = array([-0.75, -0.04])
18.7784 	EXP 	unnamed ImageStim: pos = array([-0.75, -0.04])
18.7950 	EXP 	unnamed ImageStim: pos = array([-0.75, -0.04])
18.8122 	EXP 	unnamed ImageStim: pos = array([-0.75, -0.04])
18.8285 	EXP 	unnamed ImageStim: pos = array([-0.75, -0.04])
18.8451 	EXP 	unnamed ImageStim: pos = array([-0.75, -0.04])
18.8620 	EXP 	unnamed ImageStim: pos = array([-0.75, -0.04])
18.8789 	EXP 	unnamed ImageStim: pos = array([-0.75, -0.04])
18.8951 	EXP 	unnamed ImageStim: pos = array([-0.75, -0.04])
18.9117 	EXP 	unnamed ImageStim: pos = array([-0.75, -0.04])
18.9283 	EXP 	unnamed ImageStim: pos = array([-0.75, -0.04])
18.9454 	EXP 	unnamed ImageStim: pos = array([-0.75, -0.04])
18.9617 	EXP 	unnamed ImageStim: pos = array([-0.75, -0.04])
18.9784 	EXP 	unnamed ImageStim: pos = array([-0.75, -0.04])
18.9952 	EXP 	unnamed ImageStim: pos = array([-0.75, -0.04])
19.0117 	EXP 	unnamed ImageStim: pos = array([-0.75, -0.04])
19.0283 	EXP 	unnamed ImageStim: pos = array([-0.75, -0.04])
19.0451 	EXP 	unnamed ImageStim: pos = array([-0.75, -0.04])
19.0619 	EXP 	unnamed ImageStim: pos = array([-0.75, -0.04])
19.0783 	EXP 	unnamed ImageStim: pos = array([-0.75, -0.04])
19.0949 	EXP 	unnamed ImageStim: pos = array([-0.75, -0.04])
19.1117 	EXP 	unnamed ImageStim: pos = array([-0.75, -0.04])
19.1286 	EXP 	unnamed ImageStim: pos = array([-0.75, -0.04])
19.1450 	EXP 	unnamed ImageStim: pos = array([-0.75, -0.04])
19.1618 	EXP 	unnamed ImageStim: pos = array([-0.75, -0.04])
19.1784 	EXP 	unnamed ImageStim: pos = array([-0.75, -0.04])
19.1951 	EXP 	unnamed ImageStim: pos = array([-0.75, -0.04])
19.2116 	EXP 	unnamed ImageStim: pos = array([-0.75, -0.04])
19.2284 	EXP 	unnamed ImageStim: pos = array([-0.75, -0.04])
19.2458 	EXP 	unnamed ImageStim: pos = array([-0.75, -0.04])
19.2617 	EXP 	unnamed ImageStim: pos = array([-0.75, -0.04])
19.2783 	EXP 	unnamed ImageStim: pos = array([-0.75, -0.04])
19.2949 	EXP 	unnamed ImageStim: pos = array([-0.75, -0.04])
19.3117 	EXP 	unnamed ImageStim: pos = array([-0.75, -0.04])
19.3283 	EXP 	unnamed ImageStim: pos = array([-0.75, -0.04])
19.3451 	EXP 	unnamed ImageStim: pos = array([-0.75, -0.04])
19.3616 	EXP 	unnamed ImageStim: pos = array([-0.75, -0.04])
19.3785 	EXP 	unnamed ImageStim: pos = array([-0.75, -0.04])
19.3949 	EXP 	unnamed ImageStim: pos = array([-0.75, -0.04])
19.4117 	EXP 	unnamed ImageStim: pos = array([-0.75, -0.04])
19.4284 	EXP 	unnamed ImageStim: pos = array([-0.75, -0.04])
19.4452 	EXP 	unnamed ImageStim: pos = array([-0.75, -0.04])
19.4620 	EXP 	unnamed ImageStim: pos = array([-0.75, -0.04])
19.4784 	EXP 	unnamed ImageStim: pos = array([-0.75, -0.04])
19.4952 	EXP 	unnamed ImageStim: pos = array([-0.75, -0.04])
19.5119 	EXP 	unnamed ImageStim: pos = array([-0.75, -0.04])
19.5285 	EXP 	unnamed ImageStim: pos = array([-0.75, -0.04])
19.5450 	EXP 	unnamed ImageStim: pos = array([-0.75, -0.04])
19.5620 	EXP 	unnamed ImageStim: pos = array([-0.75, -0.04])
19.5783 	EXP 	unnamed ImageStim: pos = array([-0.75, -0.04])
19.5948 	EXP 	unnamed ImageStim: pos = array([-0.75, -0.04])
19.6116 	EXP 	unnamed ImageStim: pos = array([-0.75, -0.04])
19.6286 	EXP 	unnamed ImageStim: pos = array([-0.75, -0.04])
19.6450 	EXP 	unnamed ImageStim: pos = array([-0.75, -0.04])
19.6617 	EXP 	unnamed ImageStim: pos = array([-0.75, -0.04])
19.6782 	EXP 	unnamed ImageStim: pos = array([-0.75, -0.04])
19.6952 	EXP 	unnamed ImageStim: pos = array([-0.75, -0.04])
19.7116 	EXP 	unnamed ImageStim: pos = array([-0.75, -0.04])
19.7284 	EXP 	unnamed ImageStim: pos = array([-0.75, -0.04])
19.7452 	EXP 	unnamed ImageStim: pos = array([-0.75, -0.04])
19.7617 	EXP 	unnamed ImageStim: pos = array([-0.75, -0.04])
19.7782 	EXP 	unnamed ImageStim: pos = array([-0.75, -0.04])
19.7950 	EXP 	unnamed ImageStim: pos = array([-0.75, -0.04])
19.8117 	EXP 	unnamed ImageStim: pos = array([-0.75, -0.04])
19.8282 	EXP 	unnamed ImageStim: pos = array([-0.75, -0.04])
19.8448 	EXP 	unnamed ImageStim: pos = array([-0.75, -0.04])
19.8617 	EXP 	unnamed ImageStim: pos = array([-0.75, -0.04])
19.8786 	EXP 	unnamed ImageStim: pos = array([-0.75, -0.04])
19.8949 	EXP 	unnamed ImageStim: pos = array([-0.75, -0.04])
19.9117 	EXP 	unnamed ImageStim: pos = array([-0.75, -0.04])
19.9283 	EXP 	unnamed ImageStim: pos = array([-0.75, -0.04])
19.9451 	EXP 	unnamed ImageStim: pos = array([-0.75, -0.04])
19.9616 	EXP 	unnamed ImageStim: pos = array([-0.75, -0.04])
19.9781 	EXP 	unnamed ImageStim: pos = array([-0.75, -0.04])
19.9950 	EXP 	unnamed ImageStim: pos = array([-0.75, -0.04])
20.0118 	EXP 	unnamed ImageStim: pos = array([-0.75, -0.04])
20.0282 	EXP 	unnamed ImageStim: pos = array([-0.75, -0.04])
20.0449 	EXP 	unnamed ImageStim: pos = array([-0.75, -0.04])
20.0619 	EXP 	unnamed ImageStim: pos = array([-0.75, -0.04])
20.0782 	EXP 	unnamed ImageStim: pos = array([-0.75, -0.04])
20.0949 	EXP 	unnamed ImageStim: pos = array([-0.75, -0.04])
20.1115 	EXP 	unnamed ImageStim: pos = array([-0.75, -0.04])
20.1284 	EXP 	unnamed ImageStim: pos = array([-0.75, -0.04])
20.1451 	EXP 	unnamed ImageStim: pos = array([-0.75, -0.04])
20.1616 	EXP 	unnamed ImageStim: pos = array([-0.75, -0.04])
20.1782 	EXP 	unnamed ImageStim: pos = array([-0.75, -0.04])
20.1951 	EXP 	unnamed ImageStim: pos = array([-0.75, -0.04])
20.2115 	EXP 	unnamed ImageStim: pos = array([-0.75, -0.04])
20.2283 	EXP 	unnamed ImageStim: pos = array([-0.75, -0.04])
20.2448 	EXP 	unnamed ImageStim: pos = array([-0.75, -0.04])
20.2618 	EXP 	unnamed ImageStim: pos = array([-0.75, -0.04])
20.2782 	EXP 	unnamed ImageStim: pos = array([-0.75, -0.04])
20.2950 	EXP 	unnamed ImageStim: pos = array([-0.75, -0.04])
20.3119 	EXP 	unnamed ImageStim: pos = array([-0.75, -0.04])
20.3284 	EXP 	unnamed ImageStim: pos = array([-0.75, -0.04])
20.3448 	EXP 	unnamed ImageStim: pos = array([-0.75, -0.04])
20.3618 	EXP 	unnamed ImageStim: pos = array([-0.75, -0.04])
20.3785 	EXP 	unnamed ImageStim: pos = array([-0.75, -0.04])
20.3948 	EXP 	unnamed ImageStim: pos = array([-0.75, -0.04])
20.4116 	EXP 	unnamed ImageStim: pos = array([-0.75, -0.04])
20.4283 	EXP 	unnamed ImageStim: pos = array([-0.75, -0.04])
20.4452 	EXP 	unnamed ImageStim: pos = array([-0.75, -0.04])
20.4617 	EXP 	unnamed ImageStim: pos = array([-0.75, -0.04])
20.4783 	EXP 	unnamed ImageStim: pos = array([-0.75, -0.04])
20.4949 	EXP 	unnamed ImageStim: pos = array([-0.75, -0.04])
20.5115 	EXP 	unnamed ImageStim: pos = array([-0.75, -0.04])
20.5282 	EXP 	unnamed ImageStim: pos = array([-0.75, -0.04])
20.5448 	EXP 	unnamed ImageStim: pos = array([-0.75, -0.04])
20.5618 	EXP 	unnamed ImageStim: pos = array([-0.75, -0.04])
20.5780 	EXP 	unnamed ImageStim: pos = array([-0.75, -0.04])
20.5949 	EXP 	unnamed ImageStim: pos = array([-0.75, -0.04])
20.6113 	EXP 	unnamed ImageStim: pos = array([-0.75, -0.04])
20.6285 	EXP 	unnamed ImageStim: pos = array([-0.75, -0.04])
20.6448 	EXP 	unnamed ImageStim: pos = array([-0.75, -0.04])
20.6484 	DATA 	Keypress: escape
20.6616 	EXP 	unnamed ImageStim: pos = array([-0.75, -0.04])
