7.0516 	ERROR 	Requested audio device 'auto' that is not available on this hardware. The 'audioDevice' preference should be one of ['Built-in Output', 'HDMI']
14.5532 	WARNING 	User requested fullscreen with size [1440  900], but screen is actually [1280, 800]. Using actual size
15.3330 	EXP 	Created window1 = Window(allowGUI=False, allowStencil=False, autoLog=True, bitsMode=UNKNOWN, blendMode='avg', color=array([ 0.,  0.,  0.]), colorSpace='rgb', fullscr=UNKNOWN, gamma=None, lms=UNKNOWN, monitor=<psychopy.monitors.calibTools.Monitor object at 0x112580d90>, multiSample=False, name='window1', numSamples=2, pos=[0, 0], screen=0, size=array([1280,  800]), stereo=False, units=u'norm', useFBO=True, useRetina=False, viewOri=0.0, viewPos=None, viewScale=None, waitBlanking=True, winType='pyglet')
15.3330 	EXP 	window1: recordFrameIntervals = False
15.4979 	EXP 	window1: recordFrameIntervals = True
15.6822 	EXP 	window1: recordFrameIntervals = False
15.9985 	EXP 	Created instructionsGeneral = TextStim(alignHoriz='center', alignVert='center', antialias=True, autoLog=True, bold=False, color=array([ 1.,  1.,  1.]), colorSpace='rgb', contrast=1.0, depth=0.0, flipHoriz=False, flipVert=False, font='Arial', fontFiles=[], height=0.1, italic=False, name='instructionsGeneral', opacity=1.0, ori=0, pos=array([ 0.,  0.]), rgb=array([ 1.,  1.,  1.]), text=unicode(...), units=u'norm', win=Window(...), wrapWidth=1)
16.0081 	EXP 	Created image_paw1 = ImageStim(autoLog=True, color=array([ 1.,  1.,  1.]), colorSpace='rgb', contrast=1.0, depth=0.0, flipHoriz=False, flipVert=False, image='sin', interpolate=True, mask=None, maskParams=None, name='image_paw1', opacity=1.0, ori=0.0, pos=array([ 0.,  0.]), size=array([ 2. ,  2.5]), texRes=128, units=u'norm', win=Window(...))
16.0168 	EXP 	Created text = TextStim(alignHoriz='center', alignVert='center', antialias=True, autoLog=True, bold=False, color=array([ 1.,  1.,  1.]), colorSpace='rgb', contrast=1.0, depth=-1.0, flipHoriz=False, flipVert=False, font='Arial', fontFiles=[], height=0.1, italic=False, name='text', opacity=1.0, ori=0, pos=array([ 0. ,  0.8]), rgb=array([ 1.,  1.,  1.]), text=u'Press 1 when a minion is here ', units=u'norm', win=Window(...), wrapWidth=1)
16.0190 	EXP 	Created image_paw2 = ImageStim(autoLog=True, color=array([ 1.,  1.,  1.]), colorSpace='rgb', contrast=1.0, depth=0.0, flipHoriz=False, flipVert=False, image='sin', interpolate=True, mask=None, maskParams=None, name='image_paw2', opacity=1.0, ori=0.0, pos=array([ 0.,  0.]), size=array([ 2. ,  2.5]), texRes=128, units=u'norm', win=Window(...))
16.0256 	EXP 	Created text_2 = TextStim(alignHoriz='center', alignVert='center', antialias=True, autoLog=True, bold=False, color=array([ 1.,  1.,  1.]), colorSpace='rgb', contrast=1.0, depth=-1.0, flipHoriz=False, flipVert=False, font='Arial', fontFiles=[], height=0.1, italic=False, name='text_2', opacity=1.0, ori=0, pos=array([ 0. ,  0.8]), rgb=array([ 1.,  1.,  1.]), text=u'Press 2 when a minion is here ', units=u'norm', win=Window(...), wrapWidth=1)
16.0276 	EXP 	Created image_paw3 = ImageStim(autoLog=True, color=array([ 1.,  1.,  1.]), colorSpace='rgb', contrast=1.0, depth=0.0, flipHoriz=False, flipVert=False, image='sin', interpolate=True, mask=None, maskParams=None, name='image_paw3', opacity=1.0, ori=0.0, pos=array([ 0.,  0.]), size=array([ 2. ,  2.5]), texRes=128, units=u'norm', win=Window(...))
16.0343 	EXP 	Created text_3 = TextStim(alignHoriz='center', alignVert='center', antialias=True, autoLog=True, bold=False, color=array([ 1.,  1.,  1.]), colorSpace='rgb', contrast=1.0, depth=-1.0, flipHoriz=False, flipVert=False, font='Arial', fontFiles=[], height=0.1, italic=False, name='text_3', opacity=1.0, ori=0, pos=array([ 0. ,  0.8]), rgb=array([ 1.,  1.,  1.]), text=u'Press 3 when a minion is here ', units=u'norm', win=Window(...), wrapWidth=1)
16.0363 	EXP 	Created image_paw4 = ImageStim(autoLog=True, color=array([ 1.,  1.,  1.]), colorSpace='rgb', contrast=1.0, depth=0.0, flipHoriz=False, flipVert=False, image='sin', interpolate=True, mask=None, maskParams=None, name='image_paw4', opacity=1.0, ori=0.0, pos=array([ 0.,  0.]), size=array([ 2. ,  2.5]), texRes=128, units=u'norm', win=Window(...))
16.0429 	EXP 	Created text_4 = TextStim(alignHoriz='center', alignVert='center', antialias=True, autoLog=True, bold=False, color=array([ 1.,  1.,  1.]), colorSpace='rgb', contrast=1.0, depth=-1.0, flipHoriz=False, flipVert=False, font='Arial', fontFiles=[], height=0.1, italic=False, name='text_4', opacity=1.0, ori=0, pos=array([ 0. ,  0.8]), rgb=array([ 1.,  1.,  1.]), text=u'Press 4 when a minion is here ', units=u'norm', win=Window(...), wrapWidth=1)
16.0489 	EXP 	Created text_5 = TextStim(alignHoriz='center', alignVert='center', antialias=True, autoLog=True, bold=False, color='white', colorSpace='named', contrast=1.0, depth=0.0, flipHoriz=False, flipVert=False, font='Arial', fontFiles=[], height=0.1, italic=False, name='text_5', opacity=1.0, ori=0, pos=array([ 0.,  0.]), rgb=array([ 255.,  255.,  255.]), text=u'Get Ready...', units=u'norm', win=Window(...), wrapWidth=1)
16.0525 	EXP 	Created text_6 = TextStim(alignHoriz='center', alignVert='center', antialias=True, autoLog=True, bold=False, color='white', colorSpace='named', contrast=1.0, depth=-1.0, flipHoriz=False, flipVert=False, font='Arial', fontFiles=[], height=0.1, italic=False, name='text_6', opacity=1.0, ori=0, pos=array([ 0.,  0.]), rgb=array([ 255.,  255.,  255.]), text=u'GO!', units=u'norm', win=Window(...), wrapWidth=1)
16.0545 	EXP 	Created image = ImageStim(autoLog=True, color=array([ 1.,  1.,  1.]), colorSpace='rgb', contrast=1.0, depth=0.0, flipHoriz=False, flipVert=False, image='sin', interpolate=True, mask=None, maskParams=None, name='image', opacity=1.0, ori=0.0, pos=array([ 0.,  0.]), size=array([ 2. ,  2.5]), texRes=128, units=u'norm', win=Window(...))
16.0564 	EXP 	Created blankImage = ImageStim(autoLog=True, color=array([ 1.,  1.,  1.]), colorSpace='rgb', contrast=1.0, depth=0.0, flipHoriz=False, flipVert=False, image='sin', interpolate=True, mask=None, maskParams=None, name='blankImage', opacity=1.0, ori=0.0, pos=array([ 0.,  0.]), size=array([ 2. ,  2.5]), texRes=128, units=u'norm', win=Window(...))
16.0681 	EXP 	Created text_7 = TextStim(alignHoriz='center', alignVert='center', antialias=True, autoLog=True, bold=False, color='white', colorSpace='named', contrast=1.0, depth=0.0, flipHoriz=False, flipVert=False, font='Arial', fontFiles=[], height=0.1, italic=False, name='text_7', opacity=1.0, ori=0, pos=array([ 0.,  0.]), rgb=array([ 255.,  255.,  255.]), text=unicode(...), units=u'norm', win=Window(...), wrapWidth=1)
16.0702 	EXP 	Created pos1 = ImageStim(autoLog=True, color=array([ 1.,  1.,  1.]), colorSpace='rgb', contrast=1.0, depth=0.0, flipHoriz=False, flipVert=False, image='sin', interpolate=True, mask=None, maskParams=None, name='pos1', opacity=1.0, ori=0.0, pos=array([ 0.,  0.]), size=array([ 2. ,  2.5]), texRes=128, units=u'norm', win=Window(...))
16.0722 	EXP 	Created image_3 = ImageStim(autoLog=True, color=array([ 1.,  1.,  1.]), colorSpace='rgb', contrast=1.0, depth=0.0, flipHoriz=False, flipVert=False, image='sin', interpolate=True, mask=None, maskParams=None, name='image_3', opacity=1.0, ori=0.0, pos=array([ 0.,  0.]), size=array([ 2. ,  2.5]), texRes=128, units=u'norm', win=Window(...))
16.0740 	EXP 	Created image_4 = ImageStim(autoLog=True, color=array([ 1.,  1.,  1.]), colorSpace='rgb', contrast=1.0, depth=0.0, flipHoriz=False, flipVert=False, image='sin', interpolate=True, mask=None, maskParams=None, name='image_4', opacity=1.0, ori=0.0, pos=array([ 0.,  0.]), size=array([ 2. ,  2.5]), texRes=128, units=u'norm', win=Window(...))
16.0759 	EXP 	Created image_5 = ImageStim(autoLog=True, color=array([ 1.,  1.,  1.]), colorSpace='rgb', contrast=1.0, depth=0.0, flipHoriz=False, flipVert=False, image='sin', interpolate=True, mask=None, maskParams=None, name='image_5', opacity=1.0, ori=0.0, pos=array([ 0.,  0.]), size=array([ 2. ,  2.5]), texRes=128, units=u'norm', win=Window(...))
16.0878 	EXP 	Created goodJob = TextStim(alignHoriz='center', alignVert='center', antialias=True, autoLog=True, bold=False, color='white', colorSpace='named', contrast=1.0, depth=0.0, flipHoriz=False, flipVert=False, font='Arial', fontFiles=[], height=0.1, italic=False, name='goodJob', opacity=1.0, ori=0, pos=array([ 0.,  0.]), rgb=array([ 255.,  255.,  255.]), text=unicode(...), units=u'norm', win=Window(...), wrapWidth=1)
16.0920 	EXP 	window1: blendMode = 'avg'
16.0988 	EXP 	instructionsGeneral: color = 'white (named)'
16.0988 	EXP 	instructionsGeneral: autoDraw = True
16.1002 	EXP 	window1: blendMode = 'avg'
16.1168 	EXP 	window1: blendMode = 'avg'
16.1334 	EXP 	window1: blendMode = 'avg'
16.1500 	EXP 	window1: blendMode = 'avg'
16.1669 	EXP 	window1: blendMode = 'avg'
16.1832 	EXP 	window1: blendMode = 'avg'
16.2001 	EXP 	window1: blendMode = 'avg'
16.2162 	EXP 	window1: blendMode = 'avg'
16.2335 	EXP 	window1: blendMode = 'avg'
16.2502 	EXP 	window1: blendMode = 'avg'
16.2670 	EXP 	window1: blendMode = 'avg'
16.2834 	EXP 	window1: blendMode = 'avg'
16.3004 	EXP 	window1: blendMode = 'avg'
16.3170 	EXP 	window1: blendMode = 'avg'
16.3337 	EXP 	window1: blendMode = 'avg'
16.3502 	EXP 	window1: blendMode = 'avg'
16.3669 	EXP 	window1: blendMode = 'avg'
16.3836 	EXP 	window1: blendMode = 'avg'
16.4001 	EXP 	window1: blendMode = 'avg'
16.4170 	EXP 	window1: blendMode = 'avg'
16.4336 	EXP 	window1: blendMode = 'avg'
16.4502 	EXP 	window1: blendMode = 'avg'
16.4669 	EXP 	window1: blendMode = 'avg'
16.4836 	EXP 	window1: blendMode = 'avg'
16.5004 	EXP 	window1: blendMode = 'avg'
16.5171 	EXP 	window1: blendMode = 'avg'
16.5337 	EXP 	window1: blendMode = 'avg'
16.5503 	EXP 	window1: blendMode = 'avg'
16.5672 	EXP 	window1: blendMode = 'avg'
16.5835 	EXP 	window1: blendMode = 'avg'
16.5994 	EXP 	window1: blendMode = 'avg'
16.6166 	EXP 	window1: blendMode = 'avg'
16.6336 	EXP 	window1: blendMode = 'avg'
16.6503 	EXP 	window1: blendMode = 'avg'
16.6672 	EXP 	window1: blendMode = 'avg'
16.6837 	EXP 	window1: blendMode = 'avg'
16.7002 	EXP 	window1: blendMode = 'avg'
16.7171 	EXP 	window1: blendMode = 'avg'
16.7335 	EXP 	window1: blendMode = 'avg'
16.7505 	EXP 	window1: blendMode = 'avg'
16.7672 	EXP 	window1: blendMode = 'avg'
16.7838 	EXP 	window1: blendMode = 'avg'
16.8006 	EXP 	window1: blendMode = 'avg'
16.8173 	EXP 	window1: blendMode = 'avg'
16.8338 	EXP 	window1: blendMode = 'avg'
16.8504 	EXP 	window1: blendMode = 'avg'
16.8673 	EXP 	window1: blendMode = 'avg'
16.8834 	EXP 	window1: blendMode = 'avg'
16.9007 	EXP 	window1: blendMode = 'avg'
16.9171 	EXP 	window1: blendMode = 'avg'
16.9338 	EXP 	window1: blendMode = 'avg'
16.9512 	EXP 	window1: blendMode = 'avg'
16.9676 	EXP 	window1: blendMode = 'avg'
16.9840 	EXP 	window1: blendMode = 'avg'
17.0005 	EXP 	window1: blendMode = 'avg'
17.0172 	EXP 	window1: blendMode = 'avg'
17.0339 	EXP 	window1: blendMode = 'avg'
17.0505 	EXP 	window1: blendMode = 'avg'
17.0673 	EXP 	window1: blendMode = 'avg'
17.0838 	EXP 	window1: blendMode = 'avg'
17.0996 	EXP 	window1: blendMode = 'avg'
17.1174 	EXP 	window1: blendMode = 'avg'
17.1339 	EXP 	window1: blendMode = 'avg'
17.1505 	EXP 	window1: blendMode = 'avg'
17.1700 	DATA 	Keypress: space
17.1771 	EXP 	Imported pawStimuli.xlsx as conditions, 1 conditions, 5 params
17.1774 	EXP 	Created sequence: sequential, trialTypes=1, nReps=1, seed=None
17.1778 	EXP 	New trial (rep=0, index=0): {'pawPatrol1': u'min1.png', 'pawPatrol2': u'min2.png', 'pawPatrol3': u'min3.png', 'pawPatrol4': u'min4.png', 'blank': u'allBlank.png'}
17.2855 	EXP 	window1: blendMode = 'avg'
17.2993 	EXP 	instructionsGeneral: autoDraw = False
17.2993 	EXP 	image_paw1: image = u'min1.png'
17.2993 	EXP 	text: color = 'black (named)'
17.2993 	EXP 	image_paw1: autoDraw = True
17.2993 	EXP 	text: autoDraw = True
17.3007 	EXP 	window1: blendMode = 'avg'
17.3174 	EXP 	window1: blendMode = 'avg'
17.3342 	EXP 	window1: blendMode = 'avg'
17.3509 	EXP 	window1: blendMode = 'avg'
17.3666 	EXP 	window1: blendMode = 'avg'
17.3843 	EXP 	window1: blendMode = 'avg'
17.4008 	EXP 	window1: blendMode = 'avg'
17.4176 	EXP 	window1: blendMode = 'avg'
17.4343 	EXP 	window1: blendMode = 'avg'
17.4506 	EXP 	window1: blendMode = 'avg'
17.4675 	EXP 	window1: blendMode = 'avg'
17.4841 	EXP 	window1: blendMode = 'avg'
17.5010 	EXP 	window1: blendMode = 'avg'
17.5176 	EXP 	window1: blendMode = 'avg'
17.5344 	EXP 	window1: blendMode = 'avg'
17.5509 	EXP 	window1: blendMode = 'avg'
17.5676 	EXP 	window1: blendMode = 'avg'
17.5841 	EXP 	window1: blendMode = 'avg'
17.6008 	EXP 	window1: blendMode = 'avg'
17.6175 	EXP 	window1: blendMode = 'avg'
17.6344 	EXP 	window1: blendMode = 'avg'
17.6511 	EXP 	window1: blendMode = 'avg'
17.6677 	EXP 	window1: blendMode = 'avg'
17.6843 	EXP 	window1: blendMode = 'avg'
17.7007 	EXP 	window1: blendMode = 'avg'
17.7178 	EXP 	window1: blendMode = 'avg'
17.7344 	EXP 	window1: blendMode = 'avg'
17.7511 	EXP 	window1: blendMode = 'avg'
17.7676 	EXP 	window1: blendMode = 'avg'
17.7838 	EXP 	window1: blendMode = 'avg'
17.8009 	EXP 	window1: blendMode = 'avg'
17.8174 	EXP 	window1: blendMode = 'avg'
17.8345 	EXP 	window1: blendMode = 'avg'
17.8512 	EXP 	window1: blendMode = 'avg'
17.8676 	EXP 	window1: blendMode = 'avg'
17.8844 	EXP 	window1: blendMode = 'avg'
17.9010 	EXP 	window1: blendMode = 'avg'
17.9189 	DATA 	Keypress: 1
17.9203 	EXP 	window1: blendMode = 'avg'
17.9345 	EXP 	window1: blendMode = 'avg'
17.9512 	EXP 	window1: blendMode = 'avg'
17.9677 	EXP 	window1: blendMode = 'avg'
17.9845 	EXP 	window1: blendMode = 'avg'
18.0012 	EXP 	window1: blendMode = 'avg'
18.0177 	EXP 	window1: blendMode = 'avg'
18.0349 	EXP 	window1: blendMode = 'avg'
18.0521 	EXP 	window1: blendMode = 'avg'
18.0679 	EXP 	window1: blendMode = 'avg'
18.0845 	EXP 	window1: blendMode = 'avg'
18.1013 	EXP 	window1: blendMode = 'avg'
18.1178 	EXP 	window1: blendMode = 'avg'
18.1348 	EXP 	window1: blendMode = 'avg'
18.1513 	EXP 	window1: blendMode = 'avg'
18.1674 	EXP 	window1: blendMode = 'avg'
18.1849 	EXP 	window1: blendMode = 'avg'
18.2014 	EXP 	window1: blendMode = 'avg'
18.2177 	EXP 	window1: blendMode = 'avg'
18.2347 	EXP 	window1: blendMode = 'avg'
18.2512 	EXP 	window1: blendMode = 'avg'
18.2680 	EXP 	window1: blendMode = 'avg'
18.2845 	EXP 	window1: blendMode = 'avg'
18.3013 	EXP 	window1: blendMode = 'avg'
18.3180 	EXP 	window1: blendMode = 'avg'
18.3347 	EXP 	window1: blendMode = 'avg'
18.3514 	EXP 	window1: blendMode = 'avg'
18.3680 	EXP 	window1: blendMode = 'avg'
18.3846 	EXP 	window1: blendMode = 'avg'
18.4014 	EXP 	window1: blendMode = 'avg'
18.4180 	EXP 	window1: blendMode = 'avg'
18.4359 	DATA 	Keypress: space
18.4728 	EXP 	window1: blendMode = 'avg'
18.4828 	EXP 	image_paw1: autoDraw = False
18.4828 	EXP 	text: autoDraw = False
18.4828 	EXP 	image_paw2: image = u'min2.png'
18.4828 	EXP 	text_2: color = 'black (named)'
18.4828 	EXP 	image_paw2: autoDraw = True
18.4828 	EXP 	text_2: autoDraw = True
18.4838 	EXP 	window1: blendMode = 'avg'
18.5014 	EXP 	window1: blendMode = 'avg'
18.5188 	EXP 	window1: blendMode = 'avg'
18.5347 	EXP 	window1: blendMode = 'avg'
18.5513 	EXP 	window1: blendMode = 'avg'
18.5680 	EXP 	window1: blendMode = 'avg'
18.5847 	EXP 	window1: blendMode = 'avg'
18.6014 	EXP 	window1: blendMode = 'avg'
18.6181 	EXP 	window1: blendMode = 'avg'
18.6348 	EXP 	window1: blendMode = 'avg'
18.6515 	EXP 	window1: blendMode = 'avg'
18.6682 	EXP 	window1: blendMode = 'avg'
18.6846 	EXP 	window1: blendMode = 'avg'
18.7019 	DATA 	Keypress: space
18.7370 	EXP 	window1: blendMode = 'avg'
18.7498 	EXP 	image_paw2: autoDraw = False
18.7498 	EXP 	text_2: autoDraw = False
18.7498 	EXP 	image_paw3: image = u'min3.png'
18.7498 	EXP 	text_3: color = 'black (named)'
18.7498 	EXP 	image_paw3: autoDraw = True
18.7498 	EXP 	text_3: autoDraw = True
18.7511 	EXP 	window1: blendMode = 'avg'
18.7683 	EXP 	window1: blendMode = 'avg'
18.7843 	EXP 	window1: blendMode = 'avg'
18.8014 	EXP 	window1: blendMode = 'avg'
18.8182 	EXP 	window1: blendMode = 'avg'
18.8348 	EXP 	window1: blendMode = 'avg'
18.8520 	EXP 	window1: blendMode = 'avg'
18.8681 	EXP 	window1: blendMode = 'avg'
18.8847 	EXP 	window1: blendMode = 'avg'
18.9018 	EXP 	window1: blendMode = 'avg'
18.9181 	EXP 	window1: blendMode = 'avg'
18.9360 	DATA 	Keypress: space
18.9730 	EXP 	window1: blendMode = 'avg'
18.9839 	EXP 	image_paw3: autoDraw = False
18.9839 	EXP 	text_3: autoDraw = False
18.9839 	EXP 	image_paw4: image = u'min4.png'
18.9839 	EXP 	text_4: color = 'black (named)'
18.9839 	EXP 	image_paw4: autoDraw = True
18.9839 	EXP 	text_4: autoDraw = True
18.9852 	EXP 	window1: blendMode = 'avg'
19.0010 	EXP 	window1: blendMode = 'avg'
19.0178 	EXP 	window1: blendMode = 'avg'
19.0351 	EXP 	window1: blendMode = 'avg'
19.0517 	EXP 	window1: blendMode = 'avg'
19.0684 	EXP 	window1: blendMode = 'avg'
19.0849 	EXP 	window1: blendMode = 'avg'
19.1017 	EXP 	window1: blendMode = 'avg'
19.1184 	EXP 	window1: blendMode = 'avg'
19.1360 	DATA 	Keypress: space
19.1372 	EXP 	window1: blendMode = 'avg'
19.1505 	EXP 	image_paw4: autoDraw = False
19.1505 	EXP 	text_4: autoDraw = False
19.1505 	EXP 	text_5: autoDraw = True
19.1515 	EXP 	window1: blendMode = 'avg'
19.1681 	EXP 	window1: blendMode = 'avg'
19.1849 	EXP 	window1: blendMode = 'avg'
19.2015 	EXP 	window1: blendMode = 'avg'
19.2186 	EXP 	window1: blendMode = 'avg'
19.2349 	EXP 	window1: blendMode = 'avg'
19.2515 	EXP 	window1: blendMode = 'avg'
19.2688 	EXP 	window1: blendMode = 'avg'
19.2847 	EXP 	window1: blendMode = 'avg'
19.3016 	EXP 	window1: blendMode = 'avg'
19.3185 	EXP 	window1: blendMode = 'avg'
19.3348 	EXP 	window1: blendMode = 'avg'
19.3516 	EXP 	window1: blendMode = 'avg'
19.3682 	EXP 	window1: blendMode = 'avg'
19.3850 	EXP 	window1: blendMode = 'avg'
19.4016 	EXP 	window1: blendMode = 'avg'
19.4184 	EXP 	window1: blendMode = 'avg'
19.4348 	EXP 	window1: blendMode = 'avg'
19.4517 	EXP 	window1: blendMode = 'avg'
19.4679 	EXP 	window1: blendMode = 'avg'
19.4851 	EXP 	window1: blendMode = 'avg'
19.5017 	EXP 	window1: blendMode = 'avg'
19.5182 	EXP 	window1: blendMode = 'avg'
19.5346 	EXP 	window1: blendMode = 'avg'
19.5517 	EXP 	window1: blendMode = 'avg'
19.5683 	EXP 	window1: blendMode = 'avg'
19.5849 	EXP 	window1: blendMode = 'avg'
19.6019 	EXP 	window1: blendMode = 'avg'
19.6185 	EXP 	window1: blendMode = 'avg'
19.6351 	EXP 	window1: blendMode = 'avg'
19.6508 	EXP 	window1: blendMode = 'avg'
19.6675 	EXP 	window1: blendMode = 'avg'
19.6842 	EXP 	window1: blendMode = 'avg'
19.7011 	EXP 	window1: blendMode = 'avg'
19.7189 	EXP 	window1: blendMode = 'avg'
19.7341 	EXP 	window1: blendMode = 'avg'
19.7511 	EXP 	window1: blendMode = 'avg'
19.7685 	EXP 	window1: blendMode = 'avg'
19.7849 	EXP 	window1: blendMode = 'avg'
19.8008 	EXP 	window1: blendMode = 'avg'
19.8176 	EXP 	window1: blendMode = 'avg'
19.8348 	EXP 	window1: blendMode = 'avg'
19.8517 	EXP 	window1: blendMode = 'avg'
19.8687 	EXP 	window1: blendMode = 'avg'
19.8851 	EXP 	window1: blendMode = 'avg'
19.9021 	EXP 	window1: blendMode = 'avg'
19.9184 	EXP 	window1: blendMode = 'avg'
19.9353 	EXP 	window1: blendMode = 'avg'
19.9517 	EXP 	window1: blendMode = 'avg'
19.9686 	EXP 	window1: blendMode = 'avg'
19.9849 	EXP 	window1: blendMode = 'avg'
20.0019 	EXP 	window1: blendMode = 'avg'
20.0185 	EXP 	window1: blendMode = 'avg'
20.0353 	EXP 	window1: blendMode = 'avg'
20.0518 	EXP 	window1: blendMode = 'avg'
20.0685 	EXP 	window1: blendMode = 'avg'
20.0852 	EXP 	window1: blendMode = 'avg'
20.1008 	EXP 	window1: blendMode = 'avg'
20.1181 	EXP 	window1: blendMode = 'avg'
20.1511 	EXP 	text_5: autoDraw = False
20.1525 	EXP 	window1: blendMode = 'avg'
20.1673 	EXP 	text_6: autoDraw = True
20.1684 	EXP 	window1: blendMode = 'avg'
20.1852 	EXP 	window1: blendMode = 'avg'
20.2021 	EXP 	window1: blendMode = 'avg'
20.2184 	EXP 	window1: blendMode = 'avg'
20.2355 	EXP 	window1: blendMode = 'avg'
20.2519 	EXP 	window1: blendMode = 'avg'
20.2688 	EXP 	window1: blendMode = 'avg'
20.2852 	EXP 	window1: blendMode = 'avg'
20.3023 	EXP 	window1: blendMode = 'avg'
20.3187 	EXP 	window1: blendMode = 'avg'
20.3357 	EXP 	window1: blendMode = 'avg'
20.3521 	EXP 	window1: blendMode = 'avg'
20.3687 	EXP 	window1: blendMode = 'avg'
20.3853 	EXP 	window1: blendMode = 'avg'
20.4024 	EXP 	window1: blendMode = 'avg'
20.4187 	EXP 	window1: blendMode = 'avg'
20.4356 	EXP 	window1: blendMode = 'avg'
20.4521 	EXP 	window1: blendMode = 'avg'
20.4680 	EXP 	window1: blendMode = 'avg'
20.4849 	EXP 	window1: blendMode = 'avg'
20.5011 	EXP 	window1: blendMode = 'avg'
20.5178 	EXP 	window1: blendMode = 'avg'
20.5354 	EXP 	window1: blendMode = 'avg'
20.5524 	EXP 	window1: blendMode = 'avg'
20.5686 	EXP 	window1: blendMode = 'avg'
20.5854 	EXP 	window1: blendMode = 'avg'
20.6023 	EXP 	window1: blendMode = 'avg'
20.6176 	EXP 	window1: blendMode = 'avg'
20.6351 	EXP 	window1: blendMode = 'avg'
20.6516 	EXP 	window1: blendMode = 'avg'
20.6687 	EXP 	window1: blendMode = 'avg'
20.6853 	EXP 	window1: blendMode = 'avg'
20.7022 	EXP 	window1: blendMode = 'avg'
20.7181 	EXP 	window1: blendMode = 'avg'
20.7355 	EXP 	window1: blendMode = 'avg'
20.7523 	EXP 	window1: blendMode = 'avg'
20.7690 	EXP 	window1: blendMode = 'avg'
20.7854 	EXP 	window1: blendMode = 'avg'
20.8023 	EXP 	window1: blendMode = 'avg'
20.8188 	EXP 	window1: blendMode = 'avg'
20.8358 	EXP 	window1: blendMode = 'avg'
20.8522 	EXP 	window1: blendMode = 'avg'
20.8689 	EXP 	window1: blendMode = 'avg'
20.8855 	EXP 	window1: blendMode = 'avg'
20.9028 	EXP 	window1: blendMode = 'avg'
20.9192 	EXP 	window1: blendMode = 'avg'
20.9357 	EXP 	window1: blendMode = 'avg'
20.9523 	EXP 	window1: blendMode = 'avg'
20.9689 	EXP 	window1: blendMode = 'avg'
20.9857 	EXP 	window1: blendMode = 'avg'
21.0024 	EXP 	window1: blendMode = 'avg'
21.0190 	EXP 	window1: blendMode = 'avg'
21.0358 	EXP 	window1: blendMode = 'avg'
21.0524 	EXP 	window1: blendMode = 'avg'
21.0690 	EXP 	window1: blendMode = 'avg'
21.0855 	EXP 	window1: blendMode = 'avg'
21.1025 	EXP 	window1: blendMode = 'avg'
21.1189 	EXP 	window1: blendMode = 'avg'
21.1426 	EXP 	Imported random.xlsx as conditions, 4 conditions, 4 params
21.1432 	EXP 	Created sequence: random, trialTypes=4, nReps=25, seed=None
21.1436 	EXP 	New trial (rep=0, index=0): {'randomPaw': u'min1.png', 'allowableKey': ['2', '1', '3', '4'], 'correctKey': ['1'], 'blank': u'allBlank.png'}
21.1847 	EXP 	text_6: autoDraw = False
21.1847 	EXP 	text_5: autoDraw = False
21.1847 	EXP 	text_6: autoDraw = False
21.1847 	EXP 	image: image = u'min1.png'
21.1847 	EXP 	image: autoDraw = True
21.5204 	DATA 	Keypress: 1
21.5682 	EXP 	image: autoDraw = False
21.5682 	EXP 	blankImage: image = u'allBlank.png'
21.5682 	EXP 	blankImage: autoDraw = True
22.0200 	EXP 	New trial (rep=0, index=1): {'randomPaw': u'min2.png', 'allowableKey': ['2', '1', '3', '4'], 'correctKey': ['2'], 'blank': u'allBlank.png'}
22.0693 	EXP 	blankImage: autoDraw = False
22.0693 	EXP 	blankImage: autoDraw = False
22.0693 	EXP 	image: image = u'min2.png'
22.0693 	EXP 	image: autoDraw = True
22.4210 	DATA 	Keypress: 2
22.4588 	EXP 	image: autoDraw = False
22.4588 	EXP 	blankImage: image = u'allBlank.png'
22.4588 	EXP 	blankImage: autoDraw = True
22.9196 	EXP 	New trial (rep=0, index=2): {'randomPaw': u'min4.png', 'allowableKey': ['2', '1', '3', '4'], 'correctKey': ['4'], 'blank': u'allBlank.png'}
22.9586 	EXP 	blankImage: autoDraw = False
22.9586 	EXP 	blankImage: autoDraw = False
22.9586 	EXP 	image: image = u'min4.png'
22.9586 	EXP 	image: autoDraw = True
23.3381 	DATA 	Keypress: 4
23.3755 	EXP 	image: autoDraw = False
23.3755 	EXP 	blankImage: image = u'allBlank.png'
23.3755 	EXP 	blankImage: autoDraw = True
23.8377 	EXP 	New trial (rep=0, index=3): {'randomPaw': u'min3.png', 'allowableKey': ['2', '1', '3', '4'], 'correctKey': ['3'], 'blank': u'allBlank.png'}
23.8767 	EXP 	blankImage: autoDraw = False
23.8767 	EXP 	blankImage: autoDraw = False
23.8767 	EXP 	image: image = u'min3.png'
23.8767 	EXP 	image: autoDraw = True
24.1714 	DATA 	Keypress: 3
24.2088 	EXP 	image: autoDraw = False
24.2088 	EXP 	blankImage: image = u'allBlank.png'
24.2088 	EXP 	blankImage: autoDraw = True
24.6712 	EXP 	New trial (rep=1, index=0): {'randomPaw': u'min3.png', 'allowableKey': ['2', '1', '3', '4'], 'correctKey': ['3'], 'blank': u'allBlank.png'}
24.7100 	EXP 	blankImage: autoDraw = False
24.7100 	EXP 	blankImage: autoDraw = False
24.7100 	EXP 	image: image = u'min3.png'
24.7100 	EXP 	image: autoDraw = True
25.0399 	DATA 	Keypress: 3
25.0922 	EXP 	image: autoDraw = False
25.0922 	EXP 	blankImage: image = u'allBlank.png'
25.0922 	EXP 	blankImage: autoDraw = True
25.5549 	EXP 	New trial (rep=1, index=1): {'randomPaw': u'min2.png', 'allowableKey': ['2', '1', '3', '4'], 'correctKey': ['2'], 'blank': u'allBlank.png'}
25.5940 	EXP 	blankImage: autoDraw = False
25.5940 	EXP 	blankImage: autoDraw = False
25.5940 	EXP 	image: image = u'min2.png'
25.5940 	EXP 	image: autoDraw = True
25.9228 	DATA 	Keypress: 2
25.9598 	EXP 	image: autoDraw = False
25.9598 	EXP 	blankImage: image = u'allBlank.png'
25.9598 	EXP 	blankImage: autoDraw = True
26.4219 	EXP 	New trial (rep=1, index=2): {'randomPaw': u'min4.png', 'allowableKey': ['2', '1', '3', '4'], 'correctKey': ['4'], 'blank': u'allBlank.png'}
26.4606 	EXP 	blankImage: autoDraw = False
26.4606 	EXP 	blankImage: autoDraw = False
26.4606 	EXP 	image: image = u'min4.png'
26.4606 	EXP 	image: autoDraw = True
26.7072 	DATA 	Keypress: 4
26.7441 	EXP 	image: autoDraw = False
26.7441 	EXP 	blankImage: image = u'allBlank.png'
26.7441 	EXP 	blankImage: autoDraw = True
27.2061 	EXP 	New trial (rep=1, index=3): {'randomPaw': u'min1.png', 'allowableKey': ['2', '1', '3', '4'], 'correctKey': ['1'], 'blank': u'allBlank.png'}
27.2449 	EXP 	blankImage: autoDraw = False
27.2449 	EXP 	blankImage: autoDraw = False
27.2449 	EXP 	image: image = u'min1.png'
27.2449 	EXP 	image: autoDraw = True
27.5070 	DATA 	Keypress: 1
27.5436 	EXP 	image: autoDraw = False
27.5436 	EXP 	blankImage: image = u'allBlank.png'
27.5436 	EXP 	blankImage: autoDraw = True
28.0066 	EXP 	New trial (rep=2, index=0): {'randomPaw': u'min1.png', 'allowableKey': ['2', '1', '3', '4'], 'correctKey': ['1'], 'blank': u'allBlank.png'}
28.0548 	EXP 	blankImage: autoDraw = False
28.0548 	EXP 	blankImage: autoDraw = False
28.0548 	EXP 	image: image = u'min1.png'
28.0548 	EXP 	image: autoDraw = True
28.4576 	DATA 	Keypress: 1
28.4940 	EXP 	image: autoDraw = False
28.4940 	EXP 	blankImage: image = u'allBlank.png'
28.4940 	EXP 	blankImage: autoDraw = True
28.9567 	EXP 	New trial (rep=2, index=1): {'randomPaw': u'min2.png', 'allowableKey': ['2', '1', '3', '4'], 'correctKey': ['2'], 'blank': u'allBlank.png'}
29.0057 	EXP 	blankImage: autoDraw = False
29.0057 	EXP 	blankImage: autoDraw = False
29.0057 	EXP 	image: image = u'min2.png'
29.0057 	EXP 	image: autoDraw = True
29.3747 	DATA 	Keypress: 2
29.4115 	EXP 	image: autoDraw = False
29.4115 	EXP 	blankImage: image = u'allBlank.png'
29.4115 	EXP 	blankImage: autoDraw = True
29.8741 	EXP 	New trial (rep=2, index=2): {'randomPaw': u'min3.png', 'allowableKey': ['2', '1', '3', '4'], 'correctKey': ['3'], 'blank': u'allBlank.png'}
29.9220 	EXP 	blankImage: autoDraw = False
29.9220 	EXP 	blankImage: autoDraw = False
29.9220 	EXP 	image: image = u'min3.png'
29.9220 	EXP 	image: autoDraw = True
30.1753 	DATA 	Keypress: 3
30.2228 	EXP 	image: autoDraw = False
30.2228 	EXP 	blankImage: image = u'allBlank.png'
30.2228 	EXP 	blankImage: autoDraw = True
30.6745 	EXP 	New trial (rep=2, index=3): {'randomPaw': u'min4.png', 'allowableKey': ['2', '1', '3', '4'], 'correctKey': ['4'], 'blank': u'allBlank.png'}
30.7229 	EXP 	blankImage: autoDraw = False
30.7229 	EXP 	blankImage: autoDraw = False
30.7229 	EXP 	image: image = u'min4.png'
30.7229 	EXP 	image: autoDraw = True
30.9763 	DATA 	Keypress: 4
31.0272 	EXP 	image: autoDraw = False
31.0272 	EXP 	blankImage: image = u'allBlank.png'
31.0272 	EXP 	blankImage: autoDraw = True
31.4914 	EXP 	New trial (rep=3, index=0): {'randomPaw': u'min2.png', 'allowableKey': ['2', '1', '3', '4'], 'correctKey': ['2'], 'blank': u'allBlank.png'}
31.5403 	EXP 	blankImage: autoDraw = False
31.5403 	EXP 	blankImage: autoDraw = False
31.5403 	EXP 	image: image = u'min2.png'
31.5403 	EXP 	image: autoDraw = True
31.8758 	DATA 	Keypress: 2
31.9240 	EXP 	image: autoDraw = False
31.9240 	EXP 	blankImage: image = u'allBlank.png'
31.9240 	EXP 	blankImage: autoDraw = True
32.3753 	EXP 	New trial (rep=3, index=1): {'randomPaw': u'min1.png', 'allowableKey': ['2', '1', '3', '4'], 'correctKey': ['1'], 'blank': u'allBlank.png'}
32.4233 	EXP 	blankImage: autoDraw = False
32.4233 	EXP 	blankImage: autoDraw = False
32.4233 	EXP 	image: image = u'min1.png'
32.4233 	EXP 	image: autoDraw = True
32.7270 	DATA 	Keypress: 1
32.7747 	EXP 	image: autoDraw = False
32.7747 	EXP 	blankImage: image = u'allBlank.png'
32.7747 	EXP 	blankImage: autoDraw = True
33.2248 	EXP 	New trial (rep=3, index=2): {'randomPaw': u'min3.png', 'allowableKey': ['2', '1', '3', '4'], 'correctKey': ['3'], 'blank': u'allBlank.png'}
33.2740 	EXP 	blankImage: autoDraw = False
33.2740 	EXP 	blankImage: autoDraw = False
33.2740 	EXP 	image: image = u'min3.png'
33.2740 	EXP 	image: autoDraw = True
33.5273 	DATA 	Keypress: 3
33.5749 	EXP 	image: autoDraw = False
33.5749 	EXP 	blankImage: image = u'allBlank.png'
33.5749 	EXP 	blankImage: autoDraw = True
34.0252 	EXP 	New trial (rep=3, index=3): {'randomPaw': u'min4.png', 'allowableKey': ['2', '1', '3', '4'], 'correctKey': ['4'], 'blank': u'allBlank.png'}
34.0752 	EXP 	blankImage: autoDraw = False
34.0752 	EXP 	blankImage: autoDraw = False
34.0752 	EXP 	image: image = u'min4.png'
34.0752 	EXP 	image: autoDraw = True
34.3939 	DATA 	Keypress: 4
34.4412 	EXP 	image: autoDraw = False
34.4412 	EXP 	blankImage: image = u'allBlank.png'
34.4412 	EXP 	blankImage: autoDraw = True
34.8932 	EXP 	New trial (rep=4, index=0): {'randomPaw': u'min1.png', 'allowableKey': ['2', '1', '3', '4'], 'correctKey': ['1'], 'blank': u'allBlank.png'}
34.9412 	EXP 	blankImage: autoDraw = False
34.9412 	EXP 	blankImage: autoDraw = False
34.9412 	EXP 	image: image = u'min1.png'
34.9412 	EXP 	image: autoDraw = True
35.3784 	DATA 	Keypress: 1
35.4254 	EXP 	image: autoDraw = False
35.4254 	EXP 	blankImage: image = u'allBlank.png'
35.4254 	EXP 	blankImage: autoDraw = True
35.8773 	EXP 	New trial (rep=4, index=1): {'randomPaw': u'min4.png', 'allowableKey': ['2', '1', '3', '4'], 'correctKey': ['4'], 'blank': u'allBlank.png'}
35.9252 	EXP 	blankImage: autoDraw = False
35.9252 	EXP 	blankImage: autoDraw = False
35.9252 	EXP 	image: image = u'min4.png'
35.9252 	EXP 	image: autoDraw = True
36.2789 	DATA 	Keypress: 4
36.3257 	EXP 	image: autoDraw = False
36.3257 	EXP 	blankImage: image = u'allBlank.png'
36.3257 	EXP 	blankImage: autoDraw = True
36.7779 	EXP 	New trial (rep=4, index=2): {'randomPaw': u'min2.png', 'allowableKey': ['2', '1', '3', '4'], 'correctKey': ['2'], 'blank': u'allBlank.png'}
36.8256 	EXP 	blankImage: autoDraw = False
36.8256 	EXP 	blankImage: autoDraw = False
36.8256 	EXP 	image: image = u'min2.png'
36.8256 	EXP 	image: autoDraw = True
37.1457 	DATA 	Keypress: 2
37.1925 	EXP 	image: autoDraw = False
37.1925 	EXP 	blankImage: image = u'allBlank.png'
37.1925 	EXP 	blankImage: autoDraw = True
37.6449 	EXP 	New trial (rep=4, index=3): {'randomPaw': u'min3.png', 'allowableKey': ['2', '1', '3', '4'], 'correctKey': ['3'], 'blank': u'allBlank.png'}
37.6931 	EXP 	blankImage: autoDraw = False
37.6931 	EXP 	blankImage: autoDraw = False
37.6931 	EXP 	image: image = u'min3.png'
37.6931 	EXP 	image: autoDraw = True
38.0462 	DATA 	Keypress: 3
38.0928 	EXP 	image: autoDraw = False
38.0928 	EXP 	blankImage: image = u'allBlank.png'
38.0928 	EXP 	blankImage: autoDraw = True
38.5451 	EXP 	New trial (rep=5, index=0): {'randomPaw': u'min4.png', 'allowableKey': ['2', '1', '3', '4'], 'correctKey': ['4'], 'blank': u'allBlank.png'}
38.5937 	EXP 	blankImage: autoDraw = False
38.5937 	EXP 	blankImage: autoDraw = False
38.5937 	EXP 	image: image = u'min4.png'
38.5937 	EXP 	image: autoDraw = True
38.9300 	DATA 	Keypress: 3
39.2468 	DATA 	Keypress: 4
39.2930 	EXP 	image: autoDraw = False
39.2930 	EXP 	blankImage: image = u'allBlank.png'
39.2930 	EXP 	blankImage: autoDraw = True
39.7453 	EXP 	New trial (rep=5, index=1): {'randomPaw': u'min1.png', 'allowableKey': ['2', '1', '3', '4'], 'correctKey': ['1'], 'blank': u'allBlank.png'}
39.7933 	EXP 	blankImage: autoDraw = False
39.7933 	EXP 	blankImage: autoDraw = False
39.7933 	EXP 	image: image = u'min1.png'
39.7933 	EXP 	image: autoDraw = True
40.1472 	DATA 	Keypress: 1
40.1928 	EXP 	image: autoDraw = False
40.1928 	EXP 	blankImage: image = u'allBlank.png'
40.1928 	EXP 	blankImage: autoDraw = True
40.6463 	EXP 	New trial (rep=5, index=2): {'randomPaw': u'min2.png', 'allowableKey': ['2', '1', '3', '4'], 'correctKey': ['2'], 'blank': u'allBlank.png'}
40.6924 	EXP 	blankImage: autoDraw = False
40.6924 	EXP 	blankImage: autoDraw = False
40.6924 	EXP 	image: image = u'min2.png'
40.6924 	EXP 	image: autoDraw = True
41.1644 	DATA 	Keypress: 2
41.2096 	EXP 	image: autoDraw = False
41.2096 	EXP 	blankImage: image = u'allBlank.png'
41.2096 	EXP 	blankImage: autoDraw = True
41.6635 	EXP 	New trial (rep=5, index=3): {'randomPaw': u'min3.png', 'allowableKey': ['2', '1', '3', '4'], 'correctKey': ['3'], 'blank': u'allBlank.png'}
41.7093 	EXP 	blankImage: autoDraw = False
41.7093 	EXP 	blankImage: autoDraw = False
41.7093 	EXP 	image: image = u'min3.png'
41.7093 	EXP 	image: autoDraw = True
42.0643 	DATA 	Keypress: 3
42.1085 	EXP 	image: autoDraw = False
42.1085 	EXP 	blankImage: image = u'allBlank.png'
42.1085 	EXP 	blankImage: autoDraw = True
42.5637 	EXP 	New trial (rep=6, index=0): {'randomPaw': u'min2.png', 'allowableKey': ['2', '1', '3', '4'], 'correctKey': ['2'], 'blank': u'allBlank.png'}
42.6091 	EXP 	blankImage: autoDraw = False
42.6091 	EXP 	blankImage: autoDraw = False
42.6091 	EXP 	image: image = u'min2.png'
42.6091 	EXP 	image: autoDraw = True
42.9823 	DATA 	Keypress: 2
43.0261 	EXP 	image: autoDraw = False
43.0261 	EXP 	blankImage: image = u'allBlank.png'
43.0261 	EXP 	blankImage: autoDraw = True
43.4813 	EXP 	New trial (rep=6, index=1): {'randomPaw': u'min1.png', 'allowableKey': ['2', '1', '3', '4'], 'correctKey': ['1'], 'blank': u'allBlank.png'}
43.5264 	EXP 	blankImage: autoDraw = False
43.5264 	EXP 	blankImage: autoDraw = False
43.5264 	EXP 	image: image = u'min1.png'
43.5264 	EXP 	image: autoDraw = True
43.9122 	DATA 	Keypress: 1
43.9489 	EXP 	image: autoDraw = False
43.9489 	EXP 	blankImage: image = u'allBlank.png'
43.9489 	EXP 	blankImage: autoDraw = True
44.4147 	EXP 	New trial (rep=6, index=2): {'randomPaw': u'min3.png', 'allowableKey': ['2', '1', '3', '4'], 'correctKey': ['3'], 'blank': u'allBlank.png'}
44.4598 	EXP 	blankImage: autoDraw = False
44.4598 	EXP 	image: image = u'min3.png'
44.4598 	EXP 	image: autoDraw = True
44.8119 	DATA 	Keypress: 4
45.1155 	DATA 	Keypress: 3
45.1596 	EXP 	image: autoDraw = False
45.1596 	EXP 	blankImage: image = u'allBlank.png'
45.1596 	EXP 	blankImage: autoDraw = True
45.6113 	EXP 	New trial (rep=6, index=3): {'randomPaw': u'min4.png', 'allowableKey': ['2', '1', '3', '4'], 'correctKey': ['4'], 'blank': u'allBlank.png'}
45.6493 	EXP 	blankImage: autoDraw = False
45.6493 	EXP 	blankImage: autoDraw = False
45.6493 	EXP 	image: image = u'min4.png'
45.6493 	EXP 	image: autoDraw = True
46.1003 	DATA 	Keypress: 4
46.1425 	EXP 	image: autoDraw = False
46.1425 	EXP 	blankImage: image = u'allBlank.png'
46.1425 	EXP 	blankImage: autoDraw = True
46.5999 	EXP 	New trial (rep=7, index=0): {'randomPaw': u'min1.png', 'allowableKey': ['2', '1', '3', '4'], 'correctKey': ['1'], 'blank': u'allBlank.png'}
46.6434 	EXP 	blankImage: autoDraw = False
46.6434 	EXP 	blankImage: autoDraw = False
46.6434 	EXP 	image: image = u'min1.png'
46.6434 	EXP 	image: autoDraw = True
47.1110 	DATA 	Keypress: 1
47.1504 	EXP 	image: autoDraw = False
47.1504 	EXP 	blankImage: image = u'allBlank.png'
47.1504 	EXP 	blankImage: autoDraw = True
47.6160 	EXP 	New trial (rep=7, index=1): {'randomPaw': u'min2.png', 'allowableKey': ['2', '1', '3', '4'], 'correctKey': ['2'], 'blank': u'allBlank.png'}
47.6592 	EXP 	blankImage: autoDraw = False
47.6592 	EXP 	image: image = u'min2.png'
47.6592 	EXP 	image: autoDraw = True
48.1340 	DATA 	Keypress: 2
48.1762 	EXP 	image: autoDraw = False
48.1762 	EXP 	blankImage: image = u'allBlank.png'
48.1762 	EXP 	blankImage: autoDraw = True
48.6282 	EXP 	New trial (rep=7, index=2): {'randomPaw': u'min3.png', 'allowableKey': ['2', '1', '3', '4'], 'correctKey': ['3'], 'blank': u'allBlank.png'}
48.6670 	EXP 	blankImage: autoDraw = False
48.6670 	EXP 	blankImage: autoDraw = False
48.6670 	EXP 	image: image = u'min3.png'
48.6670 	EXP 	image: autoDraw = True
49.1191 	DATA 	Keypress: 3
49.1677 	EXP 	image: autoDraw = False
49.1677 	EXP 	blankImage: image = u'allBlank.png'
49.1677 	EXP 	blankImage: autoDraw = True
49.6178 	EXP 	New trial (rep=7, index=3): {'randomPaw': u'min4.png', 'allowableKey': ['2', '1', '3', '4'], 'correctKey': ['4'], 'blank': u'allBlank.png'}
49.6664 	EXP 	blankImage: autoDraw = False
49.6664 	EXP 	blankImage: autoDraw = False
49.6664 	EXP 	image: image = u'min4.png'
49.6664 	EXP 	image: autoDraw = True
50.0181 	DATA 	Keypress: 4
50.0610 	EXP 	image: autoDraw = False
50.0610 	EXP 	blankImage: image = u'allBlank.png'
50.0610 	EXP 	blankImage: autoDraw = True
50.5181 	EXP 	New trial (rep=8, index=0): {'randomPaw': u'min2.png', 'allowableKey': ['2', '1', '3', '4'], 'correctKey': ['2'], 'blank': u'allBlank.png'}
50.5613 	EXP 	blankImage: autoDraw = False
50.5613 	EXP 	blankImage: autoDraw = False
50.5613 	EXP 	image: image = u'min2.png'
50.5613 	EXP 	image: autoDraw = True
50.9857 	DATA 	Keypress: 2
51.0291 	EXP 	image: autoDraw = False
51.0291 	EXP 	blankImage: image = u'allBlank.png'
51.0291 	EXP 	blankImage: autoDraw = True
51.4847 	EXP 	New trial (rep=8, index=1): {'randomPaw': u'min3.png', 'allowableKey': ['2', '1', '3', '4'], 'correctKey': ['3'], 'blank': u'allBlank.png'}
51.5259 	EXP 	blankImage: autoDraw = False
51.5259 	EXP 	blankImage: autoDraw = False
51.5259 	EXP 	image: image = u'min3.png'
51.5259 	EXP 	image: autoDraw = True
51.9364 	DATA 	Keypress: 3
51.9961 	EXP 	image: autoDraw = False
51.9961 	EXP 	blankImage: image = u'allBlank.png'
51.9961 	EXP 	blankImage: autoDraw = True
52.4519 	EXP 	New trial (rep=8, index=2): {'randomPaw': u'min1.png', 'allowableKey': ['2', '1', '3', '4'], 'correctKey': ['1'], 'blank': u'allBlank.png'}
52.5012 	EXP 	blankImage: autoDraw = False
52.5012 	EXP 	blankImage: autoDraw = False
52.5012 	EXP 	image: image = u'min1.png'
52.5012 	EXP 	image: autoDraw = True
52.8362 	DATA 	Keypress: 1
52.8844 	EXP 	image: autoDraw = False
52.8844 	EXP 	blankImage: image = u'allBlank.png'
52.8844 	EXP 	blankImage: autoDraw = True
53.3364 	EXP 	New trial (rep=8, index=3): {'randomPaw': u'min4.png', 'allowableKey': ['2', '1', '3', '4'], 'correctKey': ['4'], 'blank': u'allBlank.png'}
53.3772 	EXP 	blankImage: autoDraw = False
53.3772 	EXP 	blankImage: autoDraw = False
53.3772 	EXP 	image: image = u'min4.png'
53.3772 	EXP 	image: autoDraw = True
53.6542 	DATA 	Keypress: 4
53.6935 	EXP 	image: autoDraw = False
53.6935 	EXP 	blankImage: image = u'allBlank.png'
53.6935 	EXP 	blankImage: autoDraw = True
54.1522 	EXP 	New trial (rep=9, index=0): {'randomPaw': u'min2.png', 'allowableKey': ['2', '1', '3', '4'], 'correctKey': ['2'], 'blank': u'allBlank.png'}
54.1936 	EXP 	blankImage: autoDraw = False
54.1936 	EXP 	blankImage: autoDraw = False
54.1936 	EXP 	image: image = u'min2.png'
54.1936 	EXP 	image: autoDraw = True
54.5705 	DATA 	Keypress: 2
54.6108 	EXP 	image: autoDraw = False
54.6108 	EXP 	blankImage: image = u'allBlank.png'
54.6108 	EXP 	blankImage: autoDraw = True
55.0704 	EXP 	New trial (rep=9, index=1): {'randomPaw': u'min1.png', 'allowableKey': ['2', '1', '3', '4'], 'correctKey': ['1'], 'blank': u'allBlank.png'}
55.1098 	EXP 	blankImage: autoDraw = False
55.1098 	EXP 	blankImage: autoDraw = False
55.1098 	EXP 	image: image = u'min1.png'
55.1098 	EXP 	image: autoDraw = True
55.4720 	DATA 	Keypress: 1
55.5104 	EXP 	image: autoDraw = False
55.5104 	EXP 	blankImage: image = u'allBlank.png'
55.5104 	EXP 	blankImage: autoDraw = True
55.9709 	EXP 	New trial (rep=9, index=2): {'randomPaw': u'min3.png', 'allowableKey': ['2', '1', '3', '4'], 'correctKey': ['3'], 'blank': u'allBlank.png'}
56.0104 	EXP 	blankImage: autoDraw = False
56.0104 	EXP 	blankImage: autoDraw = False
56.0104 	EXP 	image: image = u'min3.png'
56.0104 	EXP 	image: autoDraw = True
56.2717 	DATA 	Keypress: 3
56.3100 	EXP 	image: autoDraw = False
56.3100 	EXP 	blankImage: image = u'allBlank.png'
56.3100 	EXP 	blankImage: autoDraw = True
56.7712 	EXP 	New trial (rep=9, index=3): {'randomPaw': u'min4.png', 'allowableKey': ['2', '1', '3', '4'], 'correctKey': ['4'], 'blank': u'allBlank.png'}
56.8118 	EXP 	blankImage: autoDraw = False
56.8118 	EXP 	blankImage: autoDraw = False
56.8118 	EXP 	image: image = u'min4.png'
56.8118 	EXP 	image: autoDraw = True
57.1888 	DATA 	Keypress: 4
57.2276 	EXP 	image: autoDraw = False
57.2276 	EXP 	blankImage: image = u'allBlank.png'
57.2276 	EXP 	blankImage: autoDraw = True
57.6883 	EXP 	New trial (rep=10, index=0): {'randomPaw': u'min2.png', 'allowableKey': ['2', '1', '3', '4'], 'correctKey': ['2'], 'blank': u'allBlank.png'}
57.7270 	EXP 	blankImage: autoDraw = False
57.7270 	EXP 	blankImage: autoDraw = False
57.7270 	EXP 	image: image = u'min2.png'
57.7270 	EXP 	image: autoDraw = True
58.0731 	DATA 	Keypress: 2
58.1204 	EXP 	image: autoDraw = False
58.1204 	EXP 	blankImage: image = u'allBlank.png'
58.1204 	EXP 	blankImage: autoDraw = True
58.5720 	EXP 	New trial (rep=10, index=1): {'randomPaw': u'min1.png', 'allowableKey': ['2', '1', '3', '4'], 'correctKey': ['1'], 'blank': u'allBlank.png'}
58.6209 	EXP 	blankImage: autoDraw = False
58.6209 	EXP 	blankImage: autoDraw = False
58.6209 	EXP 	image: image = u'min1.png'
58.6209 	EXP 	image: autoDraw = True
59.0233 	DATA 	Keypress: 1
59.0712 	EXP 	image: autoDraw = False
59.0712 	EXP 	blankImage: image = u'allBlank.png'
59.0712 	EXP 	blankImage: autoDraw = True
59.5226 	EXP 	New trial (rep=10, index=2): {'randomPaw': u'min3.png', 'allowableKey': ['2', '1', '3', '4'], 'correctKey': ['3'], 'blank': u'allBlank.png'}
59.5624 	EXP 	blankImage: autoDraw = False
59.5624 	EXP 	blankImage: autoDraw = False
59.5624 	EXP 	image: image = u'min3.png'
59.5624 	EXP 	image: autoDraw = True
59.8573 	DATA 	Keypress: 3
59.9215 	EXP 	image: autoDraw = False
59.9215 	EXP 	blankImage: image = u'allBlank.png'
59.9215 	EXP 	blankImage: autoDraw = True
60.3728 	EXP 	New trial (rep=10, index=3): {'randomPaw': u'min4.png', 'allowableKey': ['2', '1', '3', '4'], 'correctKey': ['4'], 'blank': u'allBlank.png'}
60.4220 	EXP 	blankImage: autoDraw = False
60.4220 	EXP 	blankImage: autoDraw = False
60.4220 	EXP 	image: image = u'min4.png'
60.4220 	EXP 	image: autoDraw = True
60.6741 	DATA 	Keypress: 2
60.9907 	DATA 	Keypress: 4
61.0386 	EXP 	image: autoDraw = False
61.0386 	EXP 	blankImage: image = u'allBlank.png'
61.0386 	EXP 	blankImage: autoDraw = True
61.4905 	EXP 	New trial (rep=11, index=0): {'randomPaw': u'min2.png', 'allowableKey': ['2', '1', '3', '4'], 'correctKey': ['2'], 'blank': u'allBlank.png'}
61.5288 	EXP 	blankImage: autoDraw = False
61.5288 	EXP 	blankImage: autoDraw = False
61.5288 	EXP 	image: image = u'min2.png'
61.5288 	EXP 	image: autoDraw = True
62.1237 	DATA 	Keypress: 2
62.1616 	EXP 	image: autoDraw = False
62.1616 	EXP 	blankImage: image = u'allBlank.png'
62.1616 	EXP 	blankImage: autoDraw = True
62.6243 	EXP 	New trial (rep=11, index=1): {'randomPaw': u'min1.png', 'allowableKey': ['2', '1', '3', '4'], 'correctKey': ['1'], 'blank': u'allBlank.png'}
62.6630 	EXP 	blankImage: autoDraw = False
62.6630 	EXP 	blankImage: autoDraw = False
62.6630 	EXP 	image: image = u'min1.png'
62.6630 	EXP 	image: autoDraw = True
63.0258 	DATA 	Keypress: 1
63.0628 	EXP 	image: autoDraw = False
63.0628 	EXP 	blankImage: image = u'allBlank.png'
63.0628 	EXP 	blankImage: autoDraw = True
63.5250 	EXP 	New trial (rep=11, index=2): {'randomPaw': u'min3.png', 'allowableKey': ['2', '1', '3', '4'], 'correctKey': ['3'], 'blank': u'allBlank.png'}
63.5632 	EXP 	blankImage: autoDraw = False
63.5632 	EXP 	blankImage: autoDraw = False
63.5632 	EXP 	image: image = u'min3.png'
63.5632 	EXP 	image: autoDraw = True
63.8597 	DATA 	Keypress: 3
63.9067 	EXP 	image: autoDraw = False
63.9067 	EXP 	blankImage: image = u'allBlank.png'
63.9067 	EXP 	blankImage: autoDraw = True
64.3589 	EXP 	New trial (rep=11, index=3): {'randomPaw': u'min4.png', 'allowableKey': ['2', '1', '3', '4'], 'correctKey': ['4'], 'blank': u'allBlank.png'}
64.4077 	EXP 	blankImage: autoDraw = False
64.4077 	EXP 	blankImage: autoDraw = False
64.4077 	EXP 	image: image = u'min4.png'
64.4077 	EXP 	image: autoDraw = True
64.7761 	DATA 	Keypress: 4
64.8124 	EXP 	image: autoDraw = False
64.8124 	EXP 	blankImage: image = u'allBlank.png'
64.8124 	EXP 	blankImage: autoDraw = True
65.2756 	EXP 	New trial (rep=12, index=0): {'randomPaw': u'min3.png', 'allowableKey': ['2', '1', '3', '4'], 'correctKey': ['3'], 'blank': u'allBlank.png'}
65.3241 	EXP 	blankImage: autoDraw = False
65.3241 	EXP 	blankImage: autoDraw = False
65.3241 	EXP 	image: image = u'min3.png'
65.3241 	EXP 	image: autoDraw = True
65.7608 	DATA 	Keypress: 3
65.8124 	EXP 	image: autoDraw = False
65.8124 	EXP 	blankImage: image = u'allBlank.png'
65.8124 	EXP 	blankImage: autoDraw = True
66.2764 	EXP 	New trial (rep=12, index=1): {'randomPaw': u'min1.png', 'allowableKey': ['2', '1', '3', '4'], 'correctKey': ['1'], 'blank': u'allBlank.png'}
66.3253 	EXP 	blankImage: autoDraw = False
66.3253 	EXP 	blankImage: autoDraw = False
66.3253 	EXP 	image: image = u'min1.png'
66.3253 	EXP 	image: autoDraw = True
66.6110 	DATA 	Keypress: 2
66.9271 	DATA 	Keypress: 1
66.9754 	EXP 	image: autoDraw = False
66.9754 	EXP 	blankImage: image = u'allBlank.png'
66.9754 	EXP 	blankImage: autoDraw = True
67.4273 	EXP 	New trial (rep=12, index=2): {'randomPaw': u'min4.png', 'allowableKey': ['2', '1', '3', '4'], 'correctKey': ['4'], 'blank': u'allBlank.png'}
67.4751 	EXP 	blankImage: autoDraw = False
67.4751 	EXP 	blankImage: autoDraw = False
67.4751 	EXP 	image: image = u'min4.png'
67.4751 	EXP 	image: autoDraw = True
67.9785 	DATA 	Keypress: 4
68.0258 	EXP 	image: autoDraw = False
68.0258 	EXP 	blankImage: image = u'allBlank.png'
68.0258 	EXP 	blankImage: autoDraw = True
68.4775 	EXP 	New trial (rep=12, index=3): {'randomPaw': u'min2.png', 'allowableKey': ['2', '1', '3', '4'], 'correctKey': ['2'], 'blank': u'allBlank.png'}
68.5265 	EXP 	blankImage: autoDraw = False
68.5265 	EXP 	blankImage: autoDraw = False
68.5265 	EXP 	image: image = u'min2.png'
68.5265 	EXP 	image: autoDraw = True
68.9623 	DATA 	Keypress: 2
69.0098 	EXP 	image: autoDraw = False
69.0098 	EXP 	blankImage: image = u'allBlank.png'
69.0098 	EXP 	blankImage: autoDraw = True
69.4617 	EXP 	New trial (rep=13, index=0): {'randomPaw': u'min2.png', 'allowableKey': ['2', '1', '3', '4'], 'correctKey': ['2'], 'blank': u'allBlank.png'}
69.5094 	EXP 	blankImage: autoDraw = False
69.5094 	EXP 	blankImage: autoDraw = False
69.5094 	EXP 	image: image = u'min2.png'
69.5094 	EXP 	image: autoDraw = True
70.0457 	DATA 	Keypress: 2
70.0938 	EXP 	image: autoDraw = False
70.0938 	EXP 	blankImage: image = u'allBlank.png'
70.0938 	EXP 	blankImage: autoDraw = True
70.5453 	EXP 	New trial (rep=13, index=1): {'randomPaw': u'min4.png', 'allowableKey': ['2', '1', '3', '4'], 'correctKey': ['4'], 'blank': u'allBlank.png'}
70.5933 	EXP 	blankImage: autoDraw = False
70.5933 	EXP 	blankImage: autoDraw = False
70.5933 	EXP 	image: image = u'min4.png'
70.5933 	EXP 	image: autoDraw = True
70.9303 	DATA 	Keypress: 4
70.9944 	EXP 	image: autoDraw = False
70.9944 	EXP 	blankImage: image = u'allBlank.png'
70.9944 	EXP 	blankImage: autoDraw = True
71.4451 	EXP 	New trial (rep=13, index=2): {'randomPaw': u'min3.png', 'allowableKey': ['2', '1', '3', '4'], 'correctKey': ['3'], 'blank': u'allBlank.png'}
71.4940 	EXP 	blankImage: autoDraw = False
71.4940 	EXP 	blankImage: autoDraw = False
71.4940 	EXP 	image: image = u'min3.png'
71.4940 	EXP 	image: autoDraw = True
71.8968 	DATA 	Keypress: 3
71.9441 	EXP 	image: autoDraw = False
71.9441 	EXP 	blankImage: image = u'allBlank.png'
71.9441 	EXP 	blankImage: autoDraw = True
72.3959 	EXP 	New trial (rep=13, index=3): {'randomPaw': u'min1.png', 'allowableKey': ['2', '1', '3', '4'], 'correctKey': ['1'], 'blank': u'allBlank.png'}
72.4445 	EXP 	blankImage: autoDraw = False
72.4445 	EXP 	blankImage: autoDraw = False
72.4445 	EXP 	image: image = u'min1.png'
72.4445 	EXP 	image: autoDraw = True
73.0648 	DATA 	Keypress: 1
73.1117 	EXP 	image: autoDraw = False
73.1117 	EXP 	blankImage: image = u'allBlank.png'
73.1117 	EXP 	blankImage: autoDraw = True
73.5636 	EXP 	New trial (rep=14, index=0): {'randomPaw': u'min4.png', 'allowableKey': ['2', '1', '3', '4'], 'correctKey': ['4'], 'blank': u'allBlank.png'}
73.6112 	EXP 	blankImage: autoDraw = False
73.6112 	EXP 	blankImage: autoDraw = False
73.6112 	EXP 	image: image = u'min4.png'
73.6112 	EXP 	image: autoDraw = True
73.9976 	DATA 	Keypress: 4
74.0447 	EXP 	image: autoDraw = False
74.0447 	EXP 	blankImage: image = u'allBlank.png'
74.0447 	EXP 	blankImage: autoDraw = True
74.4975 	EXP 	New trial (rep=14, index=1): {'randomPaw': u'min3.png', 'allowableKey': ['2', '1', '3', '4'], 'correctKey': ['3'], 'blank': u'allBlank.png'}
74.5452 	EXP 	blankImage: autoDraw = False
74.5452 	EXP 	blankImage: autoDraw = False
74.5452 	EXP 	image: image = u'min3.png'
74.5452 	EXP 	image: autoDraw = True
74.9818 	DATA 	Keypress: 3
75.0282 	EXP 	image: autoDraw = False
75.0282 	EXP 	blankImage: image = u'allBlank.png'
75.0282 	EXP 	blankImage: autoDraw = True
75.4811 	EXP 	New trial (rep=14, index=2): {'randomPaw': u'min1.png', 'allowableKey': ['2', '1', '3', '4'], 'correctKey': ['1'], 'blank': u'allBlank.png'}
75.5284 	EXP 	blankImage: autoDraw = False
75.5284 	EXP 	blankImage: autoDraw = False
75.5284 	EXP 	image: image = u'min1.png'
75.5284 	EXP 	image: autoDraw = True
75.9827 	DATA 	Keypress: 1
76.0280 	EXP 	image: autoDraw = False
76.0280 	EXP 	blankImage: image = u'allBlank.png'
76.0280 	EXP 	blankImage: autoDraw = True
76.4818 	EXP 	New trial (rep=14, index=3): {'randomPaw': u'min2.png', 'allowableKey': ['2', '1', '3', '4'], 'correctKey': ['2'], 'blank': u'allBlank.png'}
76.5279 	EXP 	blankImage: autoDraw = False
76.5279 	EXP 	blankImage: autoDraw = False
76.5279 	EXP 	image: image = u'min2.png'
76.5279 	EXP 	image: autoDraw = True
76.9333 	DATA 	Keypress: 3
77.3649 	DATA 	Keypress: 2
77.4109 	EXP 	image: autoDraw = False
77.4109 	EXP 	blankImage: image = u'allBlank.png'
77.4109 	EXP 	blankImage: autoDraw = True
77.8660 	EXP 	New trial (rep=15, index=0): {'randomPaw': u'min4.png', 'allowableKey': ['2', '1', '3', '4'], 'correctKey': ['4'], 'blank': u'allBlank.png'}
77.9116 	EXP 	blankImage: autoDraw = False
77.9116 	EXP 	blankImage: autoDraw = False
77.9116 	EXP 	image: image = u'min4.png'
77.9116 	EXP 	image: autoDraw = True
78.3469 	DATA 	Keypress: 4
78.3946 	EXP 	image: autoDraw = False
78.3946 	EXP 	blankImage: image = u'allBlank.png'
78.3946 	EXP 	blankImage: autoDraw = True
78.8492 	EXP 	New trial (rep=15, index=1): {'randomPaw': u'min1.png', 'allowableKey': ['2', '1', '3', '4'], 'correctKey': ['1'], 'blank': u'allBlank.png'}
78.8945 	EXP 	blankImage: autoDraw = False
78.8945 	EXP 	image: image = u'min1.png'
78.8945 	EXP 	image: autoDraw = True
79.4305 	DATA 	Keypress: 1
79.4783 	EXP 	image: autoDraw = False
79.4783 	EXP 	blankImage: image = u'allBlank.png'
79.4783 	EXP 	blankImage: autoDraw = True
79.9333 	EXP 	New trial (rep=15, index=2): {'randomPaw': u'min2.png', 'allowableKey': ['2', '1', '3', '4'], 'correctKey': ['2'], 'blank': u'allBlank.png'}
79.9775 	EXP 	blankImage: autoDraw = False
79.9775 	EXP 	image: image = u'min2.png'
79.9775 	EXP 	image: autoDraw = True
80.4304 	DATA 	Keypress: 2
80.4777 	EXP 	image: autoDraw = False
80.4777 	EXP 	blankImage: image = u'allBlank.png'
80.4777 	EXP 	blankImage: autoDraw = True
80.9296 	EXP 	New trial (rep=15, index=3): {'randomPaw': u'min3.png', 'allowableKey': ['2', '1', '3', '4'], 'correctKey': ['3'], 'blank': u'allBlank.png'}
80.9682 	EXP 	blankImage: autoDraw = False
80.9682 	EXP 	blankImage: autoDraw = False
80.9682 	EXP 	image: image = u'min3.png'
80.9682 	EXP 	image: autoDraw = True
81.3688 	DATA 	Keypress: 3
81.4110 	EXP 	image: autoDraw = False
81.4110 	EXP 	blankImage: image = u'allBlank.png'
81.4110 	EXP 	blankImage: autoDraw = True
81.8621 	EXP 	New trial (rep=16, index=0): {'randomPaw': u'min2.png', 'allowableKey': ['2', '1', '3', '4'], 'correctKey': ['2'], 'blank': u'allBlank.png'}
81.9007 	EXP 	blankImage: autoDraw = False
81.9007 	EXP 	blankImage: autoDraw = False
81.9007 	EXP 	image: image = u'min2.png'
81.9007 	EXP 	image: autoDraw = True
82.4194 	DATA 	Keypress: 2
82.4779 	EXP 	image: autoDraw = False
82.4779 	EXP 	blankImage: image = u'allBlank.png'
82.4779 	EXP 	blankImage: autoDraw = True
82.9297 	EXP 	New trial (rep=16, index=1): {'randomPaw': u'min1.png', 'allowableKey': ['2', '1', '3', '4'], 'correctKey': ['1'], 'blank': u'allBlank.png'}
82.9678 	EXP 	blankImage: autoDraw = False
82.9678 	EXP 	blankImage: autoDraw = False
82.9678 	EXP 	image: image = u'min1.png'
82.9678 	EXP 	image: autoDraw = True
83.3532 	DATA 	Keypress: 1
83.3946 	EXP 	image: autoDraw = False
83.3946 	EXP 	blankImage: image = u'allBlank.png'
83.3946 	EXP 	blankImage: autoDraw = True
83.8525 	EXP 	New trial (rep=16, index=2): {'randomPaw': u'min3.png', 'allowableKey': ['2', '1', '3', '4'], 'correctKey': ['3'], 'blank': u'allBlank.png'}
83.8953 	EXP 	blankImage: autoDraw = False
83.8953 	EXP 	blankImage: autoDraw = False
83.8953 	EXP 	image: image = u'min3.png'
83.8953 	EXP 	image: autoDraw = True
84.4034 	DATA 	Keypress: 3
84.4453 	EXP 	image: autoDraw = False
84.4453 	EXP 	blankImage: image = u'allBlank.png'
84.4453 	EXP 	blankImage: autoDraw = True
84.9029 	EXP 	New trial (rep=16, index=3): {'randomPaw': u'min4.png', 'allowableKey': ['2', '1', '3', '4'], 'correctKey': ['4'], 'blank': u'allBlank.png'}
84.9444 	EXP 	blankImage: autoDraw = False
84.9444 	EXP 	blankImage: autoDraw = False
84.9444 	EXP 	image: image = u'min4.png'
84.9444 	EXP 	image: autoDraw = True
85.3547 	DATA 	Keypress: 4
85.4120 	EXP 	image: autoDraw = False
85.4120 	EXP 	blankImage: image = u'allBlank.png'
85.4120 	EXP 	blankImage: autoDraw = True
85.8699 	EXP 	New trial (rep=17, index=0): {'randomPaw': u'min1.png', 'allowableKey': ['2', '1', '3', '4'], 'correctKey': ['1'], 'blank': u'allBlank.png'}
85.9111 	EXP 	blankImage: autoDraw = False
85.9111 	EXP 	blankImage: autoDraw = False
85.9111 	EXP 	image: image = u'min1.png'
85.9111 	EXP 	image: autoDraw = True
86.3386 	DATA 	Keypress: 1
86.3948 	EXP 	image: autoDraw = False
86.3948 	EXP 	blankImage: image = u'allBlank.png'
86.3948 	EXP 	blankImage: autoDraw = True
86.8540 	EXP 	New trial (rep=17, index=1): {'randomPaw': u'min3.png', 'allowableKey': ['2', '1', '3', '4'], 'correctKey': ['3'], 'blank': u'allBlank.png'}
86.8941 	EXP 	blankImage: autoDraw = False
86.8941 	EXP 	blankImage: autoDraw = False
86.8941 	EXP 	image: image = u'min3.png'
86.8941 	EXP 	image: autoDraw = True
87.2374 	DATA 	Keypress: 4
87.3390 	DATA 	Keypress: 3
87.3959 	EXP 	image: autoDraw = False
87.3959 	EXP 	blankImage: image = u'allBlank.png'
87.3959 	EXP 	blankImage: autoDraw = True
87.8543 	EXP 	New trial (rep=17, index=2): {'randomPaw': u'min2.png', 'allowableKey': ['2', '1', '3', '4'], 'correctKey': ['2'], 'blank': u'allBlank.png'}
87.8958 	EXP 	blankImage: autoDraw = False
87.8958 	EXP 	blankImage: autoDraw = False
87.8958 	EXP 	image: image = u'min2.png'
87.8958 	EXP 	image: autoDraw = True
88.2892 	DATA 	Keypress: 2
88.3293 	EXP 	image: autoDraw = False
88.3293 	EXP 	blankImage: image = u'allBlank.png'
88.3293 	EXP 	blankImage: autoDraw = True
88.7881 	EXP 	New trial (rep=17, index=3): {'randomPaw': u'min4.png', 'allowableKey': ['2', '1', '3', '4'], 'correctKey': ['4'], 'blank': u'allBlank.png'}
88.8285 	EXP 	blankImage: autoDraw = False
88.8285 	EXP 	blankImage: autoDraw = False
88.8285 	EXP 	image: image = u'min4.png'
88.8285 	EXP 	image: autoDraw = True
89.2060 	DATA 	Keypress: 4
89.2450 	EXP 	image: autoDraw = False
89.2450 	EXP 	blankImage: image = u'allBlank.png'
89.2450 	EXP 	blankImage: autoDraw = True
89.7055 	EXP 	New trial (rep=18, index=0): {'randomPaw': u'min1.png', 'allowableKey': ['2', '1', '3', '4'], 'correctKey': ['1'], 'blank': u'allBlank.png'}
89.7451 	EXP 	blankImage: autoDraw = False
89.7451 	EXP 	blankImage: autoDraw = False
89.7451 	EXP 	image: image = u'min1.png'
89.7451 	EXP 	image: autoDraw = True
90.1066 	DATA 	Keypress: 1
90.1458 	EXP 	image: autoDraw = False
90.1458 	EXP 	blankImage: image = u'allBlank.png'
90.1458 	EXP 	blankImage: autoDraw = True
90.6059 	EXP 	New trial (rep=18, index=1): {'randomPaw': u'min3.png', 'allowableKey': ['2', '1', '3', '4'], 'correctKey': ['3'], 'blank': u'allBlank.png'}
90.6453 	EXP 	blankImage: autoDraw = False
90.6453 	EXP 	blankImage: autoDraw = False
90.6453 	EXP 	image: image = u'min3.png'
90.6453 	EXP 	image: autoDraw = True
90.9073 	DATA 	Keypress: 3
90.9460 	EXP 	image: autoDraw = False
90.9460 	EXP 	blankImage: image = u'allBlank.png'
90.9460 	EXP 	blankImage: autoDraw = True
91.4063 	EXP 	New trial (rep=18, index=2): {'randomPaw': u'min4.png', 'allowableKey': ['2', '1', '3', '4'], 'correctKey': ['4'], 'blank': u'allBlank.png'}
91.4455 	EXP 	blankImage: autoDraw = False
91.4455 	EXP 	blankImage: autoDraw = False
91.4455 	EXP 	image: image = u'min4.png'
91.4455 	EXP 	image: autoDraw = True
91.8409 	DATA 	Keypress: 4
91.8789 	EXP 	image: autoDraw = False
91.8789 	EXP 	blankImage: image = u'allBlank.png'
91.8789 	EXP 	blankImage: autoDraw = True
92.3400 	EXP 	New trial (rep=18, index=3): {'randomPaw': u'min2.png', 'allowableKey': ['2', '1', '3', '4'], 'correctKey': ['2'], 'blank': u'allBlank.png'}
92.3788 	EXP 	blankImage: autoDraw = False
92.3788 	EXP 	blankImage: autoDraw = False
92.3788 	EXP 	image: image = u'min2.png'
92.3788 	EXP 	image: autoDraw = True
92.6414 	DATA 	Keypress: 2
92.6786 	EXP 	image: autoDraw = False
92.6786 	EXP 	blankImage: image = u'allBlank.png'
92.6786 	EXP 	blankImage: autoDraw = True
93.1406 	EXP 	New trial (rep=19, index=0): {'randomPaw': u'min1.png', 'allowableKey': ['2', '1', '3', '4'], 'correctKey': ['1'], 'blank': u'allBlank.png'}
93.1895 	EXP 	blankImage: autoDraw = False
93.1895 	EXP 	blankImage: autoDraw = False
93.1895 	EXP 	image: image = u'min1.png'
93.1895 	EXP 	image: autoDraw = True
93.5082 	DATA 	Keypress: 1
93.5452 	EXP 	image: autoDraw = False
93.5452 	EXP 	blankImage: image = u'allBlank.png'
93.5452 	EXP 	blankImage: autoDraw = True
94.0076 	EXP 	New trial (rep=19, index=1): {'randomPaw': u'min4.png', 'allowableKey': ['2', '1', '3', '4'], 'correctKey': ['4'], 'blank': u'allBlank.png'}
94.0464 	EXP 	blankImage: autoDraw = False
94.0464 	EXP 	blankImage: autoDraw = False
94.0464 	EXP 	image: image = u'min4.png'
94.0464 	EXP 	image: autoDraw = True
94.4429 	DATA 	Keypress: 4
94.4948 	EXP 	image: autoDraw = False
94.4948 	EXP 	blankImage: image = u'allBlank.png'
94.4948 	EXP 	blankImage: autoDraw = True
94.9579 	EXP 	New trial (rep=19, index=2): {'randomPaw': u'min3.png', 'allowableKey': ['2', '1', '3', '4'], 'correctKey': ['3'], 'blank': u'allBlank.png'}
94.9965 	EXP 	blankImage: autoDraw = False
94.9965 	EXP 	blankImage: autoDraw = False
94.9965 	EXP 	image: image = u'min3.png'
94.9965 	EXP 	image: autoDraw = True
95.3923 	DATA 	Keypress: 3
95.4298 	EXP 	image: autoDraw = False
95.4298 	EXP 	blankImage: image = u'allBlank.png'
95.4298 	EXP 	blankImage: autoDraw = True
95.8917 	EXP 	New trial (rep=19, index=3): {'randomPaw': u'min2.png', 'allowableKey': ['2', '1', '3', '4'], 'correctKey': ['2'], 'blank': u'allBlank.png'}
95.9308 	EXP 	blankImage: autoDraw = False
95.9308 	EXP 	blankImage: autoDraw = False
95.9308 	EXP 	image: image = u'min2.png'
95.9308 	EXP 	image: autoDraw = True
96.2267 	DATA 	Keypress: 2
96.2637 	EXP 	image: autoDraw = False
96.2637 	EXP 	blankImage: image = u'allBlank.png'
96.2637 	EXP 	blankImage: autoDraw = True
96.7256 	EXP 	New trial (rep=20, index=0): {'randomPaw': u'min2.png', 'allowableKey': ['2', '1', '3', '4'], 'correctKey': ['2'], 'blank': u'allBlank.png'}
96.7643 	EXP 	blankImage: autoDraw = False
96.7643 	EXP 	blankImage: autoDraw = False
96.7643 	EXP 	image: image = u'min2.png'
96.7643 	EXP 	image: autoDraw = True
97.2097 	DATA 	Keypress: 2
97.2468 	EXP 	image: autoDraw = False
97.2468 	EXP 	blankImage: image = u'allBlank.png'
97.2468 	EXP 	blankImage: autoDraw = True
97.7094 	EXP 	New trial (rep=20, index=1): {'randomPaw': u'min1.png', 'allowableKey': ['2', '1', '3', '4'], 'correctKey': ['1'], 'blank': u'allBlank.png'}
97.7481 	EXP 	blankImage: autoDraw = False
97.7481 	EXP 	blankImage: autoDraw = False
97.7481 	EXP 	image: image = u'min1.png'
97.7481 	EXP 	image: autoDraw = True
98.1271 	DATA 	Keypress: 1
98.1639 	EXP 	image: autoDraw = False
98.1639 	EXP 	blankImage: image = u'allBlank.png'
98.1639 	EXP 	blankImage: autoDraw = True
98.6270 	EXP 	New trial (rep=20, index=2): {'randomPaw': u'min3.png', 'allowableKey': ['2', '1', '3', '4'], 'correctKey': ['3'], 'blank': u'allBlank.png'}
98.6747 	EXP 	blankImage: autoDraw = False
98.6747 	EXP 	blankImage: autoDraw = False
98.6747 	EXP 	image: image = u'min3.png'
98.6747 	EXP 	image: autoDraw = True
99.0444 	DATA 	Keypress: 3
99.0806 	EXP 	image: autoDraw = False
99.0806 	EXP 	blankImage: image = u'allBlank.png'
99.0806 	EXP 	blankImage: autoDraw = True
99.5437 	EXP 	New trial (rep=20, index=3): {'randomPaw': u'min4.png', 'allowableKey': ['2', '1', '3', '4'], 'correctKey': ['4'], 'blank': u'allBlank.png'}
99.5918 	EXP 	blankImage: autoDraw = False
99.5918 	EXP 	blankImage: autoDraw = False
99.5918 	EXP 	image: image = u'min4.png'
99.5918 	EXP 	image: autoDraw = True
100.0620 	DATA 	Keypress: 4
100.1087 	EXP 	image: autoDraw = False
100.1087 	EXP 	blankImage: image = u'allBlank.png'
100.1087 	EXP 	blankImage: autoDraw = True
100.5608 	EXP 	New trial (rep=21, index=0): {'randomPaw': u'min1.png', 'allowableKey': ['2', '1', '3', '4'], 'correctKey': ['1'], 'blank': u'allBlank.png'}
100.6091 	EXP 	blankImage: autoDraw = False
100.6091 	EXP 	blankImage: autoDraw = False
100.6091 	EXP 	image: image = u'min1.png'
100.6091 	EXP 	image: autoDraw = True
101.1128 	DATA 	Keypress: 1
101.1592 	EXP 	image: autoDraw = False
101.1592 	EXP 	blankImage: image = u'allBlank.png'
101.1592 	EXP 	blankImage: autoDraw = True
101.6115 	EXP 	New trial (rep=21, index=1): {'randomPaw': u'min3.png', 'allowableKey': ['2', '1', '3', '4'], 'correctKey': ['3'], 'blank': u'allBlank.png'}
101.6597 	EXP 	blankImage: autoDraw = False
101.6597 	EXP 	blankImage: autoDraw = False
101.6597 	EXP 	image: image = u'min3.png'
101.6597 	EXP 	image: autoDraw = True
101.9635 	DATA 	Keypress: 3
102.0146 	EXP 	image: autoDraw = False
102.0146 	EXP 	blankImage: image = u'allBlank.png'
102.0146 	EXP 	blankImage: autoDraw = True
102.4786 	EXP 	New trial (rep=21, index=2): {'randomPaw': u'min2.png', 'allowableKey': ['2', '1', '3', '4'], 'correctKey': ['2'], 'blank': u'allBlank.png'}
102.5275 	EXP 	blankImage: autoDraw = False
102.5275 	EXP 	blankImage: autoDraw = False
102.5275 	EXP 	image: image = u'min2.png'
102.5275 	EXP 	image: autoDraw = True
102.8134 	DATA 	Keypress: 2
102.8610 	EXP 	image: autoDraw = False
102.8610 	EXP 	blankImage: image = u'allBlank.png'
102.8610 	EXP 	blankImage: autoDraw = True
103.3127 	EXP 	New trial (rep=21, index=3): {'randomPaw': u'min4.png', 'allowableKey': ['2', '1', '3', '4'], 'correctKey': ['4'], 'blank': u'allBlank.png'}
103.3610 	EXP 	blankImage: autoDraw = False
103.3610 	EXP 	blankImage: autoDraw = False
103.3610 	EXP 	image: image = u'min4.png'
103.3610 	EXP 	image: autoDraw = True
103.6136 	DATA 	Keypress: 4
103.6618 	EXP 	image: autoDraw = False
103.6618 	EXP 	blankImage: image = u'allBlank.png'
103.6618 	EXP 	blankImage: autoDraw = True
104.1130 	EXP 	New trial (rep=22, index=0): {'randomPaw': u'min4.png', 'allowableKey': ['2', '1', '3', '4'], 'correctKey': ['4'], 'blank': u'allBlank.png'}
104.1612 	EXP 	blankImage: autoDraw = False
104.1612 	EXP 	blankImage: autoDraw = False
104.1612 	EXP 	image: image = u'min4.png'
104.1612 	EXP 	image: autoDraw = True
104.5809 	DATA 	Keypress: 4
104.6282 	EXP 	image: autoDraw = False
104.6282 	EXP 	blankImage: image = u'allBlank.png'
104.6282 	EXP 	blankImage: autoDraw = True
105.0800 	EXP 	New trial (rep=22, index=1): {'randomPaw': u'min1.png', 'allowableKey': ['2', '1', '3', '4'], 'correctKey': ['1'], 'blank': u'allBlank.png'}
105.1283 	EXP 	blankImage: autoDraw = False
105.1283 	EXP 	blankImage: autoDraw = False
105.1283 	EXP 	image: image = u'min1.png'
105.1283 	EXP 	image: autoDraw = True
105.5141 	DATA 	Keypress: 1
105.5622 	EXP 	image: autoDraw = False
105.5622 	EXP 	blankImage: image = u'allBlank.png'
105.5622 	EXP 	blankImage: autoDraw = True
106.0141 	EXP 	New trial (rep=22, index=2): {'randomPaw': u'min2.png', 'allowableKey': ['2', '1', '3', '4'], 'correctKey': ['2'], 'blank': u'allBlank.png'}
106.0623 	EXP 	blankImage: autoDraw = False
106.0623 	EXP 	blankImage: autoDraw = False
106.0623 	EXP 	image: image = u'min2.png'
106.0623 	EXP 	image: autoDraw = True
106.4984 	DATA 	Keypress: 2
106.5457 	EXP 	image: autoDraw = False
106.5457 	EXP 	blankImage: image = u'allBlank.png'
106.5457 	EXP 	blankImage: autoDraw = True
106.9972 	EXP 	New trial (rep=22, index=3): {'randomPaw': u'min3.png', 'allowableKey': ['2', '1', '3', '4'], 'correctKey': ['3'], 'blank': u'allBlank.png'}
107.0459 	EXP 	blankImage: autoDraw = False
107.0459 	EXP 	blankImage: autoDraw = False
107.0459 	EXP 	image: image = u'min3.png'
107.0459 	EXP 	image: autoDraw = True
107.4159 	DATA 	Keypress: 3
107.4630 	EXP 	image: autoDraw = False
107.4630 	EXP 	blankImage: image = u'allBlank.png'
107.4630 	EXP 	blankImage: autoDraw = True
107.9148 	EXP 	New trial (rep=23, index=0): {'randomPaw': u'min3.png', 'allowableKey': ['2', '1', '3', '4'], 'correctKey': ['3'], 'blank': u'allBlank.png'}
107.9629 	EXP 	blankImage: autoDraw = False
107.9629 	EXP 	blankImage: autoDraw = False
107.9629 	EXP 	image: image = u'min3.png'
107.9629 	EXP 	image: autoDraw = True
108.4675 	DATA 	Keypress: 3
108.5297 	EXP 	image: autoDraw = False
108.5297 	EXP 	blankImage: image = u'allBlank.png'
108.5297 	EXP 	blankImage: autoDraw = True
108.9821 	EXP 	New trial (rep=23, index=1): {'randomPaw': u'min2.png', 'allowableKey': ['2', '1', '3', '4'], 'correctKey': ['2'], 'blank': u'allBlank.png'}
109.0294 	EXP 	blankImage: autoDraw = False
109.0294 	EXP 	blankImage: autoDraw = False
109.0294 	EXP 	image: image = u'min2.png'
109.0294 	EXP 	image: autoDraw = True
109.3500 	DATA 	Keypress: 2
109.3965 	EXP 	image: autoDraw = False
109.3965 	EXP 	blankImage: image = u'allBlank.png'
109.3965 	EXP 	blankImage: autoDraw = True
109.8492 	EXP 	New trial (rep=23, index=2): {'randomPaw': u'min1.png', 'allowableKey': ['2', '1', '3', '4'], 'correctKey': ['1'], 'blank': u'allBlank.png'}
109.8967 	EXP 	blankImage: autoDraw = False
109.8967 	EXP 	blankImage: autoDraw = False
109.8967 	EXP 	image: image = u'min1.png'
109.8967 	EXP 	image: autoDraw = True
110.2506 	DATA 	Keypress: 1
110.2965 	EXP 	image: autoDraw = False
110.2965 	EXP 	blankImage: image = u'allBlank.png'
110.2965 	EXP 	blankImage: autoDraw = True
110.7498 	EXP 	New trial (rep=23, index=3): {'randomPaw': u'min4.png', 'allowableKey': ['2', '1', '3', '4'], 'correctKey': ['4'], 'blank': u'allBlank.png'}
110.7960 	EXP 	blankImage: autoDraw = False
110.7960 	EXP 	blankImage: autoDraw = False
110.7960 	EXP 	image: image = u'min4.png'
110.7960 	EXP 	image: autoDraw = True
111.2013 	DATA 	Keypress: 4
111.2466 	EXP 	image: autoDraw = False
111.2466 	EXP 	blankImage: image = u'allBlank.png'
111.2466 	EXP 	blankImage: autoDraw = True
111.6999 	EXP 	New trial (rep=24, index=0): {'randomPaw': u'min2.png', 'allowableKey': ['2', '1', '3', '4'], 'correctKey': ['2'], 'blank': u'allBlank.png'}
111.7461 	EXP 	blankImage: autoDraw = False
111.7461 	EXP 	blankImage: autoDraw = False
111.7461 	EXP 	image: image = u'min2.png'
111.7461 	EXP 	image: autoDraw = True
112.1017 	DATA 	Keypress: 2
112.1460 	EXP 	image: autoDraw = False
112.1460 	EXP 	blankImage: image = u'allBlank.png'
112.1460 	EXP 	blankImage: autoDraw = True
112.6002 	EXP 	New trial (rep=24, index=1): {'randomPaw': u'min4.png', 'allowableKey': ['2', '1', '3', '4'], 'correctKey': ['4'], 'blank': u'allBlank.png'}
112.6462 	EXP 	blankImage: autoDraw = False
112.6462 	EXP 	blankImage: autoDraw = False
112.6462 	EXP 	image: image = u'min4.png'
112.6462 	EXP 	image: autoDraw = True
113.0355 	DATA 	Keypress: 4
113.0796 	EXP 	image: autoDraw = False
113.0796 	EXP 	blankImage: image = u'allBlank.png'
113.0796 	EXP 	blankImage: autoDraw = True
113.5344 	EXP 	New trial (rep=24, index=2): {'randomPaw': u'min3.png', 'allowableKey': ['2', '1', '3', '4'], 'correctKey': ['3'], 'blank': u'allBlank.png'}
113.5797 	EXP 	blankImage: autoDraw = False
113.5797 	EXP 	blankImage: autoDraw = False
113.5797 	EXP 	image: image = u'min3.png'
113.5797 	EXP 	image: autoDraw = True
113.8818 	DATA 	Keypress: 3
113.9185 	EXP 	image: autoDraw = False
113.9185 	EXP 	blankImage: image = u'allBlank.png'
113.9185 	EXP 	blankImage: autoDraw = True
114.3846 	EXP 	New trial (rep=24, index=3): {'randomPaw': u'min1.png', 'allowableKey': ['2', '1', '3', '4'], 'correctKey': ['1'], 'blank': u'allBlank.png'}
114.4301 	EXP 	blankImage: autoDraw = False
114.4301 	EXP 	image: image = u'min1.png'
114.4301 	EXP 	image: autoDraw = True
114.8317 	DATA 	Keypress: 1
114.8678 	EXP 	image: autoDraw = False
114.8678 	EXP 	blankImage: image = u'allBlank.png'
114.8678 	EXP 	blankImage: autoDraw = True
115.3357 	EXP 	window1: blendMode = 'avg'
115.3505 	EXP 	blankImage: autoDraw = False
115.3505 	EXP 	text_7: autoDraw = True
115.3517 	EXP 	window1: blendMode = 'avg'
115.3686 	EXP 	window1: blendMode = 'avg'
115.3853 	EXP 	window1: blendMode = 'avg'
115.4019 	EXP 	window1: blendMode = 'avg'
115.4190 	EXP 	window1: blendMode = 'avg'
115.4353 	EXP 	window1: blendMode = 'avg'
115.4521 	EXP 	window1: blendMode = 'avg'
115.4687 	EXP 	window1: blendMode = 'avg'
115.4855 	EXP 	window1: blendMode = 'avg'
115.5021 	EXP 	window1: blendMode = 'avg'
115.5186 	EXP 	window1: blendMode = 'avg'
115.5353 	EXP 	window1: blendMode = 'avg'
115.5523 	EXP 	window1: blendMode = 'avg'
115.5689 	EXP 	window1: blendMode = 'avg'
115.5855 	EXP 	window1: blendMode = 'avg'
115.6020 	EXP 	window1: blendMode = 'avg'
115.6189 	EXP 	window1: blendMode = 'avg'
115.6355 	EXP 	window1: blendMode = 'avg'
115.6522 	EXP 	window1: blendMode = 'avg'
115.6688 	EXP 	window1: blendMode = 'avg'
115.6854 	EXP 	window1: blendMode = 'avg'
115.7021 	EXP 	window1: blendMode = 'avg'
115.7189 	EXP 	window1: blendMode = 'avg'
115.7355 	EXP 	window1: blendMode = 'avg'
115.7523 	EXP 	window1: blendMode = 'avg'
115.7682 	EXP 	window1: blendMode = 'avg'
115.7853 	EXP 	window1: blendMode = 'avg'
115.8025 	EXP 	window1: blendMode = 'avg'
115.8188 	EXP 	window1: blendMode = 'avg'
115.8355 	EXP 	window1: blendMode = 'avg'
115.8522 	EXP 	window1: blendMode = 'avg'
115.8690 	EXP 	window1: blendMode = 'avg'
115.8855 	EXP 	window1: blendMode = 'avg'
115.9023 	EXP 	window1: blendMode = 'avg'
115.9189 	EXP 	window1: blendMode = 'avg'
115.9355 	EXP 	window1: blendMode = 'avg'
115.9524 	EXP 	window1: blendMode = 'avg'
115.9689 	EXP 	window1: blendMode = 'avg'
115.9855 	EXP 	window1: blendMode = 'avg'
116.0024 	EXP 	window1: blendMode = 'avg'
116.0196 	EXP 	window1: blendMode = 'avg'
116.0355 	EXP 	window1: blendMode = 'avg'
116.0525 	EXP 	window1: blendMode = 'avg'
116.0690 	EXP 	window1: blendMode = 'avg'
116.0855 	EXP 	window1: blendMode = 'avg'
116.1022 	EXP 	window1: blendMode = 'avg'
116.1191 	EXP 	window1: blendMode = 'avg'
116.1357 	EXP 	window1: blendMode = 'avg'
116.1525 	EXP 	window1: blendMode = 'avg'
116.1691 	EXP 	window1: blendMode = 'avg'
116.1855 	EXP 	window1: blendMode = 'avg'
116.2025 	EXP 	window1: blendMode = 'avg'
116.2191 	EXP 	window1: blendMode = 'avg'
116.2356 	EXP 	window1: blendMode = 'avg'
116.2525 	EXP 	window1: blendMode = 'avg'
116.2691 	EXP 	window1: blendMode = 'avg'
116.2853 	EXP 	window1: blendMode = 'avg'
116.3025 	EXP 	window1: blendMode = 'avg'
116.3191 	EXP 	window1: blendMode = 'avg'
116.3356 	EXP 	window1: blendMode = 'avg'
116.3525 	EXP 	window1: blendMode = 'avg'
116.3692 	EXP 	window1: blendMode = 'avg'
116.3857 	EXP 	window1: blendMode = 'avg'
116.4025 	EXP 	window1: blendMode = 'avg'
116.4191 	EXP 	window1: blendMode = 'avg'
116.4357 	EXP 	window1: blendMode = 'avg'
116.4529 	EXP 	window1: blendMode = 'avg'
116.4692 	EXP 	window1: blendMode = 'avg'
116.4858 	EXP 	window1: blendMode = 'avg'
116.5026 	EXP 	window1: blendMode = 'avg'
116.5195 	EXP 	window1: blendMode = 'avg'
116.5358 	EXP 	window1: blendMode = 'avg'
116.5529 	EXP 	window1: blendMode = 'avg'
116.5694 	EXP 	window1: blendMode = 'avg'
116.5861 	EXP 	window1: blendMode = 'avg'
116.6026 	EXP 	window1: blendMode = 'avg'
116.6193 	EXP 	window1: blendMode = 'avg'
116.6360 	EXP 	window1: blendMode = 'avg'
116.6527 	EXP 	window1: blendMode = 'avg'
116.6694 	EXP 	window1: blendMode = 'avg'
116.6875 	DATA 	Keypress: space
116.6885 	EXP 	window1: blendMode = 'avg'
116.7015 	EXP 	text_7: autoDraw = False
116.7015 	EXP 	text_5: autoDraw = True
116.7025 	EXP 	window1: blendMode = 'avg'
116.7193 	EXP 	window1: blendMode = 'avg'
116.7357 	EXP 	window1: blendMode = 'avg'
116.7526 	EXP 	window1: blendMode = 'avg'
116.7694 	EXP 	window1: blendMode = 'avg'
116.7858 	EXP 	window1: blendMode = 'avg'
116.8027 	EXP 	window1: blendMode = 'avg'
116.8187 	EXP 	window1: blendMode = 'avg'
116.8358 	EXP 	window1: blendMode = 'avg'
116.8526 	EXP 	window1: blendMode = 'avg'
116.8697 	EXP 	window1: blendMode = 'avg'
116.8859 	EXP 	window1: blendMode = 'avg'
116.9025 	EXP 	window1: blendMode = 'avg'
116.9193 	EXP 	window1: blendMode = 'avg'
116.9361 	EXP 	window1: blendMode = 'avg'
116.9526 	EXP 	window1: blendMode = 'avg'
116.9687 	EXP 	window1: blendMode = 'avg'
116.9859 	EXP 	window1: blendMode = 'avg'
117.0026 	EXP 	window1: blendMode = 'avg'
117.0192 	EXP 	window1: blendMode = 'avg'
117.0360 	EXP 	window1: blendMode = 'avg'
117.0527 	EXP 	window1: blendMode = 'avg'
117.0694 	EXP 	window1: blendMode = 'avg'
117.0861 	EXP 	window1: blendMode = 'avg'
117.1027 	EXP 	window1: blendMode = 'avg'
117.1193 	EXP 	window1: blendMode = 'avg'
117.1355 	EXP 	window1: blendMode = 'avg'
117.1526 	EXP 	window1: blendMode = 'avg'
117.1697 	EXP 	window1: blendMode = 'avg'
117.1860 	EXP 	window1: blendMode = 'avg'
117.2025 	EXP 	window1: blendMode = 'avg'
117.2196 	EXP 	window1: blendMode = 'avg'
117.2360 	EXP 	window1: blendMode = 'avg'
117.2531 	EXP 	window1: blendMode = 'avg'
117.2694 	EXP 	window1: blendMode = 'avg'
117.2861 	EXP 	window1: blendMode = 'avg'
117.3028 	EXP 	window1: blendMode = 'avg'
117.3195 	EXP 	window1: blendMode = 'avg'
117.3361 	EXP 	window1: blendMode = 'avg'
117.3528 	EXP 	window1: blendMode = 'avg'
117.3694 	EXP 	window1: blendMode = 'avg'
117.3860 	EXP 	window1: blendMode = 'avg'
117.4031 	EXP 	window1: blendMode = 'avg'
117.4195 	EXP 	window1: blendMode = 'avg'
117.4360 	EXP 	window1: blendMode = 'avg'
117.4530 	EXP 	window1: blendMode = 'avg'
117.4696 	EXP 	window1: blendMode = 'avg'
117.4861 	EXP 	window1: blendMode = 'avg'
117.5028 	EXP 	window1: blendMode = 'avg'
117.5195 	EXP 	window1: blendMode = 'avg'
117.5357 	EXP 	window1: blendMode = 'avg'
117.5530 	EXP 	window1: blendMode = 'avg'
117.5695 	EXP 	window1: blendMode = 'avg'
117.5861 	EXP 	window1: blendMode = 'avg'
117.6031 	EXP 	window1: blendMode = 'avg'
117.6195 	EXP 	window1: blendMode = 'avg'
117.6362 	EXP 	window1: blendMode = 'avg'
117.6530 	EXP 	window1: blendMode = 'avg'
117.6696 	EXP 	window1: blendMode = 'avg'
117.7021 	EXP 	text_5: autoDraw = False
117.7031 	EXP 	window1: blendMode = 'avg'
117.7186 	EXP 	text_6: autoDraw = True
117.7195 	EXP 	window1: blendMode = 'avg'
117.7365 	EXP 	window1: blendMode = 'avg'
117.7530 	EXP 	window1: blendMode = 'avg'
117.7696 	EXP 	window1: blendMode = 'avg'
117.7861 	EXP 	window1: blendMode = 'avg'
117.8031 	EXP 	window1: blendMode = 'avg'
117.8197 	EXP 	window1: blendMode = 'avg'
117.8362 	EXP 	window1: blendMode = 'avg'
117.8533 	EXP 	window1: blendMode = 'avg'
117.8697 	EXP 	window1: blendMode = 'avg'
117.8862 	EXP 	window1: blendMode = 'avg'
117.9033 	EXP 	window1: blendMode = 'avg'
117.9197 	EXP 	window1: blendMode = 'avg'
117.9363 	EXP 	window1: blendMode = 'avg'
117.9534 	EXP 	window1: blendMode = 'avg'
117.9696 	EXP 	window1: blendMode = 'avg'
117.9864 	EXP 	window1: blendMode = 'avg'
118.0032 	EXP 	window1: blendMode = 'avg'
118.0198 	EXP 	window1: blendMode = 'avg'
118.0364 	EXP 	window1: blendMode = 'avg'
118.0532 	EXP 	window1: blendMode = 'avg'
118.0700 	EXP 	window1: blendMode = 'avg'
118.0865 	EXP 	window1: blendMode = 'avg'
118.1032 	EXP 	window1: blendMode = 'avg'
118.1199 	EXP 	window1: blendMode = 'avg'
118.1365 	EXP 	window1: blendMode = 'avg'
118.1532 	EXP 	window1: blendMode = 'avg'
118.1700 	EXP 	window1: blendMode = 'avg'
118.1865 	EXP 	window1: blendMode = 'avg'
118.2036 	EXP 	window1: blendMode = 'avg'
118.2199 	EXP 	window1: blendMode = 'avg'
118.2365 	EXP 	window1: blendMode = 'avg'
118.2525 	EXP 	window1: blendMode = 'avg'
118.2698 	EXP 	window1: blendMode = 'avg'
118.2875 	EXP 	window1: blendMode = 'avg'
118.3035 	EXP 	window1: blendMode = 'avg'
118.3200 	EXP 	window1: blendMode = 'avg'
118.3366 	EXP 	window1: blendMode = 'avg'
118.3534 	EXP 	window1: blendMode = 'avg'
118.3700 	EXP 	window1: blendMode = 'avg'
118.3865 	EXP 	window1: blendMode = 'avg'
118.4037 	EXP 	window1: blendMode = 'avg'
118.4195 	EXP 	window1: blendMode = 'avg'
118.4365 	EXP 	window1: blendMode = 'avg'
118.4536 	EXP 	window1: blendMode = 'avg'
118.4701 	EXP 	window1: blendMode = 'avg'
118.4866 	EXP 	window1: blendMode = 'avg'
118.5036 	EXP 	window1: blendMode = 'avg'
118.5201 	EXP 	window1: blendMode = 'avg'
118.5370 	EXP 	window1: blendMode = 'avg'
118.5534 	EXP 	window1: blendMode = 'avg'
118.5700 	EXP 	window1: blendMode = 'avg'
118.5866 	EXP 	window1: blendMode = 'avg'
118.6037 	EXP 	window1: blendMode = 'avg'
118.6202 	EXP 	window1: blendMode = 'avg'
118.6367 	EXP 	window1: blendMode = 'avg'
118.6538 	EXP 	window1: blendMode = 'avg'
118.6702 	EXP 	window1: blendMode = 'avg'
118.6929 	EXP 	Imported pawStimuli.xlsx as conditions, 1 conditions, 5 params
118.6931 	EXP 	Created sequence: sequential, trialTypes=1, nReps=10, seed=None
118.6935 	EXP 	New trial (rep=0, index=0): {'pawPatrol1': u'min1.png', 'pawPatrol2': u'min2.png', 'pawPatrol3': u'min3.png', 'pawPatrol4': u'min4.png', 'blank': u'allBlank.png'}
118.7355 	EXP 	text_6: autoDraw = False
118.7355 	EXP 	text_5: autoDraw = False
118.7355 	EXP 	text_6: autoDraw = False
118.7355 	EXP 	pos1: image = u'min1.png'
118.7355 	EXP 	pos1: autoDraw = True
119.3383 	DATA 	Keypress: 1
119.3797 	EXP 	pos1: autoDraw = False
119.3797 	EXP 	blankImage: image = u'allBlank.png'
119.3797 	EXP 	blankImage: autoDraw = True
119.8800 	EXP 	blankImage: autoDraw = False
119.8800 	EXP 	blankImage: autoDraw = False
119.8800 	EXP 	image_4: image = u'min3.png'
119.8800 	EXP 	image_4: autoDraw = True
120.1403 	DATA 	Keypress: 3
120.1967 	EXP 	image_4: autoDraw = False
120.1967 	EXP 	blankImage: image = u'allBlank.png'
120.1967 	EXP 	blankImage: autoDraw = True
120.6963 	EXP 	blankImage: autoDraw = False
120.6963 	EXP 	blankImage: autoDraw = False
120.6963 	EXP 	image_3: image = u'min2.png'
120.6963 	EXP 	image_3: autoDraw = True
120.9388 	DATA 	Keypress: 2
120.9799 	EXP 	image_3: autoDraw = False
120.9799 	EXP 	blankImage: image = u'allBlank.png'
120.9799 	EXP 	blankImage: autoDraw = True
121.4804 	EXP 	blankImage: autoDraw = False
121.4804 	EXP 	blankImage: autoDraw = False
121.4804 	EXP 	image_5: image = u'min4.png'
121.4804 	EXP 	image_5: autoDraw = True
121.7058 	DATA 	Keypress: 4
121.7471 	EXP 	image_5: autoDraw = False
121.7471 	EXP 	blankImage: image = u'allBlank.png'
121.7471 	EXP 	blankImage: autoDraw = True
122.2464 	EXP 	blankImage: autoDraw = False
122.2464 	EXP 	blankImage: autoDraw = False
122.2464 	EXP 	image_5: image = u'min4.png'
122.2464 	EXP 	image_5: autoDraw = True
122.6065 	DATA 	Keypress: 3
122.6904 	DATA 	Keypress: 4
122.7297 	EXP 	image_5: autoDraw = False
122.7297 	EXP 	blankImage: image = u'allBlank.png'
122.7297 	EXP 	blankImage: autoDraw = True
123.2308 	EXP 	blankImage: autoDraw = False
123.2308 	EXP 	blankImage: autoDraw = False
123.2308 	EXP 	image_3: image = u'min2.png'
123.2308 	EXP 	image_3: autoDraw = True
123.7408 	DATA 	Keypress: 2
123.7806 	EXP 	image_3: autoDraw = False
123.7806 	EXP 	blankImage: image = u'allBlank.png'
123.7806 	EXP 	blankImage: autoDraw = True
124.2800 	EXP 	blankImage: autoDraw = False
124.2800 	EXP 	blankImage: autoDraw = False
124.2800 	EXP 	image_4: image = u'min3.png'
124.2800 	EXP 	image_4: autoDraw = True
124.6082 	DATA 	Keypress: 3
124.6465 	EXP 	image_4: autoDraw = False
124.6465 	EXP 	blankImage: image = u'allBlank.png'
124.6465 	EXP 	blankImage: autoDraw = True
125.1468 	EXP 	blankImage: autoDraw = False
125.1468 	EXP 	blankImage: autoDraw = False
125.1468 	EXP 	image_5: image = u'min4.png'
125.1468 	EXP 	image_5: autoDraw = True
125.4911 	DATA 	Keypress: 4
125.5310 	EXP 	image_5: autoDraw = False
125.5310 	EXP 	blankImage: image = u'allBlank.png'
125.5310 	EXP 	blankImage: autoDraw = True
126.0301 	EXP 	blankImage: autoDraw = False
126.0301 	EXP 	blankImage: autoDraw = False
126.0301 	EXP 	image_3: image = u'min2.png'
126.0301 	EXP 	image_3: autoDraw = True
126.3759 	DATA 	Keypress: 2
126.4134 	EXP 	image_3: autoDraw = False
126.4134 	EXP 	blankImage: image = u'allBlank.png'
126.4134 	EXP 	blankImage: autoDraw = True
126.9137 	EXP 	blankImage: autoDraw = False
126.9137 	EXP 	blankImage: autoDraw = False
126.9137 	EXP 	image_5: image = u'min4.png'
126.9137 	EXP 	image_5: autoDraw = True
127.2262 	DATA 	Keypress: 4
127.9096 	DATA 	Keypress: 4
128.3926 	DATA 	Keypress: 4
128.7440 	DATA 	Keypress: 1
128.8606 	DATA 	Keypress: 2
128.9103 	DATA 	Keypress: 3
128.9439 	DATA 	Keypress: 4
129.2264 	DATA 	Keypress: 1
129.3274 	DATA 	Keypress: 2
129.3441 	DATA 	Keypress: 3
129.4101 	DATA 	Keypress: 4
129.5604 	DATA 	Keypress: 1
129.6444 	DATA 	Keypress: 2
129.6461 	DATA 	Keypress: 3
129.7107 	DATA 	Keypress: 4
129.8449 	DATA 	Keypress: 1
129.8939 	DATA 	Keypress: 2
129.9270 	DATA 	Keypress: 3
129.9941 	DATA 	Keypress: 4
130.7276 	DATA 	Keypress: escape
